

        **********************************************************
        ** PROGRAM FullProf.2k (Version 7.20 - Oct2019-ILL JRC) **
        **********************************************************
                       M U L T I -- P A T T E R N                 
            Rietveld, Profile Matching & Integrated Intensity     
                 Refinement of X-ray and/or Neutron Data


    Date: 26/10/2021  Time: 16:38:52.955                              

 => PCR file code: magnetyt_mielony
 => DAT file code: Magnetyt_oil_700+100 -> Relative contribution: 1.0000                                                            

 ==> CONDITIONS OF THIS RUN FOR PATTERN No.:  1

 => Global Refinement of X-ray powder diffraction data                                                                              
 => Global Refinement of X-ray powder diffraction data                                                                              
    Bragg-Brentano(X-rays) or Debye-Scherrer geometry(Neutrons)
 => Title: Fe3O4

 => Number of phases:    1
 => Number of excluded regions:    1
 => Number of scattering factors supplied:    0
 => March-Dollase model for preferred orientation
 => Conventional weights: w=1.0/Variance(yobs)
 => Asymmetry correction as in J.Appl.Cryst. 26,128(1993)
 => Background linearly interpolated between the   35 points given
 => The    7th default profile function was selected
 => T-C-H Pseudo-Voigt function 
    This function is convoluted with asymmetry due to axial 
    divergence as formulated by: 
    van Laar and Yelon, J. Appl. Cryst. 17, 47(1984).
    and using the method of:
    Finger, Cox and Jephcoat, J. Appl. Cryst. 27, 892 (1994).
    Fortran 90 module adapted from function PROFVAL (in F77) : 
    L.W. Finger, J. Appl. Cryst. 31, 111 (1998).


 ==> INPUT/OUTPUT OPTIONS:

 => Generate bacground file *.bac
 => Generate file *.PRF for plot
 => Output Correlation Matrix
 => Generate new input file *.PCR
 => Plot pattern at each cycle
 => Wavelengths:  1.54060 1.54439
 => Alpha2/Alpha1 ratio:   0.5000
 => Cos(Monochromator angle)=   0.9000
 => Asymmetry correction for angles lower than   90.000 degrees
 => Absorption correction (AC), muR-eff =   0.0000  0.0000
 => Base of peaks: 2.0*HW*   25.00

 => Number of cycles:   10
 => Relaxation factors ==>    for coordinates:  0.90
 => for anisotropic temperature factors:  0.90
 => for halfwidth/strain/size parameters:  0.90
 => for lattice constants and propagation vectors:  0.90
 => EPS-value for convergence:    0.3
 => Background ==> 
    Position   Intensity
       27.13      662.00        0.00
       27.98      620.77        0.00
       28.93      585.42        0.00
       30.10      541.24        0.00
       31.80      520.62        0.00
       33.28      514.73        0.00
       35.72      514.73        0.00
       38.48      517.67        0.00
       40.39      505.89        0.00
       41.98      479.38        0.00
       43.78      435.20        0.00
       45.27      402.80        0.00
       46.86      367.45        0.00
       48.24      346.83        0.00
       49.62      329.16        0.00
       50.89      302.65        0.00
       52.06      279.09        0.00
       54.18      264.36        0.00
       56.09      261.41        0.00
       57.89      255.52        0.00

       60.23      240.80        0.00
       62.14      234.90        0.00
       64.15      214.29        0.00
       66.17      187.78        0.00
       69.99      178.94        0.00
       71.90      178.94        0.00
       75.61      170.10        0.00
       78.90      164.21        0.00
       82.19      164.21        0.00
       85.47      155.38        0.00
       88.02      152.43        0.00
       90.99      149.48        0.00
       94.81      143.59        0.00
       97.14      134.76        0.00
       99.90      125.92        0.00

 

 => Excluded regions for Pattern#  1
    From     to
      0.0000     28.0000

 => Number of Least-Squares parameters varied:     8

 =>--------------------------->
 =>------->  PATTERN number:  1
 =>--------------------------->
 => Global parameters and codes ==>
 => Zero-point:     0.0000    0.0000
 => Displacement peak-shift parameter and code:    -0.01   21.00
 => Transparency peak-shift parameter and code:     0.00    0.00

 => Reading Intensity data  =>>

      Data from PANalytical formats
      Extension:  .xrdml
 ==> Angular range, step and number of points:
     2Thmin:      10.016711  2Thmax:      99.990181  Step:       0.033423  No. of points:   2693
 --------------------------------------------------------------------------------
 => Phase  No. 1
      Fe3O4                                                                 
 --------------------------------------------------------------------------------
 => Schakal File (*.sch) is output for phase: 1
 =>-------> Pattern#  1
 => Crystal Structure Refinement
 => Preferred orientation vector:   1.0000  0.0000  1.0000

 =>-------> Data for PHASE: 1
 => Number of atoms:    3
 => Number of distance  constraints:    0
 => Number of angle     constraints:    0

 => Symmetry information on space group: 227:1               
 -> The multiplicity of the general position is: 192
 -> The space group is Centric (-1 not at origin
 -> Lattice type  F: { 000;  0  1/2 1/2; 1/2  0  1/2; 1/2 1/2  0 }+
 -> Reduced set of symmetry operators:

  No.  IT   Symmetry symbol    Rotation part     Associated Translation
   1: ( 1)   1            -->     ( x, y, z) + {  0.0000  0.0000  0.0000}
   2: (16)  4+ ( 0, 0, z) -->     (-y, x, z) + {  0.2500  0.2500  0.2500}
   3: ( 4)   2 ( x, 0, 0) -->     ( x,-y,-z) + {  0.0000  0.0000  0.0000}
   4: ( 5)  3+ ( x, x, x) -->     ( z, x, y) + {  0.0000  0.0000  0.0000}
   5: ( 2)   2 ( 0, 0, z) -->     (-x,-y, z) + {  0.0000  0.0000  0.0000}
   6: (13)   2 ( x, x, 0) -->     ( y, x,-z) + {  0.2500  0.2500  0.2500}
   7: (18)   2 ( 0, y, y) -->     (-x, z, y) + {  0.2500  0.2500  0.2500}
   8: ( 6)  3+ (-x, x,-x) -->     ( z,-x,-y) + {  0.0000  0.0000  0.0000}
   9: ( 9)  3- ( x, x, x) -->     ( y, z, x) + {  0.0000  0.0000  0.0000}
  10: (15)  4- ( 0, 0, z) -->     ( y,-x, z) + {  0.2500  0.2500  0.2500}
  11: ( 3)   2 ( 0, y, 0) -->     (-x, y,-z) + {  0.0000  0.0000  0.0000}
  12: ( 7)  3+ ( x,-x,-x) -->     (-z,-x, y) + {  0.0000  0.0000  0.0000}
  13: (17)  4- ( x, 0, 0) -->     ( x, z,-y) + {  0.2500  0.2500  0.2500}
  14: (23)  4- ( 0, y, 0) -->     (-z, y, x) + {  0.2500  0.2500  0.2500}
  15: (19)   2 ( 0, y,-y) -->     (-x,-z,-y) + {  0.2500  0.2500  0.2500}
  16: (11)  3- (-x,-x, x) -->     ( y,-z,-x) + {  0.0000  0.0000  0.0000}
  17: (10)  3- ( x,-x,-x) -->     (-y, z,-x) + {  0.0000  0.0000  0.0000}
  18: (14)   2 ( x,-x, 0) -->     (-y,-x,-z) + {  0.2500  0.2500  0.2500}
  19: (20)  4+ ( x, 0, 0) -->     ( x,-z, y) + {  0.2500  0.2500  0.2500}
  20: ( 8)  3+ (-x,-x, x) -->     (-z, x,-y) + {  0.0000  0.0000  0.0000}
  21: (12)  3- (-x, x,-x) -->     (-y,-z, x) + {  0.0000  0.0000  0.0000}
  22: (21)  4+ ( 0, y, 0) -->     ( z, y,-x) + {  0.2500  0.2500  0.2500}
  23: (24)   2 (-x, 0, x) -->     (-z,-y,-x) + {  0.2500  0.2500  0.2500}
  24: (22)   2 ( x, 0, x) -->     ( z,-y, x) + {  0.2500  0.2500  0.2500}
  25: (25)  -1            -->     (-x,-y,-z) + {  0.2500  0.2500  0.2500}
  26: (40) -4+ ( 0, 0, z) -->     ( y,-x,-z) + {  0.0000  0.0000  0.0000}
  27: (28)   m ( 0, y, z) -->     (-x, y, z) + {  0.2500  0.2500  0.2500}
  28: (29) -3+ ( x, x, x) -->     (-z,-x,-y) + {  0.2500  0.2500  0.2500}
  29: (26)   m ( x, y, 0) -->     ( x, y,-z) + {  0.2500  0.2500  0.2500}
  30: (37)   m ( x,-x, z) -->     (-y,-x, z) + {  0.0000  0.0000  0.0000}
  31: (42)   m ( x, y,-y) -->     ( x,-z,-y) + {  0.0000  0.0000  0.0000}
  32: (30) -3+ (-x, x,-x) -->     (-z, x, y) + {  0.2500  0.2500  0.2500}
  33: (33) -3- ( x, x, x) -->     (-y,-z,-x) + {  0.2500  0.2500  0.2500}
  34: (39) -4- ( 0, 0, z) -->     (-y, x,-z) + {  0.0000  0.0000  0.0000}
  35: (27)   m ( x, 0, z) -->     ( x,-y, z) + {  0.2500  0.2500  0.2500}
  36: (31) -3+ ( x,-x,-x) -->     ( z, x,-y) + {  0.2500  0.2500  0.2500}
  37: (41) -4- ( x, 0, 0) -->     (-x,-z, y) + {  0.0000  0.0000  0.0000}
  38: (47) -4- ( 0, y, 0) -->     ( z,-y,-x) + {  0.0000  0.0000  0.0000}
  39: (43)   m ( x, y, y) -->     ( x, z, y) + {  0.0000  0.0000  0.0000}
  40: (35) -3- (-x,-x, x) -->     (-y, z, x) + {  0.2500  0.2500  0.2500}
  41: (34) -3- ( x,-x,-x) -->     ( y,-z, x) + {  0.2500  0.2500  0.2500}
  42: (38)   m ( x, x, z) -->     ( y, x, z) + {  0.0000  0.0000  0.0000}
  43: (44) -4+ ( x, 0, 0) -->     (-x, z,-y) + {  0.0000  0.0000  0.0000}
  44: (32) -3+ (-x,-x, x) -->     ( z,-x, y) + {  0.2500  0.2500  0.2500}
  45: (36) -3- (-x, x,-x) -->     ( y, z,-x) + {  0.2500  0.2500  0.2500}
  46: (45) -4+ ( 0, y, 0) -->     (-z,-y, x) + {  0.0000  0.0000  0.0000}
  47: (48)   m ( x, y, x) -->     ( z, y, x) + {  0.0000  0.0000  0.0000}
  48: (46)   m (-x, y, x) -->     (-z, y,-x) + {  0.0000  0.0000  0.0000}
  49: ( 1)   1            -->     ( x, y, z) + {  0.5000  0.5000  0.0000}
  50: (16)  4+ ( 0, 0, z) -->     (-y, x, z) + {  0.7500  0.7500  0.2500}
  51: ( 4)   2 ( x, 0, 0) -->     ( x,-y,-z) + {  0.5000  0.5000  0.0000}
  52: ( 5)  3+ ( x, x, x) -->     ( z, x, y) + {  0.5000  0.5000  0.0000}
  53: ( 2)   2 ( 0, 0, z) -->     (-x,-y, z) + {  0.5000  0.5000  0.0000}
  54: (13)   2 ( x, x, 0) -->     ( y, x,-z) + {  0.7500  0.7500  0.2500}
  55: (18)   2 ( 0, y, y) -->     (-x, z, y) + {  0.7500  0.7500  0.2500}
  56: ( 6)  3+ (-x, x,-x) -->     ( z,-x,-y) + {  0.5000  0.5000  0.0000}
  57: ( 9)  3- ( x, x, x) -->     ( y, z, x) + {  0.5000  0.5000  0.0000}
  58: (15)  4- ( 0, 0, z) -->     ( y,-x, z) + {  0.7500  0.7500  0.2500}
  59: ( 3)   2 ( 0, y, 0) -->     (-x, y,-z) + {  0.5000  0.5000  0.0000}
  60: ( 7)  3+ ( x,-x,-x) -->     (-z,-x, y) + {  0.5000  0.5000  0.0000}
  61: (17)  4- ( x, 0, 0) -->     ( x, z,-y) + {  0.7500  0.7500  0.2500}
  62: (23)  4- ( 0, y, 0) -->     (-z, y, x) + {  0.7500  0.7500  0.2500}
  63: (19)   2 ( 0, y,-y) -->     (-x,-z,-y) + {  0.7500  0.7500  0.2500}
  64: (11)  3- (-x,-x, x) -->     ( y,-z,-x) + {  0.5000  0.5000  0.0000}
  65: (10)  3- ( x,-x,-x) -->     (-y, z,-x) + {  0.5000  0.5000  0.0000}
  66: (14)   2 ( x,-x, 0) -->     (-y,-x,-z) + {  0.7500  0.7500  0.2500}
  67: (20)  4+ ( x, 0, 0) -->     ( x,-z, y) + {  0.7500  0.7500  0.2500}
  68: ( 8)  3+ (-x,-x, x) -->     (-z, x,-y) + {  0.5000  0.5000  0.0000}
  69: (12)  3- (-x, x,-x) -->     (-y,-z, x) + {  0.5000  0.5000  0.0000}
  70: (21)  4+ ( 0, y, 0) -->     ( z, y,-x) + {  0.7500  0.7500  0.2500}
  71: (24)   2 (-x, 0, x) -->     (-z,-y,-x) + {  0.7500  0.7500  0.2500}
  72: (22)   2 ( x, 0, x) -->     ( z,-y, x) + {  0.7500  0.7500  0.2500}
  73: (25)  -1            -->     (-x,-y,-z) + {  0.7500  0.7500  0.2500}
  74: (40) -4+ ( 0, 0, z) -->     ( y,-x,-z) + {  0.5000  0.5000  0.0000}
  75: (28)   m ( 0, y, z) -->     (-x, y, z) + {  0.7500  0.7500  0.2500}
  76: (29) -3+ ( x, x, x) -->     (-z,-x,-y) + {  0.7500  0.7500  0.2500}
  77: (26)   m ( x, y, 0) -->     ( x, y,-z) + {  0.7500  0.7500  0.2500}
  78: (37)   m ( x,-x, z) -->     (-y,-x, z) + {  0.5000  0.5000  0.0000}
  79: (42)   m ( x, y,-y) -->     ( x,-z,-y) + {  0.5000  0.5000  0.0000}
  80: (30) -3+ (-x, x,-x) -->     (-z, x, y) + {  0.7500  0.7500  0.2500}
  81: (33) -3- ( x, x, x) -->     (-y,-z,-x) + {  0.7500  0.7500  0.2500}
  82: (39) -4- ( 0, 0, z) -->     (-y, x,-z) + {  0.5000  0.5000  0.0000}
  83: (27)   m ( x, 0, z) -->     ( x,-y, z) + {  0.7500  0.7500  0.2500}
  84: (31) -3+ ( x,-x,-x) -->     ( z, x,-y) + {  0.7500  0.7500  0.2500}
  85: (41) -4- ( x, 0, 0) -->     (-x,-z, y) + {  0.5000  0.5000  0.0000}
  86: (47) -4- ( 0, y, 0) -->     ( z,-y,-x) + {  0.5000  0.5000  0.0000}
  87: (43)   m ( x, y, y) -->     ( x, z, y) + {  0.5000  0.5000  0.0000}
  88: (35) -3- (-x,-x, x) -->     (-y, z, x) + {  0.7500  0.7500  0.2500}
  89: (34) -3- ( x,-x,-x) -->     ( y,-z, x) + {  0.7500  0.7500  0.2500}
  90: (38)   m ( x, x, z) -->     ( y, x, z) + {  0.5000  0.5000  0.0000}
  91: (44) -4+ ( x, 0, 0) -->     (-x, z,-y) + {  0.5000  0.5000  0.0000}
  92: (32) -3+ (-x,-x, x) -->     ( z,-x, y) + {  0.7500  0.7500  0.2500}
  93: (36) -3- (-x, x,-x) -->     ( y, z,-x) + {  0.7500  0.7500  0.2500}
  94: (45) -4+ ( 0, y, 0) -->     (-z,-y, x) + {  0.5000  0.5000  0.0000}
  95: (48)   m ( x, y, x) -->     ( z, y, x) + {  0.5000  0.5000  0.0000}
  96: (46)   m (-x, y, x) -->     (-z, y,-x) + {  0.5000  0.5000  0.0000}
  97: ( 1)   1            -->     ( x, y, z) + {  0.5000  0.0000  0.5000}
  98: (16)  4+ ( 0, 0, z) -->     (-y, x, z) + {  0.7500  0.2500  0.7500}
  99: ( 4)   2 ( x, 0, 0) -->     ( x,-y,-z) + {  0.5000  0.0000  0.5000}
 100: ( 5)  3+ ( x, x, x) -->     ( z, x, y) + {  0.5000  0.0000  0.5000}
 101: ( 2)   2 ( 0, 0, z) -->     (-x,-y, z) + {  0.5000  0.0000  0.5000}
 102: (13)   2 ( x, x, 0) -->     ( y, x,-z) + {  0.7500  0.2500  0.7500}
 103: (18)   2 ( 0, y, y) -->     (-x, z, y) + {  0.7500  0.2500  0.7500}
 104: ( 6)  3+ (-x, x,-x) -->     ( z,-x,-y) + {  0.5000  0.0000  0.5000}
 105: ( 9)  3- ( x, x, x) -->     ( y, z, x) + {  0.5000  0.0000  0.5000}
 106: (15)  4- ( 0, 0, z) -->     ( y,-x, z) + {  0.7500  0.2500  0.7500}
 107: ( 3)   2 ( 0, y, 0) -->     (-x, y,-z) + {  0.5000  0.0000  0.5000}
 108: ( 7)  3+ ( x,-x,-x) -->     (-z,-x, y) + {  0.5000  0.0000  0.5000}
 109: (17)  4- ( x, 0, 0) -->     ( x, z,-y) + {  0.7500  0.2500  0.7500}
 110: (23)  4- ( 0, y, 0) -->     (-z, y, x) + {  0.7500  0.2500  0.7500}
 111: (19)   2 ( 0, y,-y) -->     (-x,-z,-y) + {  0.7500  0.2500  0.7500}
 112: (11)  3- (-x,-x, x) -->     ( y,-z,-x) + {  0.5000  0.0000  0.5000}
 113: (10)  3- ( x,-x,-x) -->     (-y, z,-x) + {  0.5000  0.0000  0.5000}
 114: (14)   2 ( x,-x, 0) -->     (-y,-x,-z) + {  0.7500  0.2500  0.7500}
 115: (20)  4+ ( x, 0, 0) -->     ( x,-z, y) + {  0.7500  0.2500  0.7500}
 116: ( 8)  3+ (-x,-x, x) -->     (-z, x,-y) + {  0.5000  0.0000  0.5000}
 117: (12)  3- (-x, x,-x) -->     (-y,-z, x) + {  0.5000  0.0000  0.5000}
 118: (21)  4+ ( 0, y, 0) -->     ( z, y,-x) + {  0.7500  0.2500  0.7500}
 119: (24)   2 (-x, 0, x) -->     (-z,-y,-x) + {  0.7500  0.2500  0.7500}
 120: (22)   2 ( x, 0, x) -->     ( z,-y, x) + {  0.7500  0.2500  0.7500}
 121: (25)  -1            -->     (-x,-y,-z) + {  0.7500  0.2500  0.7500}
 122: (40) -4+ ( 0, 0, z) -->     ( y,-x,-z) + {  0.5000  0.0000  0.5000}
 123: (28)   m ( 0, y, z) -->     (-x, y, z) + {  0.7500  0.2500  0.7500}
 124: (29) -3+ ( x, x, x) -->     (-z,-x,-y) + {  0.7500  0.2500  0.7500}
 125: (26)   m ( x, y, 0) -->     ( x, y,-z) + {  0.7500  0.2500  0.7500}
 126: (37)   m ( x,-x, z) -->     (-y,-x, z) + {  0.5000  0.0000  0.5000}
 127: (42)   m ( x, y,-y) -->     ( x,-z,-y) + {  0.5000  0.0000  0.5000}
 128: (30) -3+ (-x, x,-x) -->     (-z, x, y) + {  0.7500  0.2500  0.7500}
 129: (33) -3- ( x, x, x) -->     (-y,-z,-x) + {  0.7500  0.2500  0.7500}
 130: (39) -4- ( 0, 0, z) -->     (-y, x,-z) + {  0.5000  0.0000  0.5000}
 131: (27)   m ( x, 0, z) -->     ( x,-y, z) + {  0.7500  0.2500  0.7500}
 132: (31) -3+ ( x,-x,-x) -->     ( z, x,-y) + {  0.7500  0.2500  0.7500}
 133: (41) -4- ( x, 0, 0) -->     (-x,-z, y) + {  0.5000  0.0000  0.5000}
 134: (47) -4- ( 0, y, 0) -->     ( z,-y,-x) + {  0.5000  0.0000  0.5000}
 135: (43)   m ( x, y, y) -->     ( x, z, y) + {  0.5000  0.0000  0.5000}
 136: (35) -3- (-x,-x, x) -->     (-y, z, x) + {  0.7500  0.2500  0.7500}
 137: (34) -3- ( x,-x,-x) -->     ( y,-z, x) + {  0.7500  0.2500  0.7500}
 138: (38)   m ( x, x, z) -->     ( y, x, z) + {  0.5000  0.0000  0.5000}
 139: (44) -4+ ( x, 0, 0) -->     (-x, z,-y) + {  0.5000  0.0000  0.5000}
 140: (32) -3+ (-x,-x, x) -->     ( z,-x, y) + {  0.7500  0.2500  0.7500}
 141: (36) -3- (-x, x,-x) -->     ( y, z,-x) + {  0.7500  0.2500  0.7500}
 142: (45) -4+ ( 0, y, 0) -->     (-z,-y, x) + {  0.5000  0.0000  0.5000}
 143: (48)   m ( x, y, x) -->     ( z, y, x) + {  0.5000  0.0000  0.5000}
 144: (46)   m (-x, y, x) -->     (-z, y,-x) + {  0.5000  0.0000  0.5000}
 145: ( 1)   1            -->     ( x, y, z) + {  0.0000  0.5000  0.5000}
 146: (16)  4+ ( 0, 0, z) -->     (-y, x, z) + {  0.2500  0.7500  0.7500}
 147: ( 4)   2 ( x, 0, 0) -->     ( x,-y,-z) + {  0.0000  0.5000  0.5000}
 148: ( 5)  3+ ( x, x, x) -->     ( z, x, y) + {  0.0000  0.5000  0.5000}
 149: ( 2)   2 ( 0, 0, z) -->     (-x,-y, z) + {  0.0000  0.5000  0.5000}
 150: (13)   2 ( x, x, 0) -->     ( y, x,-z) + {  0.2500  0.7500  0.7500}
 151: (18)   2 ( 0, y, y) -->     (-x, z, y) + {  0.2500  0.7500  0.7500}
 152: ( 6)  3+ (-x, x,-x) -->     ( z,-x,-y) + {  0.0000  0.5000  0.5000}
 153: ( 9)  3- ( x, x, x) -->     ( y, z, x) + {  0.0000  0.5000  0.5000}
 154: (15)  4- ( 0, 0, z) -->     ( y,-x, z) + {  0.2500  0.7500  0.7500}
 155: ( 3)   2 ( 0, y, 0) -->     (-x, y,-z) + {  0.0000  0.5000  0.5000}
 156: ( 7)  3+ ( x,-x,-x) -->     (-z,-x, y) + {  0.0000  0.5000  0.5000}
 157: (17)  4- ( x, 0, 0) -->     ( x, z,-y) + {  0.2500  0.7500  0.7500}
 158: (23)  4- ( 0, y, 0) -->     (-z, y, x) + {  0.2500  0.7500  0.7500}
 159: (19)   2 ( 0, y,-y) -->     (-x,-z,-y) + {  0.2500  0.7500  0.7500}
 160: (11)  3- (-x,-x, x) -->     ( y,-z,-x) + {  0.0000  0.5000  0.5000}
 161: (10)  3- ( x,-x,-x) -->     (-y, z,-x) + {  0.0000  0.5000  0.5000}
 162: (14)   2 ( x,-x, 0) -->     (-y,-x,-z) + {  0.2500  0.7500  0.7500}
 163: (20)  4+ ( x, 0, 0) -->     ( x,-z, y) + {  0.2500  0.7500  0.7500}
 164: ( 8)  3+ (-x,-x, x) -->     (-z, x,-y) + {  0.0000  0.5000  0.5000}
 165: (12)  3- (-x, x,-x) -->     (-y,-z, x) + {  0.0000  0.5000  0.5000}
 166: (21)  4+ ( 0, y, 0) -->     ( z, y,-x) + {  0.2500  0.7500  0.7500}
 167: (24)   2 (-x, 0, x) -->     (-z,-y,-x) + {  0.2500  0.7500  0.7500}
 168: (22)   2 ( x, 0, x) -->     ( z,-y, x) + {  0.2500  0.7500  0.7500}
 169: (25)  -1            -->     (-x,-y,-z) + {  0.2500  0.7500  0.7500}
 170: (40) -4+ ( 0, 0, z) -->     ( y,-x,-z) + {  0.0000  0.5000  0.5000}
 171: (28)   m ( 0, y, z) -->     (-x, y, z) + {  0.2500  0.7500  0.7500}
 172: (29) -3+ ( x, x, x) -->     (-z,-x,-y) + {  0.2500  0.7500  0.7500}
 173: (26)   m ( x, y, 0) -->     ( x, y,-z) + {  0.2500  0.7500  0.7500}
 174: (37)   m ( x,-x, z) -->     (-y,-x, z) + {  0.0000  0.5000  0.5000}
 175: (42)   m ( x, y,-y) -->     ( x,-z,-y) + {  0.0000  0.5000  0.5000}
 176: (30) -3+ (-x, x,-x) -->     (-z, x, y) + {  0.2500  0.7500  0.7500}
 177: (33) -3- ( x, x, x) -->     (-y,-z,-x) + {  0.2500  0.7500  0.7500}
 178: (39) -4- ( 0, 0, z) -->     (-y, x,-z) + {  0.0000  0.5000  0.5000}
 179: (27)   m ( x, 0, z) -->     ( x,-y, z) + {  0.2500  0.7500  0.7500}
 180: (31) -3+ ( x,-x,-x) -->     ( z, x,-y) + {  0.2500  0.7500  0.7500}
 181: (41) -4- ( x, 0, 0) -->     (-x,-z, y) + {  0.0000  0.5000  0.5000}
 182: (47) -4- ( 0, y, 0) -->     ( z,-y,-x) + {  0.0000  0.5000  0.5000}
 183: (43)   m ( x, y, y) -->     ( x, z, y) + {  0.0000  0.5000  0.5000}
 184: (35) -3- (-x,-x, x) -->     (-y, z, x) + {  0.2500  0.7500  0.7500}
 185: (34) -3- ( x,-x,-x) -->     ( y,-z, x) + {  0.2500  0.7500  0.7500}
 186: (38)   m ( x, x, z) -->     ( y, x, z) + {  0.0000  0.5000  0.5000}
 187: (44) -4+ ( x, 0, 0) -->     (-x, z,-y) + {  0.0000  0.5000  0.5000}
 188: (32) -3+ (-x,-x, x) -->     ( z,-x, y) + {  0.2500  0.7500  0.7500}
 189: (36) -3- (-x, x,-x) -->     ( y, z,-x) + {  0.2500  0.7500  0.7500}
 190: (45) -4+ ( 0, y, 0) -->     (-z,-y, x) + {  0.0000  0.5000  0.5000}
 191: (48)   m ( x, y, x) -->     ( z, y, x) + {  0.0000  0.5000  0.5000}
 192: (46)   m (-x, y, x) -->     (-z, y,-x) + {  0.0000  0.5000  0.5000}


        Information on Space Group: 
        --------------------------- 

 =>   Number of Space group: 227
 =>  Hermann-Mauguin Symbol: F d -3 m:1
 =>             Hall Symbol: F 4d 2 3 -1d
 =>            Setting Type: Generated from Hall symbol
 =>          Crystal System: Cubic
 =>              Laue Class: m-3m
 =>             Point Group: m-3m
 =>         Bravais Lattice: F
 =>          Lattice Symbol: cF
 =>  Reduced Number of S.O.:  24
 =>    General multiplicity: 192
 =>          Centrosymmetry: Centric (-1 not at origin)  Gen(-1):-x+1/4,-y+1/4,-z+1/4
 =>  Generators (exc. -1&L):   3
 =>         Asymmetric unit:  0.000 <= x <=  0.500
                              0.000 <= y <=  0.125
                             -0.125 <= z <=  0.125
 =>               Centre at: (1/8,1/8,1/8)

 => List of S.O. without inversion and lattice centring translations
 => SYMM(  1): x,y,z                               => SYMM(  2): -y+1/4,x+1/4,z+1/4
 => SYMM(  3): x,-y,-z                             => SYMM(  4): z,x,y
 => SYMM(  5): -x,-y,z                             => SYMM(  6): y+1/4,x+1/4,-z+1/4
 => SYMM(  7): -x+1/4,z+1/4,y+1/4                  => SYMM(  8): z,-x,-y
 => SYMM(  9): y,z,x                               => SYMM( 10): y+1/4,-x+1/4,z+1/4
 => SYMM( 11): -x,y,-z                             => SYMM( 12): -z,-x,y
 => SYMM( 13): x+1/4,z+1/4,-y+1/4                  => SYMM( 14): -z+1/4,y+1/4,x+1/4
 => SYMM( 15): -x+1/4,-z+1/4,-y+1/4                => SYMM( 16): y,-z,-x
 => SYMM( 17): -y,z,-x                             => SYMM( 18): -y+1/4,-x+1/4,-z+1/4
 => SYMM( 19): x+1/4,-z+1/4,y+1/4                  => SYMM( 20): -z,x,-y
 => SYMM( 21): -y,-z,x                             => SYMM( 22): z+1/4,y+1/4,-x+1/4
 => SYMM( 23): -z+1/4,-y+1/4,-x+1/4                => SYMM( 24): z+1/4,-y+1/4,x+1/4


 => Initial parameters ==>
 Atom    Ntyp                  X         Y         Z         B         occ.         in  fin  Spc  Mult
                             B11       B22       B33       B12       B13       B23
 Fe1    FE                 0.50000   0.50000   0.50000  -0.36776   0.04167           0    0    0    8
                 Codes:    0.00000   0.00000   0.00000  41.00000   0.00000
 Fe2    FE                 0.12500   0.12500   0.12500  -0.36776   0.08333           0    0    0   16
                 Codes:    0.00000   0.00000   0.00000  41.00000   0.00000
 O      O                  0.37028   0.37028   0.37028  -0.57698   0.16667           0    0    0   32
                 Codes:   61.00000  61.00000  61.00000  81.00000   0.00000

 => IT IS ASSUMED THAT THE FIRST GIVEN SITE IS FULLY OCCUPIED 
    OR THE FIRST AND SECOND ATOMS ARE IN THE SAME SITE WITH TOTAL FULL OCCUPATION
  (If this is not the case, change the order of atoms to obtain correct values for the content of the unit cell)
    The given occupation factors have been obtained mutiplying m/M by   1.0001
      -> Atom: FE  ,  Chemical element: FE  Atomic Mass:    55.8470
      -> Atom: FE  ,  Chemical element: FE  Atomic Mass:    55.8470
      -> Atom: O   ,  Chemical element: O   Atomic Mass:    15.9994
 => The given value of ATZ is       1852.47 the program has calculated:        1852.47
    The value of ATZ given in the input PCR file will be used for quantitative analysis
 => The chemical content of the unit cell is: 
       8.0000 FE   +  15.9981 FE   +  31.9981 O      
 => The normalized site occupation numbers in % are: 
     100.0000 Fe1    :       99.9880 Fe2    :       99.9940 O        
 => The density (volumic mass) of the compound is:    5.196 g/cm3

 =>-------> PROFILE PARAMETERS FOR PATTERN:  1

 => Overall scale factor:   0.176170E-04
 => ETA (p-Voigt) OR M (Pearson VII):   0.0000
 => Overall temperature factor:      0.00000
 => Halfwidth U,V,W:      0.00439    -0.00039     0.00981
 => X and Y parameters:       0.0636      0.0403
 => Direct cell parameters:    8.3963   8.3963   8.3963  90.0000  90.0000  90.0000
 => Preferred orientation parameters:   1.0000  0.0000
 => Asymmetry parameters     :      0.00000     0.00000     0.00000     0.00000
 => Strain parameters        :      0.00000     0.00000     0.00000
 => Size   parameters        :      0.00000     0.00000
 => Further shape parameters (S_L and D_L):   0.00000   0.00000
    S_L is source width/detector distance
    D_L is detector width/detector distance

 ==> CODEWORDS FOR PROFILE PARAMETERS of PATTERN#  1

 => Overall scale factor:   11.000
 => ETA (p-Voigt) OR M (Pearson VII):    0.000
 => Overall temperature factor:    0.000
 => Halfwidth U,V,W:    0.000   0.000   0.000
 => X and Y parameters:   51.000  71.000
 => Direct cell parameters:   31.000  31.000  31.000   0.000   0.000   0.000
 => Preferred orientation parameters:    0.000   0.000
 => Asymmetry parameters     :    0.000   0.000   0.000   0.000
 => Strain parameters        :    0.000   0.000   0.000
 => Size   parameters        :    0.000   0.000

 => Cell constraints according to Laue symmetry: m-3m 

        Metric information:
        -------------------

 => Direct cell parameters:

         a =       8.3963      b =       8.3963      c =       8.3963
     alpha =       90.000   beta =       90.000  gamma =       90.000
                        Direct Cell Volume =     591.9186

 => Reciprocal cell parameters:

         a*=     0.119100      b*=     0.119100      c*=     0.119100
     alpha*=       90.000   beta*=       90.000  gamma*=       90.000
                    Reciprocal Cell Volume =   0.00168942

 => Direct and Reciprocal Metric Tensors:

                   GD                                       GR
     70.4977      0.0000      0.0000          0.014185    0.000000    0.000000
      0.0000     70.4977      0.0000          0.000000    0.014185    0.000000
      0.0000      0.0000     70.4977          0.000000    0.000000    0.014185

 =>  Cartesian frame: z // c; y is in the bc-plane; x is y ^ z = a*  

     Crystal_to_Orthonormal_Matrix              Orthonormal_to_Crystal Matrix
              Cr_Orth_cel                               Orth_Cr_cel  
      8.3963      0.0000      0.0000          0.119100   -0.000000   -0.000000
      0.0000      8.3963      0.0000          0.000000    0.119100   -0.000000
      0.0000      0.0000      8.3963          0.000000    0.000000    0.119100

     Busing-Levy B-matrix: Hc=B.H            Inverse of the Busing-Levy B-matrix
                BL_M                                      BL_Minv  
    0.119100    0.000000    0.000000            8.3963     -0.0000     -0.0000
    0.000000    0.119100   -0.000000            0.0000      8.3963      0.0000
    0.000000    0.000000    0.119100            0.0000      0.0000      8.3963

 => Laue symmetry m-3m  will be used to generate HKL for pattern#   1
 => Reflections generated between S(1/d)min:  0.1131 A-1 and S(1/d)max:  1.0703 A-1
 =>                                    dmax:  8.8452 A   and      dmin:  0.9343 A
 => The number of reflections generated is:     30
 => The max. scatt. variable (gen.ref.) is:       111.0666
 => Scattering coefficients from internal table


 => X-ray scattering coeff. (A1, B1, A2,...C, f(0), Z, Dfp,Dfpp)

 FE     11.7695   4.7611   7.3573   0.3072   3.5222  15.3535   2.3045  76.8805   1.0369  25.9904  26.0000  -1.1790   3.2040
 O       3.0485  13.2771   2.2868   5.7011   1.5463   0.3239   0.8670  32.9089   0.2508   7.9994   8.0000   0.0470   0.0320

     --------------------------------------------------------------
      SYMBOLIC NAMES AND INITIAL VALUES OF PARAMETERS TO BE VARIED:
     --------------------------------------------------------------

      ->  Parameter number    1   -> Symbolic Name:                                     Scale_ph1_pat1    0.17617000E-04
      ->  Parameter number    2   -> Symbolic Name:                                         SyCos_pat1   -0.98099997E-02
      ->  Parameter number    3   -> Symbolic Name:                                    Cell_A_ph1_pat1     8.3962879    
      ->  Parameter number    4   -> Symbolic Name:                                       Biso_Fe1_ph1   -0.36776000    
      ->  Parameter number    5   -> Symbolic Name:                                     X-tan_ph1_pat1    0.63629001E-01
      ->  Parameter number    6   -> Symbolic Name:                                            X_O_ph1    0.37028000    
      ->  Parameter number    7   -> Symbolic Name:                                     Y-cos_ph1_pat1    0.40328000E-01
      ->  Parameter number    8   -> Symbolic Name:                                         Biso_O_ph1   -0.57697999    
  
 
 => No optimization for routine tasks
 ++++++++++++++++++++++++++++++++++++++++++++++++++++++++++++++++++++++++++++++++++++++++++++++++++++++++++++++++++++++++

 => CYCLE No.:    1
 ---------------------------------------------------------------------------------------
 => Phase  1 Name: Fe3O4                                                                 
 ---------------------------------------------------------------------------------------
 => New parameters, shifts, and standard deviations

 Atom        x       dx      sx       y       dy      sy       z       dz      sz       B       dB      sB      occ.    docc.   socc.

 Fe1      0.50000 0.00000 0.00000  0.50000 0.00000 0.00000  0.50000 0.00000 0.00000  6.04089 6.40865 0.55363  0.04167 0.00000 0.00000
 Fe2      0.12500 0.00000 0.00000  0.12500 0.00000 0.00000  0.12500 0.00000 0.00000  6.04089 6.40865 0.55363  0.08333 0.00000 0.00000
 O        0.38369 0.01341 0.00668  0.38369 0.01341 0.00668  0.38369 0.01341 0.00668  8.38447 8.96144 1.00000  0.16667 0.00000 0.00000
 WARNING, parameter X < 0, fixed to 0.0001: Multiplier divided by 2

 ==> PROFILE PARAMETERS FOR PATTERN#  1

 => Overall scale factor:      0.000069427     0.000051810     0.000002054
 => Eta(p-Voigt) or m(Pearson VII):   0.000000  0.000000  0.000000
 => Overall tem. factor:     0.000000    0.000000    0.000000
 => Halfwidth parameters: 
         0.004391    0.000000    0.000000
        -0.000389    0.000000    0.000000
         0.009813    0.000000    0.000000
 => Cell parameters: 
        8.396420    0.000132    0.000867
        8.396420    0.000132    0.000867
        8.396420    0.000132    0.000867
       90.000000    0.000000    0.000000
       90.000000    0.000000    0.000000
       90.000000    0.000000    0.000000
 => Preferred orientation: 
         1.000000    0.000000    0.000000
         0.000000    0.000000    0.000000
 => Asymmetry parameters: 
         0.000000    0.000000    0.000000
         0.000000    0.000000    0.000000
         0.000000    0.000000    0.000000
         0.000000    0.000000    0.000000
 => X and Y parameters: 
         0.000100   -0.357304    1.000000
         0.716568    0.676240    0.043070
 => Strain parameters: 
         0.000000    0.000000    0.000000
         0.000000    0.000000    0.000000
         0.000000    0.000000    0.000000
 => Size   parameters (G,L): 
         0.000000    0.000000    0.000000
         0.000000    0.000000    0.000000
 => Further shape parameters (S_L and D_L): 
       0.000000  0.000000  0.000000
       0.000000  0.000000  0.000000

 ==> GLOBAL PARAMETERS FOR PATTERN#  1


 => Zero-point:     0.0000    0.0000    0.0000

 => Cos( theta)-shift parameter :  -0.0015  0.0083  0.0129
 => Sin(2theta)-shift parameter :   0.0000  0.0000  0.0000

 ==> RELIABILITY FACTORS WITH ALL NON-EXCLUDED POINTS FOR PATTERN:  1

 => R-Factors:   19.1      26.4     Chi2:  25.0     DW-Stat.:  0.0909   Patt#:  1
 => Expected :            5.29                                1.8734
 => Deviance : 0.845E+05     Dev*:   39.35    
 => GoF-index:  5.0         Sqrt(Residual/N)
 => N-P+C:  2146

 =>    SumYdif       SumYobs      SumYcal      SumwYobsSQ     Residual    Condition
     0.1464E+06    0.7678E+06    0.6326E+06    0.7678E+06    0.5359E+05    0.3306E+13


 => Conventional Rietveld Rp,Rwp,Re and Chi2:   85.2      79.8      16.0      24.97    
 => (Values obtained using Ynet, but true sigma(y))
 =>  SumYnet, Sum(w Ynet**2):     0.1718E+06    0.8407E+05


 ==> RELIABILITY FACTORS FOR POINTS WITH BRAGG CONTRIBUTIONS FOR PATTERN:  1

 => R-Factors:   19.1      26.4     Chi2:  25.0     DW-Stat.:  0.0909   Patt#:
 => Expected :            5.29                                1.8734
 => Deviance : 0.845E+05     Dev*:   39.35    
 => GoF-index:  5.0         Sqrt(Residual/N)
 => N-P+C:  2146

 =>    SumYdif       SumYobs      SumYcal      SumwYobsSQ     Residual    Condition
     0.1464E+06    0.7678E+06    0.6326E+06    0.7678E+06    0.5359E+05    0.3306E+13


 => Conventional Rietveld Rp,Rwp,Re and Chi2:   85.2      79.8      16.0      24.97    
 => (Values obtained using Ynet, but true sigma(y))
 =>  SumYnet, Sum(w Ynet**2):     0.1718E+06    0.8407E+05


 => Global user-weigthed Chi2 (Bragg contrib.):   25.0    

 => ---------> Pattern#  1
 => Phase:  1
 =>    Bragg R-factor:  78.9    
 =>    RF-factor     :  51.9    
 ++++++++++++++++++++++++++++++++++++++++++++++++++++++++++++++++++++++++++++++++++++++++++++++++++++++++++++++++++++++++

 => CYCLE No.:    2
 ---------------------------------------------------------------------------------------
 => Phase  1 Name: Fe3O4                                                                 
 ---------------------------------------------------------------------------------------
 => New parameters, shifts, and standard deviations

 Atom        x       dx      sx       y       dy      sy       z       dz      sz       B       dB      sB      occ.    docc.   socc.

 Fe1      0.50000 0.00000 0.00000  0.50000 0.00000 0.00000  0.50000 0.00000 0.00000 -2.57091-8.61180 1.00000  0.04167 0.00000 0.00000
 Fe2      0.12500 0.00000 0.00000  0.12500 0.00000 0.00000  0.12500 0.00000 0.00000 -2.57091-8.61180 1.00000  0.08333 0.00000 0.00000
 O        0.37208-0.01161 0.01542  0.37208-0.01161 0.01542  0.37208-0.01161 0.01542 -5.88352******** 1.00000  0.16667 0.00000 0.00000
 WARNING, parameter Y < 0, fixed to 0.0001: Multiplier divided by 2

 ==> PROFILE PARAMETERS FOR PATTERN#  1

 => Overall scale factor:      0.000062760    -0.000006668     0.000011494
 => Eta(p-Voigt) or m(Pearson VII):   0.000000  0.000000  0.000000
 => Overall tem. factor:     0.000000    0.000000    0.000000
 => Halfwidth parameters: 
         0.004391    0.000000    0.000000
        -0.000389    0.000000    0.000000
         0.009813    0.000000    0.000000
 => Cell parameters: 
        8.400081    0.003661    0.010101
        8.400081    0.003661    0.010101
        8.400081    0.003661    0.010101
       90.000000    0.000000    0.000000
       90.000000    0.000000    0.000000
       90.000000    0.000000    0.000000
 => Preferred orientation: 
         1.000000    0.000000    0.000000
         0.000000    0.000000    0.000000
 => Asymmetry parameters: 
         0.000000    0.000000    0.000000
         0.000000    0.000000    0.000000
         0.000000    0.000000    0.000000
         0.000000    0.000000    0.000000
 => X and Y parameters: 
         1.706312    1.706212    0.456247
         0.000100   -0.728139    1.000000
 => Strain parameters: 
         0.000000    0.000000    0.000000
         0.000000    0.000000    0.000000
         0.000000    0.000000    0.000000
 => Size   parameters (G,L): 
         0.000000    0.000000    0.000000
         0.000000    0.000000    0.000000
 => Further shape parameters (S_L and D_L): 
       0.000000  0.000000  0.000000
       0.000000  0.000000  0.000000

 ==> GLOBAL PARAMETERS FOR PATTERN#  1


 => Zero-point:     0.0000    0.0000    0.0000

 => Cos( theta)-shift parameter :   0.0651  0.0666  0.1001
 => Sin(2theta)-shift parameter :   0.0000  0.0000  0.0000

 ==> RELIABILITY FACTORS WITH ALL NON-EXCLUDED POINTS FOR PATTERN:  1

 => R-Factors:   16.8      23.2     Chi2:  19.2     DW-Stat.:  0.1049   Patt#:  1
 => Expected :            5.29                                1.8734
 => Deviance : 0.587E+05     Dev*:   27.35    
 => GoF-index:  4.4         Sqrt(Residual/N)
 => N-P+C:  2146

 =>    SumYdif       SumYobs      SumYcal      SumwYobsSQ     Residual    Condition
     0.1287E+06    0.7678E+06    0.6513E+06    0.7678E+06    0.4123E+05    0.1308E+13


 => Conventional Rietveld Rp,Rwp,Re and Chi2:   75.0      70.0      16.0      19.21    
 => (Values obtained using Ynet, but true sigma(y))
 =>  SumYnet, Sum(w Ynet**2):     0.1718E+06    0.8407E+05


 ==> RELIABILITY FACTORS FOR POINTS WITH BRAGG CONTRIBUTIONS FOR PATTERN:  1

 => R-Factors:   16.8      23.2     Chi2:  19.2     DW-Stat.:  0.1049   Patt#:
 => Expected :            5.29                                1.8734
 => Deviance : 0.587E+05     Dev*:   27.35    
 => GoF-index:  4.4         Sqrt(Residual/N)
 => N-P+C:  2146

 =>    SumYdif       SumYobs      SumYcal      SumwYobsSQ     Residual    Condition
     0.1287E+06    0.7678E+06    0.6513E+06    0.7678E+06    0.4123E+05    0.1308E+13


 => Conventional Rietveld Rp,Rwp,Re and Chi2:   75.0      70.0      16.0      19.21    
 => (Values obtained using Ynet, but true sigma(y))
 =>  SumYnet, Sum(w Ynet**2):     0.1718E+06    0.8407E+05


 => Global user-weigthed Chi2 (Bragg contrib.):   19.2    

 => ---------> Pattern#  1
 => Phase:  1
 =>    Bragg R-factor:  68.4    
 =>    RF-factor     :  56.2    
 ++++++++++++++++++++++++++++++++++++++++++++++++++++++++++++++++++++++++++++++++++++++++++++++++++++++++++++++++++++++++

 => CYCLE No.:    3
 ---------------------------------------------------------------------------------------
 => Phase  1 Name: Fe3O4                                                                 
 ---------------------------------------------------------------------------------------
 => New parameters, shifts, and standard deviations

 Atom        x       dx      sx       y       dy      sy       z       dz      sz       B       dB      sB      occ.    docc.   socc.

 Fe1      0.50000 0.00000 0.00000  0.50000 0.00000 0.00000  0.50000 0.00000 0.00000  0.05839 2.62930 0.10467  0.04167 0.00000 0.00000
 Fe2      0.12500 0.00000 0.00000  0.12500 0.00000 0.00000  0.12500 0.00000 0.00000  0.05839 2.62930 0.10467  0.08333 0.00000 0.00000
 O        0.37613 0.00405 0.00122  0.37613 0.00405 0.00122  0.37613 0.00405 0.00122 -1.99586 3.88765 0.18479  0.16667 0.00000 0.00000

 ==> PROFILE PARAMETERS FOR PATTERN#  1

 => Overall scale factor:      0.000076971     0.000014212     0.000001478
 => Eta(p-Voigt) or m(Pearson VII):   0.000000  0.000000  0.000000
 => Overall tem. factor:     0.000000    0.000000    0.000000
 => Halfwidth parameters: 
         0.004391    0.000000    0.000000
        -0.000389    0.000000    0.000000
         0.009813    0.000000    0.000000
 => Cell parameters: 
        8.398212   -0.001868    0.001032
        8.398212   -0.001868    0.001032
        8.398212   -0.001868    0.001032
       90.000000    0.000000    0.000000
       90.000000    0.000000    0.000000
       90.000000    0.000000    0.000000
 => Preferred orientation: 
         1.000000    0.000000    0.000000
         0.000000    0.000000    0.000000
 => Asymmetry parameters: 
         0.000000    0.000000    0.000000
         0.000000    0.000000    0.000000
         0.000000    0.000000    0.000000
         0.000000    0.000000    0.000000
 => X and Y parameters: 
         1.542323   -0.163989    0.050181
         0.063712    0.063612    0.020846
 => Strain parameters: 
         0.000000    0.000000    0.000000
         0.000000    0.000000    0.000000
         0.000000    0.000000    0.000000
 => Size   parameters (G,L): 
         0.000000    0.000000    0.000000
         0.000000    0.000000    0.000000
 => Further shape parameters (S_L and D_L): 
       0.000000  0.000000  0.000000
       0.000000  0.000000  0.000000

 ==> GLOBAL PARAMETERS FOR PATTERN#  1


 => Zero-point:     0.0000    0.0000    0.0000

 => Cos( theta)-shift parameter :   0.0302 -0.0349  0.0141
 => Sin(2theta)-shift parameter :   0.0000  0.0000  0.0000

 ==> RELIABILITY FACTORS WITH ALL NON-EXCLUDED POINTS FOR PATTERN:  1

 => R-Factors:   11.4      16.7     Chi2:  9.96     DW-Stat.:  0.2408   Patt#:  1
 => Expected :            5.29                                1.8734
 => Deviance : 0.185E+05     Dev*:   8.616    
 => GoF-index:  3.2         Sqrt(Residual/N)
 => N-P+C:  2146

 =>    SumYdif       SumYobs      SumYcal      SumwYobsSQ     Residual    Condition
     0.8734E+05    0.7678E+06    0.7905E+06    0.7678E+06    0.2138E+05    0.1176E+12


 => Conventional Rietveld Rp,Rwp,Re and Chi2:   50.8      50.4      16.0      9.961    
 => (Values obtained using Ynet, but true sigma(y))
 =>  SumYnet, Sum(w Ynet**2):     0.1718E+06    0.8407E+05


 ==> RELIABILITY FACTORS FOR POINTS WITH BRAGG CONTRIBUTIONS FOR PATTERN:  1

 => R-Factors:   11.4      16.7     Chi2:  9.96     DW-Stat.:  0.2408   Patt#:
 => Expected :            5.29                                1.8734
 => Deviance : 0.185E+05     Dev*:   8.616    
 => GoF-index:  3.2         Sqrt(Residual/N)
 => N-P+C:  2146

 =>    SumYdif       SumYobs      SumYcal      SumwYobsSQ     Residual    Condition
     0.8734E+05    0.7678E+06    0.7905E+06    0.7678E+06    0.2138E+05    0.1176E+12


 => Conventional Rietveld Rp,Rwp,Re and Chi2:   50.8      50.4      16.0      9.961    
 => (Values obtained using Ynet, but true sigma(y))
 =>  SumYnet, Sum(w Ynet**2):     0.1718E+06    0.8407E+05


 => Global user-weigthed Chi2 (Bragg contrib.):   9.96    

 => ---------> Pattern#  1
 => Phase:  1
 =>    Bragg R-factor:  46.7    
 =>    RF-factor     :  39.3    
 ++++++++++++++++++++++++++++++++++++++++++++++++++++++++++++++++++++++++++++++++++++++++++++++++++++++++++++++++++++++++

 => CYCLE No.:    4
 ---------------------------------------------------------------------------------------
 => Phase  1 Name: Fe3O4                                                                 
 ---------------------------------------------------------------------------------------
 => New parameters, shifts, and standard deviations

 Atom        x       dx      sx       y       dy      sy       z       dz      sz       B       dB      sB      occ.    docc.   socc.

 Fe1      0.50000 0.00000 0.00000  0.50000 0.00000 0.00000  0.50000 0.00000 0.00000  1.34406 1.28567 0.09766  0.04167 0.00000 0.00000
 Fe2      0.12500 0.00000 0.00000  0.12500 0.00000 0.00000  0.12500 0.00000 0.00000  1.34406 1.28567 0.09766  0.08333 0.00000 0.00000
 O        0.37319-0.00294 0.00119  0.37319-0.00294 0.00119  0.37319-0.00294 0.00119  0.61133 2.60720 0.21804  0.16667 0.00000 0.00000

 ==> PROFILE PARAMETERS FOR PATTERN#  1

 => Overall scale factor:      0.000093006     0.000016035     0.000001251
 => Eta(p-Voigt) or m(Pearson VII):   0.000000  0.000000  0.000000
 => Overall tem. factor:     0.000000    0.000000    0.000000
 => Halfwidth parameters: 
         0.004391    0.000000    0.000000
        -0.000389    0.000000    0.000000
         0.009813    0.000000    0.000000
 => Cell parameters: 
        8.398514    0.000301    0.000997
        8.398514    0.000301    0.000997
        8.398514    0.000301    0.000997
       90.000000    0.000000    0.000000
       90.000000    0.000000    0.000000
       90.000000    0.000000    0.000000
 => Preferred orientation: 
         1.000000    0.000000    0.000000
         0.000000    0.000000    0.000000
 => Asymmetry parameters: 
         0.000000    0.000000    0.000000
         0.000000    0.000000    0.000000
         0.000000    0.000000    0.000000
         0.000000    0.000000    0.000000
 => X and Y parameters: 
         1.275451   -0.266873    0.045986
         0.154752    0.091040    0.016501
 => Strain parameters: 
         0.000000    0.000000    0.000000
         0.000000    0.000000    0.000000
         0.000000    0.000000    0.000000
 => Size   parameters (G,L): 
         0.000000    0.000000    0.000000
         0.000000    0.000000    0.000000
 => Further shape parameters (S_L and D_L): 
       0.000000  0.000000  0.000000
       0.000000  0.000000  0.000000

 ==> GLOBAL PARAMETERS FOR PATTERN#  1


 => Zero-point:     0.0000    0.0000    0.0000

 => Cos( theta)-shift parameter :   0.0063 -0.0240  0.0112
 => Sin(2theta)-shift parameter :   0.0000  0.0000  0.0000

 ==> RELIABILITY FACTORS WITH ALL NON-EXCLUDED POINTS FOR PATTERN:  1

 => R-Factors:   7.64      9.61     Chi2:  3.30     DW-Stat.:  0.6572   Patt#:  1
 => Expected :            5.29                                1.8734
 => Deviance : 0.758E+04     Dev*:   3.530    
 => GoF-index:  1.8         Sqrt(Residual/N)
 => N-P+C:  2146

 =>    SumYdif       SumYobs      SumYcal      SumwYobsSQ     Residual    Condition
     0.5866E+05    0.7678E+06    0.7391E+06    0.7678E+06     7085.        0.1518E+12


 => Conventional Rietveld Rp,Rwp,Re and Chi2:   34.1      29.0      16.0      3.301    
 => (Values obtained using Ynet, but true sigma(y))
 =>  SumYnet, Sum(w Ynet**2):     0.1718E+06    0.8407E+05


 ==> RELIABILITY FACTORS FOR POINTS WITH BRAGG CONTRIBUTIONS FOR PATTERN:  1

 => R-Factors:   7.64      9.61     Chi2:  3.30     DW-Stat.:  0.6572   Patt#:
 => Expected :            5.29                                1.8734
 => Deviance : 0.758E+04     Dev*:   3.530    
 => GoF-index:  1.8         Sqrt(Residual/N)
 => N-P+C:  2146

 =>    SumYdif       SumYobs      SumYcal      SumwYobsSQ     Residual    Condition
     0.5866E+05    0.7678E+06    0.7391E+06    0.7678E+06     7085.        0.1518E+12


 => Conventional Rietveld Rp,Rwp,Re and Chi2:   34.1      29.0      16.0      3.301    
 => (Values obtained using Ynet, but true sigma(y))
 =>  SumYnet, Sum(w Ynet**2):     0.1718E+06    0.8407E+05


 => Global user-weigthed Chi2 (Bragg contrib.):   3.30    

 => ---------> Pattern#  1
 => Phase:  1
 =>    Bragg R-factor:  20.9    
 =>    RF-factor     :  15.1    
 ++++++++++++++++++++++++++++++++++++++++++++++++++++++++++++++++++++++++++++++++++++++++++++++++++++++++++++++++++++++++

 => CYCLE No.:    5
 ---------------------------------------------------------------------------------------
 => Phase  1 Name: Fe3O4                                                                 
 ---------------------------------------------------------------------------------------
 => New parameters, shifts, and standard deviations

 Atom        x       dx      sx       y       dy      sy       z       dz      sz       B       dB      sB      occ.    docc.   socc.

 Fe1      0.50000 0.00000 0.00000  0.50000 0.00000 0.00000  0.50000 0.00000 0.00000  1.35054 0.00649 0.10873  0.04167 0.00000 0.00000
 Fe2      0.12500 0.00000 0.00000  0.12500 0.00000 0.00000  0.12500 0.00000 0.00000  1.35054 0.00649 0.10873  0.08333 0.00000 0.00000
 O        0.37264-0.00055 0.00136  0.37264-0.00055 0.00136  0.37264-0.00055 0.00136  0.33203-0.27930 0.25031  0.16667 0.00000 0.00000

 ==> PROFILE PARAMETERS FOR PATTERN#  1

 => Overall scale factor:      0.000103068     0.000010061     0.000001498
 => Eta(p-Voigt) or m(Pearson VII):   0.000000  0.000000  0.000000
 => Overall tem. factor:     0.000000    0.000000    0.000000
 => Halfwidth parameters: 
         0.004391    0.000000    0.000000
        -0.000389    0.000000    0.000000
         0.009813    0.000000    0.000000
 => Cell parameters: 
        8.398983    0.000469    0.001044
        8.398983    0.000469    0.001044
        8.398983    0.000469    0.001044
       90.000000    0.000000    0.000000
       90.000000    0.000000    0.000000
       90.000000    0.000000    0.000000
 => Preferred orientation: 
         1.000000    0.000000    0.000000
         0.000000    0.000000    0.000000
 => Asymmetry parameters: 
         0.000000    0.000000    0.000000
         0.000000    0.000000    0.000000
         0.000000    0.000000    0.000000
         0.000000    0.000000    0.000000
 => X and Y parameters: 
         1.129255   -0.146195    0.047443
         0.202725    0.047973    0.016416
 => Strain parameters: 
         0.000000    0.000000    0.000000
         0.000000    0.000000    0.000000
         0.000000    0.000000    0.000000
 => Size   parameters (G,L): 
         0.000000    0.000000    0.000000
         0.000000    0.000000    0.000000
 => Further shape parameters (S_L and D_L): 
       0.000000  0.000000  0.000000
       0.000000  0.000000  0.000000

 ==> GLOBAL PARAMETERS FOR PATTERN#  1


 => Zero-point:     0.0000    0.0000    0.0000

 => Cos( theta)-shift parameter :   0.0125  0.0063  0.0112
 => Sin(2theta)-shift parameter :   0.0000  0.0000  0.0000

 ==> RELIABILITY FACTORS WITH ALL NON-EXCLUDED POINTS FOR PATTERN:  1

 => R-Factors:   7.31      9.01     Chi2:  2.91     DW-Stat.:  0.7330   Patt#:  1
 => Expected :            5.29                                1.8734
 => Deviance : 0.669E+04     Dev*:   3.117    
 => GoF-index:  1.7         Sqrt(Residual/N)
 => N-P+C:  2146

 =>    SumYdif       SumYobs      SumYcal      SumwYobsSQ     Residual    Condition
     0.5614E+05    0.7678E+06    0.7340E+06    0.7678E+06     6239.        0.1523E+12


 => Conventional Rietveld Rp,Rwp,Re and Chi2:   32.7      27.2      16.0      2.907    
 => (Values obtained using Ynet, but true sigma(y))
 =>  SumYnet, Sum(w Ynet**2):     0.1718E+06    0.8407E+05


 ==> RELIABILITY FACTORS FOR POINTS WITH BRAGG CONTRIBUTIONS FOR PATTERN:  1

 => R-Factors:   7.31      9.01     Chi2:  2.91     DW-Stat.:  0.7330   Patt#:
 => Expected :            5.29                                1.8734
 => Deviance : 0.669E+04     Dev*:   3.117    
 => GoF-index:  1.7         Sqrt(Residual/N)
 => N-P+C:  2146

 =>    SumYdif       SumYobs      SumYcal      SumwYobsSQ     Residual    Condition
     0.5614E+05    0.7678E+06    0.7340E+06    0.7678E+06     6239.        0.1523E+12


 => Conventional Rietveld Rp,Rwp,Re and Chi2:   32.7      27.2      16.0      2.907    
 => (Values obtained using Ynet, but true sigma(y))
 =>  SumYnet, Sum(w Ynet**2):     0.1718E+06    0.8407E+05


 => Global user-weigthed Chi2 (Bragg contrib.):   2.91    

 => ---------> Pattern#  1
 => Phase:  1
 =>    Bragg R-factor:  19.0    
 =>    RF-factor     :  13.0    
 ++++++++++++++++++++++++++++++++++++++++++++++++++++++++++++++++++++++++++++++++++++++++++++++++++++++++++++++++++++++++

 => CYCLE No.:    6
 ---------------------------------------------------------------------------------------
 => Phase  1 Name: Fe3O4                                                                 
 ---------------------------------------------------------------------------------------
 => New parameters, shifts, and standard deviations

 Atom        x       dx      sx       y       dy      sy       z       dz      sz       B       dB      sB      occ.    docc.   socc.

 Fe1      0.50000 0.00000 0.00000  0.50000 0.00000 0.00000  0.50000 0.00000 0.00000  1.35005-0.00050 0.07773  0.04167 0.00000 0.00000
 Fe2      0.12500 0.00000 0.00000  0.12500 0.00000 0.00000  0.12500 0.00000 0.00000  1.35005-0.00050 0.07773  0.08333 0.00000 0.00000
 O        0.37278 0.00014 0.00093  0.37278 0.00014 0.00093  0.37278 0.00014 0.00093  0.36090 0.02887 0.17360  0.16667 0.00000 0.00000

 ==> PROFILE PARAMETERS FOR PATTERN#  1

 => Overall scale factor:      0.000108613     0.000005546     0.000001189
 => Eta(p-Voigt) or m(Pearson VII):   0.000000  0.000000  0.000000
 => Overall tem. factor:     0.000000    0.000000    0.000000
 => Halfwidth parameters: 
         0.004391    0.000000    0.000000
        -0.000389    0.000000    0.000000
         0.009813    0.000000    0.000000
 => Cell parameters: 
        8.399121    0.000138    0.000716
        8.399121    0.000138    0.000716
        8.399121    0.000138    0.000716
       90.000000    0.000000    0.000000
       90.000000    0.000000    0.000000
       90.000000    0.000000    0.000000
 => Preferred orientation: 
         1.000000    0.000000    0.000000
         0.000000    0.000000    0.000000
 => Asymmetry parameters: 
         0.000000    0.000000    0.000000
         0.000000    0.000000    0.000000
         0.000000    0.000000    0.000000
         0.000000    0.000000    0.000000
 => X and Y parameters: 
         1.081762   -0.047493    0.032749
         0.218633    0.015909    0.011500
 => Strain parameters: 
         0.000000    0.000000    0.000000
         0.000000    0.000000    0.000000
         0.000000    0.000000    0.000000
 => Size   parameters (G,L): 
         0.000000    0.000000    0.000000
         0.000000    0.000000    0.000000
 => Further shape parameters (S_L and D_L): 
       0.000000  0.000000  0.000000
       0.000000  0.000000  0.000000

 ==> GLOBAL PARAMETERS FOR PATTERN#  1


 => Zero-point:     0.0000    0.0000    0.0000

 => Cos( theta)-shift parameter :   0.0115 -0.0011  0.0078
 => Sin(2theta)-shift parameter :   0.0000  0.0000  0.0000

 ==> RELIABILITY FACTORS WITH ALL NON-EXCLUDED POINTS FOR PATTERN:  1

 => R-Factors:   5.84      7.18     Chi2:  1.84     DW-Stat.:  1.1699   Patt#:  1
 => Expected :            5.29                                1.8734
 => Deviance : 0.408E+04     Dev*:   1.900    
 => GoF-index:  1.4         Sqrt(Residual/N)
 => N-P+C:  2146

 =>    SumYdif       SumYobs      SumYcal      SumwYobsSQ     Residual    Condition
     0.4480E+05    0.7678E+06    0.7494E+06    0.7678E+06     3957.        0.1170E+12


 => Conventional Rietveld Rp,Rwp,Re and Chi2:   26.1      21.7      16.0      1.844    
 => (Values obtained using Ynet, but true sigma(y))
 =>  SumYnet, Sum(w Ynet**2):     0.1718E+06    0.8407E+05


 ==> RELIABILITY FACTORS FOR POINTS WITH BRAGG CONTRIBUTIONS FOR PATTERN:  1

 => R-Factors:   5.84      7.18     Chi2:  1.84     DW-Stat.:  1.1699   Patt#:
 => Expected :            5.29                                1.8734
 => Deviance : 0.408E+04     Dev*:   1.900    
 => GoF-index:  1.4         Sqrt(Residual/N)
 => N-P+C:  2146

 =>    SumYdif       SumYobs      SumYcal      SumwYobsSQ     Residual    Condition
     0.4480E+05    0.7678E+06    0.7494E+06    0.7678E+06     3957.        0.1170E+12


 => Conventional Rietveld Rp,Rwp,Re and Chi2:   26.1      21.7      16.0      1.844    
 => (Values obtained using Ynet, but true sigma(y))
 =>  SumYnet, Sum(w Ynet**2):     0.1718E+06    0.8407E+05


 => Global user-weigthed Chi2 (Bragg contrib.):   1.84    

 => ---------> Pattern#  1
 => Phase:  1
 =>    Bragg R-factor:  10.8    
 =>    RF-factor     :  9.57    
 ++++++++++++++++++++++++++++++++++++++++++++++++++++++++++++++++++++++++++++++++++++++++++++++++++++++++++++++++++++++++

 => CYCLE No.:    7
 ---------------------------------------------------------------------------------------
 => Phase  1 Name: Fe3O4                                                                 
 ---------------------------------------------------------------------------------------
 => New parameters, shifts, and standard deviations

 Atom        x       dx      sx       y       dy      sy       z       dz      sz       B       dB      sB      occ.    docc.   socc.

 Fe1      0.50000 0.00000 0.00000  0.50000 0.00000 0.00000  0.50000 0.00000 0.00000  1.34873-0.00132 0.06702  0.04167 0.00000 0.00000
 Fe2      0.12500 0.00000 0.00000  0.12500 0.00000 0.00000  0.12500 0.00000 0.00000  1.34873-0.00132 0.06702  0.08333 0.00000 0.00000
 O        0.37274-0.00004 0.00081  0.37274-0.00004 0.00081  0.37274-0.00004 0.00081  0.35850-0.00240 0.15015  0.16667 0.00000 0.00000

 ==> PROFILE PARAMETERS FOR PATTERN#  1

 => Overall scale factor:      0.000111665     0.000003051     0.000001083
 => Eta(p-Voigt) or m(Pearson VII):   0.000000  0.000000  0.000000
 => Overall tem. factor:     0.000000    0.000000    0.000000
 => Halfwidth parameters: 
         0.004391    0.000000    0.000000
        -0.000389    0.000000    0.000000
         0.009813    0.000000    0.000000
 => Cell parameters: 
        8.399177    0.000055    0.000612
        8.399177    0.000055    0.000612
        8.399177    0.000055    0.000612
       90.000000    0.000000    0.000000
       90.000000    0.000000    0.000000
       90.000000    0.000000    0.000000
 => Preferred orientation: 
         1.000000    0.000000    0.000000
         0.000000    0.000000    0.000000
 => Asymmetry parameters: 
         0.000000    0.000000    0.000000
         0.000000    0.000000    0.000000
         0.000000    0.000000    0.000000
         0.000000    0.000000    0.000000
 => X and Y parameters: 
         1.061831   -0.019931    0.028060
         0.225418    0.006785    0.009892
 => Strain parameters: 
         0.000000    0.000000    0.000000
         0.000000    0.000000    0.000000
         0.000000    0.000000    0.000000
 => Size   parameters (G,L): 
         0.000000    0.000000    0.000000
         0.000000    0.000000    0.000000
 => Further shape parameters (S_L and D_L): 
       0.000000  0.000000  0.000000
       0.000000  0.000000  0.000000

 ==> GLOBAL PARAMETERS FOR PATTERN#  1


 => Zero-point:     0.0000    0.0000    0.0000

 => Cos( theta)-shift parameter :   0.0113 -0.0001  0.0067
 => Sin(2theta)-shift parameter :   0.0000  0.0000  0.0000

 ==> RELIABILITY FACTORS WITH ALL NON-EXCLUDED POINTS FOR PATTERN:  1

 => R-Factors:   5.16      6.55     Chi2:  1.53     DW-Stat.:  1.4162   Patt#:  1
 => Expected :            5.29                                1.8734
 => Deviance : 0.333E+04     Dev*:   1.552    
 => GoF-index:  1.2         Sqrt(Residual/N)
 => N-P+C:  2146

 =>    SumYdif       SumYobs      SumYcal      SumwYobsSQ     Residual    Condition
     0.3965E+05    0.7678E+06    0.7577E+06    0.7678E+06     3291.        0.1051E+12


 => Conventional Rietveld Rp,Rwp,Re and Chi2:   23.1      19.8      16.0      1.534    
 => (Values obtained using Ynet, but true sigma(y))
 =>  SumYnet, Sum(w Ynet**2):     0.1718E+06    0.8407E+05


 ==> RELIABILITY FACTORS FOR POINTS WITH BRAGG CONTRIBUTIONS FOR PATTERN:  1

 => R-Factors:   5.16      6.55     Chi2:  1.53     DW-Stat.:  1.4162   Patt#:
 => Expected :            5.29                                1.8734
 => Deviance : 0.333E+04     Dev*:   1.552    
 => GoF-index:  1.2         Sqrt(Residual/N)
 => N-P+C:  2146

 =>    SumYdif       SumYobs      SumYcal      SumwYobsSQ     Residual    Condition
     0.3965E+05    0.7678E+06    0.7577E+06    0.7678E+06     3291.        0.1051E+12


 => Conventional Rietveld Rp,Rwp,Re and Chi2:   23.1      19.8      16.0      1.534    
 => (Values obtained using Ynet, but true sigma(y))
 =>  SumYnet, Sum(w Ynet**2):     0.1718E+06    0.8407E+05


 => Global user-weigthed Chi2 (Bragg contrib.):   1.53    

 => ---------> Pattern#  1
 => Phase:  1
 =>    Bragg R-factor:  7.67    
 =>    RF-factor     :  8.95    
 ++++++++++++++++++++++++++++++++++++++++++++++++++++++++++++++++++++++++++++++++++++++++++++++++++++++++++++++++++++++++

 => CYCLE No.:    8
 ---------------------------------------------------------------------------------------
 => Phase  1 Name: Fe3O4                                                                 
 ---------------------------------------------------------------------------------------
 => New parameters, shifts, and standard deviations

 Atom        x       dx      sx       y       dy      sy       z       dz      sz       B       dB      sB      occ.    docc.   socc.

 Fe1      0.50000 0.00000 0.00000  0.50000 0.00000 0.00000  0.50000 0.00000 0.00000  1.34828-0.00044 0.06307  0.04167 0.00000 0.00000
 Fe2      0.12500 0.00000 0.00000  0.12500 0.00000 0.00000  0.12500 0.00000 0.00000  1.34828-0.00044 0.06307  0.08333 0.00000 0.00000
 O        0.37274-0.00000 0.00076  0.37274-0.00000 0.00076  0.37274-0.00000 0.00076  0.35810-0.00040 0.14128  0.16667 0.00000 0.00000

 ==> PROFILE PARAMETERS FOR PATTERN#  1

 => Overall scale factor:      0.000115021     0.000003356     0.000001049
 => Eta(p-Voigt) or m(Pearson VII):   0.000000  0.000000  0.000000
 => Overall tem. factor:     0.000000    0.000000    0.000000
 => Halfwidth parameters: 
         0.004391    0.000000    0.000000
        -0.000389    0.000000    0.000000
         0.009813    0.000000    0.000000
 => Cell parameters: 
        8.399200    0.000024    0.000574
        8.399200    0.000024    0.000574
        8.399200    0.000024    0.000574
       90.000000    0.000000    0.000000
       90.000000    0.000000    0.000000
       90.000000    0.000000    0.000000
 => Preferred orientation: 
         1.000000    0.000000    0.000000
         0.000000    0.000000    0.000000
 => Asymmetry parameters: 
         0.000000    0.000000    0.000000
         0.000000    0.000000    0.000000
         0.000000    0.000000    0.000000
         0.000000    0.000000    0.000000
 => X and Y parameters: 
         1.052533   -0.009298    0.026324
         0.228622    0.003204    0.009298
 => Strain parameters: 
         0.000000    0.000000    0.000000
         0.000000    0.000000    0.000000
         0.000000    0.000000    0.000000
 => Size   parameters (G,L): 
         0.000000    0.000000    0.000000
         0.000000    0.000000    0.000000
 => Further shape parameters (S_L and D_L): 
       0.000000  0.000000  0.000000
       0.000000  0.000000  0.000000

 ==> GLOBAL PARAMETERS FOR PATTERN#  1


 => Zero-point:     0.0000    0.0000    0.0000

 => Cos( theta)-shift parameter :   0.0112 -0.0001  0.0063
 => Sin(2theta)-shift parameter :   0.0000  0.0000  0.0000

 ==> RELIABILITY FACTORS WITH ALL NON-EXCLUDED POINTS FOR PATTERN:  1

 => R-Factors:   4.91      6.34     Chi2:  1.44     DW-Stat.:  1.5142   Patt#:  1
 => Expected :            5.29                                1.8734
 => Deviance : 0.310E+04     Dev*:   1.444    
 => GoF-index:  1.2         Sqrt(Residual/N)
 => N-P+C:  2146

 =>    SumYdif       SumYobs      SumYcal      SumwYobsSQ     Residual    Condition
     0.3773E+05    0.7678E+06    0.7623E+06    0.7678E+06     3090.        0.9919E+11


 => Conventional Rietveld Rp,Rwp,Re and Chi2:   22.0      19.2      16.0      1.440    
 => (Values obtained using Ynet, but true sigma(y))
 =>  SumYnet, Sum(w Ynet**2):     0.1718E+06    0.8407E+05


 ==> RELIABILITY FACTORS FOR POINTS WITH BRAGG CONTRIBUTIONS FOR PATTERN:  1

 => R-Factors:   4.91      6.34     Chi2:  1.44     DW-Stat.:  1.5142   Patt#:
 => Expected :            5.29                                1.8734
 => Deviance : 0.310E+04     Dev*:   1.444    
 => GoF-index:  1.2         Sqrt(Residual/N)
 => N-P+C:  2146

 =>    SumYdif       SumYobs      SumYcal      SumwYobsSQ     Residual    Condition
     0.3773E+05    0.7678E+06    0.7623E+06    0.7678E+06     3090.        0.9919E+11


 => Conventional Rietveld Rp,Rwp,Re and Chi2:   22.0      19.2      16.0      1.440    
 => (Values obtained using Ynet, but true sigma(y))
 =>  SumYnet, Sum(w Ynet**2):     0.1718E+06    0.8407E+05


 => Global user-weigthed Chi2 (Bragg contrib.):   1.44    

 => ---------> Pattern#  1
 => Phase:  1
 =>    Bragg R-factor:  6.02    
 =>    RF-factor     :  8.56    
 ++++++++++++++++++++++++++++++++++++++++++++++++++++++++++++++++++++++++++++++++++++++++++++++++++++++++++++++++++++++++

 => CYCLE No.:    9
 ---------------------------------------------------------------------------------------
 => Phase  1 Name: Fe3O4                                                                 
 ---------------------------------------------------------------------------------------
 => New parameters, shifts, and standard deviations

 Atom        x       dx      sx       y       dy      sy       z       dz      sz       B       dB      sB      occ.    docc.   socc.

 Fe1      0.50000 0.00000 0.00000  0.50000 0.00000 0.00000  0.50000 0.00000 0.00000  1.34810-0.00018 0.06034  0.04167 0.00000 0.00000
 Fe2      0.12500 0.00000 0.00000  0.12500 0.00000 0.00000  0.12500 0.00000 0.00000  1.34810-0.00018 0.06034  0.08333 0.00000 0.00000
 O        0.37274-0.00000 0.00073  0.37274-0.00000 0.00073  0.37274-0.00000 0.00073  0.35794-0.00017 0.13516  0.16667 0.00000 0.00000

 ==> PROFILE PARAMETERS FOR PATTERN#  1

 => Overall scale factor:      0.000115357     0.000000336     0.000001034
 => Eta(p-Voigt) or m(Pearson VII):   0.000000  0.000000  0.000000
 => Overall tem. factor:     0.000000    0.000000    0.000000
 => Halfwidth parameters: 
         0.004391    0.000000    0.000000
        -0.000389    0.000000    0.000000
         0.009813    0.000000    0.000000
 => Cell parameters: 
        8.399212    0.000011    0.000548
        8.399212    0.000011    0.000548
        8.399212    0.000011    0.000548
       90.000000    0.000000    0.000000
       90.000000    0.000000    0.000000
       90.000000    0.000000    0.000000
 => Preferred orientation: 
         1.000000    0.000000    0.000000
         0.000000    0.000000    0.000000
 => Asymmetry parameters: 
         0.000000    0.000000    0.000000
         0.000000    0.000000    0.000000
         0.000000    0.000000    0.000000
         0.000000    0.000000    0.000000
 => X and Y parameters: 
         1.048056   -0.004477    0.025149
         0.230182    0.001560    0.008890
 => Strain parameters: 
         0.000000    0.000000    0.000000
         0.000000    0.000000    0.000000
         0.000000    0.000000    0.000000
 => Size   parameters (G,L): 
         0.000000    0.000000    0.000000
         0.000000    0.000000    0.000000
 => Further shape parameters (S_L and D_L): 
       0.000000  0.000000  0.000000
       0.000000  0.000000  0.000000

 ==> GLOBAL PARAMETERS FOR PATTERN#  1


 => Zero-point:     0.0000    0.0000    0.0000

 => Cos( theta)-shift parameter :   0.0112 -0.0000  0.0060
 => Sin(2theta)-shift parameter :   0.0000  0.0000  0.0000

 ==> RELIABILITY FACTORS WITH ALL NON-EXCLUDED POINTS FOR PATTERN:  1

 => R-Factors:   4.78      6.26     Chi2:  1.40     DW-Stat.:  1.5640   Patt#:  1
 => Expected :            5.29                                1.8734
 => Deviance : 0.299E+04     Dev*:   1.391    
 => GoF-index:  1.2         Sqrt(Residual/N)
 => N-P+C:  2146

 =>    SumYdif       SumYobs      SumYcal      SumwYobsSQ     Residual    Condition
     0.3667E+05    0.7678E+06    0.7673E+06    0.7678E+06     3005.        0.9338E+11


 => Conventional Rietveld Rp,Rwp,Re and Chi2:   21.3      18.9      16.0      1.400    
 => (Values obtained using Ynet, but true sigma(y))
 =>  SumYnet, Sum(w Ynet**2):     0.1718E+06    0.8407E+05


 ==> RELIABILITY FACTORS FOR POINTS WITH BRAGG CONTRIBUTIONS FOR PATTERN:  1

 => R-Factors:   4.78      6.26     Chi2:  1.40     DW-Stat.:  1.5640   Patt#:
 => Expected :            5.29                                1.8734
 => Deviance : 0.299E+04     Dev*:   1.391    
 => GoF-index:  1.2         Sqrt(Residual/N)
 => N-P+C:  2146

 =>    SumYdif       SumYobs      SumYcal      SumwYobsSQ     Residual    Condition
     0.3667E+05    0.7678E+06    0.7673E+06    0.7678E+06     3005.        0.9338E+11


 => Conventional Rietveld Rp,Rwp,Re and Chi2:   21.3      18.9      16.0      1.400    
 => (Values obtained using Ynet, but true sigma(y))
 =>  SumYnet, Sum(w Ynet**2):     0.1718E+06    0.8407E+05


 => Global user-weigthed Chi2 (Bragg contrib.):   1.40    

 => ---------> Pattern#  1
 => Phase:  1
 =>    Bragg R-factor:  7.34    
 =>    RF-factor     :  8.91    


   Standard deviations have to be multiplied by: 1.6281
   (correlated residuals) See references:
  -J.F.Berar & P.Lelann, J. Appl. Cryst. 24, 1-5 (1991) 
  -J.F.Berar, Acc. in Pow. Diff. II,NIST Sp.Pub. 846, 63(1992) 

 ++++++++++++++++++++++++++++++++++++++++++++++++++++++++++++++++++++++++++++++++++++++++++++++++++++++++++++++++++++++++

 => CYCLE No.:   10
 ---------------------------------------------------------------------------------------
 => Phase  1 Name: Fe3O4                                                                 
 ---------------------------------------------------------------------------------------
 => New parameters, shifts, and standard deviations

 Atom        x       dx      sx       y       dy      sy       z       dz      sz       B       dB      sB      occ.    docc.   socc.

 Fe1      0.50000 0.00000 0.00000  0.50000 0.00000 0.00000  0.50000 0.00000 0.00000  1.34801-0.00009 0.06014  0.04167 0.00000 0.00000
 Fe2      0.12500 0.00000 0.00000  0.12500 0.00000 0.00000  0.12500 0.00000 0.00000  1.34801-0.00009 0.06014  0.08333 0.00000 0.00000
 O        0.37274-0.00000 0.00073  0.37274-0.00000 0.00073  0.37274-0.00000 0.00073  0.35784-0.00010 0.13470  0.16667 0.00000 0.00000

 ==> PROFILE PARAMETERS FOR PATTERN#  1

 => Overall scale factor:      0.000115390     0.000000034     0.000001034
 => Eta(p-Voigt) or m(Pearson VII):   0.000000  0.000000  0.000000
 => Overall tem. factor:     0.000000    0.000000    0.000000
 => Halfwidth parameters: 
         0.004391    0.000000    0.000000
        -0.000389    0.000000    0.000000
         0.009813    0.000000    0.000000
 => Cell parameters: 
        8.399219    0.000007    0.000546
        8.399219    0.000007    0.000546
        8.399219    0.000007    0.000546
       90.000000    0.000000    0.000000
       90.000000    0.000000    0.000000
       90.000000    0.000000    0.000000
 => Preferred orientation: 
         1.000000    0.000000    0.000000
         0.000000    0.000000    0.000000
 => Asymmetry parameters: 
         0.000000    0.000000    0.000000
         0.000000    0.000000    0.000000
         0.000000    0.000000    0.000000
         0.000000    0.000000    0.000000
 => X and Y parameters: 
         1.045770   -0.002286    0.025048
         0.230987    0.000805    0.008858
 => Strain parameters: 
         0.000000    0.000000    0.000000
         0.000000    0.000000    0.000000
         0.000000    0.000000    0.000000
 => Size   parameters (G,L): 
         0.000000    0.000000    0.000000
         0.000000    0.000000    0.000000
 => Further shape parameters (S_L and D_L): 
       0.000000  0.000000  0.000000
       0.000000  0.000000  0.000000

 ==> GLOBAL PARAMETERS FOR PATTERN#  1


 => Zero-point:     0.0000    0.0000    0.0000

 => Cos( theta)-shift parameter :   0.0112 -0.0000  0.0060
 => Sin(2theta)-shift parameter :   0.0000  0.0000  0.0000

 ==> RELIABILITY FACTORS WITH ALL NON-EXCLUDED POINTS FOR PATTERN:  1

 => R-Factors:   4.77      6.25     Chi2:  1.40     DW-Stat.:  1.5652   Patt#:  1
 => Expected :            5.29                                1.8734
 => Deviance : 0.298E+04     Dev*:   1.390    
 => GoF-index:  1.2         Sqrt(Residual/N)
 => N-P+C:  2146

 =>    SumYdif       SumYobs      SumYcal      SumwYobsSQ     Residual    Condition
     0.3664E+05    0.7678E+06    0.7678E+06    0.7678E+06     3004.        0.9278E+11


 => Conventional Rietveld Rp,Rwp,Re and Chi2:   21.3      18.9      16.0      1.400    
 => (Values obtained using Ynet, but true sigma(y))
 =>  SumYnet, Sum(w Ynet**2):     0.1718E+06    0.8407E+05

 => N-sigma of the GoF:       13.093

 ==> RELIABILITY FACTORS FOR POINTS WITH BRAGG CONTRIBUTIONS FOR PATTERN:  1

 => R-Factors:   4.77      6.25     Chi2:  1.40     DW-Stat.:  1.5652   Patt#:
 => Expected :            5.29                                1.8734
 => Deviance : 0.298E+04     Dev*:   1.390    
 => GoF-index:  1.2         Sqrt(Residual/N)
 => N-P+C:  2146

 =>    SumYdif       SumYobs      SumYcal      SumwYobsSQ     Residual    Condition
     0.3664E+05    0.7678E+06    0.7678E+06    0.7678E+06     3004.        0.9278E+11


 => Conventional Rietveld Rp,Rwp,Re and Chi2:   21.3      18.9      16.0      1.400    
 => (Values obtained using Ynet, but true sigma(y))
 =>  SumYnet, Sum(w Ynet**2):     0.1718E+06    0.8407E+05

 => N-sigma of the GoF:       13.093

 => Global user-weigthed Chi2 (Bragg contrib.):   1.40    

 => ---------> Pattern#  1
 => Phase:  1
 =>    Bragg R-factor:  7.49    
 =>    RF-factor     :  8.96    


   Standard deviations have to be multiplied by: 1.6281
   (correlated residuals) See references:
  -J.F.Berar & P.Lelann, J. Appl. Cryst. 24, 1-5 (1991) 
  -J.F.Berar, Acc. in Pow. Diff. II,NIST Sp.Pub. 846, 63(1992) 

 ++++++++++++++++++++++++++++++++++++++++++++++++++++++++++++++++++++++++++++++++++++++++++++++++++++++++++++++++++++++++

 => CYCLE No.:   10
 =>  Convergence reached at this CYCLE !!!!
 =>  Parameter shifts set to zero
 ---------------------------------------------------------------------------------------
 => Phase  1 Name: Fe3O4                                                                 
 ---------------------------------------------------------------------------------------
 => New parameters, shifts, and standard deviations

 Atom        x       dx      sx       y       dy      sy       z       dz      sz       B       dB      sB      occ.    docc.   socc.

 Fe1      0.50000 0.00000 0.00000  0.50000 0.00000 0.00000  0.50000 0.00000 0.00000  1.34801 0.00000 0.06014  0.04167 0.00000 0.00000
 Fe2      0.12500 0.00000 0.00000  0.12500 0.00000 0.00000  0.12500 0.00000 0.00000  1.34801 0.00000 0.06014  0.08333 0.00000 0.00000
 O        0.37274 0.00000 0.00073  0.37274 0.00000 0.00073  0.37274 0.00000 0.00073  0.35784 0.00000 0.13470  0.16667 0.00000 0.00000

 ==> PROFILE PARAMETERS FOR PATTERN#  1

 => Overall scale factor:      0.000115390     0.000000000     0.000001034
 => Eta(p-Voigt) or m(Pearson VII):   0.000000  0.000000  0.000000
 => Overall tem. factor:     0.000000    0.000000    0.000000
 => Halfwidth parameters: 
         0.004391    0.000000    0.000000
        -0.000389    0.000000    0.000000
         0.009813    0.000000    0.000000
 => Cell parameters: 
        8.399219    0.000000    0.000546
        8.399219    0.000000    0.000546
        8.399219    0.000000    0.000546
       90.000000    0.000000    0.000000
       90.000000    0.000000    0.000000
       90.000000    0.000000    0.000000
 => Preferred orientation: 
         1.000000    0.000000    0.000000
         0.000000    0.000000    0.000000
 => Asymmetry parameters: 
         0.000000    0.000000    0.000000
         0.000000    0.000000    0.000000
         0.000000    0.000000    0.000000
         0.000000    0.000000    0.000000
 => X and Y parameters: 
         1.045770    0.000000    0.025048
         0.230987    0.000000    0.008858
 => Strain parameters: 
         0.000000    0.000000    0.000000
         0.000000    0.000000    0.000000
         0.000000    0.000000    0.000000
 => Size   parameters (G,L): 
         0.000000    0.000000    0.000000
         0.000000    0.000000    0.000000
 => Further shape parameters (S_L and D_L): 
       0.000000  0.000000  0.000000
       0.000000  0.000000  0.000000

 ==> GLOBAL PARAMETERS FOR PATTERN#  1


 => Zero-point:     0.0000    0.0000    0.0000

 => Cos( theta)-shift parameter :   0.0112  0.0000  0.0060
 => Sin(2theta)-shift parameter :   0.0000  0.0000  0.0000

 ==> RELIABILITY FACTORS WITH ALL NON-EXCLUDED POINTS FOR PATTERN:  1

 => R-Factors:   4.77      6.25     Chi2:  1.40     DW-Stat.:  1.5652   Patt#:  1
 => Expected :            5.29                                1.8734
 => Deviance : 0.298E+04     Dev*:   1.390    
 => GoF-index:  1.2         Sqrt(Residual/N)
 => N-P+C:  2146

 =>    SumYdif       SumYobs      SumYcal      SumwYobsSQ     Residual    Condition
     0.3664E+05    0.7678E+06    0.7678E+06    0.7678E+06     3004.        0.9278E+11


 => Conventional Rietveld Rp,Rwp,Re and Chi2:   21.3      18.9      16.0      1.400    
 => (Values obtained using Ynet, but true sigma(y))
 =>  SumYnet, Sum(w Ynet**2):     0.1718E+06    0.8407E+05

 => N-sigma of the GoF:       13.093

 ==> RELIABILITY FACTORS FOR POINTS WITH BRAGG CONTRIBUTIONS FOR PATTERN:  1

 => R-Factors:   4.77      6.25     Chi2:  1.40     DW-Stat.:  1.5652   Patt#:
 => Expected :            5.29                                1.8734
 => Deviance : 0.298E+04     Dev*:   1.390    
 => GoF-index:  1.2         Sqrt(Residual/N)
 => N-P+C:  2146

 =>    SumYdif       SumYobs      SumYcal      SumwYobsSQ     Residual    Condition
     0.3664E+05    0.7678E+06    0.7678E+06    0.7678E+06     3004.        0.9278E+11


 => Conventional Rietveld Rp,Rwp,Re and Chi2:   21.3      18.9      16.0      1.400    
 => (Values obtained using Ynet, but true sigma(y))
 =>  SumYnet, Sum(w Ynet**2):     0.1718E+06    0.8407E+05

 => N-sigma of the GoF:       13.093

 => Global user-weigthed Chi2 (Bragg contrib.):   1.40    

 => ---------> Pattern#  1
 => Phase:  1
 =>    Bragg R-factor:  7.49    
 =>    RF-factor     :  8.96    


 => Parameters with Correlation greater that 50% ==>
 -> Correlation of parameter:                                     Scale_ph1_pat1      with:                                       Biso_Fe1_ph1  ->   82%

 --------------------------------------------------------------------------------------------------------------
 Pattern#  1 Phase No.:   1 Phase name: Fe3O4                         
 --------------------------------------------------------------------------------------------------------------

     -----------------------------------------------------
     BRAGG R-Factors and weight fractions for Pattern #  1
     -----------------------------------------------------

 => Phase:  1     Fe3O4
 => Bragg R-factor:   7.42       Vol:  592.539( 0.067)  Fract(%):  100.00( 1.27)
 => Rf-factor=  8.31             ATZ:        1852.467   Brindley:  1.0000

     -----------------------------------------------------------------
      SYMBOLIC NAMES AND FINAL VALUES AND SIGMA OF REFINED PARAMETERS:
     -----------------------------------------------------------------

      ->  Parameter number    1 :                                     Scale_ph1_pat1    0.11539037E-03( +/-    0.10337925E-05 )
      ->  Parameter number    2 :                                         SyCos_pat1    0.11216501E-01( +/-    0.60232407E-02 )
      ->  Parameter number    3 :                                    Cell_A_ph1_pat1     8.3992186    ( +/-    0.54586743E-03 )
      ->  Parameter number    4 :                                       Biso_Fe1_ph1     1.3480109    ( +/-    0.60135636E-01 )
      ->  Parameter number    5 :                                     X-tan_ph1_pat1     1.0457702    ( +/-    0.25047617E-01 )
      ->  Parameter number    6 :                                            X_O_ph1    0.37274081    ( +/-    0.72642439E-03 )
      ->  Parameter number    7 :                                     Y-cos_ph1_pat1    0.23098667    ( +/-    0.88581033E-02 )
      ->  Parameter number    8 :                                         Biso_O_ph1    0.35783646    ( +/-    0.13469768     )

 ------------------------------------------------------------------
 => Number of bytes for floating point variables: 4
 => Dimensions of dynamic allocated arrays in this run of FullProf:
 ------------------------------------------------------------------

 => Total approximate array memory (dynamic + static): 128415065 bytes

    MaxPOINT=    60000 Max.num. of points(+int. Inten.)/diffraction pattern       
    MaxREFLT=    20000 Max.num. of reflections/diffraction pattern               
    MaxPARAM=      300 Max.num. of refinable parameters                          
    MaxOVERL=    18096 Max.num. of overlapping reflections                       

 ----------------------------------------------------------
 => Number of bytes for floating point arrays: 4
 => Dimensions of fixed arrays in this release of FullProf:
 ----------------------------------------------------------

    NPATT   =       80 Max.num. of powder diffraction patterns                    
    NATS    =      830 Max.num. of atoms (all kind) in asymmetric unit            
    MPAR    =     1800 Max.num. of non atomic parameters/phase                    
    IEXCL   =       30 Max.num. of excluded regions                               
    IBACP   =      377 Max.num. of background points for interpolation            
    NPHT    =       16 Max.num. of phases                                         
    NMAGM   =        8 Max.num. of rotation-matrices sets for magnetic structure  
    NBASIS  =       12 Max.num. of basis functions associated to a single atom    
    NIREPS  =        9 Max.num. of irreducible representations to be combined     
    N_EQ    =      384 Max.num. of user-supplied symmetry operators/propagation vectors
    NGL     =      400 Max.num. of global parameters/diffraction pattern          
    N_LINC  =       30 Max.num. of global linear restraints                        
    NAT_P   =       68 Max.num. of atomic parameters per atom                     
    NCONST  =      500 Max.num. of slack constraints per phase                    
    N_SPE   =       30 Max.num. of different chemical species                     
    N_FORM  =       60 Max.num. of scattering factor values in a table            
    NPR     =      150 Max.num. of points defining a numerical profile            
    INPR    =       25 Max.num. of different numerical peak shapes                
    NPRC    =      150 Max.num. of terms in the table for correcting intensities  
    NSOL    =       10 Max.num. of solutions to be stored in Montecarlo searchs   

 
              CPU Time:     2.656 seconds
                            0.044 minutes

 => Run finished at:     Date: 26/10/2021  Time: 16:38:55.650                              
