

        **********************************************************
        ** PROGRAM FullProf.2k (Version 7.20 - Oct2019-ILL JRC) **
        **********************************************************
                       M U L T I -- P A T T E R N                 
            Rietveld, Profile Matching & Integrated Intensity     
                 Refinement of X-ray and/or Neutron Data


    Date: 12/10/2021  Time: 16:36:55.855                              

 => PCR file code: cr2o3_10min
 => DAT file code: Cr2O3_1000rpm_10min. -> Relative contribution: 1.0000                                                            

 ==> CONDITIONS OF THIS RUN FOR PATTERN No.:  1

 => Global Refinement of X-ray powder diffraction data                                                                              
 => Global Refinement of X-ray powder diffraction data                                                                              
    Bragg-Brentano(X-rays) or Debye-Scherrer geometry(Neutrons)
 => Title: Cr2O3

 => Number of phases:    1
 => Number of excluded regions:    1
 => Number of scattering factors supplied:    0
 => March-Dollase model for preferred orientation
 => Conventional weights: w=1.0/Variance(yobs)
 => Asymmetry correction as in J.Appl.Cryst. 26,128(1993)
 => Background refined by polynomial function
 => The    7th default profile function was selected
 => T-C-H Pseudo-Voigt function 
    This function is convoluted with asymmetry due to axial 
    divergence as formulated by: 
    van Laar and Yelon, J. Appl. Cryst. 17, 47(1984).
    and using the method of:
    Finger, Cox and Jephcoat, J. Appl. Cryst. 27, 892 (1994).
    Fortran 90 module adapted from function PROFVAL (in F77) : 
    L.W. Finger, J. Appl. Cryst. 31, 111 (1998).


 ==> INPUT/OUTPUT OPTIONS:

 => Generate bacground file *.bac
 => Generate file *.PRF for plot
 => Output Correlation Matrix
 => Generate new input file *.PCR
 => Plot pattern at each cycle
 => Wavelengths:  1.54060 1.54439
 => Alpha2/Alpha1 ratio:   0.5000
 => Cos(Monochromator angle)=   0.9000
 => Asymmetry correction for angles lower than   90.000 degrees
 => Absorption correction (AC), muR-eff =   0.0000  0.0000
 => Base of peaks: 2.0*HW*   25.00

 => Number of cycles:   10
 => Relaxation factors ==>    for coordinates:  0.90
 => for anisotropic temperature factors:  0.90
 => for halfwidth/strain/size parameters:  0.90
 => for lattice constants and propagation vectors:  0.90
 => EPS-value for convergence:    0.3

 => Excluded regions for Pattern#  1
    From     to
      0.0000     20.0000

 => Number of Least-Squares parameters varied:    13

 =>--------------------------->
 =>------->  PATTERN number:  1
 =>--------------------------->
 => Global parameters and codes ==>
 => Zero-point:     0.0000    0.0000
 => Background parameters and codes ==>
 => Origin of polynomial at 2theta/TOF/E(KeV):   90.000  
  4.5870      3.5230      41.392      0.0000      0.0000      0.0000    
       21.00       51.00       61.00        0.00        0.00        0.00
 => Displacement peak-shift parameter and code:    -0.03   71.00
 => Transparency peak-shift parameter and code:     0.00    0.00

 => Reading Intensity data  =>>

      Data from PANalytical formats
      Extension:  .xrdml
 ==> Angular range, step and number of points:
     2Thmin:      20.016712  2Thmax:      99.996841  Step:       0.033423  No. of points:   2394
 --------------------------------------------------------------------------------
 => Phase  No. 1
      Cr2O3                                                                 
 --------------------------------------------------------------------------------
 => Schakal File (*.sch) is output for phase: 1
 =>-------> Pattern#  1
 => Crystal Structure Refinement
 => Preferred orientation vector:   0.0000  0.0000  1.0000

 =>-------> Data for PHASE: 1
 => Number of atoms:    2
 => Number of distance  constraints:    0
 => Number of angle     constraints:    0

 => Symmetry information on space group: R -3 c              
 -> The multiplicity of the general position is:  36
 -> The space group is Centric (-1 at origin)   
 -> Lattice type  R: { 000; 2/3 1/3 1/3; 1/3 2/3 2/3   }+          
 -> Reduced set of symmetry operators:

  No.  IT   Symmetry symbol    Rotation part     Associated Translation
   1: ( 1)   1            --> ( x  ,   y, z) + {  0.0000  0.0000  0.0000}
   2: ( 2)  3+ ( 0, 0, z) --> (  -y, x-y, z) + {  0.0000  0.0000  0.0000}
   3: ( 3)  3- ( 0, 0, z) --> (-x+y,-x  , z) + {  0.0000  0.0000  0.0000}
   4: ( 7)   2 ( x, x, 0) --> (   y, x  ,-z) + {  0.0000  0.0000  0.5000}
   5: ( 8)   2 ( x, 0, 0) --> ( x-y,  -y,-z) + {  0.0000  0.0000  0.5000}
   6: ( 9)   2 ( 0, y, 0) --> (-x  ,-x+y,-z) + {  0.0000  0.0000  0.5000}


        Information on Space Group: 
        --------------------------- 

 =>   Number of Space group: 167
 =>  Hermann-Mauguin Symbol: R -3 c
 =>             Hall Symbol: -R 3 2"c
 =>            Setting Type: IT (Generated from Hermann-Mauguin symbol)
 =>          Crystal System: Trigonal
 =>              Laue Class: -3m1
 =>             Point Group: -3m
 =>         Bravais Lattice: R
 =>          Lattice Symbol: hR
 =>  Reduced Number of S.O.:   6
 =>    General multiplicity:  36
 =>          Centrosymmetry: Centric (-1 at origin)
 =>  Generators (exc. -1&L):   2
 =>         Asymmetric unit:  0.000 <= x <=  0.667
                              0.000 <= y <=  0.667
                              0.000 <= z <=  0.083

 => List of S.O. without inversion and lattice centring translations
 => SYMM(  1): x,y,z                               => SYMM(  2): -y,x-y,z
 => SYMM(  3): -x+y,-x,z                           => SYMM(  4): -y,-x,z+1/2
 => SYMM(  5): -x+y,y,z+1/2                        => SYMM(  6): x,x-y,z+1/2


 => Initial parameters ==>
 Atom    Ntyp                  X         Y         Z         B         occ.         in  fin  Spc  Mult
                             B11       B22       B33       B12       B13       B23
 Cr     CR                 0.00000   0.00000   0.34798   0.10538   0.33333           0    0    0   12
                 Codes:    0.00000   0.00000 101.00000 121.00000   0.00000
 O      O                  0.30483   0.00000   0.25000  -0.33903   0.50000           0    0    0   18
                 Codes:  111.00000   0.00000   0.00000 131.00000   0.00000

 => IT IS ASSUMED THAT THE FIRST GIVEN SITE IS FULLY OCCUPIED 
    OR THE FIRST AND SECOND ATOMS ARE IN THE SAME SITE WITH TOTAL FULL OCCUPATION
  (If this is not the case, change the order of atoms to obtain correct values for the content of the unit cell)
    The phase contains sites partially occupied
      -> Atom: CR  ,  Chemical element: CR  Atomic Mass:    51.9960
      -> Atom: O   ,  Chemical element: O   Atomic Mass:    15.9994
 => The given value of ATZ is        911.93 the program has calculated:         911.93
    The value of ATZ given in the input PCR file will be used for quantitative analysis
 => The chemical content of the unit cell is: 
      12.0000 CR   +  18.0002 O      
 => The normalized site occupation numbers in % are: 
     100.0000 Cr     :      100.0010 O        
 => The density (volumic mass) of the compound is:    5.232 g/cm3

 =>-------> PROFILE PARAMETERS FOR PATTERN:  1

 => Overall scale factor:   0.969850E-04
 => ETA (p-Voigt) OR M (Pearson VII):   0.0000
 => Overall temperature factor:      0.00000
 => Halfwidth U,V,W:      0.00439    -0.00039     0.00981
 => X and Y parameters:       0.1260      0.0467
 => Direct cell parameters:    4.9582   4.9582  13.5957  90.0000  90.0000 120.0000
 => Preferred orientation parameters:   1.0000  1.0000
 => Asymmetry parameters     :      0.00000     0.00000     0.00000     0.00000
 => Strain parameters        :      0.00000     0.00000     0.00000
 => Size   parameters        :      0.00004     0.00000
 => Further shape parameters (S_L and D_L):   0.00000   0.00000
    S_L is source width/detector distance
    D_L is detector width/detector distance

 ==> CODEWORDS FOR PROFILE PARAMETERS of PATTERN#  1

 => Overall scale factor:   11.000
 => ETA (p-Voigt) OR M (Pearson VII):    0.000
 => Overall temperature factor:    0.000
 => Halfwidth U,V,W:    0.000   0.000   0.000
 => X and Y parameters:   81.000  91.000
 => Direct cell parameters:   31.000  31.000  41.000   0.000   0.000  31.000
 => Preferred orientation parameters:    0.000   0.000
 => Asymmetry parameters     :    0.000   0.000   0.000   0.000
 => Strain parameters        :    0.000   0.000   0.000
 => Size   parameters        :    0.000   0.000

 => Cell constraints according to Laue symmetry: -3m1 

        Metric information:
        -------------------

 => Direct cell parameters:

         a =       4.9582      b =       4.9582      c =      13.5957
     alpha =       90.000   beta =       90.000  gamma =      120.000
                        Direct Cell Volume =     289.4552

 => Reciprocal cell parameters:

         a*=     0.232887      b*=     0.232887      c*=     0.073553
     alpha*=       90.000   beta*=       90.000  gamma*=       60.000
                    Reciprocal Cell Volume =   0.00345477

 => Direct and Reciprocal Metric Tensors:

                   GD                                       GR
     24.5838    -12.2919      0.0000          0.054236    0.027118    0.000000
    -12.2919     24.5838      0.0000          0.027118    0.054236    0.000000
      0.0000      0.0000    184.8430          0.000000    0.000000    0.005410

 =>  Cartesian frame: z // c; y is in the bc-plane; x is y ^ z = a*  

     Crystal_to_Orthonormal_Matrix              Orthonormal_to_Crystal Matrix
              Cr_Orth_cel                               Orth_Cr_cel  
      4.9582     -2.4791      0.0000          0.201686    0.116443   -0.000000
      0.0000      4.2939      0.0000          0.000000    0.232887   -0.000000
      0.0000      0.0000     13.5957          0.000000    0.000000    0.073553

     Busing-Levy B-matrix: Hc=B.H            Inverse of the Busing-Levy B-matrix
                BL_M                                      BL_Minv  
    0.232887    0.116443    0.000000            4.2939     -2.4791     -0.0000
    0.000000    0.201686   -0.000000            0.0000      4.9582      0.0000
    0.000000    0.000000    0.073553            0.0000      0.0000     13.5957

 => Laue symmetry -3m1  will be used to generate HKL for pattern#   1
 => Reflections generated between S(1/d)min:  0.2251 A-1 and S(1/d)max:  1.0828 A-1
 =>                                    dmax:  4.4432 A   and      dmin:  0.9235 A
 => The number of reflections generated is:     44
 => The max. scatt. variable (gen.ref.) is:       113.0404
 => Scattering coefficients from internal table


 => X-ray scattering coeff. (A1, B1, A2,...C, f(0), Z, Dfp,Dfpp)

 CR     10.6406   6.1038   7.3537   0.3920   3.3240  20.2626   1.4922  98.7399   1.1832  23.9937  24.0000  -0.1980   2.4430
 O       3.0485  13.2771   2.2868   5.7011   1.5463   0.3239   0.8670  32.9089   0.2508   7.9994   8.0000   0.0470   0.0320

     --------------------------------------------------------------
      SYMBOLIC NAMES AND INITIAL VALUES OF PARAMETERS TO BE VARIED:
     --------------------------------------------------------------

      ->  Parameter number    1   -> Symbolic Name:                                     Scale_ph1_pat1    0.96985001E-04
      ->  Parameter number    2   -> Symbolic Name:                                         Bck_0_pat1     4.5869999    
      ->  Parameter number    3   -> Symbolic Name:                                    Cell_A_ph1_pat1     4.9582062    
      ->  Parameter number    4   -> Symbolic Name:                                    Cell_C_ph1_pat1     13.595699    
      ->  Parameter number    5   -> Symbolic Name:                                         Bck_1_pat1     3.5230000    
      ->  Parameter number    6   -> Symbolic Name:                                         Bck_2_pat1     41.391998    
      ->  Parameter number    7   -> Symbolic Name:                                         SyCos_pat1   -0.31040000E-01
      ->  Parameter number    8   -> Symbolic Name:                                     X-tan_ph1_pat1    0.12600300    
      ->  Parameter number    9   -> Symbolic Name:                                     Y-cos_ph1_pat1    0.46744000E-01
      ->  Parameter number   10   -> Symbolic Name:                                           Z_Cr_ph1    0.34797999    
      ->  Parameter number   11   -> Symbolic Name:                                            X_O_ph1    0.30483001    
      ->  Parameter number   12   -> Symbolic Name:                                        Biso_Cr_ph1    0.10538000    
      ->  Parameter number   13   -> Symbolic Name:                                         Biso_O_ph1   -0.33903000    
  
 
 => No optimization for routine tasks
 ++++++++++++++++++++++++++++++++++++++++++++++++++++++++++++++++++++++++++++++++++++++++++++++++++++++++++++++++++++++++

 => CYCLE No.:    1
 ---------------------------------------------------------------------------------------
 => Phase  1 Name: Cr2O3                                                                 
 ---------------------------------------------------------------------------------------
 => New parameters, shifts, and standard deviations

 Atom        x       dx      sx       y       dy      sy       z       dz      sz       B       dB      sB      occ.    docc.   socc.

 Cr       0.00000 0.00000 0.00000  0.00000 0.00000 0.00000  0.34790-0.00008 0.00030  0.29362 0.18824 0.12390  0.33333 0.00000 0.00000
 O        0.30602 0.00119 0.00212  0.00000 0.00000 0.00000  0.25000 0.00000 0.00000 -0.09814 0.24089 0.24528  0.50000 0.00000 0.00000

 ==> PROFILE PARAMETERS FOR PATTERN#  1

 => Overall scale factor:      0.000098905     0.000001920     0.000002177
 => Eta(p-Voigt) or m(Pearson VII):   0.000000  0.000000  0.000000
 => Overall tem. factor:     0.000000    0.000000    0.000000
 => Halfwidth parameters: 
         0.004391    0.000000    0.000000
        -0.000389    0.000000    0.000000
         0.009813    0.000000    0.000000
 => Cell parameters: 
        4.958254    0.000048    0.000173
        4.958254    0.000048    0.000173
       13.595811    0.000112    0.000644
       90.000000    0.000000    0.000000
       90.000000    0.000000    0.000000
      120.000000    0.000000    0.000000
 => Preferred orientation: 
         1.000000    0.000000    0.000000
         1.000000    0.000000    0.000000
 => Asymmetry parameters: 
         0.000000    0.000000    0.000000
         0.000000    0.000000    0.000000
         0.000000    0.000000    0.000000
         0.000000    0.000000    0.000000
 => X and Y parameters: 
         0.129858    0.003855    0.023086
         0.072516    0.025772    0.008777
 => Strain parameters: 
         0.000000    0.000000    0.000000
         0.000000    0.000000    0.000000
         0.000000    0.000000    0.000000
 => Size   parameters (G,L): 
         0.000040    0.000000    0.000000
         0.000000    0.000000    0.000000
 => Further shape parameters (S_L and D_L): 
       0.000000  0.000000  0.000000
       0.000000  0.000000  0.000000

 ==> GLOBAL PARAMETERS FOR PATTERN#  1


 => Zero-point:     0.0000    0.0000    0.0000
 => Background Polynomial Parameters ==>
       6.1963      1.6093     0.29504    
       5.5760      2.0530      1.9734    
       49.370      7.9784      3.1640    
       0.0000      0.0000      0.0000    
       0.0000      0.0000      0.0000    
       0.0000      0.0000      0.0000    

 => Cos( theta)-shift parameter :  -0.0495 -0.0184  0.0032
 => Sin(2theta)-shift parameter :   0.0000  0.0000  0.0000

 ==> RELIABILITY FACTORS WITH ALL NON-EXCLUDED POINTS FOR PATTERN:  1

 => R-Factors:   32.0      38.0     Chi2:  4.81     DW-Stat.:  0.5356   Patt#:  1
 => Expected :            17.3                                1.8838
 => Deviance : 0.140E+05     Dev*:   5.799    
 => GoF-index:  2.2         Sqrt(Residual/N)
 => N-P+C:  2381

 =>    SumYdif       SumYobs      SumYcal      SumwYobsSQ     Residual    Condition
     0.2533E+05    0.7920E+05    0.6838E+05    0.7920E+05    0.1144E+05    0.1400E+15


 => Conventional Rietveld Rp,Rwp,Re and Chi2:   47.4      51.1      23.3      4.806    
 => (Values obtained using Ynet, but true sigma(y))
 =>  SumYnet, Sum(w Ynet**2):     0.5350E+05    0.4387E+05


 ==> RELIABILITY FACTORS FOR POINTS WITH BRAGG CONTRIBUTIONS FOR PATTERN:  1

 => R-Factors:   31.8      38.0     Chi2:  4.79     DW-Stat.:  0.5651   Patt#:
 => Expected :            17.4                                1.8812
 => Deviance : 0.131E+05     Dev*:   5.690    
 => GoF-index:  2.2         Sqrt(Residual/N)
 => N-P+C:  2265

 =>    SumYdif       SumYobs      SumYcal      SumwYobsSQ     Residual    Condition
     0.2394E+05    0.7516E+05    0.6572E+05    0.7516E+05    0.1085E+05    0.1400E+15


 => Conventional Rietveld Rp,Rwp,Re and Chi2:   45.9      50.1      22.9      4.789    
 => (Values obtained using Ynet, but true sigma(y))
 =>  SumYnet, Sum(w Ynet**2):     0.5212E+05    0.4328E+05


 => Global user-weigthed Chi2 (Bragg contrib.):   4.79    

 => ---------> Pattern#  1
 => Phase:  1
 =>    Bragg R-factor:  25.8    
 =>    RF-factor     :  17.9    
 ++++++++++++++++++++++++++++++++++++++++++++++++++++++++++++++++++++++++++++++++++++++++++++++++++++++++++++++++++++++++

 => CYCLE No.:    2
 ---------------------------------------------------------------------------------------
 => Phase  1 Name: Cr2O3                                                                 
 ---------------------------------------------------------------------------------------
 => New parameters, shifts, and standard deviations

 Atom        x       dx      sx       y       dy      sy       z       dz      sz       B       dB      sB      occ.    docc.   socc.

 Cr       0.00000 0.00000 0.00000  0.00000 0.00000 0.00000  0.34788-0.00002 0.00025  0.26290-0.03072 0.10320  0.33333 0.00000 0.00000
 O        0.30602 0.00000 0.00182  0.00000 0.00000 0.00000  0.25000 0.00000 0.00000 -0.12609-0.02795 0.20787  0.50000 0.00000 0.00000

 ==> PROFILE PARAMETERS FOR PATTERN#  1

 => Overall scale factor:      0.000098153    -0.000000753     0.000001768
 => Eta(p-Voigt) or m(Pearson VII):   0.000000  0.000000  0.000000
 => Overall tem. factor:     0.000000    0.000000    0.000000
 => Halfwidth parameters: 
         0.004391    0.000000    0.000000
        -0.000389    0.000000    0.000000
         0.009813    0.000000    0.000000
 => Cell parameters: 
        4.958322    0.000068    0.000163
        4.958322    0.000068    0.000163
       13.595885    0.000074    0.000603
       90.000000    0.000000    0.000000
       90.000000    0.000000    0.000000
      120.000000    0.000000    0.000000
 => Preferred orientation: 
         1.000000    0.000000    0.000000
         1.000000    0.000000    0.000000
 => Asymmetry parameters: 
         0.000000    0.000000    0.000000
         0.000000    0.000000    0.000000
         0.000000    0.000000    0.000000
         0.000000    0.000000    0.000000
 => X and Y parameters: 
         0.166325    0.036467    0.022185
         0.062466   -0.010051    0.008315
 => Strain parameters: 
         0.000000    0.000000    0.000000
         0.000000    0.000000    0.000000
         0.000000    0.000000    0.000000
 => Size   parameters (G,L): 
         0.000040    0.000000    0.000000
         0.000000    0.000000    0.000000
 => Further shape parameters (S_L and D_L): 
       0.000000  0.000000  0.000000
       0.000000  0.000000  0.000000

 ==> GLOBAL PARAMETERS FOR PATTERN#  1


 => Zero-point:     0.0000    0.0000    0.0000
 => Background Polynomial Parameters ==>
       6.3273     0.13104     0.23530    
       5.6394     0.63362E-01  1.5513    
       50.708      1.3378      2.4944    
       0.0000      0.0000      0.0000    
       0.0000      0.0000      0.0000    
       0.0000      0.0000      0.0000    

 => Cos( theta)-shift parameter :  -0.0621 -0.0126  0.0030
 => Sin(2theta)-shift parameter :   0.0000  0.0000  0.0000

 ==> RELIABILITY FACTORS WITH ALL NON-EXCLUDED POINTS FOR PATTERN:  1

 => R-Factors:   22.9      29.8     Chi2:  2.96     DW-Stat.:  0.9169   Patt#:  1
 => Expected :            17.3                                1.8838
 => Deviance : 0.768E+04     Dev*:   3.190    
 => GoF-index:  1.7         Sqrt(Residual/N)
 => N-P+C:  2381

 =>    SumYdif       SumYobs      SumYcal      SumwYobsSQ     Residual    Condition
     0.1817E+05    0.7920E+05    0.7333E+05    0.7920E+05     7052.        0.9859E+14


 => Conventional Rietveld Rp,Rwp,Re and Chi2:   37.9      41.9      24.3      2.962    
 => (Values obtained using Ynet, but true sigma(y))
 =>  SumYnet, Sum(w Ynet**2):     0.4791E+05    0.4024E+05


 ==> RELIABILITY FACTORS FOR POINTS WITH BRAGG CONTRIBUTIONS FOR PATTERN:  1

 => R-Factors:   22.8      29.8     Chi2:  2.95     DW-Stat.:  0.9677   Patt#:
 => Expected :            17.4                                1.8812
 => Deviance : 0.714E+04     Dev*:   3.115    
 => GoF-index:  1.7         Sqrt(Residual/N)
 => N-P+C:  2265

 =>    SumYdif       SumYobs      SumYcal      SumwYobsSQ     Residual    Condition
     0.1716E+05    0.7516E+05    0.7018E+05    0.7516E+05     6681.        0.9859E+14


 => Conventional Rietveld Rp,Rwp,Re and Chi2:   36.5      40.9      23.8      2.950    
 => (Values obtained using Ynet, but true sigma(y))
 =>  SumYnet, Sum(w Ynet**2):     0.4701E+05    0.3987E+05


 => Global user-weigthed Chi2 (Bragg contrib.):   2.95    

 => ---------> Pattern#  1
 => Phase:  1
 =>    Bragg R-factor:  18.2    
 =>    RF-factor     :  13.5    
 ++++++++++++++++++++++++++++++++++++++++++++++++++++++++++++++++++++++++++++++++++++++++++++++++++++++++++++++++++++++++

 => CYCLE No.:    3
 ---------------------------------------------------------------------------------------
 => Phase  1 Name: Cr2O3                                                                 
 ---------------------------------------------------------------------------------------
 => New parameters, shifts, and standard deviations

 Atom        x       dx      sx       y       dy      sy       z       dz      sz       B       dB      sB      occ.    docc.   socc.

 Cr       0.00000 0.00000 0.00000  0.00000 0.00000 0.00000  0.34786-0.00002 0.00024  0.23293-0.02996 0.09592  0.33333 0.00000 0.00000
 O        0.30597-0.00006 0.00171  0.00000 0.00000 0.00000  0.25000 0.00000 0.00000 -0.14378-0.01769 0.19477  0.50000 0.00000 0.00000

 ==> PROFILE PARAMETERS FOR PATTERN#  1

 => Overall scale factor:      0.000097275    -0.000000878     0.000001621
 => Eta(p-Voigt) or m(Pearson VII):   0.000000  0.000000  0.000000
 => Overall tem. factor:     0.000000    0.000000    0.000000
 => Halfwidth parameters: 
         0.004391    0.000000    0.000000
        -0.000389    0.000000    0.000000
         0.009813    0.000000    0.000000
 => Cell parameters: 
        4.958392    0.000070    0.000156
        4.958392    0.000070    0.000156
       13.595931    0.000046    0.000576
       90.000000    0.000000    0.000000
       90.000000    0.000000    0.000000
      120.000000    0.000000    0.000000
 => Preferred orientation: 
         1.000000    0.000000    0.000000
         1.000000    0.000000    0.000000
 => Asymmetry parameters: 
         0.000000    0.000000    0.000000
         0.000000    0.000000    0.000000
         0.000000    0.000000    0.000000
         0.000000    0.000000    0.000000
 => X and Y parameters: 
         0.187443    0.021118    0.021342
         0.050768   -0.011697    0.007887
 => Strain parameters: 
         0.000000    0.000000    0.000000
         0.000000    0.000000    0.000000
         0.000000    0.000000    0.000000
 => Size   parameters (G,L): 
         0.000040    0.000000    0.000000
         0.000000    0.000000    0.000000
 => Further shape parameters (S_L and D_L): 
       0.000000  0.000000  0.000000
       0.000000  0.000000  0.000000

 ==> GLOBAL PARAMETERS FOR PATTERN#  1


 => Zero-point:     0.0000    0.0000    0.0000
 => Background Polynomial Parameters ==>
       6.3252    -0.21554E-02 0.21877    
       5.5889    -0.50519E-01  1.4323    
       51.090     0.38192      2.3024    
       0.0000      0.0000      0.0000    
       0.0000      0.0000      0.0000    
       0.0000      0.0000      0.0000    

 => Cos( theta)-shift parameter :  -0.0684 -0.0063  0.0028
 => Sin(2theta)-shift parameter :   0.0000  0.0000  0.0000

 ==> RELIABILITY FACTORS WITH ALL NON-EXCLUDED POINTS FOR PATTERN:  1

 => R-Factors:   20.4      27.6     Chi2:  2.53     DW-Stat.:  1.0707   Patt#:  1
 => Expected :            17.3                                1.8838
 => Deviance : 0.650E+04     Dev*:   2.698    
 => GoF-index:  1.6         Sqrt(Residual/N)
 => N-P+C:  2381

 =>    SumYdif       SumYobs      SumYcal      SumwYobsSQ     Residual    Condition
     0.1615E+05    0.7920E+05    0.7403E+05    0.7920E+05     6019.        0.9097E+14


 => Conventional Rietveld Rp,Rwp,Re and Chi2:   34.3      38.9      24.4      2.528    
 => (Values obtained using Ynet, but true sigma(y))
 =>  SumYnet, Sum(w Ynet**2):     0.4708E+05    0.3986E+05


 ==> RELIABILITY FACTORS FOR POINTS WITH BRAGG CONTRIBUTIONS FOR PATTERN:  1

 => R-Factors:   20.2      27.5     Chi2:  2.51     DW-Stat.:  1.1353   Patt#:
 => Expected :            17.4                                1.8812
 => Deviance : 0.600E+04     Dev*:   2.619    
 => GoF-index:  1.6         Sqrt(Residual/N)
 => N-P+C:  2265

 =>    SumYdif       SumYobs      SumYcal      SumwYobsSQ     Residual    Condition
     0.1518E+05    0.7516E+05    0.7079E+05    0.7516E+05     5677.        0.9097E+14


 => Conventional Rietveld Rp,Rwp,Re and Chi2:   32.8      37.9      23.9      2.506    
 => (Values obtained using Ynet, but true sigma(y))
 =>  SumYnet, Sum(w Ynet**2):     0.4626E+05    0.3951E+05


 => Global user-weigthed Chi2 (Bragg contrib.):   2.51    

 => ---------> Pattern#  1
 => Phase:  1
 =>    Bragg R-factor:  17.3    
 =>    RF-factor     :  12.9    
 ++++++++++++++++++++++++++++++++++++++++++++++++++++++++++++++++++++++++++++++++++++++++++++++++++++++++++++++++++++++++

 => CYCLE No.:    4
 ---------------------------------------------------------------------------------------
 => Phase  1 Name: Cr2O3                                                                 
 ---------------------------------------------------------------------------------------
 => New parameters, shifts, and standard deviations

 Atom        x       dx      sx       y       dy      sy       z       dz      sz       B       dB      sB      occ.    docc.   socc.

 Cr       0.00000 0.00000 0.00000  0.00000 0.00000 0.00000  0.34785-0.00002 0.00023  0.22360-0.00933 0.09310  0.33333 0.00000 0.00000
 O        0.30592-0.00004 0.00167  0.00000 0.00000 0.00000  0.25000 0.00000 0.00000 -0.14465-0.00087 0.18987  0.50000 0.00000 0.00000

 ==> PROFILE PARAMETERS FOR PATTERN#  1

 => Overall scale factor:      0.000096083    -0.000001192     0.000001562
 => Eta(p-Voigt) or m(Pearson VII):   0.000000  0.000000  0.000000
 => Overall tem. factor:     0.000000    0.000000    0.000000
 => Halfwidth parameters: 
         0.004391    0.000000    0.000000
        -0.000389    0.000000    0.000000
         0.009813    0.000000    0.000000
 => Cell parameters: 
        4.958445    0.000053    0.000151
        4.958445    0.000053    0.000151
       13.595951    0.000020    0.000555
       90.000000    0.000000    0.000000
       90.000000    0.000000    0.000000
      120.000000    0.000000    0.000000
 => Preferred orientation: 
         1.000000    0.000000    0.000000
         1.000000    0.000000    0.000000
 => Asymmetry parameters: 
         0.000000    0.000000    0.000000
         0.000000    0.000000    0.000000
         0.000000    0.000000    0.000000
         0.000000    0.000000    0.000000
 => X and Y parameters: 
         0.193518    0.006075    0.020536
         0.034815   -0.015953    0.007522
 => Strain parameters: 
         0.000000    0.000000    0.000000
         0.000000    0.000000    0.000000
         0.000000    0.000000    0.000000
 => Size   parameters (G,L): 
         0.000040    0.000000    0.000000
         0.000000    0.000000    0.000000
 => Further shape parameters (S_L and D_L): 
       0.000000  0.000000  0.000000
       0.000000  0.000000  0.000000

 ==> GLOBAL PARAMETERS FOR PATTERN#  1


 => Zero-point:     0.0000    0.0000    0.0000
 => Background Polynomial Parameters ==>
       6.3215    -0.36623E-02 0.21250    
       5.5411    -0.47779E-01  1.3903    
       51.176     0.86059E-01  2.2335    
       0.0000      0.0000      0.0000    
       0.0000      0.0000      0.0000    
       0.0000      0.0000      0.0000    

 => Cos( theta)-shift parameter :  -0.0714 -0.0030  0.0027
 => Sin(2theta)-shift parameter :   0.0000  0.0000  0.0000

 ==> RELIABILITY FACTORS WITH ALL NON-EXCLUDED POINTS FOR PATTERN:  1

 => R-Factors:   19.4      26.8     Chi2:  2.39     DW-Stat.:  1.1247   Patt#:  1
 => Expected :            17.3                                1.8838
 => Deviance : 0.616E+04     Dev*:   2.557    
 => GoF-index:  1.5         Sqrt(Residual/N)
 => N-P+C:  2381

 =>    SumYdif       SumYobs      SumYcal      SumwYobsSQ     Residual    Condition
     0.1540E+05    0.7920E+05    0.7406E+05    0.7920E+05     5679.        0.9156E+14


 => Conventional Rietveld Rp,Rwp,Re and Chi2:   32.9      37.8      24.5      2.385    
 => (Values obtained using Ynet, but true sigma(y))
 =>  SumYnet, Sum(w Ynet**2):     0.4688E+05    0.3978E+05


 ==> RELIABILITY FACTORS FOR POINTS WITH BRAGG CONTRIBUTIONS FOR PATTERN:  1

 => R-Factors:   19.2      26.7     Chi2:  2.36     DW-Stat.:  1.1952   Patt#:
 => Expected :            17.4                                1.8812
 => Deviance : 0.567E+04     Dev*:   2.476    
 => GoF-index:  1.5         Sqrt(Residual/N)
 => N-P+C:  2265

 =>    SumYdif       SumYobs      SumYcal      SumwYobsSQ     Residual    Condition
     0.1445E+05    0.7516E+05    0.7080E+05    0.7516E+05     5344.        0.9156E+14


 => Conventional Rietveld Rp,Rwp,Re and Chi2:   31.3      36.8      24.0      2.359    
 => (Values obtained using Ynet, but true sigma(y))
 =>  SumYnet, Sum(w Ynet**2):     0.4609E+05    0.3945E+05


 => Global user-weigthed Chi2 (Bragg contrib.):   2.36    

 => ---------> Pattern#  1
 => Phase:  1
 =>    Bragg R-factor:  17.1    
 =>    RF-factor     :  12.8    
 ++++++++++++++++++++++++++++++++++++++++++++++++++++++++++++++++++++++++++++++++++++++++++++++++++++++++++++++++++++++++

 => CYCLE No.:    5
 ---------------------------------------------------------------------------------------
 => Phase  1 Name: Cr2O3                                                                 
 ---------------------------------------------------------------------------------------
 => New parameters, shifts, and standard deviations

 Atom        x       dx      sx       y       dy      sy       z       dz      sz       B       dB      sB      occ.    docc.   socc.

 Cr       0.00000 0.00000 0.00000  0.00000 0.00000 0.00000  0.34782-0.00003 0.00023  0.22717 0.00357 0.09105  0.33333 0.00000 0.00000
 O        0.30595 0.00003 0.00163  0.00000 0.00000 0.00000  0.25000 0.00000 0.00000 -0.14162 0.00303 0.18607  0.50000 0.00000 0.00000

 ==> PROFILE PARAMETERS FOR PATTERN#  1

 => Overall scale factor:      0.000095908    -0.000000176     0.000001519
 => Eta(p-Voigt) or m(Pearson VII):   0.000000  0.000000  0.000000
 => Overall tem. factor:     0.000000    0.000000    0.000000
 => Halfwidth parameters: 
         0.004391    0.000000    0.000000
        -0.000389    0.000000    0.000000
         0.009813    0.000000    0.000000
 => Cell parameters: 
        4.958481    0.000036    0.000140
        4.958481    0.000036    0.000140
       13.595955    0.000004    0.000516
       90.000000    0.000000    0.000000
       90.000000    0.000000    0.000000
      120.000000    0.000000    0.000000
 => Preferred orientation: 
         1.000000    0.000000    0.000000
         1.000000    0.000000    0.000000
 => Asymmetry parameters: 
         0.000000    0.000000    0.000000
         0.000000    0.000000    0.000000
         0.000000    0.000000    0.000000
         0.000000    0.000000    0.000000
 => X and Y parameters: 
         0.191980   -0.001539    0.018911
         0.032898   -0.001917    0.006885
 => Strain parameters: 
         0.000000    0.000000    0.000000
         0.000000    0.000000    0.000000
         0.000000    0.000000    0.000000
 => Size   parameters (G,L): 
         0.000040    0.000000    0.000000
         0.000000    0.000000    0.000000
 => Further shape parameters (S_L and D_L): 
       0.000000  0.000000  0.000000
       0.000000  0.000000  0.000000

 ==> GLOBAL PARAMETERS FOR PATTERN#  1


 => Zero-point:     0.0000    0.0000    0.0000
 => Background Polynomial Parameters ==>
       6.3287     0.71842E-02 0.20691    
       5.4901    -0.50974E-01  1.3644    
       51.136    -0.40493E-01  2.1900    
       0.0000      0.0000      0.0000    
       0.0000      0.0000      0.0000    
       0.0000      0.0000      0.0000    

 => Cos( theta)-shift parameter :  -0.0729 -0.0015  0.0025
 => Sin(2theta)-shift parameter :   0.0000  0.0000  0.0000

 ==> RELIABILITY FACTORS WITH ALL NON-EXCLUDED POINTS FOR PATTERN:  1

 => R-Factors:   18.8      26.3     Chi2:  2.31     DW-Stat.:  1.1357   Patt#:  1
 => Expected :            17.3                                1.8838
 => Deviance : 0.608E+04     Dev*:   2.523    
 => GoF-index:  1.5         Sqrt(Residual/N)
 => N-P+C:  2381

 =>    SumYdif       SumYobs      SumYcal      SumwYobsSQ     Residual    Condition
     0.1487E+05    0.7920E+05    0.7374E+05    0.7920E+05     5490.        0.1010E+15


 => Conventional Rietveld Rp,Rwp,Re and Chi2:   31.8      37.2      24.5      2.306    
 => (Values obtained using Ynet, but true sigma(y))
 =>  SumYnet, Sum(w Ynet**2):     0.4682E+05    0.3976E+05


 ==> RELIABILITY FACTORS FOR POINTS WITH BRAGG CONTRIBUTIONS FOR PATTERN:  1

 => R-Factors:   18.5      26.2     Chi2:  2.28     DW-Stat.:  1.2090   Patt#:
 => Expected :            17.4                                1.8812
 => Deviance : 0.560E+04     Dev*:   2.443    
 => GoF-index:  1.5         Sqrt(Residual/N)
 => N-P+C:  2265

 =>    SumYdif       SumYobs      SumYcal      SumwYobsSQ     Residual    Condition
     0.1392E+05    0.7516E+05    0.7047E+05    0.7516E+05     5157.        0.1010E+15


 => Conventional Rietveld Rp,Rwp,Re and Chi2:   30.2      36.2      24.0      2.277    
 => (Values obtained using Ynet, but true sigma(y))
 =>  SumYnet, Sum(w Ynet**2):     0.4604E+05    0.3942E+05


 => Global user-weigthed Chi2 (Bragg contrib.):   2.28    

 => ---------> Pattern#  1
 => Phase:  1
 =>    Bragg R-factor:  17.2    
 =>    RF-factor     :  13.1    
 ++++++++++++++++++++++++++++++++++++++++++++++++++++++++++++++++++++++++++++++++++++++++++++++++++++++++++++++++++++++++

 => CYCLE No.:    6
 ---------------------------------------------------------------------------------------
 => Phase  1 Name: Cr2O3                                                                 
 ---------------------------------------------------------------------------------------
 => New parameters, shifts, and standard deviations

 Atom        x       dx      sx       y       dy      sy       z       dz      sz       B       dB      sB      occ.    docc.   socc.

 Cr       0.00000 0.00000 0.00000  0.00000 0.00000 0.00000  0.34780-0.00002 0.00023  0.22758 0.00042 0.09077  0.33333 0.00000 0.00000
 O        0.30594-0.00001 0.00162  0.00000 0.00000 0.00000  0.25000 0.00000 0.00000 -0.13909 0.00253 0.18548  0.50000 0.00000 0.00000

 ==> PROFILE PARAMETERS FOR PATTERN#  1

 => Overall scale factor:      0.000095854    -0.000000054     0.000001513
 => Eta(p-Voigt) or m(Pearson VII):   0.000000  0.000000  0.000000
 => Overall tem. factor:     0.000000    0.000000    0.000000
 => Halfwidth parameters: 
         0.004391    0.000000    0.000000
        -0.000389    0.000000    0.000000
         0.009813    0.000000    0.000000
 => Cell parameters: 
        4.958506    0.000025    0.000138
        4.958506    0.000025    0.000138
       13.595944   -0.000010    0.000508
       90.000000    0.000000    0.000000
       90.000000    0.000000    0.000000
      120.000000    0.000000    0.000000
 => Preferred orientation: 
         1.000000    0.000000    0.000000
         1.000000    0.000000    0.000000
 => Asymmetry parameters: 
         0.000000    0.000000    0.000000
         0.000000    0.000000    0.000000
         0.000000    0.000000    0.000000
         0.000000    0.000000    0.000000
 => X and Y parameters: 
         0.191480   -0.000500    0.018611
         0.032531   -0.000367    0.006775
 => Strain parameters: 
         0.000000    0.000000    0.000000
         0.000000    0.000000    0.000000
         0.000000    0.000000    0.000000
 => Size   parameters (G,L): 
         0.000040    0.000000    0.000000
         0.000000    0.000000    0.000000
 => Further shape parameters (S_L and D_L): 
       0.000000  0.000000  0.000000
       0.000000  0.000000  0.000000

 ==> GLOBAL PARAMETERS FOR PATTERN#  1


 => Zero-point:     0.0000    0.0000    0.0000
 => Background Polynomial Parameters ==>
       6.3340     0.53248E-02 0.20598    
       5.4554    -0.34681E-01  1.3608    
       51.122    -0.13176E-01  2.1840    
       0.0000      0.0000      0.0000    
       0.0000      0.0000      0.0000    
       0.0000      0.0000      0.0000    

 => Cos( theta)-shift parameter :  -0.0737 -0.0008  0.0024
 => Sin(2theta)-shift parameter :   0.0000  0.0000  0.0000

 ==> RELIABILITY FACTORS WITH ALL NON-EXCLUDED POINTS FOR PATTERN:  1

 => R-Factors:   18.7      26.3     Chi2:  2.30     DW-Stat.:  1.1366   Patt#:  1
 => Expected :            17.3                                1.8838
 => Deviance : 0.607E+04     Dev*:   2.519    
 => GoF-index:  1.5         Sqrt(Residual/N)
 => N-P+C:  2381

 =>    SumYdif       SumYobs      SumYcal      SumwYobsSQ     Residual    Condition
     0.1480E+05    0.7920E+05    0.7369E+05    0.7920E+05     5465.        0.1030E+15


 => Conventional Rietveld Rp,Rwp,Re and Chi2:   31.6      37.1      24.5      2.295    
 => (Values obtained using Ynet, but true sigma(y))
 =>  SumYnet, Sum(w Ynet**2):     0.4678E+05    0.3974E+05


 ==> RELIABILITY FACTORS FOR POINTS WITH BRAGG CONTRIBUTIONS FOR PATTERN:  1

 => R-Factors:   18.4      26.1     Chi2:  2.27     DW-Stat.:  1.2101   Patt#:
 => Expected :            17.4                                1.8812
 => Deviance : 0.559E+04     Dev*:   2.439    
 => GoF-index:  1.5         Sqrt(Residual/N)
 => N-P+C:  2265

 =>    SumYdif       SumYobs      SumYcal      SumwYobsSQ     Residual    Condition
     0.1385E+05    0.7516E+05    0.7042E+05    0.7516E+05     5133.        0.1030E+15


 => Conventional Rietveld Rp,Rwp,Re and Chi2:   30.1      36.1      24.0      2.266    
 => (Values obtained using Ynet, but true sigma(y))
 =>  SumYnet, Sum(w Ynet**2):     0.4600E+05    0.3940E+05


 => Global user-weigthed Chi2 (Bragg contrib.):   2.27    

 => ---------> Pattern#  1
 => Phase:  1
 =>    Bragg R-factor:  17.2    
 =>    RF-factor     :  13.1    
 ++++++++++++++++++++++++++++++++++++++++++++++++++++++++++++++++++++++++++++++++++++++++++++++++++++++++++++++++++++++++

 => CYCLE No.:    7
 ---------------------------------------------------------------------------------------
 => Phase  1 Name: Cr2O3                                                                 
 ---------------------------------------------------------------------------------------
 => New parameters, shifts, and standard deviations

 Atom        x       dx      sx       y       dy      sy       z       dz      sz       B       dB      sB      occ.    docc.   socc.

 Cr       0.00000 0.00000 0.00000  0.00000 0.00000 0.00000  0.34779-0.00001 0.00022  0.22738-0.00021 0.09070  0.33333 0.00000 0.00000
 O        0.30593-0.00001 0.00162  0.00000 0.00000 0.00000  0.25000 0.00000 0.00000 -0.13738 0.00171 0.18537  0.50000 0.00000 0.00000

 ==> PROFILE PARAMETERS FOR PATTERN#  1

 => Overall scale factor:      0.000095834    -0.000000019     0.000001511
 => Eta(p-Voigt) or m(Pearson VII):   0.000000  0.000000  0.000000
 => Overall tem. factor:     0.000000    0.000000    0.000000
 => Halfwidth parameters: 
         0.004391    0.000000    0.000000
        -0.000389    0.000000    0.000000
         0.009813    0.000000    0.000000
 => Cell parameters: 
        4.958525    0.000019    0.000138
        4.958525    0.000019    0.000138
       13.595931   -0.000013    0.000506
       90.000000    0.000000    0.000000
       90.000000    0.000000    0.000000
      120.000000    0.000000    0.000000
 => Preferred orientation: 
         1.000000    0.000000    0.000000
         1.000000    0.000000    0.000000
 => Asymmetry parameters: 
         0.000000    0.000000    0.000000
         0.000000    0.000000    0.000000
         0.000000    0.000000    0.000000
         0.000000    0.000000    0.000000
 => X and Y parameters: 
         0.191444   -0.000036    0.018537
         0.032423   -0.000108    0.006749
 => Strain parameters: 
         0.000000    0.000000    0.000000
         0.000000    0.000000    0.000000
         0.000000    0.000000    0.000000
 => Size   parameters (G,L): 
         0.000040    0.000000    0.000000
         0.000000    0.000000    0.000000
 => Further shape parameters (S_L and D_L): 
       0.000000  0.000000  0.000000
       0.000000  0.000000  0.000000

 ==> GLOBAL PARAMETERS FOR PATTERN#  1


 => Zero-point:     0.0000    0.0000    0.0000
 => Background Polynomial Parameters ==>
       6.3369     0.28974E-02 0.20575    
       5.4135    -0.41976E-01  1.3598    
       51.120    -0.27063E-02  2.1824    
       0.0000      0.0000      0.0000    
       0.0000      0.0000      0.0000    
       0.0000      0.0000      0.0000    

 => Cos( theta)-shift parameter :  -0.0741 -0.0004  0.0024
 => Sin(2theta)-shift parameter :   0.0000  0.0000  0.0000

 ==> RELIABILITY FACTORS WITH ALL NON-EXCLUDED POINTS FOR PATTERN:  1

 => R-Factors:   18.7      26.2     Chi2:  2.29     DW-Stat.:  1.1378   Patt#:  1
 => Expected :            17.3                                1.8838
 => Deviance : 0.606E+04     Dev*:   2.515    
 => GoF-index:  1.5         Sqrt(Residual/N)
 => N-P+C:  2381

 =>    SumYdif       SumYobs      SumYcal      SumwYobsSQ     Residual    Condition
     0.1478E+05    0.7920E+05    0.7371E+05    0.7920E+05     5457.        0.1035E+15


 => Conventional Rietveld Rp,Rwp,Re and Chi2:   31.6      37.1      24.5      2.292    
 => (Values obtained using Ynet, but true sigma(y))
 =>  SumYnet, Sum(w Ynet**2):     0.4674E+05    0.3972E+05


 ==> RELIABILITY FACTORS FOR POINTS WITH BRAGG CONTRIBUTIONS FOR PATTERN:  1

 => R-Factors:   18.4      26.1     Chi2:  2.26     DW-Stat.:  1.2114   Patt#:
 => Expected :            17.4                                1.8812
 => Deviance : 0.558E+04     Dev*:   2.435    
 => GoF-index:  1.5         Sqrt(Residual/N)
 => N-P+C:  2265

 =>    SumYdif       SumYobs      SumYcal      SumwYobsSQ     Residual    Condition
     0.1383E+05    0.7516E+05    0.7043E+05    0.7516E+05     5126.        0.1035E+15


 => Conventional Rietveld Rp,Rwp,Re and Chi2:   30.1      36.1      24.0      2.263    
 => (Values obtained using Ynet, but true sigma(y))
 =>  SumYnet, Sum(w Ynet**2):     0.4597E+05    0.3939E+05


 => Global user-weigthed Chi2 (Bragg contrib.):   2.26    

 => ---------> Pattern#  1
 => Phase:  1
 =>    Bragg R-factor:  17.2    
 =>    RF-factor     :  13.1    


   Standard deviations have to be multiplied by: 2.3998
   (correlated residuals) See references:
  -J.F.Berar & P.Lelann, J. Appl. Cryst. 24, 1-5 (1991) 
  -J.F.Berar, Acc. in Pow. Diff. II,NIST Sp.Pub. 846, 63(1992) 

 ++++++++++++++++++++++++++++++++++++++++++++++++++++++++++++++++++++++++++++++++++++++++++++++++++++++++++++++++++++++++

 => CYCLE No.:    7
 =>  Convergence reached at this CYCLE !!!!
 =>  Parameter shifts set to zero
 ---------------------------------------------------------------------------------------
 => Phase  1 Name: Cr2O3                                                                 
 ---------------------------------------------------------------------------------------
 => New parameters, shifts, and standard deviations

 Atom        x       dx      sx       y       dy      sy       z       dz      sz       B       dB      sB      occ.    docc.   socc.

 Cr       0.00000 0.00000 0.00000  0.00000 0.00000 0.00000  0.34779 0.00000 0.00022  0.22738 0.00000 0.09070  0.33333 0.00000 0.00000
 O        0.30593 0.00000 0.00162  0.00000 0.00000 0.00000  0.25000 0.00000 0.00000 -0.13738 0.00000 0.18537  0.50000 0.00000 0.00000

 ==> PROFILE PARAMETERS FOR PATTERN#  1

 => Overall scale factor:      0.000095834     0.000000000     0.000001511
 => Eta(p-Voigt) or m(Pearson VII):   0.000000  0.000000  0.000000
 => Overall tem. factor:     0.000000    0.000000    0.000000
 => Halfwidth parameters: 
         0.004391    0.000000    0.000000
        -0.000389    0.000000    0.000000
         0.009813    0.000000    0.000000
 => Cell parameters: 
        4.958525    0.000000    0.000138
        4.958525    0.000000    0.000138
       13.595931    0.000000    0.000506
       90.000000    0.000000    0.000000
       90.000000    0.000000    0.000000
      120.000000    0.000000    0.000000
 => Preferred orientation: 
         1.000000    0.000000    0.000000
         1.000000    0.000000    0.000000
 => Asymmetry parameters: 
         0.000000    0.000000    0.000000
         0.000000    0.000000    0.000000
         0.000000    0.000000    0.000000
         0.000000    0.000000    0.000000
 => X and Y parameters: 
         0.191444    0.000000    0.018537
         0.032423    0.000000    0.006749
 => Strain parameters: 
         0.000000    0.000000    0.000000
         0.000000    0.000000    0.000000
         0.000000    0.000000    0.000000
 => Size   parameters (G,L): 
         0.000040    0.000000    0.000000
         0.000000    0.000000    0.000000
 => Further shape parameters (S_L and D_L): 
       0.000000  0.000000  0.000000
       0.000000  0.000000  0.000000

 ==> GLOBAL PARAMETERS FOR PATTERN#  1


 => Zero-point:     0.0000    0.0000    0.0000
 => Background Polynomial Parameters ==>
       6.3369      0.0000     0.20575    
       5.4135      0.0000      1.3598    
       51.120      0.0000      2.1824    
       0.0000      0.0000      0.0000    
       0.0000      0.0000      0.0000    
       0.0000      0.0000      0.0000    

 => Cos( theta)-shift parameter :  -0.0741  0.0000  0.0024
 => Sin(2theta)-shift parameter :   0.0000  0.0000  0.0000

 ==> RELIABILITY FACTORS WITH ALL NON-EXCLUDED POINTS FOR PATTERN:  1

 => R-Factors:   18.7      26.2     Chi2:  2.29     DW-Stat.:  1.1378   Patt#:  1
 => Expected :            17.3                                1.8838
 => Deviance : 0.606E+04     Dev*:   2.515    
 => GoF-index:  1.5         Sqrt(Residual/N)
 => N-P+C:  2381

 =>    SumYdif       SumYobs      SumYcal      SumwYobsSQ     Residual    Condition
     0.1478E+05    0.7920E+05    0.7371E+05    0.7920E+05     5457.        0.1035E+15


 => Conventional Rietveld Rp,Rwp,Re and Chi2:   31.6      37.1      24.5      2.292    
 => (Values obtained using Ynet, but true sigma(y))
 =>  SumYnet, Sum(w Ynet**2):     0.4674E+05    0.3972E+05

 => N-sigma of the GoF:       44.582

 ==> RELIABILITY FACTORS FOR POINTS WITH BRAGG CONTRIBUTIONS FOR PATTERN:  1

 => R-Factors:   18.4      26.1     Chi2:  2.26     DW-Stat.:  1.2114   Patt#:
 => Expected :            17.4                                1.8812
 => Deviance : 0.558E+04     Dev*:   2.435    
 => GoF-index:  1.5         Sqrt(Residual/N)
 => N-P+C:  2265

 =>    SumYdif       SumYobs      SumYcal      SumwYobsSQ     Residual    Condition
     0.1383E+05    0.7516E+05    0.7043E+05    0.7516E+05     5126.        0.1035E+15


 => Conventional Rietveld Rp,Rwp,Re and Chi2:   30.1      36.1      24.0      2.263    
 => (Values obtained using Ynet, but true sigma(y))
 =>  SumYnet, Sum(w Ynet**2):     0.4597E+05    0.3939E+05

 => N-sigma of the GoF:       42.510

 => Global user-weigthed Chi2 (Bragg contrib.):   2.41    

 => ---------> Pattern#  1
 => Phase:  1
 =>    Bragg R-factor:  17.2    
 =>    RF-factor     :  13.1    


 => Parameters with Correlation greater that 50% ==>
 -> Correlation of parameter:                                     Scale_ph1_pat1      with:                                        Biso_Cr_ph1  ->   81%
 -> Correlation of parameter:                                         Bck_1_pat1      with:                                         Bck_2_pat1  ->   91%

 --------------------------------------------------------------------------------------------------------------
 Pattern#  1 Phase No.:   1 Phase name: Cr2O3                         
 --------------------------------------------------------------------------------------------------------------

     -----------------------------------------------------
     BRAGG R-Factors and weight fractions for Pattern #  1
     -----------------------------------------------------

 => Phase:  1     Cr2O3
 => Bragg R-factor:   17.2       Vol:  289.497( 0.016)  Fract(%):  100.00( 2.23)
 => Rf-factor=  12.9             ATZ:         911.926   Brindley:  1.0000

     -----------------------------------------------------------------
      SYMBOLIC NAMES AND FINAL VALUES AND SIGMA OF REFINED PARAMETERS:
     -----------------------------------------------------------------

      ->  Parameter number    1 :                                     Scale_ph1_pat1    0.95834497E-04( +/-    0.15112950E-05 )
      ->  Parameter number    2 :                                         Bck_0_pat1     6.3369107    ( +/-    0.20575179     )
      ->  Parameter number    3 :                                    Cell_A_ph1_pat1     4.9585247    ( +/-    0.13788418E-03 )
      ->  Parameter number    4 :                                    Cell_C_ph1_pat1     13.595931    ( +/-    0.50618697E-03 )
      ->  Parameter number    5 :                                         Bck_1_pat1     5.4134636    ( +/-     1.3598423     )
      ->  Parameter number    6 :                                         Bck_2_pat1     51.119743    ( +/-     2.1823781     )
      ->  Parameter number    7 :                                         SyCos_pat1   -0.74101262E-01( +/-    0.24299915E-02 )
      ->  Parameter number    8 :                                     X-tan_ph1_pat1    0.19144364    ( +/-    0.18537287E-01 )
      ->  Parameter number    9 :                                     Y-cos_ph1_pat1    0.32423310E-01( +/-    0.67487317E-02 )
      ->  Parameter number   10 :                                           Z_Cr_ph1    0.34779003    ( +/-    0.22482894E-03 )
      ->  Parameter number   11 :                                            X_O_ph1    0.30593240    ( +/-    0.16235762E-02 )
      ->  Parameter number   12 :                                        Biso_Cr_ph1    0.22737797    ( +/-    0.90695642E-01 )
      ->  Parameter number   13 :                                         Biso_O_ph1   -0.13737950    ( +/-    0.18536560     )

 ------------------------------------------------------------------
 => Number of bytes for floating point variables: 4
 => Dimensions of dynamic allocated arrays in this run of FullProf:
 ------------------------------------------------------------------

 => Total approximate array memory (dynamic + static): 128415065 bytes

    MaxPOINT=    60000 Max.num. of points(+int. Inten.)/diffraction pattern       
    MaxREFLT=    20000 Max.num. of reflections/diffraction pattern               
    MaxPARAM=      300 Max.num. of refinable parameters                          
    MaxOVERL=    18096 Max.num. of overlapping reflections                       

 ----------------------------------------------------------
 => Number of bytes for floating point arrays: 4
 => Dimensions of fixed arrays in this release of FullProf:
 ----------------------------------------------------------

    NPATT   =       80 Max.num. of powder diffraction patterns                    
    NATS    =      830 Max.num. of atoms (all kind) in asymmetric unit            
    MPAR    =     1800 Max.num. of non atomic parameters/phase                    
    IEXCL   =       30 Max.num. of excluded regions                               
    IBACP   =      377 Max.num. of background points for interpolation            
    NPHT    =       16 Max.num. of phases                                         
    NMAGM   =        8 Max.num. of rotation-matrices sets for magnetic structure  
    NBASIS  =       12 Max.num. of basis functions associated to a single atom    
    NIREPS  =        9 Max.num. of irreducible representations to be combined     
    N_EQ    =      384 Max.num. of user-supplied symmetry operators/propagation vectors
    NGL     =      400 Max.num. of global parameters/diffraction pattern          
    N_LINC  =       30 Max.num. of global linear restraints                        
    NAT_P   =       68 Max.num. of atomic parameters per atom                     
    NCONST  =      500 Max.num. of slack constraints per phase                    
    N_SPE   =       30 Max.num. of different chemical species                     
    N_FORM  =       60 Max.num. of scattering factor values in a table            
    NPR     =      150 Max.num. of points defining a numerical profile            
    INPR    =       25 Max.num. of different numerical peak shapes                
    NPRC    =      150 Max.num. of terms in the table for correcting intensities  
    NSOL    =       10 Max.num. of solutions to be stored in Montecarlo searchs   

 
              CPU Time:     3.346 seconds
                            0.056 minutes

 => Run finished at:     Date: 12/10/2021  Time: 16:36:59.254                              
