

        **********************************************************
        ** PROGRAM FullProf.2k (Version 7.20 - Oct2019-ILL JRC) **
        **********************************************************
                       M U L T I -- P A T T E R N                 
            Rietveld, Profile Matching & Integrated Intensity     
                 Refinement of X-ray and/or Neutron Data


    Date: 09/11/2021  Time: 16:40:06.245                              

 => PCR file code: ni_800rpm_40min
 => DAT file code: ni_800rpm_40min.xrdm -> Relative contribution: 1.0000                                                            

 ==> CONDITIONS OF THIS RUN FOR PATTERN No.:  1

 => Global Refinement of X-ray powder diffraction data                                                                              
 => Global Refinement of X-ray powder diffraction data                                                                              
    Bragg-Brentano(X-rays) or Debye-Scherrer geometry(Neutrons)
 => Title: Ni

 => Number of phases:    1
 => Number of excluded regions:    1
 => Number of scattering factors supplied:    0
 => Conventional weights: w=1.0/Variance(yobs)
 => Asymmetry correction as in J.Appl.Cryst. 26,128(1993)
 => Background linearly interpolated between the   24 points given
 => The    7th default profile function was selected
 => T-C-H Pseudo-Voigt function 
    This function is convoluted with asymmetry due to axial 
    divergence as formulated by: 
    van Laar and Yelon, J. Appl. Cryst. 17, 47(1984).
    and using the method of:
    Finger, Cox and Jephcoat, J. Appl. Cryst. 27, 892 (1994).
    Fortran 90 module adapted from function PROFVAL (in F77) : 
    L.W. Finger, J. Appl. Cryst. 31, 111 (1998).


 ==> INPUT/OUTPUT OPTIONS:

 => Generate bacground file *.bac
 => Generate file *.PRF for plot
 => Output Correlation Matrix
 => Generate new input file *.PCR
 => Plot pattern at each cycle
 => Wavelengths:  1.54060 1.54439
 => Alpha2/Alpha1 ratio:   0.5000
 => Cos(Monochromator angle)=   0.9000
 => Asymmetry correction for angles lower than   90.000 degrees
 => Absorption correction (AC), muR-eff =   0.0000  0.0000
 => Base of peaks: 2.0*HW*   30.00

 => Number of cycles:   20
 => Relaxation factors ==>    for coordinates:  0.90
 => for anisotropic temperature factors:  0.90
 => for halfwidth/strain/size parameters:  0.90
 => for lattice constants and propagation vectors:  0.90
 => EPS-value for convergence:    0.1
 => Background ==> 
    Position   Intensity
       35.83      563.60        0.00
       38.94      579.80        0.00
       41.77      598.70        0.00
       43.89      601.40        0.00
       46.01      582.50        0.00
       47.71      539.30        0.00
       49.26      515.00        0.00
       50.54      485.30        0.00
       52.94      469.10        0.00
       55.21      452.90        0.00
       59.59      442.10        0.00
       62.84      434.00        0.00
       66.10      428.60        0.00
       69.63      412.40        0.00
       74.58      412.40        0.00
       79.39      412.40        0.00
       86.89      401.60        0.00
       94.24      396.20        0.00
      101.88      393.50        0.00
      109.38      393.50        0.00

      115.04      390.80        0.00
      121.82      396.20        0.00
      125.64      407.00        0.00
      130.45      407.00        0.00

 

 => Excluded regions for Pattern#  1
    From     to
      0.0000     35.0000

 => Number of Least-Squares parameters varied:     6

 =>--------------------------->
 =>------->  PATTERN number:  1
 =>--------------------------->
 => Global parameters and codes ==>
 => Zero-point:     0.0000    0.0000
 => Displacement peak-shift parameter and code:    -0.05   51.00
 => Transparency peak-shift parameter and code:     0.00    0.00

 => Reading Intensity data  =>>

      Data from PANalytical formats
      Extension:  .xrdml
 ==> Angular range, step and number of points:
     2Thmin:      20.023111  2Thmax:     129.983261  Step:       0.033423  No. of points:   3291
 --------------------------------------------------------------------------------
 => Phase  No. 1
      Ni                                                                    
 --------------------------------------------------------------------------------
 =>-------> Pattern#  1
 => Crystal Structure Refinement
 => Preferred orientation vector:   0.0000  0.0000  2.0000

 =>-------> Data for PHASE: 1
 => Number of atoms:    1
 => Number of distance  constraints:    0
 => Number of angle     constraints:    0

 => Symmetry information on space group: 225                 
 -> The multiplicity of the general position is: 192
 -> The space group is Centric (-1 at origin)   
 -> Lattice type  F: { 000;  0  1/2 1/2; 1/2  0  1/2; 1/2 1/2  0 }+
 -> Reduced set of symmetry operators:

  No.  IT   Symmetry symbol    Rotation part     Associated Translation
   1: ( 1)   1            -->     ( x, y, z) + {  0.0000  0.0000  0.0000}
   2: (16)  4+ ( 0, 0, z) -->     (-y, x, z) + {  0.0000  0.0000  0.0000}
   3: ( 4)   2 ( x, 0, 0) -->     ( x,-y,-z) + {  0.0000  0.0000  0.0000}
   4: ( 5)  3+ ( x, x, x) -->     ( z, x, y) + {  0.0000  0.0000  0.0000}
   5: ( 2)   2 ( 0, 0, z) -->     (-x,-y, z) + {  0.0000  0.0000  0.0000}
   6: (13)   2 ( x, x, 0) -->     ( y, x,-z) + {  0.0000  0.0000  0.0000}
   7: (18)   2 ( 0, y, y) -->     (-x, z, y) + {  0.0000  0.0000  0.0000}
   8: ( 6)  3+ (-x, x,-x) -->     ( z,-x,-y) + {  0.0000  0.0000  0.0000}
   9: ( 9)  3- ( x, x, x) -->     ( y, z, x) + {  0.0000  0.0000  0.0000}
  10: (15)  4- ( 0, 0, z) -->     ( y,-x, z) + {  0.0000  0.0000  0.0000}
  11: ( 3)   2 ( 0, y, 0) -->     (-x, y,-z) + {  0.0000  0.0000  0.0000}
  12: ( 7)  3+ ( x,-x,-x) -->     (-z,-x, y) + {  0.0000  0.0000  0.0000}
  13: (17)  4- ( x, 0, 0) -->     ( x, z,-y) + {  0.0000  0.0000  0.0000}
  14: (23)  4- ( 0, y, 0) -->     (-z, y, x) + {  0.0000  0.0000  0.0000}
  15: (19)   2 ( 0, y,-y) -->     (-x,-z,-y) + {  0.0000  0.0000  0.0000}
  16: (11)  3- (-x,-x, x) -->     ( y,-z,-x) + {  0.0000  0.0000  0.0000}
  17: (10)  3- ( x,-x,-x) -->     (-y, z,-x) + {  0.0000  0.0000  0.0000}
  18: (14)   2 ( x,-x, 0) -->     (-y,-x,-z) + {  0.0000  0.0000  0.0000}
  19: (20)  4+ ( x, 0, 0) -->     ( x,-z, y) + {  0.0000  0.0000  0.0000}
  20: ( 8)  3+ (-x,-x, x) -->     (-z, x,-y) + {  0.0000  0.0000  0.0000}
  21: (12)  3- (-x, x,-x) -->     (-y,-z, x) + {  0.0000  0.0000  0.0000}
  22: (21)  4+ ( 0, y, 0) -->     ( z, y,-x) + {  0.0000  0.0000  0.0000}
  23: (24)   2 (-x, 0, x) -->     (-z,-y,-x) + {  0.0000  0.0000  0.0000}
  24: (22)   2 ( x, 0, x) -->     ( z,-y, x) + {  0.0000  0.0000  0.0000}
  25: ( 1)   1            -->     ( x, y, z) + {  0.5000  0.5000  0.0000}
  26: (16)  4+ ( 0, 0, z) -->     (-y, x, z) + {  0.5000  0.5000  0.0000}
  27: ( 4)   2 ( x, 0, 0) -->     ( x,-y,-z) + {  0.5000  0.5000  0.0000}
  28: ( 5)  3+ ( x, x, x) -->     ( z, x, y) + {  0.5000  0.5000  0.0000}
  29: ( 2)   2 ( 0, 0, z) -->     (-x,-y, z) + {  0.5000  0.5000  0.0000}
  30: (13)   2 ( x, x, 0) -->     ( y, x,-z) + {  0.5000  0.5000  0.0000}
  31: (18)   2 ( 0, y, y) -->     (-x, z, y) + {  0.5000  0.5000  0.0000}
  32: ( 6)  3+ (-x, x,-x) -->     ( z,-x,-y) + {  0.5000  0.5000  0.0000}
  33: ( 9)  3- ( x, x, x) -->     ( y, z, x) + {  0.5000  0.5000  0.0000}
  34: (15)  4- ( 0, 0, z) -->     ( y,-x, z) + {  0.5000  0.5000  0.0000}
  35: ( 3)   2 ( 0, y, 0) -->     (-x, y,-z) + {  0.5000  0.5000  0.0000}
  36: ( 7)  3+ ( x,-x,-x) -->     (-z,-x, y) + {  0.5000  0.5000  0.0000}
  37: (17)  4- ( x, 0, 0) -->     ( x, z,-y) + {  0.5000  0.5000  0.0000}
  38: (23)  4- ( 0, y, 0) -->     (-z, y, x) + {  0.5000  0.5000  0.0000}
  39: (19)   2 ( 0, y,-y) -->     (-x,-z,-y) + {  0.5000  0.5000  0.0000}
  40: (11)  3- (-x,-x, x) -->     ( y,-z,-x) + {  0.5000  0.5000  0.0000}
  41: (10)  3- ( x,-x,-x) -->     (-y, z,-x) + {  0.5000  0.5000  0.0000}
  42: (14)   2 ( x,-x, 0) -->     (-y,-x,-z) + {  0.5000  0.5000  0.0000}
  43: (20)  4+ ( x, 0, 0) -->     ( x,-z, y) + {  0.5000  0.5000  0.0000}
  44: ( 8)  3+ (-x,-x, x) -->     (-z, x,-y) + {  0.5000  0.5000  0.0000}
  45: (12)  3- (-x, x,-x) -->     (-y,-z, x) + {  0.5000  0.5000  0.0000}
  46: (21)  4+ ( 0, y, 0) -->     ( z, y,-x) + {  0.5000  0.5000  0.0000}
  47: (24)   2 (-x, 0, x) -->     (-z,-y,-x) + {  0.5000  0.5000  0.0000}
  48: (22)   2 ( x, 0, x) -->     ( z,-y, x) + {  0.5000  0.5000  0.0000}
  49: ( 1)   1            -->     ( x, y, z) + {  0.5000  0.0000  0.5000}
  50: (16)  4+ ( 0, 0, z) -->     (-y, x, z) + {  0.5000  0.0000  0.5000}
  51: ( 4)   2 ( x, 0, 0) -->     ( x,-y,-z) + {  0.5000  0.0000  0.5000}
  52: ( 5)  3+ ( x, x, x) -->     ( z, x, y) + {  0.5000  0.0000  0.5000}
  53: ( 2)   2 ( 0, 0, z) -->     (-x,-y, z) + {  0.5000  0.0000  0.5000}
  54: (13)   2 ( x, x, 0) -->     ( y, x,-z) + {  0.5000  0.0000  0.5000}
  55: (18)   2 ( 0, y, y) -->     (-x, z, y) + {  0.5000  0.0000  0.5000}
  56: ( 6)  3+ (-x, x,-x) -->     ( z,-x,-y) + {  0.5000  0.0000  0.5000}
  57: ( 9)  3- ( x, x, x) -->     ( y, z, x) + {  0.5000  0.0000  0.5000}
  58: (15)  4- ( 0, 0, z) -->     ( y,-x, z) + {  0.5000  0.0000  0.5000}
  59: ( 3)   2 ( 0, y, 0) -->     (-x, y,-z) + {  0.5000  0.0000  0.5000}
  60: ( 7)  3+ ( x,-x,-x) -->     (-z,-x, y) + {  0.5000  0.0000  0.5000}
  61: (17)  4- ( x, 0, 0) -->     ( x, z,-y) + {  0.5000  0.0000  0.5000}
  62: (23)  4- ( 0, y, 0) -->     (-z, y, x) + {  0.5000  0.0000  0.5000}
  63: (19)   2 ( 0, y,-y) -->     (-x,-z,-y) + {  0.5000  0.0000  0.5000}
  64: (11)  3- (-x,-x, x) -->     ( y,-z,-x) + {  0.5000  0.0000  0.5000}
  65: (10)  3- ( x,-x,-x) -->     (-y, z,-x) + {  0.5000  0.0000  0.5000}
  66: (14)   2 ( x,-x, 0) -->     (-y,-x,-z) + {  0.5000  0.0000  0.5000}
  67: (20)  4+ ( x, 0, 0) -->     ( x,-z, y) + {  0.5000  0.0000  0.5000}
  68: ( 8)  3+ (-x,-x, x) -->     (-z, x,-y) + {  0.5000  0.0000  0.5000}
  69: (12)  3- (-x, x,-x) -->     (-y,-z, x) + {  0.5000  0.0000  0.5000}
  70: (21)  4+ ( 0, y, 0) -->     ( z, y,-x) + {  0.5000  0.0000  0.5000}
  71: (24)   2 (-x, 0, x) -->     (-z,-y,-x) + {  0.5000  0.0000  0.5000}
  72: (22)   2 ( x, 0, x) -->     ( z,-y, x) + {  0.5000  0.0000  0.5000}
  73: ( 1)   1            -->     ( x, y, z) + {  0.0000  0.5000  0.5000}
  74: (16)  4+ ( 0, 0, z) -->     (-y, x, z) + {  0.0000  0.5000  0.5000}
  75: ( 4)   2 ( x, 0, 0) -->     ( x,-y,-z) + {  0.0000  0.5000  0.5000}
  76: ( 5)  3+ ( x, x, x) -->     ( z, x, y) + {  0.0000  0.5000  0.5000}
  77: ( 2)   2 ( 0, 0, z) -->     (-x,-y, z) + {  0.0000  0.5000  0.5000}
  78: (13)   2 ( x, x, 0) -->     ( y, x,-z) + {  0.0000  0.5000  0.5000}
  79: (18)   2 ( 0, y, y) -->     (-x, z, y) + {  0.0000  0.5000  0.5000}
  80: ( 6)  3+ (-x, x,-x) -->     ( z,-x,-y) + {  0.0000  0.5000  0.5000}
  81: ( 9)  3- ( x, x, x) -->     ( y, z, x) + {  0.0000  0.5000  0.5000}
  82: (15)  4- ( 0, 0, z) -->     ( y,-x, z) + {  0.0000  0.5000  0.5000}
  83: ( 3)   2 ( 0, y, 0) -->     (-x, y,-z) + {  0.0000  0.5000  0.5000}
  84: ( 7)  3+ ( x,-x,-x) -->     (-z,-x, y) + {  0.0000  0.5000  0.5000}
  85: (17)  4- ( x, 0, 0) -->     ( x, z,-y) + {  0.0000  0.5000  0.5000}
  86: (23)  4- ( 0, y, 0) -->     (-z, y, x) + {  0.0000  0.5000  0.5000}
  87: (19)   2 ( 0, y,-y) -->     (-x,-z,-y) + {  0.0000  0.5000  0.5000}
  88: (11)  3- (-x,-x, x) -->     ( y,-z,-x) + {  0.0000  0.5000  0.5000}
  89: (10)  3- ( x,-x,-x) -->     (-y, z,-x) + {  0.0000  0.5000  0.5000}
  90: (14)   2 ( x,-x, 0) -->     (-y,-x,-z) + {  0.0000  0.5000  0.5000}
  91: (20)  4+ ( x, 0, 0) -->     ( x,-z, y) + {  0.0000  0.5000  0.5000}
  92: ( 8)  3+ (-x,-x, x) -->     (-z, x,-y) + {  0.0000  0.5000  0.5000}
  93: (12)  3- (-x, x,-x) -->     (-y,-z, x) + {  0.0000  0.5000  0.5000}
  94: (21)  4+ ( 0, y, 0) -->     ( z, y,-x) + {  0.0000  0.5000  0.5000}
  95: (24)   2 (-x, 0, x) -->     (-z,-y,-x) + {  0.0000  0.5000  0.5000}
  96: (22)   2 ( x, 0, x) -->     ( z,-y, x) + {  0.0000  0.5000  0.5000}


        Information on Space Group: 
        --------------------------- 

 =>   Number of Space group: 225
 =>  Hermann-Mauguin Symbol: F m -3 m
 =>             Hall Symbol: -F 4 2 3
 =>            Setting Type: Generated from Hall symbol
 =>          Crystal System: Cubic
 =>              Laue Class: m-3m
 =>             Point Group: m-3m
 =>         Bravais Lattice: F
 =>          Lattice Symbol: cF
 =>  Reduced Number of S.O.:  24
 =>    General multiplicity: 192
 =>          Centrosymmetry: Centric (-1 at origin)
 =>  Generators (exc. -1&L):   3
 =>         Asymmetric unit:  0.000 <= x <=  0.500
                              0.000 <= y <=  0.250
                              0.000 <= z <=  0.250

 => List of S.O. without inversion and lattice centring translations
 => SYMM(  1): x,y,z                               => SYMM(  2): -y,x,z
 => SYMM(  3): x,-y,-z                             => SYMM(  4): z,x,y
 => SYMM(  5): -x,-y,z                             => SYMM(  6): y,x,-z
 => SYMM(  7): -x,z,y                              => SYMM(  8): z,-x,-y
 => SYMM(  9): y,z,x                               => SYMM( 10): y,-x,z
 => SYMM( 11): -x,y,-z                             => SYMM( 12): -z,-x,y
 => SYMM( 13): x,z,-y                              => SYMM( 14): -z,y,x
 => SYMM( 15): -x,-z,-y                            => SYMM( 16): y,-z,-x
 => SYMM( 17): -y,z,-x                             => SYMM( 18): -y,-x,-z
 => SYMM( 19): x,-z,y                              => SYMM( 20): -z,x,-y
 => SYMM( 21): -y,-z,x                             => SYMM( 22): z,y,-x
 => SYMM( 23): -z,-y,-x                            => SYMM( 24): z,-y,x


 => Initial parameters ==>
 Atom    Ntyp                  X         Y         Z         B         occ.         in  fin  Spc  Mult
                             B11       B22       B33       B12       B13       B23
 NI     Ni                 0.00000   0.00000   0.00000   0.69702   0.02083           0    0    0    4
                 Codes:    0.00000   0.00000   0.00000  41.00000   0.00000

 => IT IS ASSUMED THAT THE FIRST GIVEN SITE IS FULLY OCCUPIED 
    OR THE FIRST AND SECOND ATOMS ARE IN THE SAME SITE WITH TOTAL FULL OCCUPATION
  (If this is not the case, change the order of atoms to obtain correct values for the content of the unit cell)
    The phase contains sites partially occupied
      -> Atom: Ni  ,  Chemical element: NI  Atomic Mass:    58.7000
 => The given value of ATZ is        234.73 the program has calculated:         234.72
    The value of ATZ given in the input PCR file will be used for quantitative analysis
 => The chemical content of the unit cell is: 
       4.0000 Ni     
 => The normalized site occupation numbers in % are: 
     100.0000 NI       
 => The density (volumic mass) of the compound is:    8.907 g/cm3

 =>-------> PROFILE PARAMETERS FOR PATTERN:  1

 => Overall scale factor:   0.879980E-02
 => ETA (p-Voigt) OR M (Pearson VII):   0.0000
 => Overall temperature factor:      0.00000
 => Halfwidth U,V,W:      0.00305    -0.00467     0.00592
 => X and Y parameters:       0.4392      0.0100
 => Direct cell parameters:    3.5243   3.5243   3.5243  90.0000  90.0000  90.0000
 => Preferred orientation parameters:   0.0000  0.0000
 => Asymmetry parameters     :      0.00000     0.00000     0.00000     0.00000
 => Strain parameters        :      0.00000     0.00000     0.00000
 => Size   parameters        :      0.00004     0.00000
 => Further shape parameters (S_L and D_L):   0.00000   0.00000
    S_L is source width/detector distance
    D_L is detector width/detector distance

 ==> CODEWORDS FOR PROFILE PARAMETERS of PATTERN#  1

 => Overall scale factor:   11.000
 => ETA (p-Voigt) OR M (Pearson VII):    0.000
 => Overall temperature factor:    0.000
 => Halfwidth U,V,W:    0.000   0.000   0.000
 => X and Y parameters:   21.000  60.500
 => Direct cell parameters:   31.000  31.000  31.000   0.000   0.000   0.000
 => Preferred orientation parameters:    0.000   0.000
 => Asymmetry parameters     :    0.000   0.000   0.000   0.000
 => Strain parameters        :    0.000   0.000   0.000
 => Size   parameters        :    0.000   0.000

 => Cell constraints according to Laue symmetry: m-3m 

        Metric information:
        -------------------

 => Direct cell parameters:

         a =       3.5243      b =       3.5243      c =       3.5243
     alpha =       90.000   beta =       90.000  gamma =       90.000
                        Direct Cell Volume =      43.7757

 => Reciprocal cell parameters:

         a*=     0.283741      b*=     0.283741      c*=     0.283741
     alpha*=       90.000   beta*=       90.000  gamma*=       90.000
                    Reciprocal Cell Volume =   0.02284375

 => Direct and Reciprocal Metric Tensors:

                   GD                                       GR
     12.4210      0.0000      0.0000          0.080509    0.000000    0.000000
      0.0000     12.4210      0.0000          0.000000    0.080509    0.000000
      0.0000      0.0000     12.4210          0.000000    0.000000    0.080509

 =>  Cartesian frame: z // c; y is in the bc-plane; x is y ^ z = a*  

     Crystal_to_Orthonormal_Matrix              Orthonormal_to_Crystal Matrix
              Cr_Orth_cel                               Orth_Cr_cel  
      3.5243      0.0000      0.0000          0.283741   -0.000000   -0.000000
      0.0000      3.5243      0.0000          0.000000    0.283741   -0.000000
      0.0000      0.0000      3.5243          0.000000    0.000000    0.283741

     Busing-Levy B-matrix: Hc=B.H            Inverse of the Busing-Levy B-matrix
                BL_M                                      BL_Minv  
    0.283741    0.000000    0.000000            3.5243     -0.0000     -0.0000
    0.000000    0.283741   -0.000000            0.0000      3.5243      0.0000
    0.000000    0.000000    0.283741            0.0000      0.0000      3.5243

 => Laue symmetry m-3m  will be used to generate HKL for pattern#   1
 => Reflections generated between S(1/d)min:  0.2251 A-1 and S(1/d)max:  1.2733 A-1
 =>                                    dmax:  4.4418 A   and      dmin:  0.7853 A
 => The number of reflections generated is:      8
 => The max. scatt. variable (gen.ref.) is:       157.5349
 => Scattering coefficients from internal table


 => X-ray scattering coeff. (A1, B1, A2,...C, f(0), Z, Dfp,Dfpp)

 NI     12.8376   3.8785   7.2920   0.2565   4.4438  12.1763   2.3800  66.3421   1.0341  27.9875  28.0000  -2.9560   0.5090

     --------------------------------------------------------------
      SYMBOLIC NAMES AND INITIAL VALUES OF PARAMETERS TO BE VARIED:
     --------------------------------------------------------------

      ->  Parameter number    1   -> Symbolic Name:                                     Scale_ph1_pat1    0.87997997E-02
      ->  Parameter number    2   -> Symbolic Name:                                     X-tan_ph1_pat1    0.43920401    
      ->  Parameter number    3   -> Symbolic Name:                                    Cell_A_ph1_pat1     3.5243380    
      ->  Parameter number    4   -> Symbolic Name:                                        Biso_NI_ph1    0.69701999    
      ->  Parameter number    5   -> Symbolic Name:                                         SyCos_pat1   -0.52590001E-01
      ->  Parameter number    6   -> Symbolic Name:                                     Y-cos_ph1_pat1    0.10021000E-01
  
 
 => No optimization for routine tasks
 ++++++++++++++++++++++++++++++++++++++++++++++++++++++++++++++++++++++++++++++++++++++++++++++++++++++++++++++++++++++++

 => CYCLE No.:    1
 ---------------------------------------------------------------------------------------
 => Phase  1 Name: Ni                                                                    
 ---------------------------------------------------------------------------------------
 => New parameters, shifts, and standard deviations

 Atom        x       dx      sx       y       dy      sy       z       dz      sz       B       dB      sB      occ.    docc.   socc.

 NI       0.00000 0.00000 0.00000  0.00000 0.00000 0.00000  0.00000 0.00000 0.00000  0.71097 0.01395 0.07812  0.02083 0.00000 0.00000

 ==> PROFILE PARAMETERS FOR PATTERN#  1

 => Overall scale factor:      0.008807580     0.000007780     0.000128845
 => Eta(p-Voigt) or m(Pearson VII):   0.000000  0.000000  0.000000
 => Overall tem. factor:     0.000000    0.000000    0.000000
 => Halfwidth parameters: 
         0.003047    0.000000    0.000000
        -0.004667    0.000000    0.000000
         0.005915    0.000000    0.000000
 => Cell parameters: 
        3.524339    0.000001    0.000153
        3.524339    0.000001    0.000153
        3.524339    0.000001    0.000153
       90.000000    0.000000    0.000000
       90.000000    0.000000    0.000000
       90.000000    0.000000    0.000000
 => Preferred orientation: 
         0.000000    0.000000    0.000000
         0.000000    0.000000    0.000000
 => Asymmetry parameters: 
         0.000000    0.000000    0.000000
         0.000000    0.000000    0.000000
         0.000000    0.000000    0.000000
         0.000000    0.000000    0.000000
 => X and Y parameters: 
         0.434587   -0.004617    0.039490
         0.009576   -0.000445    0.008069
 => Strain parameters: 
         0.000000    0.000000    0.000000
         0.000000    0.000000    0.000000
         0.000000    0.000000    0.000000
 => Size   parameters (G,L): 
         0.000040    0.000000    0.000000
         0.000000    0.000000    0.000000
 => Further shape parameters (S_L and D_L): 
       0.000000  0.000000  0.000000
       0.000000  0.000000  0.000000

 ==> GLOBAL PARAMETERS FOR PATTERN#  1


 => Zero-point:     0.0000    0.0000    0.0000

 => Cos( theta)-shift parameter :  -0.0526  0.0000  0.0050
 => Sin(2theta)-shift parameter :   0.0000  0.0000  0.0000

 ==> RELIABILITY FACTORS WITH ALL NON-EXCLUDED POINTS FOR PATTERN:  1

 => R-Factors:   5.83      7.71     Chi2:  2.83     DW-Stat.:  0.8089   Patt#:  1
 => Expected :            4.58                                1.8876
 => Deviance : 0.770E+04     Dev*:   2.715    
 => GoF-index:  1.7         Sqrt(Residual/N)
 => N-P+C:  2836

 =>    SumYdif       SumYobs      SumYcal      SumwYobsSQ     Residual    Condition
     0.7883E+05    0.1351E+07    0.1392E+07    0.1351E+07     8028.        0.2434E+10


 => Conventional Rietveld Rp,Rwp,Re and Chi2:   71.8      27.7      16.5      2.831    
 => (Values obtained using Ynet, but true sigma(y))
 =>  SumYnet, Sum(w Ynet**2):     0.1098E+06    0.1046E+06


 ==> RELIABILITY FACTORS FOR POINTS WITH BRAGG CONTRIBUTIONS FOR PATTERN:  1

 => R-Factors:   6.26      8.39     Chi2:  4.23     DW-Stat.:  1.7272   Patt#:
 => Expected :            4.08                                1.8049
 => Deviance : 0.372E+04     Dev*:   4.183    
 => GoF-index:  2.0         Sqrt(Residual/N)
 => N-P+C:   889

 =>    SumYdif       SumYobs      SumYcal      SumwYobsSQ     Residual    Condition
     0.3342E+05    0.5338E+06    0.5453E+06    0.5338E+06     3760.        0.2434E+10


 => Conventional Rietveld Rp,Rwp,Re and Chi2:   24.0      19.4      9.41      4.229    
 => (Values obtained using Ynet, but true sigma(y))
 =>  SumYnet, Sum(w Ynet**2):     0.1391E+06    0.1003E+06


 => Global user-weigthed Chi2 (Bragg contrib.):   4.23    

 => ---------> Pattern#  1
 => Phase:  1
 =>    Bragg R-factor:  16.8    
 =>    RF-factor     :  26.9    
 ++++++++++++++++++++++++++++++++++++++++++++++++++++++++++++++++++++++++++++++++++++++++++++++++++++++++++++++++++++++++

 => CYCLE No.:    2
 ---------------------------------------------------------------------------------------
 => Phase  1 Name: Ni                                                                    
 ---------------------------------------------------------------------------------------
 => New parameters, shifts, and standard deviations

 Atom        x       dx      sx       y       dy      sy       z       dz      sz       B       dB      sB      occ.    docc.   socc.

 NI       0.00000 0.00000 0.00000  0.00000 0.00000 0.00000  0.00000 0.00000 0.00000  0.70939-0.00158 0.07809  0.02083 0.00000 0.00000

 ==> PROFILE PARAMETERS FOR PATTERN#  1

 => Overall scale factor:      0.008806514    -0.000001066     0.000128802
 => Eta(p-Voigt) or m(Pearson VII):   0.000000  0.000000  0.000000
 => Overall tem. factor:     0.000000    0.000000    0.000000
 => Halfwidth parameters: 
         0.003047    0.000000    0.000000
        -0.004667    0.000000    0.000000
         0.005915    0.000000    0.000000
 => Cell parameters: 
        3.524339    0.000000    0.000152
        3.524339    0.000000    0.000152
        3.524339    0.000000    0.000152
       90.000000    0.000000    0.000000
       90.000000    0.000000    0.000000
       90.000000    0.000000    0.000000
 => Preferred orientation: 
         0.000000    0.000000    0.000000
         0.000000    0.000000    0.000000
 => Asymmetry parameters: 
         0.000000    0.000000    0.000000
         0.000000    0.000000    0.000000
         0.000000    0.000000    0.000000
         0.000000    0.000000    0.000000
 => X and Y parameters: 
         0.432899   -0.001688    0.039107
         0.009119   -0.000456    0.007990
 => Strain parameters: 
         0.000000    0.000000    0.000000
         0.000000    0.000000    0.000000
         0.000000    0.000000    0.000000
 => Size   parameters (G,L): 
         0.000040    0.000000    0.000000
         0.000000    0.000000    0.000000
 => Further shape parameters (S_L and D_L): 
       0.000000  0.000000  0.000000
       0.000000  0.000000  0.000000

 ==> GLOBAL PARAMETERS FOR PATTERN#  1


 => Zero-point:     0.0000    0.0000    0.0000

 => Cos( theta)-shift parameter :  -0.0526 -0.0000  0.0049
 => Sin(2theta)-shift parameter :   0.0000  0.0000  0.0000

 ==> RELIABILITY FACTORS WITH ALL NON-EXCLUDED POINTS FOR PATTERN:  1

 => R-Factors:   5.83      7.70     Chi2:  2.83     DW-Stat.:  0.8111   Patt#:  1
 => Expected :            4.58                                1.8876
 => Deviance : 0.770E+04     Dev*:   2.714    
 => GoF-index:  1.7         Sqrt(Residual/N)
 => N-P+C:  2836

 =>    SumYdif       SumYobs      SumYcal      SumwYobsSQ     Residual    Condition
     0.7881E+05    0.1351E+07    0.1391E+07    0.1351E+07     8013.        0.2479E+10


 => Conventional Rietveld Rp,Rwp,Re and Chi2:   71.8      27.7      16.5      2.826    
 => (Values obtained using Ynet, but true sigma(y))
 =>  SumYnet, Sum(w Ynet**2):     0.1098E+06    0.1046E+06


 ==> RELIABILITY FACTORS FOR POINTS WITH BRAGG CONTRIBUTIONS FOR PATTERN:  1

 => R-Factors:   6.26      8.38     Chi2:  4.21     DW-Stat.:  1.7357   Patt#:
 => Expected :            4.08                                1.8049
 => Deviance : 0.372E+04     Dev*:   4.180    
 => GoF-index:  2.0         Sqrt(Residual/N)
 => N-P+C:   889

 =>    SumYdif       SumYobs      SumYcal      SumwYobsSQ     Residual    Condition
     0.3340E+05    0.5338E+06    0.5450E+06    0.5338E+06     3745.        0.2479E+10


 => Conventional Rietveld Rp,Rwp,Re and Chi2:   24.0      19.3      9.41      4.212    
 => (Values obtained using Ynet, but true sigma(y))
 =>  SumYnet, Sum(w Ynet**2):     0.1391E+06    0.1003E+06


 => Global user-weigthed Chi2 (Bragg contrib.):   4.21    

 => ---------> Pattern#  1
 => Phase:  1
 =>    Bragg R-factor:  16.6    
 =>    RF-factor     :  26.7    


   Standard deviations have to be multiplied by: 3.8347
   (correlated residuals) See references:
  -J.F.Berar & P.Lelann, J. Appl. Cryst. 24, 1-5 (1991) 
  -J.F.Berar, Acc. in Pow. Diff. II,NIST Sp.Pub. 846, 63(1992) 

 ++++++++++++++++++++++++++++++++++++++++++++++++++++++++++++++++++++++++++++++++++++++++++++++++++++++++++++++++++++++++

 => CYCLE No.:    2
 =>  Convergence reached at this CYCLE !!!!
 =>  Parameter shifts set to zero
 ---------------------------------------------------------------------------------------
 => Phase  1 Name: Ni                                                                    
 ---------------------------------------------------------------------------------------
 => New parameters, shifts, and standard deviations

 Atom        x       dx      sx       y       dy      sy       z       dz      sz       B       dB      sB      occ.    docc.   socc.

 NI       0.00000 0.00000 0.00000  0.00000 0.00000 0.00000  0.00000 0.00000 0.00000  0.70939 0.00000 0.07809  0.02083 0.00000 0.00000

 ==> PROFILE PARAMETERS FOR PATTERN#  1

 => Overall scale factor:      0.008806514     0.000000000     0.000128802
 => Eta(p-Voigt) or m(Pearson VII):   0.000000  0.000000  0.000000
 => Overall tem. factor:     0.000000    0.000000    0.000000
 => Halfwidth parameters: 
         0.003047    0.000000    0.000000
        -0.004667    0.000000    0.000000
         0.005915    0.000000    0.000000
 => Cell parameters: 
        3.524339    0.000000    0.000152
        3.524339    0.000000    0.000152
        3.524339    0.000000    0.000152
       90.000000    0.000000    0.000000
       90.000000    0.000000    0.000000
       90.000000    0.000000    0.000000
 => Preferred orientation: 
         0.000000    0.000000    0.000000
         0.000000    0.000000    0.000000
 => Asymmetry parameters: 
         0.000000    0.000000    0.000000
         0.000000    0.000000    0.000000
         0.000000    0.000000    0.000000
         0.000000    0.000000    0.000000
 => X and Y parameters: 
         0.432899    0.000000    0.039107
         0.009119    0.000000    0.007990
 => Strain parameters: 
         0.000000    0.000000    0.000000
         0.000000    0.000000    0.000000
         0.000000    0.000000    0.000000
 => Size   parameters (G,L): 
         0.000040    0.000000    0.000000
         0.000000    0.000000    0.000000
 => Further shape parameters (S_L and D_L): 
       0.000000  0.000000  0.000000
       0.000000  0.000000  0.000000

 ==> GLOBAL PARAMETERS FOR PATTERN#  1


 => Zero-point:     0.0000    0.0000    0.0000

 => Cos( theta)-shift parameter :  -0.0526  0.0000  0.0049
 => Sin(2theta)-shift parameter :   0.0000  0.0000  0.0000

 ==> RELIABILITY FACTORS WITH ALL NON-EXCLUDED POINTS FOR PATTERN:  1

 => R-Factors:   5.83      7.70     Chi2:  2.83     DW-Stat.:  0.8111   Patt#:  1
 => Expected :            4.58                                1.8876
 => Deviance : 0.770E+04     Dev*:   2.714    
 => GoF-index:  1.7         Sqrt(Residual/N)
 => N-P+C:  2836

 =>    SumYdif       SumYobs      SumYcal      SumwYobsSQ     Residual    Condition
     0.7881E+05    0.1351E+07    0.1391E+07    0.1351E+07     8013.        0.2479E+10


 => Conventional Rietveld Rp,Rwp,Re and Chi2:   71.8      27.7      16.5      2.826    
 => (Values obtained using Ynet, but true sigma(y))
 =>  SumYnet, Sum(w Ynet**2):     0.1098E+06    0.1046E+06

 => N-sigma of the GoF:       68.743

 ==> RELIABILITY FACTORS FOR POINTS WITH BRAGG CONTRIBUTIONS FOR PATTERN:  1

 => R-Factors:   6.26      8.38     Chi2:  4.21     DW-Stat.:  1.7357   Patt#:
 => Expected :            4.08                                1.8049
 => Deviance : 0.372E+04     Dev*:   4.180    
 => GoF-index:  2.0         Sqrt(Residual/N)
 => N-P+C:   889

 =>    SumYdif       SumYobs      SumYcal      SumwYobsSQ     Residual    Condition
     0.3340E+05    0.5338E+06    0.5450E+06    0.5338E+06     3745.        0.2479E+10


 => Conventional Rietveld Rp,Rwp,Re and Chi2:   24.0      19.3      9.41      4.212    
 => (Values obtained using Ynet, but true sigma(y))
 =>  SumYnet, Sum(w Ynet**2):     0.1391E+06    0.1003E+06

 => N-sigma of the GoF:       67.723

 => Global user-weigthed Chi2 (Bragg contrib.):   9.01    

 => ---------> Pattern#  1
 => Phase:  1
 =>    Bragg R-factor:  16.6    
 =>    RF-factor     :  26.7    


 => Parameters with Correlation greater that 50% ==>
 -> Correlation of parameter:                                     Scale_ph1_pat1      with:                                        Biso_NI_ph1  ->   87%
 -> Correlation of parameter:                                        Biso_NI_ph1      with:                                     Y-cos_ph1_pat1  ->   54%

 --------------------------------------------------------------------------------------------------------------
 Pattern#  1 Phase No.:   1 Phase name: Ni                            
 --------------------------------------------------------------------------------------------------------------

     -----------------------------------------------------
     BRAGG R-Factors and weight fractions for Pattern #  1
     -----------------------------------------------------

 => Phase:  1     Ni
 => Bragg R-factor:   16.6       Vol:   43.776( 0.003)  Fract(%):  100.00( 2.07)
 => Rf-factor=  25.6             ATZ:         234.725   Brindley:  1.0000

     -----------------------------------------------------------------
      SYMBOLIC NAMES AND FINAL VALUES AND SIGMA OF REFINED PARAMETERS:
     -----------------------------------------------------------------

      ->  Parameter number    1 :                                     Scale_ph1_pat1    0.88065136E-02( +/-    0.12880156E-03 )
      ->  Parameter number    2 :                                     X-tan_ph1_pat1    0.43289861    ( +/-    0.39107278E-01 )
      ->  Parameter number    3 :                                    Cell_A_ph1_pat1     3.5243394    ( +/-    0.15167211E-03 )
      ->  Parameter number    4 :                                        Biso_NI_ph1    0.70938826    ( +/-    0.78092903E-01 )
      ->  Parameter number    5 :                                         SyCos_pat1   -0.52587956E-01( +/-    0.49140695E-02 )
      ->  Parameter number    6 :                                     Y-cos_ph1_pat1    0.91193868E-02( +/-    0.79902438E-02 )

 ------------------------------------------------------------------
 => Number of bytes for floating point variables: 4
 => Dimensions of dynamic allocated arrays in this run of FullProf:
 ------------------------------------------------------------------

 => Total approximate array memory (dynamic + static): 128415065 bytes

    MaxPOINT=    60000 Max.num. of points(+int. Inten.)/diffraction pattern       
    MaxREFLT=    20000 Max.num. of reflections/diffraction pattern               
    MaxPARAM=      300 Max.num. of refinable parameters                          
    MaxOVERL=    18096 Max.num. of overlapping reflections                       

 ----------------------------------------------------------
 => Number of bytes for floating point arrays: 4
 => Dimensions of fixed arrays in this release of FullProf:
 ----------------------------------------------------------

    NPATT   =       80 Max.num. of powder diffraction patterns                    
    NATS    =      830 Max.num. of atoms (all kind) in asymmetric unit            
    MPAR    =     1800 Max.num. of non atomic parameters/phase                    
    IEXCL   =       30 Max.num. of excluded regions                               
    IBACP   =      377 Max.num. of background points for interpolation            
    NPHT    =       16 Max.num. of phases                                         
    NMAGM   =        8 Max.num. of rotation-matrices sets for magnetic structure  
    NBASIS  =       12 Max.num. of basis functions associated to a single atom    
    NIREPS  =        9 Max.num. of irreducible representations to be combined     
    N_EQ    =      384 Max.num. of user-supplied symmetry operators/propagation vectors
    NGL     =      400 Max.num. of global parameters/diffraction pattern          
    N_LINC  =       30 Max.num. of global linear restraints                        
    NAT_P   =       68 Max.num. of atomic parameters per atom                     
    NCONST  =      500 Max.num. of slack constraints per phase                    
    N_SPE   =       30 Max.num. of different chemical species                     
    N_FORM  =       60 Max.num. of scattering factor values in a table            
    NPR     =      150 Max.num. of points defining a numerical profile            
    INPR    =       25 Max.num. of different numerical peak shapes                
    NPRC    =      150 Max.num. of terms in the table for correcting intensities  
    NSOL    =       10 Max.num. of solutions to be stored in Montecarlo searchs   

 
              CPU Time:     0.914 seconds
                            0.015 minutes

 => Run finished at:     Date: 09/11/2021  Time: 16:40:07.208                              
