

        **********************************************************
        ** PROGRAM FullProf.2k (Version 7.70 - Apr2022-ILL JRC) **
        **********************************************************
                       M U L T I -- P A T T E R N                 
            Rietveld, Profile Matching & Integrated Intensity     
                 Refinement of X-ray and/or Neutron Data


    Date: 25/10/2022  Time: 14:53:55.428                              

 => PCR file code: cr2o3_raw_long
 => DAT file code: cr2o3_raw_long.xrdml -> Relative contribution: 1.0000                                                            

 ==> CONDITIONS OF THIS RUN FOR PATTERN No.:  1

 => Global Refinement of X-ray powder diffraction data                                                                              
 => Global Refinement of X-ray powder diffraction data                                                                              
    Bragg-Brentano(X-rays) or Debye-Scherrer geometry(Neutrons)
 => Title: Cr2O3

 => Number of phases:    1
 => Number of excluded regions:    1
 => Number of scattering factors supplied:    0
 => March-Dollase model for preferred orientation
 => Conventional weights: w=1.0/Variance(yobs)
 => Asymmetry correction as in J.Appl.Cryst. 26,128(1993)
 => Background refined by polynomial function
 => The    7th default profile function was selected
 => T-C-H Pseudo-Voigt function 
    This function is convoluted with asymmetry due to axial 
    divergence as formulated by: 
    van Laar and Yelon, J. Appl. Cryst. 17, 47(1984).
    and using the method of:
    Finger, Cox and Jephcoat, J. Appl. Cryst. 27, 892 (1994).
    Fortran 90 module adapted from function PROFVAL (in F77) : 
    L.W. Finger, J. Appl. Cryst. 31, 111 (1998).


 ==> INPUT/OUTPUT OPTIONS:

 => Generate bacground file *.bac
 => Generate file *.PRF for plot
 => Output Correlation Matrix
 => Generate new input file *.PCR
 => Plot pattern at each cycle
 => Wavelengths:  1.54060 1.54439
 => Alpha2/Alpha1 ratio:   0.5000
 => Cos(Monochromator angle)=   0.9000
 => Asymmetry correction for angles lower than   90.000 degrees
 => Absorption correction (AC), muR-eff =   0.0000  0.0000
 => Base of peaks: 2.0*HW*   25.00

 => Number of cycles:   10
 => Relaxation factors ==>    for coordinates:  0.90
 => for anisotropic temperature factors:  0.90
 => for halfwidth/strain/size parameters:  0.90
 => for lattice constants and propagation vectors:  0.90
 => EPS-value for convergence:    0.3

 => Excluded regions for Pattern#  1
    From     to
      0.0000     20.0000

 => Number of Least-Squares parameters varied:    15

 =>--------------------------->
 =>------->  PATTERN number:  1
 =>--------------------------->
 => Global parameters and codes ==>
 => Zero-point:     0.0000    0.0000
 => Background parameters and codes ==>
 => Origin of polynomial at 2theta/TOF/E(KeV):   90.000  
  15.818     -12.832      32.203      186.33      102.35     -525.42    
       91.00      111.00       80.00       70.00      120.00      130.00
 => Displacement peak-shift parameter and code:     0.09   21.00
 => Transparency peak-shift parameter and code:     0.00    0.00

 => Reading Intensity data  =>>

      Data from PANalytical formats
      Extension:  .xrdml
 ==> Angular range, step and number of points:
     2Thmin:      20.003012  2Thmax:     149.983261  Step:       0.033423  No. of points:   3890
 --------------------------------------------------------------------------------
 => Phase  No. 1
      Cr2O3                                                                 
 --------------------------------------------------------------------------------
 => Schakal File (*.sch) is output for phase: 1
 =>-------> Pattern#  1
 => Crystal Structure Refinement
 => Preferred orientation vector:   0.0000  0.0000  1.0000

 =>-------> Data for PHASE: 1
 => Number of atoms:    2
 => Number of distance  constraints:    0
 => Number of angle     constraints:    0

 => Symmetry information on space group: R -3 c              
 -> The multiplicity of the general position is:  36
 -> The space group is Centric (-1 at origin)   
 -> Lattice type  R: { 000; 2/3 1/3 1/3; 1/3 2/3 2/3   }+          
 -> Reduced set of symmetry operators:

  No.  IT   Symmetry symbol    Rotation part     Associated Translation
   1: ( 1)   1            --> ( x  ,   y, z) + {  0.0000  0.0000  0.0000}
   2: ( 2)  3+ ( 0, 0, z) --> (  -y, x-y, z) + {  0.0000  0.0000  0.0000}
   3: ( 3)  3- ( 0, 0, z) --> (-x+y,-x  , z) + {  0.0000  0.0000  0.0000}
   4: ( 7)   2 ( x, x, 0) --> (   y, x  ,-z) + {  0.0000  0.0000  0.5000}
   5: ( 8)   2 ( x, 0, 0) --> ( x-y,  -y,-z) + {  0.0000  0.0000  0.5000}
   6: ( 9)   2 ( 0, y, 0) --> (-x  ,-x+y,-z) + {  0.0000  0.0000  0.5000}


        Information on Space Group: 
        --------------------------- 

 =>   Number of Space group: 167
 =>  Hermann-Mauguin Symbol: R -3 c
 =>             Hall Symbol: -R 3 2"c
 =>            Setting Type: IT (Generated from Hermann-Mauguin symbol)
 =>          Crystal System: Trigonal
 =>              Laue Class: -3m1
 =>             Point Group: -3m
 =>         Bravais Lattice: R
 =>          Lattice Symbol: hR
 =>  Reduced Number of S.O.:   6
 =>    General multiplicity:  36
 =>          Centrosymmetry: Centric (-1 at origin)
 =>  Generators (exc. -1&L):   2
 =>         Asymmetric unit:  0.000 <= x <=  0.667
                              0.000 <= y <=  0.667
                              0.000 <= z <=  0.083
 => Centring vectors:  2
 => Latt( 1): (2/3,1/3,1/3)                        => Latt( 2): (1/3,2/3,2/3)                       
                                                                                                    

 => List of all Symmetry Operators and Symmetry Symbols

 => SYMM(  1): x,y,z                             Symbol: 1
 => SYMM(  2): -y,x-y,z                          Symbol: 3+ 0,0,z
 => SYMM(  3): -x+y,-x,z                         Symbol: 3- 0,0,z
 => SYMM(  4): -y,-x,z+1/2                       Symbol: c x,-x,z
 => SYMM(  5): -x+y,y,z+1/2                      Symbol: c x,2x,z
 => SYMM(  6): x,x-y,z+1/2                       Symbol: c 2x,x,2z
 => SYMM(  7): -x,-y,-z                          Symbol: -1 0,0,0
 => SYMM(  8): y,-x+y,-z                         Symbol: -3+ 0,0,z; 0,0,0
 => SYMM(  9): x-y,x,-z                          Symbol: -3- 0,0,z; 0,0,0
 => SYMM( 10): y,x,-z+1/2                        Symbol: 2 x,x,1/4
 => SYMM( 11): x-y,-y,-z+1/2                     Symbol: 2 x,0,1/4
 => SYMM( 12): -x,-x+y,-z+1/2                    Symbol: 2 0,y,1/4
 => SYMM( 13): x+2/3,y+1/3,z+1/3                 Symbol: t (2/3,1/3,1/3)
 => SYMM( 14): -y+2/3,x-y+1/3,z+1/3              Symbol: 3+ (0,0,1/3) 1/3,1/3,z
 => SYMM( 15): -x+y+2/3,-x+1/3,z+1/3             Symbol: 3- (0,0,1/3) 1/3,0,z
 => SYMM( 16): -y+2/3,-x+1/3,z+5/6               Symbol: g (1/6,-1/6,5/6) x,-x+1/2,z
 => SYMM( 17): -x+y+2/3,y+1/3,z+5/6              Symbol: g (1/6,1/3,5/6) x,2x-1/2,z
 => SYMM( 18): x+2/3,x-y+1/3,z+5/6               Symbol: g (2/3,1/3,5/6) 2x,x,2z
 => SYMM( 19): -x+2/3,-y+1/3,-z+1/3              Symbol: -1 1/3,1/6,1/6
 => SYMM( 20): y+2/3,-x+y+1/3,-z+1/3             Symbol: -3+ 1/3,-1/3,z; 1/3,-1/3,1/6
 => SYMM( 21): x-y+2/3,x+1/3,-z+1/3              Symbol: -3- 1/3,2/3,z; 1/3,2/3,1/6
 => SYMM( 22): y+2/3,x+1/3,-z+5/6                Symbol: 2 (1/2,1/2,0) x,x-1/6,5/12
 => SYMM( 23): x-y+2/3,-y+1/3,-z+5/6             Symbol: 2 (1/2,0,0) x,1/6,5/12
 => SYMM( 24): -x+2/3,-x+y+1/3,-z+5/6            Symbol: 2 1/3,y,5/12
 => SYMM( 25): x+1/3,y+2/3,z+2/3                 Symbol: t (1/3,2/3,2/3)
 => SYMM( 26): -y+1/3,x-y+2/3,z+2/3              Symbol: 3+ (0,0,2/3) 0,1/3,z
 => SYMM( 27): -x+y+1/3,-x+2/3,z+2/3             Symbol: 3- (0,0,2/3) 1/3,1/3,z
 => SYMM( 28): -y+1/3,-x+2/3,z+1/6               Symbol: g (-1/6,1/6,1/6) x,-x+1/2,z
 => SYMM( 29): -x+y+1/3,y+2/3,z+1/6              Symbol: g (1/3,2/3,1/6) x,2x,z
 => SYMM( 30): x+1/3,x-y+2/3,z+1/6               Symbol: g (1/3,1/6,1/6) 2x,x+1/4,2z
 => SYMM( 31): -x+1/3,-y+2/3,-z+2/3              Symbol: -1 1/6,1/3,1/3
 => SYMM( 32): y+1/3,-x+y+2/3,-z+2/3             Symbol: -3+ 2/3,1/3,z; 2/3,1/3,1/3
 => SYMM( 33): x-y+1/3,x+2/3,-z+2/3              Symbol: -3- -1/3,1/3,z; -1/3,1/3,1/3
 => SYMM( 34): y+1/3,x+2/3,-z+1/6                Symbol: 2 (1/2,1/2,0) x,x+1/6,1/12
 => SYMM( 35): x-y+1/3,-y+2/3,-z+1/6             Symbol: 2 x,1/3,1/12
 => SYMM( 36): -x+1/3,-x+y+2/3,-z+1/6            Symbol: 2 (0,1/2,0) 1/6,y,1/12

 => Special Wyckoff Positions for R -3 c
 
    Multp     Site        Representative Coordinates (centring translations excluded)
     18       e              x,0,1/4             0,x,1/4             -x,-x,1/4                               
                             0,-x,3/4            -x,0,3/4            x,x,3/4                                 
 
     18       d              1/2,0,0             0,1/2,0             1/2,1/2,0                               
                             0,1/2,1/2           1/2,0,1/2           1/2,1/2,1/2                             
 
     12       c              0,0,z               0,0,z+1/2           0,0,-z                                  
                             0,0,-z+1/2                                                                      
 
      6       b              0,0,0               0,0,1/2                                                     
 
      6       a              0,0,1/4             0,0,3/4                                                     
 

 => Initial parameters ==>
 Atom    Ntyp                  X         Y         Z         B         occ.         in  fin  Spc  Mult
                             B11       B22       B33       B12       B13       B23
 Cr     CR                 0.00000   0.00000   0.34738   0.21890   0.33333           0    0    0   12
                 Codes:    0.00000   0.00000 141.00000 101.00000   0.00000
 O      O                  0.30631   0.00000   0.25000   0.21890   0.50000           0    0    0   18
                 Codes:  151.00000   0.00000   0.00000 101.00000   0.00000

 => IT IS ASSUMED THAT THE FIRST GIVEN SITE IS FULLY OCCUPIED 
    OR THE FIRST AND SECOND ATOMS ARE IN THE SAME SITE WITH TOTAL FULL OCCUPATION
  (If this is not the case, change the order of atoms to obtain correct values for the content of the unit cell)
    The phase contains sites partially occupied
      -> Atom: CR  ,  Chemical element: CR  Atomic Mass:    51.9960
      -> Atom: O   ,  Chemical element: O   Atomic Mass:    15.9994
 => The given value of ATZ is        911.93 the program has calculated:         911.93
    The value of ATZ given in the input PCR file will be used for quantitative analysis
 => The chemical content of the unit cell is: 
      12.0000 CR   +  18.0002 O      
 => The normalized site occupation numbers in % are: 
     100.0000 Cr     :      100.0010 O        
 => The density (volumic mass) of the compound is:    5.231 g/cm3

 =>-------> PROFILE PARAMETERS FOR PATTERN:  1

 => Overall scale factor:   0.639873E-03
 => ETA (p-Voigt) OR M (Pearson VII):   0.0000
 => Overall temperature factor:      0.00000
 => Halfwidth U,V,W:      0.00439    -0.00039     0.00981
 => X and Y parameters:       0.0905      0.0257
 => Direct cell parameters:    4.9588   4.9588  13.5939  90.0000  90.0000 120.0000
 => Preferred orientation parameters:   1.0000  1.0000
 => Asymmetry parameters     :      0.00000     0.00000     0.00000     0.00000
 => Strain parameters        :      0.00000     0.00000     0.00000
 => Size   parameters        :      0.00004     0.00000
 => Further shape parameters (S_L and D_L):   0.00000   0.00000
    S_L is source width/detector distance
    D_L is detector width/detector distance

 ==> CODEWORDS FOR PROFILE PARAMETERS of PATTERN#  1

 => Overall scale factor:   11.000
 => ETA (p-Voigt) OR M (Pearson VII):    0.000
 => Overall temperature factor:    0.000
 => Halfwidth U,V,W:    0.000   0.000   0.000
 => X and Y parameters:   60.500  50.500
 => Direct cell parameters:   31.000  31.000  41.000   0.000   0.000  31.000
 => Preferred orientation parameters:    0.000   0.000
 => Asymmetry parameters     :    0.000   0.000   0.000   0.000
 => Strain parameters        :    0.000   0.000   0.000
 => Size   parameters        :    0.000   0.000

 => Cell constraints according to Laue symmetry: -3m1 

        Metric information:
        -------------------

 => Direct cell parameters:

         a =       4.9588      b =       4.9588      c =      13.5939
     alpha =       90.000   beta =       90.000  gamma =      120.000
                        Direct Cell Volume =     289.4926

 => Reciprocal cell parameters:

         a*=     0.232857      b*=     0.232857      c*=     0.073562
     alpha*=       90.000   beta*=       90.000  gamma*=       60.000
                    Reciprocal Cell Volume =   0.00345432

 => Direct and Reciprocal Metric Tensors:

                   GD                                       GR
     24.5902    -12.2951      0.0000          0.054222    0.027111    0.000000
    -12.2951     24.5902      0.0000          0.027111    0.054222    0.000000
      0.0000      0.0000    184.7953          0.000000    0.000000    0.005411

 =>  Cartesian frame: x // a; z is along c*; y is within the ab-plane   

     Crystal_to_Orthonormal_Matrix              Orthonormal_to_Crystal Matrix
              Cr_Orth_cel                               Orth_Cr_cel  
      4.9588     -2.4794      0.0000          0.201660    0.116428   -0.000000
      0.0000      4.2945      0.0000          0.000000    0.232857   -0.000000
      0.0000      0.0000     13.5939          0.000000    0.000000    0.073562

     Busing-Levy B-matrix: Hc=B.H            Inverse of the Busing-Levy B-matrix
                BL_M                                      BL_Minv  
    0.232857    0.116428    0.000000            4.2945     -2.4794     -0.0000
    0.000000    0.201660   -0.000000            0.0000      4.9588      0.0000
    0.000000    0.000000    0.073562            0.0000      0.0000     13.5939

 => Laue symmetry -3m1  will be used to generate HKL for pattern#   1
 => Reflections generated between S(1/d)min:  0.2249 A-1 and S(1/d)max:  1.2840 A-1
 =>                                    dmax:  4.4462 A   and      dmin:  0.7788 A
 => The number of reflections generated is:     74
 => The max. scatt. variable (gen.ref.) is:       163.0454
 => Scattering coefficients from internal table


 => X-ray scattering coeff. (A1, B1, A2,...C, f(0), Z, Dfp,Dfpp)

 CR     10.6406   6.1038   7.3537   0.3920   3.3240  20.2626   1.4922  98.7399   1.1832  23.9937  24.0000  -0.1980   2.4430
 O       3.0485  13.2771   2.2868   5.7011   1.5463   0.3239   0.8670  32.9089   0.2508   7.9994   8.0000   0.0470   0.0320

     --------------------------------------------------------------
      SYMBOLIC NAMES AND INITIAL VALUES OF PARAMETERS TO BE VARIED:
     --------------------------------------------------------------

      ->  Parameter number    1   -> Symbolic Name:                                     Scale_ph1_pat1    0.63987251E-03
      ->  Parameter number    2   -> Symbolic Name:                                         SyCos_pat1    0.92390001E-01
      ->  Parameter number    3   -> Symbolic Name:                                    Cell_A_ph1_pat1     4.9588470    
      ->  Parameter number    4   -> Symbolic Name:                                    Cell_C_ph1_pat1     13.593942    
      ->  Parameter number    5   -> Symbolic Name:                                     Y-cos_ph1_pat1    0.25746001E-01
      ->  Parameter number    6   -> Symbolic Name:                                     X-tan_ph1_pat1    0.90539001E-01
      ->  Parameter number    7   -> Symbolic Name:                                         Bck_3_pat1     0.0000000    
      ->  Parameter number    8   -> Symbolic Name:                                         Bck_2_pat1     0.0000000    
      ->  Parameter number    9   -> Symbolic Name:                                         Bck_0_pat1     15.818000    
      ->  Parameter number   10   -> Symbolic Name:                                        Biso_Cr_ph1    0.21890000    
      ->  Parameter number   11   -> Symbolic Name:                                         Bck_1_pat1    -12.832000    
      ->  Parameter number   12   -> Symbolic Name:                                         Bck_4_pat1     0.0000000    
      ->  Parameter number   13   -> Symbolic Name:                                         Bck_5_pat1     0.0000000    
      ->  Parameter number   14   -> Symbolic Name:                                           Z_Cr_ph1    0.34738001    
      ->  Parameter number   15   -> Symbolic Name:                                            X_O_ph1    0.30631000    
  
 
 => No optimization for routine tasks
 ++++++++++++++++++++++++++++++++++++++++++++++++++++++++++++++++++++++++++++++++++++++++++++++++++++++++++++++++++++++++

 => CYCLE No.:    1
 ---------------------------------------------------------------------------------------
 => Phase  1 Name: Cr2O3                                                                 
 ---------------------------------------------------------------------------------------
 => New parameters, shifts, and standard deviations

 Atom        x       dx      sx       y       dy      sy       z       dz      sz       B       dB      sB      occ.    docc.   socc.

 Cr       0.00000 0.00000 0.00000  0.00000 0.00000 0.00000  0.34738 0.00000 0.00006  0.21851-0.00039 0.01370  0.33333 0.00000 0.00000
 O        0.30631-0.00000 0.00043  0.00000 0.00000 0.00000  0.25000 0.00000 0.00000  0.21851-0.00039 0.01370  0.50000 0.00000 0.00000

 ==> PROFILE PARAMETERS FOR PATTERN#  1

 => Overall scale factor:      0.000639870    -0.000000003     0.000002603
 => Eta(p-Voigt) or m(Pearson VII):   0.000000  0.000000  0.000000
 => Overall tem. factor:     0.000000    0.000000    0.000000
 => Halfwidth parameters: 
         0.004391    0.000000    0.000000
        -0.000389    0.000000    0.000000
         0.009813    0.000000    0.000000
 => Cell parameters: 
        4.958847    0.000000    0.000020
        4.958847    0.000000    0.000020
       13.593942    0.000000    0.000088
       90.000000    0.000000    0.000000
       90.000000    0.000000    0.000000
      120.000000    0.000000    0.000000
 => Preferred orientation: 
         1.000000    0.000000    0.000000
         1.000000    0.000000    0.000000
 => Asymmetry parameters: 
         0.000000    0.000000    0.000000
         0.000000    0.000000    0.000000
         0.000000    0.000000    0.000000
         0.000000    0.000000    0.000000
 => X and Y parameters: 
         0.102250    0.011711    0.001281
         0.025845    0.000099    0.000584
 => Strain parameters: 
         0.000000    0.000000    0.000000
         0.000000    0.000000    0.000000
         0.000000    0.000000    0.000000
 => Size   parameters (G,L): 
         0.000040    0.000000    0.000000
         0.000000    0.000000    0.000000
 => Further shape parameters (S_L and D_L): 
       0.000000  0.000000  0.000000
       0.000000  0.000000  0.000000

 ==> GLOBAL PARAMETERS FOR PATTERN#  1


 => Zero-point:     0.0000    0.0000    0.0000
 => Background Polynomial Parameters ==>
       15.818    -0.71614E-04 0.24134    
      -12.834    -0.21520E-02  1.3590    
       32.203      0.0000      0.0000    
       186.33      0.0000      0.0000    
       102.35      0.0000      0.0000    
      -525.42      0.0000      0.0000    

 => Cos( theta)-shift parameter :   0.0924 -0.0000  0.0004
 => Sin(2theta)-shift parameter :   0.0000  0.0000  0.0000

 ==> RELIABILITY FACTORS WITH ALL NON-EXCLUDED POINTS FOR PATTERN:  1

 => R-Factors:   9.24      12.7     Chi2:  1.92     DW-Stat.:  1.1598   Patt#:  1
 => Expected :            9.12                                1.9082
 => Deviance : 0.784E+04     Dev*:   2.013    
 => GoF-index:  1.4         Sqrt(Residual/N)
 => N-P+C:  3875

 =>    SumYdif       SumYobs      SumYcal      SumwYobsSQ     Residual    Condition
     0.4303E+05    0.4655E+06    0.4597E+06    0.4655E+06     7452.        0.3034E+18


 => Conventional Rietveld Rp,Rwp,Re and Chi2:   12.4      15.5      11.2      1.923    
 => (Values obtained using Ynet, but true sigma(y))
 =>  SumYnet, Sum(w Ynet**2):     0.3458E+06    0.3086E+06


 ==> RELIABILITY FACTORS FOR POINTS WITH BRAGG CONTRIBUTIONS FOR PATTERN:  1

 => R-Factors:   9.23      12.7     Chi2:  1.94     DW-Stat.:  1.1957   Patt#:
 => Expected :            9.09                                1.9065
 => Deviance : 0.761E+04     Dev*:   2.032    
 => GoF-index:  1.4         Sqrt(Residual/N)
 => N-P+C:  3726

 =>    SumYdif       SumYobs      SumYcal      SumwYobsSQ     Residual    Condition
     0.4158E+05    0.4506E+06    0.4453E+06    0.4506E+06     7228.        0.3034E+18


 => Conventional Rietveld Rp,Rwp,Re and Chi2:   12.0      15.3      11.0      1.940    
 => (Values obtained using Ynet, but true sigma(y))
 =>  SumYnet, Sum(w Ynet**2):     0.3453E+06    0.3083E+06


 => Global user-weigthed Chi2 (Bragg contrib.):   1.94    

 => ---------> Pattern#  1
 => Phase:  1
 =>    Bragg R-factor:  5.05    
 =>    RF-factor     :  3.16    
 ++++++++++++++++++++++++++++++++++++++++++++++++++++++++++++++++++++++++++++++++++++++++++++++++++++++++++++++++++++++++

 => CYCLE No.:    2
 ---------------------------------------------------------------------------------------
 => Phase  1 Name: Cr2O3                                                                 
 ---------------------------------------------------------------------------------------
 => New parameters, shifts, and standard deviations

 Atom        x       dx      sx       y       dy      sy       z       dz      sz       B       dB      sB      occ.    docc.   socc.

 Cr       0.00000 0.00000 0.00000  0.00000 0.00000 0.00000  0.34739 0.00000 0.00005  0.21623-0.00228 0.01282  0.33333 0.00000 0.00000
 O        0.30632 0.00001 0.00041  0.00000 0.00000 0.00000  0.25000 0.00000 0.00000  0.21623-0.00228 0.01282  0.50000 0.00000 0.00000

 ==> PROFILE PARAMETERS FOR PATTERN#  1

 => Overall scale factor:      0.000639830    -0.000000039     0.000002420
 => Eta(p-Voigt) or m(Pearson VII):   0.000000  0.000000  0.000000
 => Overall tem. factor:     0.000000    0.000000    0.000000
 => Halfwidth parameters: 
         0.004391    0.000000    0.000000
        -0.000389    0.000000    0.000000
         0.009813    0.000000    0.000000
 => Cell parameters: 
        4.958848    0.000001    0.000020
        4.958848    0.000001    0.000020
       13.593942    0.000000    0.000088
       90.000000    0.000000    0.000000
       90.000000    0.000000    0.000000
      120.000000    0.000000    0.000000
 => Preferred orientation: 
         1.000000    0.000000    0.000000
         1.000000    0.000000    0.000000
 => Asymmetry parameters: 
         0.000000    0.000000    0.000000
         0.000000    0.000000    0.000000
         0.000000    0.000000    0.000000
         0.000000    0.000000    0.000000
 => X and Y parameters: 
         0.110375    0.008124    0.001269
         0.025663   -0.000182    0.000566
 => Strain parameters: 
         0.000000    0.000000    0.000000
         0.000000    0.000000    0.000000
         0.000000    0.000000    0.000000
 => Size   parameters (G,L): 
         0.000040    0.000000    0.000000
         0.000000    0.000000    0.000000
 => Further shape parameters (S_L and D_L): 
       0.000000  0.000000  0.000000
       0.000000  0.000000  0.000000

 ==> GLOBAL PARAMETERS FOR PATTERN#  1


 => Zero-point:     0.0000    0.0000    0.0000
 => Background Polynomial Parameters ==>
       15.789    -0.29164E-01 0.22428    
      -12.794     0.40448E-01  1.2602    
       32.203      0.0000      0.0000    
       186.33      0.0000      0.0000    
       102.35      0.0000      0.0000    
      -525.42      0.0000      0.0000    

 => Cos( theta)-shift parameter :   0.0924 -0.0000  0.0004
 => Sin(2theta)-shift parameter :   0.0000  0.0000  0.0000

 ==> RELIABILITY FACTORS WITH ALL NON-EXCLUDED POINTS FOR PATTERN:  1

 => R-Factors:   8.53      11.8     Chi2:  1.66     DW-Stat.:  1.3375   Patt#:  1
 => Expected :            9.12                                1.9082
 => Deviance : 0.666E+04     Dev*:   1.710    
 => GoF-index:  1.3         Sqrt(Residual/N)
 => N-P+C:  3875

 =>    SumYdif       SumYobs      SumYcal      SumwYobsSQ     Residual    Condition
     0.3968E+05    0.4655E+06    0.4595E+06    0.4655E+06     6436.        0.2696E+18


 => Conventional Rietveld Rp,Rwp,Re and Chi2:   11.5      14.4      11.2      1.661    
 => (Values obtained using Ynet, but true sigma(y))
 =>  SumYnet, Sum(w Ynet**2):     0.3458E+06    0.3086E+06


 ==> RELIABILITY FACTORS FOR POINTS WITH BRAGG CONTRIBUTIONS FOR PATTERN:  1

 => R-Factors:   8.49      11.7     Chi2:  1.67     DW-Stat.:  1.3856   Patt#:
 => Expected :            9.09                                1.9065
 => Deviance : 0.643E+04     Dev*:   1.717    
 => GoF-index:  1.3         Sqrt(Residual/N)
 => N-P+C:  3726

 =>    SumYdif       SumYobs      SumYcal      SumwYobsSQ     Residual    Condition
     0.3824E+05    0.4506E+06    0.4450E+06    0.4506E+06     6213.        0.2696E+18


 => Conventional Rietveld Rp,Rwp,Re and Chi2:   11.1      14.2      11.0      1.667    
 => (Values obtained using Ynet, but true sigma(y))
 =>  SumYnet, Sum(w Ynet**2):     0.3453E+06    0.3083E+06


 => Global user-weigthed Chi2 (Bragg contrib.):   1.67    

 => ---------> Pattern#  1
 => Phase:  1
 =>    Bragg R-factor:  5.02    
 =>    RF-factor     :  3.06    
 ++++++++++++++++++++++++++++++++++++++++++++++++++++++++++++++++++++++++++++++++++++++++++++++++++++++++++++++++++++++++

 => CYCLE No.:    3
 ---------------------------------------------------------------------------------------
 => Phase  1 Name: Cr2O3                                                                 
 ---------------------------------------------------------------------------------------
 => New parameters, shifts, and standard deviations

 Atom        x       dx      sx       y       dy      sy       z       dz      sz       B       dB      sB      occ.    docc.   socc.

 Cr       0.00000 0.00000 0.00000  0.00000 0.00000 0.00000  0.34739 0.00000 0.00005  0.21407-0.00216 0.01251  0.33333 0.00000 0.00000
 O        0.30633 0.00001 0.00040  0.00000 0.00000 0.00000  0.25000 0.00000 0.00000  0.21407-0.00216 0.01251  0.50000 0.00000 0.00000

 ==> PROFILE PARAMETERS FOR PATTERN#  1

 => Overall scale factor:      0.000639789    -0.000000042     0.000002354
 => Eta(p-Voigt) or m(Pearson VII):   0.000000  0.000000  0.000000
 => Overall tem. factor:     0.000000    0.000000    0.000000
 => Halfwidth parameters: 
         0.004391    0.000000    0.000000
        -0.000389    0.000000    0.000000
         0.009813    0.000000    0.000000
 => Cell parameters: 
        4.958849    0.000001    0.000020
        4.958849    0.000001    0.000020
       13.593942    0.000000    0.000089
       90.000000    0.000000    0.000000
       90.000000    0.000000    0.000000
      120.000000    0.000000    0.000000
 => Preferred orientation: 
         1.000000    0.000000    0.000000
         1.000000    0.000000    0.000000
 => Asymmetry parameters: 
         0.000000    0.000000    0.000000
         0.000000    0.000000    0.000000
         0.000000    0.000000    0.000000
         0.000000    0.000000    0.000000
 => X and Y parameters: 
         0.115563    0.005188    0.001285
         0.025431   -0.000232    0.000565
 => Strain parameters: 
         0.000000    0.000000    0.000000
         0.000000    0.000000    0.000000
         0.000000    0.000000    0.000000
 => Size   parameters (G,L): 
         0.000040    0.000000    0.000000
         0.000000    0.000000    0.000000
 => Further shape parameters (S_L and D_L): 
       0.000000  0.000000  0.000000
       0.000000  0.000000  0.000000

 ==> GLOBAL PARAMETERS FOR PATTERN#  1


 => Zero-point:     0.0000    0.0000    0.0000
 => Background Polynomial Parameters ==>
       15.760    -0.28774E-01 0.21820    
      -12.773     0.21158E-01  1.2242    
       32.203      0.0000      0.0000    
       186.33      0.0000      0.0000    
       102.35      0.0000      0.0000    
      -525.42      0.0000      0.0000    

 => Cos( theta)-shift parameter :   0.0924 -0.0000  0.0004
 => Sin(2theta)-shift parameter :   0.0000  0.0000  0.0000

 ==> RELIABILITY FACTORS WITH ALL NON-EXCLUDED POINTS FOR PATTERN:  1

 => R-Factors:   8.33      11.4     Chi2:  1.57     DW-Stat.:  1.4193   Patt#:  1
 => Expected :            9.12                                1.9082
 => Deviance : 0.622E+04     Dev*:   1.599    
 => GoF-index:  1.3         Sqrt(Residual/N)
 => N-P+C:  3875

 =>    SumYdif       SumYobs      SumYcal      SumwYobsSQ     Residual    Condition
     0.3876E+05    0.4655E+06    0.4594E+06    0.4655E+06     6085.        0.2512E+18


 => Conventional Rietveld Rp,Rwp,Re and Chi2:   11.2      14.0      11.2      1.570    
 => (Values obtained using Ynet, but true sigma(y))
 =>  SumYnet, Sum(w Ynet**2):     0.3459E+06    0.3087E+06


 ==> RELIABILITY FACTORS FOR POINTS WITH BRAGG CONTRIBUTIONS FOR PATTERN:  1

 => R-Factors:   8.28      11.4     Chi2:  1.57     DW-Stat.:  1.4734   Patt#:
 => Expected :            9.09                                1.9065
 => Deviance : 0.599E+04     Dev*:   1.601    
 => GoF-index:  1.3         Sqrt(Residual/N)
 => N-P+C:  3726

 =>    SumYdif       SumYobs      SumYcal      SumwYobsSQ     Residual    Condition
     0.3731E+05    0.4506E+06    0.4449E+06    0.4506E+06     5862.        0.2512E+18


 => Conventional Rietveld Rp,Rwp,Re and Chi2:   10.8      13.8      11.0      1.573    
 => (Values obtained using Ynet, but true sigma(y))
 =>  SumYnet, Sum(w Ynet**2):     0.3454E+06    0.3084E+06


 => Global user-weigthed Chi2 (Bragg contrib.):   1.57    

 => ---------> Pattern#  1
 => Phase:  1
 =>    Bragg R-factor:  5.04    
 =>    RF-factor     :  3.03    
 ++++++++++++++++++++++++++++++++++++++++++++++++++++++++++++++++++++++++++++++++++++++++++++++++++++++++++++++++++++++++

 => CYCLE No.:    4
 ---------------------------------------------------------------------------------------
 => Phase  1 Name: Cr2O3                                                                 
 ---------------------------------------------------------------------------------------
 => New parameters, shifts, and standard deviations

 Atom        x       dx      sx       y       dy      sy       z       dz      sz       B       dB      sB      occ.    docc.   socc.

 Cr       0.00000 0.00000 0.00000  0.00000 0.00000 0.00000  0.34739 0.00000 0.00005  0.21248-0.00159 0.01242  0.33333 0.00000 0.00000
 O        0.30633 0.00000 0.00039  0.00000 0.00000 0.00000  0.25000 0.00000 0.00000  0.21248-0.00159 0.01242  0.50000 0.00000 0.00000

 ==> PROFILE PARAMETERS FOR PATTERN#  1

 => Overall scale factor:      0.000639754    -0.000000035     0.000002333
 => Eta(p-Voigt) or m(Pearson VII):   0.000000  0.000000  0.000000
 => Overall tem. factor:     0.000000    0.000000    0.000000
 => Halfwidth parameters: 
         0.004391    0.000000    0.000000
        -0.000389    0.000000    0.000000
         0.009813    0.000000    0.000000
 => Cell parameters: 
        4.958851    0.000002    0.000020
        4.958851    0.000002    0.000020
       13.593942    0.000000    0.000090
       90.000000    0.000000    0.000000
       90.000000    0.000000    0.000000
      120.000000    0.000000    0.000000
 => Preferred orientation: 
         1.000000    0.000000    0.000000
         1.000000    0.000000    0.000000
 => Asymmetry parameters: 
         0.000000    0.000000    0.000000
         0.000000    0.000000    0.000000
         0.000000    0.000000    0.000000
         0.000000    0.000000    0.000000
 => X and Y parameters: 
         0.118713    0.003150    0.001305
         0.025213   -0.000218    0.000569
 => Strain parameters: 
         0.000000    0.000000    0.000000
         0.000000    0.000000    0.000000
         0.000000    0.000000    0.000000
 => Size   parameters (G,L): 
         0.000040    0.000000    0.000000
         0.000000    0.000000    0.000000
 => Further shape parameters (S_L and D_L): 
       0.000000  0.000000  0.000000
       0.000000  0.000000  0.000000

 ==> GLOBAL PARAMETERS FOR PATTERN#  1


 => Zero-point:     0.0000    0.0000    0.0000
 => Background Polynomial Parameters ==>
       15.739    -0.21218E-01 0.21634    
      -12.764     0.82281E-02  1.2127    
       32.203      0.0000      0.0000    
       186.33      0.0000      0.0000    
       102.35      0.0000      0.0000    
      -525.42      0.0000      0.0000    

 => Cos( theta)-shift parameter :   0.0924 -0.0000  0.0004
 => Sin(2theta)-shift parameter :   0.0000  0.0000  0.0000

 ==> RELIABILITY FACTORS WITH ALL NON-EXCLUDED POINTS FOR PATTERN:  1

 => R-Factors:   8.28      11.3     Chi2:  1.54     DW-Stat.:  1.4510   Patt#:  1
 => Expected :            9.12                                1.9082
 => Deviance : 0.607E+04     Dev*:   1.559    
 => GoF-index:  1.2         Sqrt(Residual/N)
 => N-P+C:  3875

 =>    SumYdif       SumYobs      SumYcal      SumwYobsSQ     Residual    Condition
     0.3852E+05    0.4655E+06    0.4593E+06    0.4655E+06     5975.        0.2412E+18


 => Conventional Rietveld Rp,Rwp,Re and Chi2:   11.1      13.9      11.2      1.542    
 => (Values obtained using Ynet, but true sigma(y))
 =>  SumYnet, Sum(w Ynet**2):     0.3460E+06    0.3087E+06


 ==> RELIABILITY FACTORS FOR POINTS WITH BRAGG CONTRIBUTIONS FOR PATTERN:  1

 => R-Factors:   8.23      11.3     Chi2:  1.54     DW-Stat.:  1.5074   Patt#:
 => Expected :            9.09                                1.9065
 => Deviance : 0.584E+04     Dev*:   1.560    
 => GoF-index:  1.2         Sqrt(Residual/N)
 => N-P+C:  3726

 =>    SumYdif       SumYobs      SumYcal      SumwYobsSQ     Residual    Condition
     0.3707E+05    0.4506E+06    0.4449E+06    0.4506E+06     5751.        0.2412E+18


 => Conventional Rietveld Rp,Rwp,Re and Chi2:   10.7      13.7      11.0      1.544    
 => (Values obtained using Ynet, but true sigma(y))
 =>  SumYnet, Sum(w Ynet**2):     0.3455E+06    0.3085E+06


 => Global user-weigthed Chi2 (Bragg contrib.):   1.54    

 => ---------> Pattern#  1
 => Phase:  1
 =>    Bragg R-factor:  5.05    
 =>    RF-factor     :  3.02    
 ++++++++++++++++++++++++++++++++++++++++++++++++++++++++++++++++++++++++++++++++++++++++++++++++++++++++++++++++++++++++

 => CYCLE No.:    5
 ---------------------------------------------------------------------------------------
 => Phase  1 Name: Cr2O3                                                                 
 ---------------------------------------------------------------------------------------
 => New parameters, shifts, and standard deviations

 Atom        x       dx      sx       y       dy      sy       z       dz      sz       B       dB      sB      occ.    docc.   socc.

 Cr       0.00000 0.00000 0.00000  0.00000 0.00000 0.00000  0.34739 0.00000 0.00005  0.21144-0.00104 0.01241  0.33333 0.00000 0.00000
 O        0.30633 0.00000 0.00039  0.00000 0.00000 0.00000  0.25000 0.00000 0.00000  0.21144-0.00104 0.01241  0.50000 0.00000 0.00000

 ==> PROFILE PARAMETERS FOR PATTERN#  1

 => Overall scale factor:      0.000639730    -0.000000023     0.000002328
 => Eta(p-Voigt) or m(Pearson VII):   0.000000  0.000000  0.000000
 => Overall tem. factor:     0.000000    0.000000    0.000000
 => Halfwidth parameters: 
         0.004391    0.000000    0.000000
        -0.000389    0.000000    0.000000
         0.009813    0.000000    0.000000
 => Cell parameters: 
        4.958853    0.000002    0.000021
        4.958853    0.000002    0.000021
       13.593941   -0.000001    0.000091
       90.000000    0.000000    0.000000
       90.000000    0.000000    0.000000
      120.000000    0.000000    0.000000
 => Preferred orientation: 
         1.000000    0.000000    0.000000
         1.000000    0.000000    0.000000
 => Asymmetry parameters: 
         0.000000    0.000000    0.000000
         0.000000    0.000000    0.000000
         0.000000    0.000000    0.000000
         0.000000    0.000000    0.000000
 => X and Y parameters: 
         0.120569    0.001857    0.001320
         0.025027   -0.000185    0.000573
 => Strain parameters: 
         0.000000    0.000000    0.000000
         0.000000    0.000000    0.000000
         0.000000    0.000000    0.000000
 => Size   parameters (G,L): 
         0.000040    0.000000    0.000000
         0.000000    0.000000    0.000000
 => Further shape parameters (S_L and D_L): 
       0.000000  0.000000  0.000000
       0.000000  0.000000  0.000000

 ==> GLOBAL PARAMETERS FOR PATTERN#  1


 => Zero-point:     0.0000    0.0000    0.0000
 => Background Polynomial Parameters ==>
       15.725    -0.14034E-01 0.21587    
      -12.761     0.31347E-02  1.2095    
       32.203      0.0000      0.0000    
       186.33      0.0000      0.0000    
       102.35      0.0000      0.0000    
      -525.42      0.0000      0.0000    

 => Cos( theta)-shift parameter :   0.0924 -0.0000  0.0004
 => Sin(2theta)-shift parameter :   0.0000  0.0000  0.0000

 ==> RELIABILITY FACTORS WITH ALL NON-EXCLUDED POINTS FOR PATTERN:  1

 => R-Factors:   8.27      11.3     Chi2:  1.53     DW-Stat.:  1.4626   Patt#:  1
 => Expected :            9.12                                1.9082
 => Deviance : 0.601E+04     Dev*:   1.545    
 => GoF-index:  1.2         Sqrt(Residual/N)
 => N-P+C:  3875

 =>    SumYdif       SumYobs      SumYcal      SumwYobsSQ     Residual    Condition
     0.3850E+05    0.4655E+06    0.4593E+06    0.4655E+06     5943.        0.2357E+18


 => Conventional Rietveld Rp,Rwp,Re and Chi2:   11.1      13.9      11.2      1.534    
 => (Values obtained using Ynet, but true sigma(y))
 =>  SumYnet, Sum(w Ynet**2):     0.3461E+06    0.3088E+06


 ==> RELIABILITY FACTORS FOR POINTS WITH BRAGG CONTRIBUTIONS FOR PATTERN:  1

 => R-Factors:   8.22      11.3     Chi2:  1.54     DW-Stat.:  1.5197   Patt#:
 => Expected :            9.09                                1.9065
 => Deviance : 0.578E+04     Dev*:   1.545    
 => GoF-index:  1.2         Sqrt(Residual/N)
 => N-P+C:  3726

 =>    SumYdif       SumYobs      SumYcal      SumwYobsSQ     Residual    Condition
     0.3705E+05    0.4506E+06    0.4448E+06    0.4506E+06     5720.        0.2357E+18


 => Conventional Rietveld Rp,Rwp,Re and Chi2:   10.7      13.6      11.0      1.535    
 => (Values obtained using Ynet, but true sigma(y))
 =>  SumYnet, Sum(w Ynet**2):     0.3456E+06    0.3086E+06


 => Global user-weigthed Chi2 (Bragg contrib.):   1.54    

 => ---------> Pattern#  1
 => Phase:  1
 =>    Bragg R-factor:  5.05    
 =>    RF-factor     :  3.01    
 ++++++++++++++++++++++++++++++++++++++++++++++++++++++++++++++++++++++++++++++++++++++++++++++++++++++++++++++++++++++++

 => CYCLE No.:    6
 ---------------------------------------------------------------------------------------
 => Phase  1 Name: Cr2O3                                                                 
 ---------------------------------------------------------------------------------------
 => New parameters, shifts, and standard deviations

 Atom        x       dx      sx       y       dy      sy       z       dz      sz       B       dB      sB      occ.    docc.   socc.

 Cr       0.00000 0.00000 0.00000  0.00000 0.00000 0.00000  0.34739 0.00000 0.00005  0.21078-0.00065 0.01241  0.33333 0.00000 0.00000
 O        0.30633 0.00000 0.00039  0.00000 0.00000 0.00000  0.25000 0.00000 0.00000  0.21078-0.00065 0.01241  0.50000 0.00000 0.00000

 ==> PROFILE PARAMETERS FOR PATTERN#  1

 => Overall scale factor:      0.000639714    -0.000000017     0.000002326
 => Eta(p-Voigt) or m(Pearson VII):   0.000000  0.000000  0.000000
 => Overall tem. factor:     0.000000    0.000000    0.000000
 => Halfwidth parameters: 
         0.004391    0.000000    0.000000
        -0.000389    0.000000    0.000000
         0.009813    0.000000    0.000000
 => Cell parameters: 
        4.958855    0.000001    0.000021
        4.958855    0.000001    0.000021
       13.593941    0.000000    0.000091
       90.000000    0.000000    0.000000
       90.000000    0.000000    0.000000
      120.000000    0.000000    0.000000
 => Preferred orientation: 
         1.000000    0.000000    0.000000
         1.000000    0.000000    0.000000
 => Asymmetry parameters: 
         0.000000    0.000000    0.000000
         0.000000    0.000000    0.000000
         0.000000    0.000000    0.000000
         0.000000    0.000000    0.000000
 => X and Y parameters: 
         0.121643    0.001074    0.001329
         0.024877   -0.000150    0.000576
 => Strain parameters: 
         0.000000    0.000000    0.000000
         0.000000    0.000000    0.000000
         0.000000    0.000000    0.000000
 => Size   parameters (G,L): 
         0.000040    0.000000    0.000000
         0.000000    0.000000    0.000000
 => Further shape parameters (S_L and D_L): 
       0.000000  0.000000  0.000000
       0.000000  0.000000  0.000000

 ==> GLOBAL PARAMETERS FOR PATTERN#  1


 => Zero-point:     0.0000    0.0000    0.0000
 => Background Polynomial Parameters ==>
       15.716    -0.87809E-02 0.21580    
      -12.760     0.10860E-02  1.2087    
       32.203      0.0000      0.0000    
       186.33      0.0000      0.0000    
       102.35      0.0000      0.0000    
      -525.42      0.0000      0.0000    

 => Cos( theta)-shift parameter :   0.0924 -0.0000  0.0004
 => Sin(2theta)-shift parameter :   0.0000  0.0000  0.0000

 ==> RELIABILITY FACTORS WITH ALL NON-EXCLUDED POINTS FOR PATTERN:  1

 => R-Factors:   8.27      11.3     Chi2:  1.53     DW-Stat.:  1.4668   Patt#:  1
 => Expected :            9.12                                1.9082
 => Deviance : 0.599E+04     Dev*:   1.540    
 => GoF-index:  1.2         Sqrt(Residual/N)
 => N-P+C:  3875

 =>    SumYdif       SumYobs      SumYcal      SumwYobsSQ     Residual    Condition
     0.3851E+05    0.4655E+06    0.4593E+06    0.4655E+06     5936.        0.2328E+18


 => Conventional Rietveld Rp,Rwp,Re and Chi2:   11.1      13.9      11.2      1.532    
 => (Values obtained using Ynet, but true sigma(y))
 =>  SumYnet, Sum(w Ynet**2):     0.3462E+06    0.3088E+06


 ==> RELIABILITY FACTORS FOR POINTS WITH BRAGG CONTRIBUTIONS FOR PATTERN:  1

 => R-Factors:   8.22      11.3     Chi2:  1.53     DW-Stat.:  1.5242   Patt#:
 => Expected :            9.09                                1.9065
 => Deviance : 0.576E+04     Dev*:   1.540    
 => GoF-index:  1.2         Sqrt(Residual/N)
 => N-P+C:  3726

 =>    SumYdif       SumYobs      SumYcal      SumwYobsSQ     Residual    Condition
     0.3706E+05    0.4506E+06    0.4448E+06    0.4506E+06     5712.        0.2328E+18


 => Conventional Rietveld Rp,Rwp,Re and Chi2:   10.7      13.6      11.0      1.533    
 => (Values obtained using Ynet, but true sigma(y))
 =>  SumYnet, Sum(w Ynet**2):     0.3457E+06    0.3086E+06


 => Global user-weigthed Chi2 (Bragg contrib.):   1.53    

 => ---------> Pattern#  1
 => Phase:  1
 =>    Bragg R-factor:  5.06    
 =>    RF-factor     :  3.01    
 ++++++++++++++++++++++++++++++++++++++++++++++++++++++++++++++++++++++++++++++++++++++++++++++++++++++++++++++++++++++++

 => CYCLE No.:    7
 ---------------------------------------------------------------------------------------
 => Phase  1 Name: Cr2O3                                                                 
 ---------------------------------------------------------------------------------------
 => New parameters, shifts, and standard deviations

 Atom        x       dx      sx       y       dy      sy       z       dz      sz       B       dB      sB      occ.    docc.   socc.

 Cr       0.00000 0.00000 0.00000  0.00000 0.00000 0.00000  0.34739 0.00000 0.00005  0.21038-0.00040 0.01241  0.33333 0.00000 0.00000
 O        0.30633 0.00000 0.00039  0.00000 0.00000 0.00000  0.25000 0.00000 0.00000  0.21038-0.00040 0.01241  0.50000 0.00000 0.00000

 ==> PROFILE PARAMETERS FOR PATTERN#  1

 => Overall scale factor:      0.000639703    -0.000000010     0.000002326
 => Eta(p-Voigt) or m(Pearson VII):   0.000000  0.000000  0.000000
 => Overall tem. factor:     0.000000    0.000000    0.000000
 => Halfwidth parameters: 
         0.004391    0.000000    0.000000
        -0.000389    0.000000    0.000000
         0.009813    0.000000    0.000000
 => Cell parameters: 
        4.958856    0.000001    0.000021
        4.958856    0.000001    0.000021
       13.593941    0.000000    0.000092
       90.000000    0.000000    0.000000
       90.000000    0.000000    0.000000
      120.000000    0.000000    0.000000
 => Preferred orientation: 
         1.000000    0.000000    0.000000
         1.000000    0.000000    0.000000
 => Asymmetry parameters: 
         0.000000    0.000000    0.000000
         0.000000    0.000000    0.000000
         0.000000    0.000000    0.000000
         0.000000    0.000000    0.000000
 => X and Y parameters: 
         0.122257    0.000614    0.001335
         0.024757   -0.000119    0.000577
 => Strain parameters: 
         0.000000    0.000000    0.000000
         0.000000    0.000000    0.000000
         0.000000    0.000000    0.000000
 => Size   parameters (G,L): 
         0.000040    0.000000    0.000000
         0.000000    0.000000    0.000000
 => Further shape parameters (S_L and D_L): 
       0.000000  0.000000  0.000000
       0.000000  0.000000  0.000000

 ==> GLOBAL PARAMETERS FOR PATTERN#  1


 => Zero-point:     0.0000    0.0000    0.0000
 => Background Polynomial Parameters ==>
       15.711    -0.53389E-02 0.21581    
      -12.760     0.56770E-03  1.2085    
       32.203      0.0000      0.0000    
       186.33      0.0000      0.0000    
       102.35      0.0000      0.0000    
      -525.42      0.0000      0.0000    

 => Cos( theta)-shift parameter :   0.0924 -0.0000  0.0004
 => Sin(2theta)-shift parameter :   0.0000  0.0000  0.0000

 ==> RELIABILITY FACTORS WITH ALL NON-EXCLUDED POINTS FOR PATTERN:  1

 => R-Factors:   8.27      11.3     Chi2:  1.53     DW-Stat.:  1.4684   Patt#:  1
 => Expected :            9.12                                1.9082
 => Deviance : 0.599E+04     Dev*:   1.538    
 => GoF-index:  1.2         Sqrt(Residual/N)
 => N-P+C:  3875

 =>    SumYdif       SumYobs      SumYcal      SumwYobsSQ     Residual    Condition
     0.3851E+05    0.4655E+06    0.4593E+06    0.4655E+06     5934.        0.2313E+18


 => Conventional Rietveld Rp,Rwp,Re and Chi2:   11.1      13.9      11.2      1.531    
 => (Values obtained using Ynet, but true sigma(y))
 =>  SumYnet, Sum(w Ynet**2):     0.3462E+06    0.3089E+06


 ==> RELIABILITY FACTORS FOR POINTS WITH BRAGG CONTRIBUTIONS FOR PATTERN:  1

 => R-Factors:   8.23      11.3     Chi2:  1.53     DW-Stat.:  1.5259   Patt#:
 => Expected :            9.09                                1.9065
 => Deviance : 0.576E+04     Dev*:   1.538    
 => GoF-index:  1.2         Sqrt(Residual/N)
 => N-P+C:  3726

 =>    SumYdif       SumYobs      SumYcal      SumwYobsSQ     Residual    Condition
     0.3706E+05    0.4506E+06    0.4448E+06    0.4506E+06     5711.        0.2313E+18


 => Conventional Rietveld Rp,Rwp,Re and Chi2:   10.7      13.6      11.0      1.533    
 => (Values obtained using Ynet, but true sigma(y))
 =>  SumYnet, Sum(w Ynet**2):     0.3457E+06    0.3086E+06


 => Global user-weigthed Chi2 (Bragg contrib.):   1.53    

 => ---------> Pattern#  1
 => Phase:  1
 =>    Bragg R-factor:  5.06    
 =>    RF-factor     :  3.01    
 ++++++++++++++++++++++++++++++++++++++++++++++++++++++++++++++++++++++++++++++++++++++++++++++++++++++++++++++++++++++++

 => CYCLE No.:    8
 ---------------------------------------------------------------------------------------
 => Phase  1 Name: Cr2O3                                                                 
 ---------------------------------------------------------------------------------------
 => New parameters, shifts, and standard deviations

 Atom        x       dx      sx       y       dy      sy       z       dz      sz       B       dB      sB      occ.    docc.   socc.

 Cr       0.00000 0.00000 0.00000  0.00000 0.00000 0.00000  0.34739 0.00000 0.00005  0.21014-0.00024 0.01241  0.33333 0.00000 0.00000
 O        0.30633 0.00000 0.00039  0.00000 0.00000 0.00000  0.25000 0.00000 0.00000  0.21014-0.00024 0.01241  0.50000 0.00000 0.00000

 ==> PROFILE PARAMETERS FOR PATTERN#  1

 => Overall scale factor:      0.000639697    -0.000000006     0.000002326
 => Eta(p-Voigt) or m(Pearson VII):   0.000000  0.000000  0.000000
 => Overall tem. factor:     0.000000    0.000000    0.000000
 => Halfwidth parameters: 
         0.004391    0.000000    0.000000
        -0.000389    0.000000    0.000000
         0.009813    0.000000    0.000000
 => Cell parameters: 
        4.958857    0.000001    0.000021
        4.958857    0.000001    0.000021
       13.593940   -0.000001    0.000092
       90.000000    0.000000    0.000000
       90.000000    0.000000    0.000000
      120.000000    0.000000    0.000000
 => Preferred orientation: 
         1.000000    0.000000    0.000000
         1.000000    0.000000    0.000000
 => Asymmetry parameters: 
         0.000000    0.000000    0.000000
         0.000000    0.000000    0.000000
         0.000000    0.000000    0.000000
         0.000000    0.000000    0.000000
 => X and Y parameters: 
         0.122609    0.000352    0.001337
         0.024663   -0.000095    0.000578
 => Strain parameters: 
         0.000000    0.000000    0.000000
         0.000000    0.000000    0.000000
         0.000000    0.000000    0.000000
 => Size   parameters (G,L): 
         0.000040    0.000000    0.000000
         0.000000    0.000000    0.000000
 => Further shape parameters (S_L and D_L): 
       0.000000  0.000000  0.000000
       0.000000  0.000000  0.000000

 ==> GLOBAL PARAMETERS FOR PATTERN#  1


 => Zero-point:     0.0000    0.0000    0.0000
 => Background Polynomial Parameters ==>
       15.707    -0.32015E-02 0.21583    
      -12.760    -0.23793E-04  1.2086    
       32.203      0.0000      0.0000    
       186.33      0.0000      0.0000    
       102.35      0.0000      0.0000    
      -525.42      0.0000      0.0000    

 => Cos( theta)-shift parameter :   0.0924 -0.0000  0.0004
 => Sin(2theta)-shift parameter :   0.0000  0.0000  0.0000

 ==> RELIABILITY FACTORS WITH ALL NON-EXCLUDED POINTS FOR PATTERN:  1

 => R-Factors:   8.28      11.3     Chi2:  1.53     DW-Stat.:  1.4690   Patt#:  1
 => Expected :            9.12                                1.9082
 => Deviance : 0.598E+04     Dev*:   1.537    
 => GoF-index:  1.2         Sqrt(Residual/N)
 => N-P+C:  3875

 =>    SumYdif       SumYobs      SumYcal      SumwYobsSQ     Residual    Condition
     0.3852E+05    0.4655E+06    0.4593E+06    0.4655E+06     5934.        0.2306E+18


 => Conventional Rietveld Rp,Rwp,Re and Chi2:   11.1      13.9      11.2      1.531    
 => (Values obtained using Ynet, but true sigma(y))
 =>  SumYnet, Sum(w Ynet**2):     0.3462E+06    0.3089E+06


 ==> RELIABILITY FACTORS FOR POINTS WITH BRAGG CONTRIBUTIONS FOR PATTERN:  1

 => R-Factors:   8.23      11.3     Chi2:  1.53     DW-Stat.:  1.5265   Patt#:
 => Expected :            9.09                                1.9065
 => Deviance : 0.575E+04     Dev*:   1.537    
 => GoF-index:  1.2         Sqrt(Residual/N)
 => N-P+C:  3726

 =>    SumYdif       SumYobs      SumYcal      SumwYobsSQ     Residual    Condition
     0.3707E+05    0.4506E+06    0.4448E+06    0.4506E+06     5711.        0.2306E+18


 => Conventional Rietveld Rp,Rwp,Re and Chi2:   10.7      13.6      11.0      1.533    
 => (Values obtained using Ynet, but true sigma(y))
 =>  SumYnet, Sum(w Ynet**2):     0.3457E+06    0.3087E+06


 => Global user-weigthed Chi2 (Bragg contrib.):   1.53    

 => ---------> Pattern#  1
 => Phase:  1
 =>    Bragg R-factor:  5.06    
 =>    RF-factor     :  3.01    


   Standard deviations have to be multiplied by: 1.5993
   (correlated residuals) See references:
  -J.F.Berar & P.Lelann, J. Appl. Cryst. 24, 1-5 (1991) 
  -J.F.Berar, Acc. in Pow. Diff. II,NIST Sp.Pub. 846, 63(1992) 

 ++++++++++++++++++++++++++++++++++++++++++++++++++++++++++++++++++++++++++++++++++++++++++++++++++++++++++++++++++++++++

 => CYCLE No.:    8
 =>  Convergence reached at this CYCLE !!!!
 =>  Parameter shifts set to zero
 ---------------------------------------------------------------------------------------
 => Phase  1 Name: Cr2O3                                                                 
 ---------------------------------------------------------------------------------------
 => New parameters, shifts, and standard deviations

 Atom        x       dx      sx       y       dy      sy       z       dz      sz       B       dB      sB      occ.    docc.   socc.

 Cr       0.00000 0.00000 0.00000  0.00000 0.00000 0.00000  0.34739 0.00000 0.00005  0.21014 0.00000 0.01241  0.33333 0.00000 0.00000
 O        0.30633 0.00000 0.00039  0.00000 0.00000 0.00000  0.25000 0.00000 0.00000  0.21014 0.00000 0.01241  0.50000 0.00000 0.00000

 ==> PROFILE PARAMETERS FOR PATTERN#  1

 => Overall scale factor:      0.000639697     0.000000000     0.000002326
 => Eta(p-Voigt) or m(Pearson VII):   0.000000  0.000000  0.000000
 => Overall tem. factor:     0.000000    0.000000    0.000000
 => Halfwidth parameters: 
         0.004391    0.000000    0.000000
        -0.000389    0.000000    0.000000
         0.009813    0.000000    0.000000
 => Cell parameters: 
        4.958857    0.000000    0.000021
        4.958857    0.000000    0.000021
       13.593940    0.000000    0.000092
       90.000000    0.000000    0.000000
       90.000000    0.000000    0.000000
      120.000000    0.000000    0.000000
 => Preferred orientation: 
         1.000000    0.000000    0.000000
         1.000000    0.000000    0.000000
 => Asymmetry parameters: 
         0.000000    0.000000    0.000000
         0.000000    0.000000    0.000000
         0.000000    0.000000    0.000000
         0.000000    0.000000    0.000000
 => X and Y parameters: 
         0.122609    0.000000    0.001337
         0.024663    0.000000    0.000578
 => Strain parameters: 
         0.000000    0.000000    0.000000
         0.000000    0.000000    0.000000
         0.000000    0.000000    0.000000
 => Size   parameters (G,L): 
         0.000040    0.000000    0.000000
         0.000000    0.000000    0.000000
 => Further shape parameters (S_L and D_L): 
       0.000000  0.000000  0.000000
       0.000000  0.000000  0.000000

 ==> GLOBAL PARAMETERS FOR PATTERN#  1


 => Zero-point:     0.0000    0.0000    0.0000
 => Background Polynomial Parameters ==>
       15.707      0.0000     0.21583    
      -12.760      0.0000      1.2086    
       32.203      0.0000      0.0000    
       186.33      0.0000      0.0000    
       102.35      0.0000      0.0000    
      -525.42      0.0000      0.0000    

 => Cos( theta)-shift parameter :   0.0924  0.0000  0.0004
 => Sin(2theta)-shift parameter :   0.0000  0.0000  0.0000

 ==> RELIABILITY FACTORS WITH ALL NON-EXCLUDED POINTS FOR PATTERN:  1

 => R-Factors:   8.28      11.3     Chi2:  1.53     DW-Stat.:  1.4690   Patt#:  1
 => Expected :            9.12                                1.9082
 => Deviance : 0.598E+04     Dev*:   1.537    
 => GoF-index:  1.2         Sqrt(Residual/N)
 => N-P+C:  3875

 =>    SumYdif       SumYobs      SumYcal      SumwYobsSQ     Residual    Condition
     0.3852E+05    0.4655E+06    0.4593E+06    0.4655E+06     5934.        0.2306E+18


 => Conventional Rietveld Rp,Rwp,Re and Chi2:   11.1      13.9      11.2      1.531    
 => (Values obtained using Ynet, but true sigma(y))
 =>  SumYnet, Sum(w Ynet**2):     0.3462E+06    0.3089E+06

 => N-sigma of the GoF:       23.390

 ==> RELIABILITY FACTORS FOR POINTS WITH BRAGG CONTRIBUTIONS FOR PATTERN:  1

 => R-Factors:   8.23      11.3     Chi2:  1.53     DW-Stat.:  1.5265   Patt#:
 => Expected :            9.09                                1.9065
 => Deviance : 0.575E+04     Dev*:   1.537    
 => GoF-index:  1.2         Sqrt(Residual/N)
 => N-P+C:  3726

 =>    SumYdif       SumYobs      SumYcal      SumwYobsSQ     Residual    Condition
     0.3707E+05    0.4506E+06    0.4448E+06    0.4506E+06     5711.        0.2306E+18


 => Conventional Rietveld Rp,Rwp,Re and Chi2:   10.7      13.6      11.0      1.533    
 => (Values obtained using Ynet, but true sigma(y))
 =>  SumYnet, Sum(w Ynet**2):     0.3457E+06    0.3087E+06

 => N-sigma of the GoF:       22.989

 => Global user-weigthed Chi2 (Bragg contrib.):   1.59    

 => ---------> Pattern#  1
 => Phase:  1
 =>    Bragg R-factor:  5.06    
 =>    RF-factor     :  3.01    


 => Parameters with Correlation greater that 50% ==>
 -> Correlation of parameter:                                     Scale_ph1_pat1      with:                                        Biso_Cr_ph1  ->   74%
 -> Correlation of parameter:                                         Bck_1_pat1      with:                                         Bck_5_pat1  ->   74%
 -> Correlation of parameter:                                         Bck_4_pat1      with:                                         Bck_5_pat1  ->   54%

 --------------------------------------------------------------------------------------------------------------
 Pattern#  1 Phase No.:   1 Phase name: Cr2O3                         
 --------------------------------------------------------------------------------------------------------------

     -----------------------------------------------------
     BRAGG R-Factors and weight fractions for Pattern #  1
     -----------------------------------------------------

 => Phase:  1     Cr2O3
 => Bragg R-factor:   5.06       Vol:  289.494( 0.003)  Fract(%):  100.00( 0.51)
 => Rf-factor=  3.01             ATZ:         911.926   Brindley:  1.0000

     -----------------------------------------------------------------
      SYMBOLIC NAMES AND FINAL VALUES AND SIGMA OF REFINED PARAMETERS:
     -----------------------------------------------------------------

      ->  Parameter number    1 :                                     Scale_ph1_pat1    0.63969725E-03( +/-    0.23263781E-05 )
      ->  Parameter number    2 :                                         SyCos_pat1    0.92350118E-01( +/-    0.43855701E-03 )
      ->  Parameter number    3 :                                    Cell_A_ph1_pat1     4.9588571    ( +/-    0.20816004E-04 )
      ->  Parameter number    4 :                                    Cell_C_ph1_pat1     13.593940    ( +/-    0.91841852E-04 )
      ->  Parameter number    5 :                                     Y-cos_ph1_pat1    0.24662826E-01( +/-    0.57778321E-03 )
      ->  Parameter number    6 :                                     X-tan_ph1_pat1    0.12260852    ( +/-    0.13374453E-02 )
      ->  Parameter number    7 :                                         Bck_3_pat1     0.0000000    ( +/-     0.0000000     )
      ->  Parameter number    8 :                                         Bck_2_pat1     0.0000000    ( +/-     0.0000000     )
      ->  Parameter number    9 :                                         Bck_0_pat1     15.707417    ( +/-    0.21582772     )
      ->  Parameter number   10 :                                        Biso_Cr_ph1    0.21014401    ( +/-    0.12411999E-01 )
      ->  Parameter number   11 :                                         Bck_1_pat1    -12.759553    ( +/-     1.2085533     )
      ->  Parameter number   12 :                                         Bck_4_pat1     0.0000000    ( +/-     0.0000000     )
      ->  Parameter number   13 :                                         Bck_5_pat1     0.0000000    ( +/-     0.0000000     )
      ->  Parameter number   14 :                                           Z_Cr_ph1    0.34738931    ( +/-    0.51435996E-04 )
      ->  Parameter number   15 :                                            X_O_ph1    0.30633330    ( +/-    0.39496392E-03 )

 ------------------------------------------------------------------
 => Number of bytes for floating point variables: 4
 => Dimensions of dynamic allocated arrays in this run of FullProf:
 ------------------------------------------------------------------

 => Total approximate array memory (dynamic + static): 128536605 bytes

    MaxPOINT=    60000 Max.num. of points(+int. Inten.)/diffraction pattern       
    MaxREFLT=    20000 Max.num. of reflections/diffraction pattern               
    MaxPARAM=      300 Max.num. of refinable parameters                          
    MaxOVERL=    18096 Max.num. of overlapping reflections                       

 ----------------------------------------------------------
 => Number of bytes for floating point arrays: 4
 => Dimensions of fixed arrays in this release of FullProf:
 ----------------------------------------------------------

    NPATT   =       80 Max.num. of powder diffraction patterns                    
    NATS    =      830 Max.num. of atoms (all kind) in asymmetric unit            
    MPAR    =     1800 Max.num. of non atomic parameters/phase                    
    IEXCL   =       30 Max.num. of excluded regions                               
    IBACP   =      377 Max.num. of background points for interpolation            
    NPHT    =       16 Max.num. of phases                                         
    NMAGM   =        8 Max.num. of rotation-matrices sets for magnetic structure  
    NBASIS  =       12 Max.num. of basis functions associated to a single atom    
    NIREPS  =        9 Max.num. of irreducible representations to be combined     
    N_EQ    =      384 Max.num. of user-supplied symmetry operators/propagation vectors
    NGL     =      400 Max.num. of global parameters/diffraction pattern          
    N_LINC  =       50 Max.num. of global linear restraints                        
    NAT_P   =       80 Max.num. of atomic parameters per atom                     
    NCONST  =      500 Max.num. of slack constraints per phase                    
    N_SPE   =       30 Max.num. of different chemical species                     
    N_FORM  =       60 Max.num. of scattering factor values in a table            
    NPR     =      150 Max.num. of points defining a numerical profile            
    INPR    =       25 Max.num. of different numerical peak shapes                
    NPRC    =      150 Max.num. of terms in the table for correcting intensities  
    NSOL    =       10 Max.num. of solutions to be stored in Montecarlo searchs   

 
              CPU Time:     2.219 seconds
                            0.037 minutes

 => Run finished at:     Date: 25/10/2022  Time: 14:53:57.673                              
