

        **********************************************************
        ** PROGRAM FullProf.2k (Version 7.20 - Oct2019-ILL JRC) **
        **********************************************************
                       M U L T I -- P A T T E R N                 
            Rietveld, Profile Matching & Integrated Intensity     
                 Refinement of X-ray and/or Neutron Data


    Date: 27/10/2021  Time: 12:52:15.247                              

 => PCR file code: magnetyt_raw
 => DAT file code: magnetyt_raw.xrdml   -> Relative contribution: 1.0000                                                            

 ==> CONDITIONS OF THIS RUN FOR PATTERN No.:  1

 => Global Refinement of X-ray powder diffraction data                                                                              
 => Global Refinement of X-ray powder diffraction data                                                                              
    Bragg-Brentano(X-rays) or Debye-Scherrer geometry(Neutrons)
 => Title: Fe3O4

 => Number of phases:    1
 => Number of excluded regions:    1
 => Number of scattering factors supplied:    0
 => March-Dollase model for preferred orientation
 => Conventional weights: w=1.0/Variance(yobs)
 => Asymmetry correction as in J.Appl.Cryst. 26,128(1993)
 => Background refined by polynomial function
 => The    7th default profile function was selected
 => T-C-H Pseudo-Voigt function 
    This function is convoluted with asymmetry due to axial 
    divergence as formulated by: 
    van Laar and Yelon, J. Appl. Cryst. 17, 47(1984).
    and using the method of:
    Finger, Cox and Jephcoat, J. Appl. Cryst. 27, 892 (1994).
    Fortran 90 module adapted from function PROFVAL (in F77) : 
    L.W. Finger, J. Appl. Cryst. 31, 111 (1998).


 ==> INPUT/OUTPUT OPTIONS:

 => Generate bacground file *.bac
 => Generate file *.PRF for plot
 => Output Correlation Matrix
 => Generate new input file *.PCR
 => Plot pattern at each cycle
 => Wavelengths:  1.54060 1.54439
 => Alpha2/Alpha1 ratio:   0.5000
 => Cos(Monochromator angle)=   0.9000
 => Asymmetry correction for angles lower than   90.000 degrees
 => Absorption correction (AC), muR-eff =   0.0000  0.0000
 => Base of peaks: 2.0*HW*   25.00

 => Number of cycles:   10
 => Relaxation factors ==>    for coordinates:  0.90
 => for anisotropic temperature factors:  0.90
 => for halfwidth/strain/size parameters:  0.90
 => for lattice constants and propagation vectors:  0.90
 => EPS-value for convergence:    0.3

 => Excluded regions for Pattern#  1
    From     to
      0.0000     15.0000

 => Number of Least-Squares parameters varied:    13

 =>--------------------------->
 =>------->  PATTERN number:  1
 =>--------------------------->
 => Global parameters and codes ==>
 => Zero-point:     0.0000    0.0000
 => Background parameters and codes ==>
 => Origin of polynomial at 2theta/TOF/E(KeV):   90.000  
  9.6240     -1.3210      159.19      624.54      695.43      0.0000    
       61.00       91.00      101.00      111.00      121.00        0.00
 => Displacement peak-shift parameter and code:    -0.01   21.00
 => Transparency peak-shift parameter and code:     0.00    0.00

 => Reading Intensity data  =>>

      Data from PANalytical formats
      Extension:  .xrdml
 ==> Angular range, step and number of points:
     2Thmin:      10.016711  2Thmax:      99.990181  Step:       0.033423  No. of points:   2693
 --------------------------------------------------------------------------------
 => Phase  No. 1
      Fe3O4                                                                 
 --------------------------------------------------------------------------------
 => Schakal File (*.sch) is output for phase: 1
 =>-------> Pattern#  1
 => Crystal Structure Refinement
 => Preferred orientation vector:   1.0000  0.0000  1.0000

 =>-------> Data for PHASE: 1
 => Number of atoms:    3
 => Number of distance  constraints:    0
 => Number of angle     constraints:    0

 => Symmetry information on space group: 227:2               
 -> The multiplicity of the general position is: 192
 -> The space group is Centric (-1 at origin)   
 -> Lattice type  F: { 000;  0  1/2 1/2; 1/2  0  1/2; 1/2 1/2  0 }+
 -> Reduced set of symmetry operators:

  No.  IT   Symmetry symbol    Rotation part     Associated Translation
   1: ( 1)   1            -->     ( x, y, z) + {  0.0000  0.0000  0.0000}
   2: (16)  4+ ( 0, 0, z) -->     (-y, x, z) + {  0.0000  0.2500  0.2500}
   3: ( 4)   2 ( x, 0, 0) -->     ( x,-y,-z) + {  0.0000  0.2500  0.2500}
   4: ( 5)  3+ ( x, x, x) -->     ( z, x, y) + {  0.0000  0.0000  0.0000}
   5: ( 2)   2 ( 0, 0, z) -->     (-x,-y, z) + {  0.2500  0.2500  0.0000}
   6: (13)   2 ( x, x, 0) -->     ( y, x,-z) + {  0.2500  0.2500  0.0000}
   7: (18)   2 ( 0, y, y) -->     (-x, z, y) + {  0.0000  0.2500  0.2500}
   8: ( 6)  3+ (-x, x,-x) -->     ( z,-x,-y) + {  0.0000  0.2500  0.2500}
   9: ( 9)  3- ( x, x, x) -->     ( y, z, x) + {  0.0000  0.0000  0.0000}
  10: (15)  4- ( 0, 0, z) -->     ( y,-x, z) + {  0.2500  0.0000  0.2500}
  11: ( 3)   2 ( 0, y, 0) -->     (-x, y,-z) + {  0.2500  0.0000  0.2500}
  12: ( 7)  3+ ( x,-x,-x) -->     (-z,-x, y) + {  0.2500  0.2500  0.0000}
  13: (17)  4- ( x, 0, 0) -->     ( x, z,-y) + {  0.2500  0.2500  0.0000}
  14: (23)  4- ( 0, y, 0) -->     (-z, y, x) + {  0.0000  0.2500  0.2500}
  15: (19)   2 ( 0, y,-y) -->     (-x,-z,-y) + {  0.0000  0.0000  0.0000}
  16: (11)  3- (-x,-x, x) -->     ( y,-z,-x) + {  0.0000  0.2500  0.2500}
  17: (10)  3- ( x,-x,-x) -->     (-y, z,-x) + {  0.2500  0.0000  0.2500}
  18: (14)   2 ( x,-x, 0) -->     (-y,-x,-z) + {  0.0000  0.0000  0.0000}
  19: (20)  4+ ( x, 0, 0) -->     ( x,-z, y) + {  0.2500  0.0000  0.2500}
  20: ( 8)  3+ (-x,-x, x) -->     (-z, x,-y) + {  0.2500  0.0000  0.2500}
  21: (12)  3- (-x, x,-x) -->     (-y,-z, x) + {  0.2500  0.2500  0.0000}
  22: (21)  4+ ( 0, y, 0) -->     ( z, y,-x) + {  0.2500  0.2500  0.0000}
  23: (24)   2 (-x, 0, x) -->     (-z,-y,-x) + {  0.0000  0.0000  0.0000}
  24: (22)   2 ( x, 0, x) -->     ( z,-y, x) + {  0.2500  0.0000  0.2500}
  25: ( 1)   1            -->     ( x, y, z) + {  0.5000  0.5000  0.0000}
  26: (16)  4+ ( 0, 0, z) -->     (-y, x, z) + {  0.5000  0.7500  0.2500}
  27: ( 4)   2 ( x, 0, 0) -->     ( x,-y,-z) + {  0.5000  0.7500  0.2500}
  28: ( 5)  3+ ( x, x, x) -->     ( z, x, y) + {  0.5000  0.5000  0.0000}
  29: ( 2)   2 ( 0, 0, z) -->     (-x,-y, z) + {  0.7500  0.7500  0.0000}
  30: (13)   2 ( x, x, 0) -->     ( y, x,-z) + {  0.7500  0.7500  0.0000}
  31: (18)   2 ( 0, y, y) -->     (-x, z, y) + {  0.5000  0.7500  0.2500}
  32: ( 6)  3+ (-x, x,-x) -->     ( z,-x,-y) + {  0.5000  0.7500  0.2500}
  33: ( 9)  3- ( x, x, x) -->     ( y, z, x) + {  0.5000  0.5000  0.0000}
  34: (15)  4- ( 0, 0, z) -->     ( y,-x, z) + {  0.7500  0.5000  0.2500}
  35: ( 3)   2 ( 0, y, 0) -->     (-x, y,-z) + {  0.7500  0.5000  0.2500}
  36: ( 7)  3+ ( x,-x,-x) -->     (-z,-x, y) + {  0.7500  0.7500  0.0000}
  37: (17)  4- ( x, 0, 0) -->     ( x, z,-y) + {  0.7500  0.7500  0.0000}
  38: (23)  4- ( 0, y, 0) -->     (-z, y, x) + {  0.5000  0.7500  0.2500}
  39: (19)   2 ( 0, y,-y) -->     (-x,-z,-y) + {  0.5000  0.5000  0.0000}
  40: (11)  3- (-x,-x, x) -->     ( y,-z,-x) + {  0.5000  0.7500  0.2500}
  41: (10)  3- ( x,-x,-x) -->     (-y, z,-x) + {  0.7500  0.5000  0.2500}
  42: (14)   2 ( x,-x, 0) -->     (-y,-x,-z) + {  0.5000  0.5000  0.0000}
  43: (20)  4+ ( x, 0, 0) -->     ( x,-z, y) + {  0.7500  0.5000  0.2500}
  44: ( 8)  3+ (-x,-x, x) -->     (-z, x,-y) + {  0.7500  0.5000  0.2500}
  45: (12)  3- (-x, x,-x) -->     (-y,-z, x) + {  0.7500  0.7500  0.0000}
  46: (21)  4+ ( 0, y, 0) -->     ( z, y,-x) + {  0.7500  0.7500  0.0000}
  47: (24)   2 (-x, 0, x) -->     (-z,-y,-x) + {  0.5000  0.5000  0.0000}
  48: (22)   2 ( x, 0, x) -->     ( z,-y, x) + {  0.7500  0.5000  0.2500}
  49: ( 1)   1            -->     ( x, y, z) + {  0.5000  0.0000  0.5000}
  50: (16)  4+ ( 0, 0, z) -->     (-y, x, z) + {  0.5000  0.2500  0.7500}
  51: ( 4)   2 ( x, 0, 0) -->     ( x,-y,-z) + {  0.5000  0.2500  0.7500}
  52: ( 5)  3+ ( x, x, x) -->     ( z, x, y) + {  0.5000  0.0000  0.5000}
  53: ( 2)   2 ( 0, 0, z) -->     (-x,-y, z) + {  0.7500  0.2500  0.5000}
  54: (13)   2 ( x, x, 0) -->     ( y, x,-z) + {  0.7500  0.2500  0.5000}
  55: (18)   2 ( 0, y, y) -->     (-x, z, y) + {  0.5000  0.2500  0.7500}
  56: ( 6)  3+ (-x, x,-x) -->     ( z,-x,-y) + {  0.5000  0.2500  0.7500}
  57: ( 9)  3- ( x, x, x) -->     ( y, z, x) + {  0.5000  0.0000  0.5000}
  58: (15)  4- ( 0, 0, z) -->     ( y,-x, z) + {  0.7500  0.0000  0.7500}
  59: ( 3)   2 ( 0, y, 0) -->     (-x, y,-z) + {  0.7500  0.0000  0.7500}
  60: ( 7)  3+ ( x,-x,-x) -->     (-z,-x, y) + {  0.7500  0.2500  0.5000}
  61: (17)  4- ( x, 0, 0) -->     ( x, z,-y) + {  0.7500  0.2500  0.5000}
  62: (23)  4- ( 0, y, 0) -->     (-z, y, x) + {  0.5000  0.2500  0.7500}
  63: (19)   2 ( 0, y,-y) -->     (-x,-z,-y) + {  0.5000  0.0000  0.5000}
  64: (11)  3- (-x,-x, x) -->     ( y,-z,-x) + {  0.5000  0.2500  0.7500}
  65: (10)  3- ( x,-x,-x) -->     (-y, z,-x) + {  0.7500  0.0000  0.7500}
  66: (14)   2 ( x,-x, 0) -->     (-y,-x,-z) + {  0.5000  0.0000  0.5000}
  67: (20)  4+ ( x, 0, 0) -->     ( x,-z, y) + {  0.7500  0.0000  0.7500}
  68: ( 8)  3+ (-x,-x, x) -->     (-z, x,-y) + {  0.7500  0.0000  0.7500}
  69: (12)  3- (-x, x,-x) -->     (-y,-z, x) + {  0.7500  0.2500  0.5000}
  70: (21)  4+ ( 0, y, 0) -->     ( z, y,-x) + {  0.7500  0.2500  0.5000}
  71: (24)   2 (-x, 0, x) -->     (-z,-y,-x) + {  0.5000  0.0000  0.5000}
  72: (22)   2 ( x, 0, x) -->     ( z,-y, x) + {  0.7500  0.0000  0.7500}
  73: ( 1)   1            -->     ( x, y, z) + {  0.0000  0.5000  0.5000}
  74: (16)  4+ ( 0, 0, z) -->     (-y, x, z) + {  0.0000  0.7500  0.7500}
  75: ( 4)   2 ( x, 0, 0) -->     ( x,-y,-z) + {  0.0000  0.7500  0.7500}
  76: ( 5)  3+ ( x, x, x) -->     ( z, x, y) + {  0.0000  0.5000  0.5000}
  77: ( 2)   2 ( 0, 0, z) -->     (-x,-y, z) + {  0.2500  0.7500  0.5000}
  78: (13)   2 ( x, x, 0) -->     ( y, x,-z) + {  0.2500  0.7500  0.5000}
  79: (18)   2 ( 0, y, y) -->     (-x, z, y) + {  0.0000  0.7500  0.7500}
  80: ( 6)  3+ (-x, x,-x) -->     ( z,-x,-y) + {  0.0000  0.7500  0.7500}
  81: ( 9)  3- ( x, x, x) -->     ( y, z, x) + {  0.0000  0.5000  0.5000}
  82: (15)  4- ( 0, 0, z) -->     ( y,-x, z) + {  0.2500  0.5000  0.7500}
  83: ( 3)   2 ( 0, y, 0) -->     (-x, y,-z) + {  0.2500  0.5000  0.7500}
  84: ( 7)  3+ ( x,-x,-x) -->     (-z,-x, y) + {  0.2500  0.7500  0.5000}
  85: (17)  4- ( x, 0, 0) -->     ( x, z,-y) + {  0.2500  0.7500  0.5000}
  86: (23)  4- ( 0, y, 0) -->     (-z, y, x) + {  0.0000  0.7500  0.7500}
  87: (19)   2 ( 0, y,-y) -->     (-x,-z,-y) + {  0.0000  0.5000  0.5000}
  88: (11)  3- (-x,-x, x) -->     ( y,-z,-x) + {  0.0000  0.7500  0.7500}
  89: (10)  3- ( x,-x,-x) -->     (-y, z,-x) + {  0.2500  0.5000  0.7500}
  90: (14)   2 ( x,-x, 0) -->     (-y,-x,-z) + {  0.0000  0.5000  0.5000}
  91: (20)  4+ ( x, 0, 0) -->     ( x,-z, y) + {  0.2500  0.5000  0.7500}
  92: ( 8)  3+ (-x,-x, x) -->     (-z, x,-y) + {  0.2500  0.5000  0.7500}
  93: (12)  3- (-x, x,-x) -->     (-y,-z, x) + {  0.2500  0.7500  0.5000}
  94: (21)  4+ ( 0, y, 0) -->     ( z, y,-x) + {  0.2500  0.7500  0.5000}
  95: (24)   2 (-x, 0, x) -->     (-z,-y,-x) + {  0.0000  0.5000  0.5000}
  96: (22)   2 ( x, 0, x) -->     ( z,-y, x) + {  0.2500  0.5000  0.7500}


        Information on Space Group: 
        --------------------------- 

 =>   Number of Space group: 227
 =>  Hermann-Mauguin Symbol: F d -3 m
 =>             Hall Symbol: -F 4vw 2vw 3
 =>            Setting Type: Generated from Hall symbol
 =>          Crystal System: Cubic
 =>              Laue Class: m-3m
 =>             Point Group: m-3m
 =>         Bravais Lattice: F
 =>          Lattice Symbol: cF
 =>  Reduced Number of S.O.:  24
 =>    General multiplicity: 192
 =>          Centrosymmetry: Centric (-1 at origin)
 =>  Generators (exc. -1&L):   3
 =>         Asymmetric unit: -0.125 <= x <=  0.375
                             -0.125 <= y <=  0.000
                             -0.250 <= z <=  0.000

 => List of S.O. without inversion and lattice centring translations
 => SYMM(  1): x,y,z                               => SYMM(  2): -y,x+1/4,z+1/4
 => SYMM(  3): x,-y+1/4,-z+1/4                     => SYMM(  4): z,x,y
 => SYMM(  5): -x+1/4,-y+1/4,z                     => SYMM(  6): y+1/4,x+1/4,-z
 => SYMM(  7): -x,z+1/4,y+1/4                      => SYMM(  8): z,-x+1/4,-y+1/4
 => SYMM(  9): y,z,x                               => SYMM( 10): y+1/4,-x,z+1/4
 => SYMM( 11): -x+1/4,y,-z+1/4                     => SYMM( 12): -z+1/4,-x+1/4,y
 => SYMM( 13): x+1/4,z+1/4,-y                      => SYMM( 14): -z,y+1/4,x+1/4
 => SYMM( 15): -x,-z,-y                            => SYMM( 16): y,-z+1/4,-x+1/4
 => SYMM( 17): -y+1/4,z,-x+1/4                     => SYMM( 18): -y,-x,-z
 => SYMM( 19): x+1/4,-z,y+1/4                      => SYMM( 20): -z+1/4,x,-y+1/4
 => SYMM( 21): -y+1/4,-z+1/4,x                     => SYMM( 22): z+1/4,y+1/4,-x
 => SYMM( 23): -z,-y,-x                            => SYMM( 24): z+1/4,-y,x+1/4


 => Initial parameters ==>
 Atom    Ntyp                  X         Y         Z         B         occ.         in  fin  Spc  Mult
                             B11       B22       B33       B12       B13       B23
 Fe1    FE                 0.50000   0.50000   0.50000  -0.36776   0.08333           0    0    0   16
                 Codes:    0.00000   0.00000   0.00000  41.00000   0.00000
 Fe2    FE                 0.12500   0.12500   0.12500  -0.36776   0.04167           0    0    0    8
                 Codes:    0.00000   0.00000   0.00000  41.00000   0.00000
 O      O                  0.25300   0.25300   0.25300  -0.57698   0.16667           0    0    0   32
                 Codes:  131.00000 131.00000 131.00000  81.00000   0.00000

 => IT IS ASSUMED THAT THE FIRST GIVEN SITE IS FULLY OCCUPIED 
    OR THE FIRST AND SECOND ATOMS ARE IN THE SAME SITE WITH TOTAL FULL OCCUPATION
  (If this is not the case, change the order of atoms to obtain correct values for the content of the unit cell)
    The given occupation factors have been obtained mutiplying m/M by   1.0000
      -> Atom: FE  ,  Chemical element: FE  Atomic Mass:    55.8470
      -> Atom: FE  ,  Chemical element: FE  Atomic Mass:    55.8470
      -> Atom: O   ,  Chemical element: O   Atomic Mass:    15.9994
 => The given value of ATZ is       1852.24 the program has calculated:        1852.24
    The value of ATZ given in the input PCR file will be used for quantitative analysis
 => The chemical content of the unit cell is: 
      16.0000 FE   +   8.0010 FE   +  32.0019 O      
 => The normalized site occupation numbers in % are: 
     100.0000 Fe1    :      100.0120 Fe2    :      100.0060 O        
 => The density (volumic mass) of the compound is:    5.197 g/cm3

 =>-------> PROFILE PARAMETERS FOR PATTERN:  1

 => Overall scale factor:   0.176030E-04
 => ETA (p-Voigt) OR M (Pearson VII):   0.0000
 => Overall temperature factor:      0.00000
 => Halfwidth U,V,W:      0.00439    -0.00039     0.00981
 => X and Y parameters:       0.0636      0.0403
 => Direct cell parameters:    8.3963   8.3963   8.3963  90.0000  90.0000  90.0000
 => Preferred orientation parameters:   1.0000  0.0000
 => Asymmetry parameters     :      0.00000     0.00000     0.00000     0.00000
 => Strain parameters        :      0.00000     0.00000     0.00000
 => Size   parameters        :      0.00000     0.00000
 => Further shape parameters (S_L and D_L):   0.00000   0.00000
    S_L is source width/detector distance
    D_L is detector width/detector distance

 ==> CODEWORDS FOR PROFILE PARAMETERS of PATTERN#  1

 => Overall scale factor:   11.000
 => ETA (p-Voigt) OR M (Pearson VII):    0.000
 => Overall temperature factor:    0.000
 => Halfwidth U,V,W:    0.000   0.000   0.000
 => X and Y parameters:   51.000  71.000
 => Direct cell parameters:   31.000  31.000  31.000   0.000   0.000   0.000
 => Preferred orientation parameters:    0.000   0.000
 => Asymmetry parameters     :    0.000   0.000   0.000   0.000
 => Strain parameters        :    0.000   0.000   0.000
 => Size   parameters        :    0.000   0.000

 => Cell constraints according to Laue symmetry: m-3m 

        Metric information:
        -------------------

 => Direct cell parameters:

         a =       8.3963      b =       8.3963      c =       8.3963
     alpha =       90.000   beta =       90.000  gamma =       90.000
                        Direct Cell Volume =     591.9186

 => Reciprocal cell parameters:

         a*=     0.119100      b*=     0.119100      c*=     0.119100
     alpha*=       90.000   beta*=       90.000  gamma*=       90.000
                    Reciprocal Cell Volume =   0.00168942

 => Direct and Reciprocal Metric Tensors:

                   GD                                       GR
     70.4977      0.0000      0.0000          0.014185    0.000000    0.000000
      0.0000     70.4977      0.0000          0.000000    0.014185    0.000000
      0.0000      0.0000     70.4977          0.000000    0.000000    0.014185

 =>  Cartesian frame: z // c; y is in the bc-plane; x is y ^ z = a*  

     Crystal_to_Orthonormal_Matrix              Orthonormal_to_Crystal Matrix
              Cr_Orth_cel                               Orth_Cr_cel  
      8.3963      0.0000      0.0000          0.119100   -0.000000   -0.000000
      0.0000      8.3963      0.0000          0.000000    0.119100   -0.000000
      0.0000      0.0000      8.3963          0.000000    0.000000    0.119100

     Busing-Levy B-matrix: Hc=B.H            Inverse of the Busing-Levy B-matrix
                BL_M                                      BL_Minv  
    0.119100    0.000000    0.000000            8.3963     -0.0000     -0.0000
    0.000000    0.119100   -0.000000            0.0000      8.3963      0.0000
    0.000000    0.000000    0.119100            0.0000      0.0000      8.3963

 => Laue symmetry m-3m  will be used to generate HKL for pattern#   1
 => Reflections generated between S(1/d)min:  0.1131 A-1 and S(1/d)max:  1.0703 A-1
 =>                                    dmax:  8.8452 A   and      dmin:  0.9343 A
 => The number of reflections generated is:     30
 => The max. scatt. variable (gen.ref.) is:       111.0666
 => Scattering coefficients from internal table


 => X-ray scattering coeff. (A1, B1, A2,...C, f(0), Z, Dfp,Dfpp)

 FE     11.7695   4.7611   7.3573   0.3072   3.5222  15.3535   2.3045  76.8805   1.0369  25.9904  26.0000  -1.1790   3.2040
 O       3.0485  13.2771   2.2868   5.7011   1.5463   0.3239   0.8670  32.9089   0.2508   7.9994   8.0000   0.0470   0.0320

     --------------------------------------------------------------
      SYMBOLIC NAMES AND INITIAL VALUES OF PARAMETERS TO BE VARIED:
     --------------------------------------------------------------

      ->  Parameter number    1   -> Symbolic Name:                                     Scale_ph1_pat1    0.17603001E-04
      ->  Parameter number    2   -> Symbolic Name:                                         SyCos_pat1   -0.98099997E-02
      ->  Parameter number    3   -> Symbolic Name:                                    Cell_A_ph1_pat1     8.3962879    
      ->  Parameter number    4   -> Symbolic Name:                                       Biso_Fe1_ph1   -0.36776000    
      ->  Parameter number    5   -> Symbolic Name:                                     X-tan_ph1_pat1    0.63629001E-01
      ->  Parameter number    6   -> Symbolic Name:                                         Bck_0_pat1     9.6239996    
      ->  Parameter number    7   -> Symbolic Name:                                     Y-cos_ph1_pat1    0.40328000E-01
      ->  Parameter number    8   -> Symbolic Name:                                         Biso_O_ph1   -0.57697999    
      ->  Parameter number    9   -> Symbolic Name:                                         Bck_1_pat1    -1.3210000    
      ->  Parameter number   10   -> Symbolic Name:                                         Bck_2_pat1     159.19400    
      ->  Parameter number   11   -> Symbolic Name:                                         Bck_3_pat1     624.54401    
      ->  Parameter number   12   -> Symbolic Name:                                         Bck_4_pat1     695.42798    
      ->  Parameter number   13   -> Symbolic Name:                                            X_O_ph1    0.25299999    
  
 
 => No optimization for routine tasks
 ++++++++++++++++++++++++++++++++++++++++++++++++++++++++++++++++++++++++++++++++++++++++++++++++++++++++++++++++++++++++

 => CYCLE No.:    1
 ---------------------------------------------------------------------------------------
 => Phase  1 Name: Fe3O4                                                                 
 ---------------------------------------------------------------------------------------
 => New parameters, shifts, and standard deviations

 Atom        x       dx      sx       y       dy      sy       z       dz      sz       B       dB      sB      occ.    docc.   socc.

 Fe1      0.50000 0.00000 0.00000  0.50000 0.00000 0.00000  0.50000 0.00000 0.00000 -0.36821-0.00045 0.07362  0.08333 0.00000 0.00000
 Fe2      0.12500 0.00000 0.00000  0.12500 0.00000 0.00000  0.12500 0.00000 0.00000 -0.36821-0.00045 0.07362  0.04167 0.00000 0.00000
 O        0.25462 0.00162 0.00066  0.25462 0.00162 0.00066  0.25462 0.00162 0.00066 -0.54548 0.03150 0.17787  0.16667 0.00000 0.00000

 ==> PROFILE PARAMETERS FOR PATTERN#  1

 => Overall scale factor:      0.000017621     0.000000018     0.000000249
 => Eta(p-Voigt) or m(Pearson VII):   0.000000  0.000000  0.000000
 => Overall tem. factor:     0.000000    0.000000    0.000000
 => Halfwidth parameters: 
         0.004391    0.000000    0.000000
        -0.000389    0.000000    0.000000
         0.009813    0.000000    0.000000
 => Cell parameters: 
        8.396292    0.000004    0.000127
        8.396292    0.000004    0.000127
        8.396292    0.000004    0.000127
       90.000000    0.000000    0.000000
       90.000000    0.000000    0.000000
       90.000000    0.000000    0.000000
 => Preferred orientation: 
         1.000000    0.000000    0.000000
         0.000000    0.000000    0.000000
 => Asymmetry parameters: 
         0.000000    0.000000    0.000000
         0.000000    0.000000    0.000000
         0.000000    0.000000    0.000000
         0.000000    0.000000    0.000000
 => X and Y parameters: 
         0.064025    0.000396    0.011131
         0.040168   -0.000160    0.004620
 => Strain parameters: 
         0.000000    0.000000    0.000000
         0.000000    0.000000    0.000000
         0.000000    0.000000    0.000000
 => Size   parameters (G,L): 
         0.000000    0.000000    0.000000
         0.000000    0.000000    0.000000
 => Further shape parameters (S_L and D_L): 
       0.000000  0.000000  0.000000
       0.000000  0.000000  0.000000

 ==> GLOBAL PARAMETERS FOR PATTERN#  1


 => Zero-point:     0.0000    0.0000    0.0000
 => Background Polynomial Parameters ==>
       9.6279     0.38984E-02 0.22105    
      -1.2738     0.47207E-01  2.2306    
       159.17    -0.24678E-01  18.652    
       624.19    -0.35081      47.604    
       695.07    -0.35777      35.541    
       0.0000      0.0000      0.0000    

 => Cos( theta)-shift parameter :  -0.0098  0.0000  0.0018
 => Sin(2theta)-shift parameter :   0.0000  0.0000  0.0000

 ==> RELIABILITY FACTORS WITH ALL NON-EXCLUDED POINTS FOR PATTERN:  1

 => R-Factors:   15.5      21.5     Chi2:  1.80     DW-Stat.:  1.4130   Patt#:  1
 => Expected :            16.0                                1.8870
 => Deviance : 0.514E+04     Dev*:   2.012    
 => GoF-index:  1.3         Sqrt(Residual/N)
 => N-P+C:  2530

 =>    SumYdif       SumYobs      SumYcal      SumwYobsSQ     Residual    Condition
     0.1528E+05    0.9846E+05    0.9386E+05    0.9846E+05     4543.        0.2733E+18


 => Conventional Rietveld Rp,Rwp,Re and Chi2:   36.3      35.3      26.3      1.795    
 => (Values obtained using Ynet, but true sigma(y))
 =>  SumYnet, Sum(w Ynet**2):     0.4210E+05    0.3644E+05


 ==> RELIABILITY FACTORS FOR POINTS WITH BRAGG CONTRIBUTIONS FOR PATTERN:  1

 => R-Factors:   15.8      21.9     Chi2:  1.83     DW-Stat.:  1.4877   Patt#:
 => Expected :            16.2                                1.8833
 => Deviance : 0.493E+04     Dev*:   2.071    
 => GoF-index:  1.3         Sqrt(Residual/N)
 => N-P+C:  2358

 =>    SumYdif       SumYobs      SumYcal      SumwYobsSQ     Residual    Condition
     0.1423E+05    0.8980E+05    0.8488E+05    0.8980E+05     4314.        0.2733E+18


 => Conventional Rietveld Rp,Rwp,Re and Chi2:   33.5      34.5      25.5      1.830    
 => (Values obtained using Ynet, but true sigma(y))
 =>  SumYnet, Sum(w Ynet**2):     0.4243E+05    0.3622E+05


 => Global user-weigthed Chi2 (Bragg contrib.):   1.83    

 => ---------> Pattern#  1
 => Phase:  1
 =>    Bragg R-factor:  17.0    
 =>    RF-factor     :  15.6    
 ++++++++++++++++++++++++++++++++++++++++++++++++++++++++++++++++++++++++++++++++++++++++++++++++++++++++++++++++++++++++

 => CYCLE No.:    2
 ---------------------------------------------------------------------------------------
 => Phase  1 Name: Fe3O4                                                                 
 ---------------------------------------------------------------------------------------
 => New parameters, shifts, and standard deviations

 Atom        x       dx      sx       y       dy      sy       z       dz      sz       B       dB      sB      occ.    docc.   socc.

 Fe1      0.50000 0.00000 0.00000  0.50000 0.00000 0.00000  0.50000 0.00000 0.00000 -0.36904-0.00083 0.07376  0.08333 0.00000 0.00000
 Fe2      0.12500 0.00000 0.00000  0.12500 0.00000 0.00000  0.12500 0.00000 0.00000 -0.36904-0.00083 0.07376  0.04167 0.00000 0.00000
 O        0.25471 0.00009 0.00064  0.25471 0.00009 0.00064  0.25471 0.00009 0.00064 -0.55918-0.01370 0.17999  0.16667 0.00000 0.00000

 ==> PROFILE PARAMETERS FOR PATTERN#  1

 => Overall scale factor:      0.000017613    -0.000000009     0.000000249
 => Eta(p-Voigt) or m(Pearson VII):   0.000000  0.000000  0.000000
 => Overall tem. factor:     0.000000    0.000000    0.000000
 => Halfwidth parameters: 
         0.004391    0.000000    0.000000
        -0.000389    0.000000    0.000000
         0.009813    0.000000    0.000000
 => Cell parameters: 
        8.396295    0.000003    0.000127
        8.396295    0.000003    0.000127
        8.396295    0.000003    0.000127
       90.000000    0.000000    0.000000
       90.000000    0.000000    0.000000
       90.000000    0.000000    0.000000
 => Preferred orientation: 
         1.000000    0.000000    0.000000
         0.000000    0.000000    0.000000
 => Asymmetry parameters: 
         0.000000    0.000000    0.000000
         0.000000    0.000000    0.000000
         0.000000    0.000000    0.000000
         0.000000    0.000000    0.000000
 => X and Y parameters: 
         0.063670   -0.000355    0.011127
         0.040314    0.000147    0.004609
 => Strain parameters: 
         0.000000    0.000000    0.000000
         0.000000    0.000000    0.000000
         0.000000    0.000000    0.000000
 => Size   parameters (G,L): 
         0.000000    0.000000    0.000000
         0.000000    0.000000    0.000000
 => Further shape parameters (S_L and D_L): 
       0.000000  0.000000  0.000000
       0.000000  0.000000  0.000000

 ==> GLOBAL PARAMETERS FOR PATTERN#  1


 => Zero-point:     0.0000    0.0000    0.0000
 => Background Polynomial Parameters ==>
       9.6263    -0.16318E-02 0.22064    
      -1.2946    -0.20800E-01  2.2261    
       159.13    -0.35157E-01  18.622    
       624.13    -0.58895E-01  47.521    
       695.04    -0.28533E-01  35.475    
       0.0000      0.0000      0.0000    

 => Cos( theta)-shift parameter :  -0.0098 -0.0000  0.0018
 => Sin(2theta)-shift parameter :   0.0000  0.0000  0.0000

 ==> RELIABILITY FACTORS WITH ALL NON-EXCLUDED POINTS FOR PATTERN:  1

 => R-Factors:   15.5      21.4     Chi2:  1.79     DW-Stat.:  1.4172   Patt#:  1
 => Expected :            16.0                                1.8870
 => Deviance : 0.513E+04     Dev*:   2.007    
 => GoF-index:  1.3         Sqrt(Residual/N)
 => N-P+C:  2530

 =>    SumYdif       SumYobs      SumYcal      SumwYobsSQ     Residual    Condition
     0.1524E+05    0.9846E+05    0.9391E+05    0.9846E+05     4528.        0.2727E+18


 => Conventional Rietveld Rp,Rwp,Re and Chi2:   36.2      35.2      26.3      1.790    
 => (Values obtained using Ynet, but true sigma(y))
 =>  SumYnet, Sum(w Ynet**2):     0.4211E+05    0.3645E+05


 ==> RELIABILITY FACTORS FOR POINTS WITH BRAGG CONTRIBUTIONS FOR PATTERN:  1

 => R-Factors:   15.8      21.9     Chi2:  1.82     DW-Stat.:  1.4923   Patt#:
 => Expected :            16.2                                1.8833
 => Deviance : 0.492E+04     Dev*:   2.066    
 => GoF-index:  1.3         Sqrt(Residual/N)
 => N-P+C:  2358

 =>    SumYdif       SumYobs      SumYcal      SumwYobsSQ     Residual    Condition
     0.1419E+05    0.8980E+05    0.8492E+05    0.8980E+05     4300.        0.2727E+18


 => Conventional Rietveld Rp,Rwp,Re and Chi2:   33.4      34.5      25.5      1.824    
 => (Values obtained using Ynet, but true sigma(y))
 =>  SumYnet, Sum(w Ynet**2):     0.4243E+05    0.3622E+05


 => Global user-weigthed Chi2 (Bragg contrib.):   1.82    

 => ---------> Pattern#  1
 => Phase:  1
 =>    Bragg R-factor:  13.5    
 =>    RF-factor     :  11.8    


   Standard deviations have to be multiplied by: 1.8514
   (correlated residuals) See references:
  -J.F.Berar & P.Lelann, J. Appl. Cryst. 24, 1-5 (1991) 
  -J.F.Berar, Acc. in Pow. Diff. II,NIST Sp.Pub. 846, 63(1992) 

 ++++++++++++++++++++++++++++++++++++++++++++++++++++++++++++++++++++++++++++++++++++++++++++++++++++++++++++++++++++++++

 => CYCLE No.:    2
 =>  Convergence reached at this CYCLE !!!!
 =>  Parameter shifts set to zero
 ---------------------------------------------------------------------------------------
 => Phase  1 Name: Fe3O4                                                                 
 ---------------------------------------------------------------------------------------
 => New parameters, shifts, and standard deviations

 Atom        x       dx      sx       y       dy      sy       z       dz      sz       B       dB      sB      occ.    docc.   socc.

 Fe1      0.50000 0.00000 0.00000  0.50000 0.00000 0.00000  0.50000 0.00000 0.00000 -0.36904 0.00000 0.07376  0.08333 0.00000 0.00000
 Fe2      0.12500 0.00000 0.00000  0.12500 0.00000 0.00000  0.12500 0.00000 0.00000 -0.36904 0.00000 0.07376  0.04167 0.00000 0.00000
 O        0.25471 0.00000 0.00064  0.25471 0.00000 0.00064  0.25471 0.00000 0.00064 -0.55918 0.00000 0.17999  0.16667 0.00000 0.00000

 ==> PROFILE PARAMETERS FOR PATTERN#  1

 => Overall scale factor:      0.000017613     0.000000000     0.000000249
 => Eta(p-Voigt) or m(Pearson VII):   0.000000  0.000000  0.000000
 => Overall tem. factor:     0.000000    0.000000    0.000000
 => Halfwidth parameters: 
         0.004391    0.000000    0.000000
        -0.000389    0.000000    0.000000
         0.009813    0.000000    0.000000
 => Cell parameters: 
        8.396295    0.000000    0.000127
        8.396295    0.000000    0.000127
        8.396295    0.000000    0.000127
       90.000000    0.000000    0.000000
       90.000000    0.000000    0.000000
       90.000000    0.000000    0.000000
 => Preferred orientation: 
         1.000000    0.000000    0.000000
         0.000000    0.000000    0.000000
 => Asymmetry parameters: 
         0.000000    0.000000    0.000000
         0.000000    0.000000    0.000000
         0.000000    0.000000    0.000000
         0.000000    0.000000    0.000000
 => X and Y parameters: 
         0.063670    0.000000    0.011127
         0.040314    0.000000    0.004609
 => Strain parameters: 
         0.000000    0.000000    0.000000
         0.000000    0.000000    0.000000
         0.000000    0.000000    0.000000
 => Size   parameters (G,L): 
         0.000000    0.000000    0.000000
         0.000000    0.000000    0.000000
 => Further shape parameters (S_L and D_L): 
       0.000000  0.000000  0.000000
       0.000000  0.000000  0.000000

 ==> GLOBAL PARAMETERS FOR PATTERN#  1


 => Zero-point:     0.0000    0.0000    0.0000
 => Background Polynomial Parameters ==>
       9.6263      0.0000     0.22064    
      -1.2946      0.0000      2.2261    
       159.13      0.0000      18.622    
       624.13      0.0000      47.521    
       695.04      0.0000      35.475    
       0.0000      0.0000      0.0000    

 => Cos( theta)-shift parameter :  -0.0098  0.0000  0.0018
 => Sin(2theta)-shift parameter :   0.0000  0.0000  0.0000

 ==> RELIABILITY FACTORS WITH ALL NON-EXCLUDED POINTS FOR PATTERN:  1

 => R-Factors:   15.5      21.4     Chi2:  1.79     DW-Stat.:  1.4172   Patt#:  1
 => Expected :            16.0                                1.8870
 => Deviance : 0.513E+04     Dev*:   2.007    
 => GoF-index:  1.3         Sqrt(Residual/N)
 => N-P+C:  2530

 =>    SumYdif       SumYobs      SumYcal      SumwYobsSQ     Residual    Condition
     0.1524E+05    0.9846E+05    0.9391E+05    0.9846E+05     4528.        0.2727E+18


 => Conventional Rietveld Rp,Rwp,Re and Chi2:   36.2      35.2      26.3      1.790    
 => (Values obtained using Ynet, but true sigma(y))
 =>  SumYnet, Sum(w Ynet**2):     0.4211E+05    0.3645E+05

 => N-sigma of the GoF:       28.093

 ==> RELIABILITY FACTORS FOR POINTS WITH BRAGG CONTRIBUTIONS FOR PATTERN:  1

 => R-Factors:   15.8      21.9     Chi2:  1.82     DW-Stat.:  1.4923   Patt#:
 => Expected :            16.2                                1.8833
 => Deviance : 0.492E+04     Dev*:   2.066    
 => GoF-index:  1.3         Sqrt(Residual/N)
 => N-P+C:  2358

 =>    SumYdif       SumYobs      SumYcal      SumwYobsSQ     Residual    Condition
     0.1419E+05    0.8980E+05    0.8492E+05    0.8980E+05     4300.        0.2727E+18


 => Conventional Rietveld Rp,Rwp,Re and Chi2:   33.4      34.5      25.5      1.824    
 => (Values obtained using Ynet, but true sigma(y))
 =>  SumYnet, Sum(w Ynet**2):     0.4243E+05    0.3622E+05

 => N-sigma of the GoF:       28.285

 => Global user-weigthed Chi2 (Bragg contrib.):   1.92    

 => ---------> Pattern#  1
 => Phase:  1
 =>    Bragg R-factor:  13.5    
 =>    RF-factor     :  11.8    


 => Parameters with Correlation greater that 50% ==>
 -> Correlation of parameter:                                     Scale_ph1_pat1      with:                                       Biso_Fe1_ph1  ->   81%
 -> Correlation of parameter:                                         Bck_1_pat1      with:                                         Bck_2_pat1  ->   75%
 -> Correlation of parameter:                                         Bck_1_pat1      with:                                         Bck_3_pat1  ->   56%
 -> Correlation of parameter:                                         Bck_2_pat1      with:                                         Bck_3_pat1  ->   96%
 -> Correlation of parameter:                                         Bck_2_pat1      with:                                         Bck_4_pat1  ->   90%
 -> Correlation of parameter:                                         Bck_3_pat1      with:                                         Bck_4_pat1  ->   99%

 --------------------------------------------------------------------------------------------------------------
 Pattern#  1 Phase No.:   1 Phase name: Fe3O4                         
 --------------------------------------------------------------------------------------------------------------

     -----------------------------------------------------
     BRAGG R-Factors and weight fractions for Pattern #  1
     -----------------------------------------------------

 => Phase:  1     Fe3O4
 => Bragg R-factor:   13.4       Vol:  591.920( 0.016)  Fract(%):  100.00( 2.00)
 => Rf-factor=  10.0             ATZ:        1852.245   Brindley:  1.0000

     -----------------------------------------------------------------
      SYMBOLIC NAMES AND FINAL VALUES AND SIGMA OF REFINED PARAMETERS:
     -----------------------------------------------------------------

      ->  Parameter number    1 :                                     Scale_ph1_pat1    0.17612643E-04( +/-    0.24919601E-06 )
      ->  Parameter number    2 :                                         SyCos_pat1   -0.98001435E-02( +/-    0.17673485E-02 )
      ->  Parameter number    3 :                                    Cell_A_ph1_pat1     8.3962946    ( +/-    0.12709723E-03 )
      ->  Parameter number    4 :                                       Biso_Fe1_ph1   -0.36903986    ( +/-    0.73755801E-01 )
      ->  Parameter number    5 :                                     X-tan_ph1_pat1    0.63669831E-01( +/-    0.11127436E-01 )
      ->  Parameter number    6 :                                         Bck_0_pat1     9.6262665    ( +/-    0.22064005     )
      ->  Parameter number    7 :                                     Y-cos_ph1_pat1    0.40314332E-01( +/-    0.46092118E-02 )
      ->  Parameter number    8 :                                         Biso_O_ph1   -0.55917555    ( +/-    0.17998596     )
      ->  Parameter number    9 :                                         Bck_1_pat1    -1.2945929    ( +/-     2.2260768     )
      ->  Parameter number   10 :                                         Bck_2_pat1     159.13417    ( +/-     18.622458     )
      ->  Parameter number   11 :                                         Bck_3_pat1     624.13428    ( +/-     47.520615     )
      ->  Parameter number   12 :                                         Bck_4_pat1     695.04169    ( +/-     35.474583     )
      ->  Parameter number   13 :                                            X_O_ph1    0.25471076    ( +/-    0.64005848E-03 )

 ------------------------------------------------------------------
 => Number of bytes for floating point variables: 4
 => Dimensions of dynamic allocated arrays in this run of FullProf:
 ------------------------------------------------------------------

 => Total approximate array memory (dynamic + static): 128415065 bytes

    MaxPOINT=    60000 Max.num. of points(+int. Inten.)/diffraction pattern       
    MaxREFLT=    20000 Max.num. of reflections/diffraction pattern               
    MaxPARAM=      300 Max.num. of refinable parameters                          
    MaxOVERL=    18096 Max.num. of overlapping reflections                       

 ----------------------------------------------------------
 => Number of bytes for floating point arrays: 4
 => Dimensions of fixed arrays in this release of FullProf:
 ----------------------------------------------------------

    NPATT   =       80 Max.num. of powder diffraction patterns                    
    NATS    =      830 Max.num. of atoms (all kind) in asymmetric unit            
    MPAR    =     1800 Max.num. of non atomic parameters/phase                    
    IEXCL   =       30 Max.num. of excluded regions                               
    IBACP   =      377 Max.num. of background points for interpolation            
    NPHT    =       16 Max.num. of phases                                         
    NMAGM   =        8 Max.num. of rotation-matrices sets for magnetic structure  
    NBASIS  =       12 Max.num. of basis functions associated to a single atom    
    NIREPS  =        9 Max.num. of irreducible representations to be combined     
    N_EQ    =      384 Max.num. of user-supplied symmetry operators/propagation vectors
    NGL     =      400 Max.num. of global parameters/diffraction pattern          
    N_LINC  =       30 Max.num. of global linear restraints                        
    NAT_P   =       68 Max.num. of atomic parameters per atom                     
    NCONST  =      500 Max.num. of slack constraints per phase                    
    N_SPE   =       30 Max.num. of different chemical species                     
    N_FORM  =       60 Max.num. of scattering factor values in a table            
    NPR     =      150 Max.num. of points defining a numerical profile            
    INPR    =       25 Max.num. of different numerical peak shapes                
    NPRC    =      150 Max.num. of terms in the table for correcting intensities  
    NSOL    =       10 Max.num. of solutions to be stored in Montecarlo searchs   

 
              CPU Time:     0.773 seconds
                            0.013 minutes

 => Run finished at:     Date: 27/10/2021  Time: 12:52:16.041                              
