

        **********************************************************
        ** PROGRAM FullProf.2k (Version 7.70 - Apr2022-ILL JRC) **
        **********************************************************
                       M U L T I -- P A T T E R N                 
            Rietveld, Profile Matching & Integrated Intensity     
                 Refinement of X-ray and/or Neutron Data


    Date: 13/01/2025  Time: 09:46:51.906                              

 => PCR file code: fe3o4_50min_800rpm
 => DAT file code: fe3o4_50min_800rpm.x -> Relative contribution: 1.0000                                                            

 ==> CONDITIONS OF THIS RUN FOR PATTERN No.:  1

 => Global Refinement of X-ray powder diffraction data                                                                              
 => Global Refinement of X-ray powder diffraction data                                                                              
    Bragg-Brentano(X-rays) or Debye-Scherrer geometry(Neutrons)
 => Title: Fe3O4

 => Number of phases:    1
 => Number of excluded regions:    1
 => Number of scattering factors supplied:    0
 => March-Dollase model for preferred orientation
 => Conventional weights: w=1.0/Variance(yobs)
 => Asymmetry correction as in J.Appl.Cryst. 26,128(1993)
 => Background linearly interpolated between the   19 points given
 => The    7th default profile function was selected
 => T-C-H Pseudo-Voigt function 
    This function is convoluted with asymmetry due to axial 
    divergence as formulated by: 
    van Laar and Yelon, J. Appl. Cryst. 17, 47(1984).
    and using the method of:
    Finger, Cox and Jephcoat, J. Appl. Cryst. 27, 892 (1994).
    Fortran 90 module adapted from function PROFVAL (in F77) : 
    L.W. Finger, J. Appl. Cryst. 31, 111 (1998).


 ==> INPUT/OUTPUT OPTIONS:

 => Generate bacground file *.bac
 => Generate file *.PRF for plot
 => Output Correlation Matrix
 => Generate new input file *.PCR
 => Plot pattern at each cycle
 => Wavelengths:  1.54060 1.54439
 => Alpha2/Alpha1 ratio:   0.5000
 => Cos(Monochromator angle)=   0.9000
 => Asymmetry correction for angles lower than   90.000 degrees
 => Absorption correction (AC), muR-eff =   0.0000  0.0000
 => Base of peaks: 2.0*HW*   25.00

 => Number of cycles:   10
 => Relaxation factors ==>    for coordinates:  0.90
 => for anisotropic temperature factors:  0.90
 => for halfwidth/strain/size parameters:  0.90
 => for lattice constants and propagation vectors:  0.90
 => EPS-value for convergence:    0.3
 => Background ==> 
    Position   Intensity
       15.20      221.08        0.00
       16.31      185.48        0.00
       17.95      151.76        0.00
       19.65      127.40        0.00
       21.46      102.11        0.00
       23.74       87.12        0.00
       25.68       79.63        0.00
       27.72       73.07        0.00
       31.76       65.57        0.00
       34.45       59.95        0.00
       37.20       53.40        0.00
       39.19       46.84        0.00
       41.36       44.03        0.00
       44.17       36.53        0.00
       46.28       36.53        0.00
       52.13       35.60        0.00
       68.28       32.79        0.00
       83.03       28.10        0.00
       99.83       27.17        0.00

 

 => Excluded regions for Pattern#  1
    From     to
      0.0000     15.0000

 => Number of Least-Squares parameters varied:     7

 =>--------------------------->
 =>------->  PATTERN number:  1
 =>--------------------------->
 => Global parameters and codes ==>
 => Zero-point:     0.0000    0.0000
 => Displacement peak-shift parameter and code:     0.07   21.00
 => Transparency peak-shift parameter and code:     0.00    0.00

 => Reading Intensity data  =>>

      Data from PANalytical formats
      Extension:  .xrdml
 ==> Angular range, step and number of points:
     2Thmin:      15.023211  2Thmax:      99.983299  Step:       0.033423  No. of points:   2543
 --------------------------------------------------------------------------------
 => Phase  No. 1
      Fe3O4                                                                 
 --------------------------------------------------------------------------------
 =>-------> Pattern#  1
 => Crystal Structure Refinement
 => Preferred orientation vector:   1.0000  0.0000  1.0000

 =>-------> Data for PHASE: 1
 => Number of atoms:    3
 => Number of distance  constraints:    0
 => Number of angle     constraints:    0

 => Symmetry information on space group: 227:1               
 -> The multiplicity of the general position is: 192
 -> The space group is Centric (-1 not at origin
 -> Lattice type  F: { 000;  0  1/2 1/2; 1/2  0  1/2; 1/2 1/2  0 }+
 -> Reduced set of symmetry operators:

  No.  IT   Symmetry symbol    Rotation part     Associated Translation
   1: ( 1)   1            -->     ( x, y, z) + {  0.0000  0.0000  0.0000}
   2: (16)  4+ ( 0, 0, z) -->     (-y, x, z) + {  0.2500  0.2500  0.2500}
   3: ( 4)   2 ( x, 0, 0) -->     ( x,-y,-z) + {  0.0000  0.0000  0.0000}
   4: ( 5)  3+ ( x, x, x) -->     ( z, x, y) + {  0.0000  0.0000  0.0000}
   5: ( 2)   2 ( 0, 0, z) -->     (-x,-y, z) + {  0.0000  0.0000  0.0000}
   6: (13)   2 ( x, x, 0) -->     ( y, x,-z) + {  0.2500  0.2500  0.2500}
   7: (18)   2 ( 0, y, y) -->     (-x, z, y) + {  0.2500  0.2500  0.2500}
   8: ( 6)  3+ (-x, x,-x) -->     ( z,-x,-y) + {  0.0000  0.0000  0.0000}
   9: ( 9)  3- ( x, x, x) -->     ( y, z, x) + {  0.0000  0.0000  0.0000}
  10: (15)  4- ( 0, 0, z) -->     ( y,-x, z) + {  0.2500  0.2500  0.2500}
  11: ( 3)   2 ( 0, y, 0) -->     (-x, y,-z) + {  0.0000  0.0000  0.0000}
  12: ( 7)  3+ ( x,-x,-x) -->     (-z,-x, y) + {  0.0000  0.0000  0.0000}
  13: (17)  4- ( x, 0, 0) -->     ( x, z,-y) + {  0.2500  0.2500  0.2500}
  14: (23)  4- ( 0, y, 0) -->     (-z, y, x) + {  0.2500  0.2500  0.2500}
  15: (19)   2 ( 0, y,-y) -->     (-x,-z,-y) + {  0.2500  0.2500  0.2500}
  16: (11)  3- (-x,-x, x) -->     ( y,-z,-x) + {  0.0000  0.0000  0.0000}
  17: (10)  3- ( x,-x,-x) -->     (-y, z,-x) + {  0.0000  0.0000  0.0000}
  18: (14)   2 ( x,-x, 0) -->     (-y,-x,-z) + {  0.2500  0.2500  0.2500}
  19: (20)  4+ ( x, 0, 0) -->     ( x,-z, y) + {  0.2500  0.2500  0.2500}
  20: ( 8)  3+ (-x,-x, x) -->     (-z, x,-y) + {  0.0000  0.0000  0.0000}
  21: (12)  3- (-x, x,-x) -->     (-y,-z, x) + {  0.0000  0.0000  0.0000}
  22: (21)  4+ ( 0, y, 0) -->     ( z, y,-x) + {  0.2500  0.2500  0.2500}
  23: (24)   2 (-x, 0, x) -->     (-z,-y,-x) + {  0.2500  0.2500  0.2500}
  24: (22)   2 ( x, 0, x) -->     ( z,-y, x) + {  0.2500  0.2500  0.2500}
  25: (25)  -1            -->     (-x,-y,-z) + {  0.2500  0.2500  0.2500}
  26: (40) -4+ ( 0, 0, z) -->     ( y,-x,-z) + {  0.0000  0.0000  0.0000}
  27: (28)   m ( 0, y, z) -->     (-x, y, z) + {  0.2500  0.2500  0.2500}
  28: (29) -3+ ( x, x, x) -->     (-z,-x,-y) + {  0.2500  0.2500  0.2500}
  29: (26)   m ( x, y, 0) -->     ( x, y,-z) + {  0.2500  0.2500  0.2500}
  30: (37)   m ( x,-x, z) -->     (-y,-x, z) + {  0.0000  0.0000  0.0000}
  31: (42)   m ( x, y,-y) -->     ( x,-z,-y) + {  0.0000  0.0000  0.0000}
  32: (30) -3+ (-x, x,-x) -->     (-z, x, y) + {  0.2500  0.2500  0.2500}
  33: (33) -3- ( x, x, x) -->     (-y,-z,-x) + {  0.2500  0.2500  0.2500}
  34: (39) -4- ( 0, 0, z) -->     (-y, x,-z) + {  0.0000  0.0000  0.0000}
  35: (27)   m ( x, 0, z) -->     ( x,-y, z) + {  0.2500  0.2500  0.2500}
  36: (31) -3+ ( x,-x,-x) -->     ( z, x,-y) + {  0.2500  0.2500  0.2500}
  37: (41) -4- ( x, 0, 0) -->     (-x,-z, y) + {  0.0000  0.0000  0.0000}
  38: (47) -4- ( 0, y, 0) -->     ( z,-y,-x) + {  0.0000  0.0000  0.0000}
  39: (43)   m ( x, y, y) -->     ( x, z, y) + {  0.0000  0.0000  0.0000}
  40: (35) -3- (-x,-x, x) -->     (-y, z, x) + {  0.2500  0.2500  0.2500}
  41: (34) -3- ( x,-x,-x) -->     ( y,-z, x) + {  0.2500  0.2500  0.2500}
  42: (38)   m ( x, x, z) -->     ( y, x, z) + {  0.0000  0.0000  0.0000}
  43: (44) -4+ ( x, 0, 0) -->     (-x, z,-y) + {  0.0000  0.0000  0.0000}
  44: (32) -3+ (-x,-x, x) -->     ( z,-x, y) + {  0.2500  0.2500  0.2500}
  45: (36) -3- (-x, x,-x) -->     ( y, z,-x) + {  0.2500  0.2500  0.2500}
  46: (45) -4+ ( 0, y, 0) -->     (-z,-y, x) + {  0.0000  0.0000  0.0000}
  47: (48)   m ( x, y, x) -->     ( z, y, x) + {  0.0000  0.0000  0.0000}
  48: (46)   m (-x, y, x) -->     (-z, y,-x) + {  0.0000  0.0000  0.0000}
  49: ( 1)   1            -->     ( x, y, z) + {  0.5000  0.5000  0.0000}
  50: (16)  4+ ( 0, 0, z) -->     (-y, x, z) + {  0.7500  0.7500  0.2500}
  51: ( 4)   2 ( x, 0, 0) -->     ( x,-y,-z) + {  0.5000  0.5000  0.0000}
  52: ( 5)  3+ ( x, x, x) -->     ( z, x, y) + {  0.5000  0.5000  0.0000}
  53: ( 2)   2 ( 0, 0, z) -->     (-x,-y, z) + {  0.5000  0.5000  0.0000}
  54: (13)   2 ( x, x, 0) -->     ( y, x,-z) + {  0.7500  0.7500  0.2500}
  55: (18)   2 ( 0, y, y) -->     (-x, z, y) + {  0.7500  0.7500  0.2500}
  56: ( 6)  3+ (-x, x,-x) -->     ( z,-x,-y) + {  0.5000  0.5000  0.0000}
  57: ( 9)  3- ( x, x, x) -->     ( y, z, x) + {  0.5000  0.5000  0.0000}
  58: (15)  4- ( 0, 0, z) -->     ( y,-x, z) + {  0.7500  0.7500  0.2500}
  59: ( 3)   2 ( 0, y, 0) -->     (-x, y,-z) + {  0.5000  0.5000  0.0000}
  60: ( 7)  3+ ( x,-x,-x) -->     (-z,-x, y) + {  0.5000  0.5000  0.0000}
  61: (17)  4- ( x, 0, 0) -->     ( x, z,-y) + {  0.7500  0.7500  0.2500}
  62: (23)  4- ( 0, y, 0) -->     (-z, y, x) + {  0.7500  0.7500  0.2500}
  63: (19)   2 ( 0, y,-y) -->     (-x,-z,-y) + {  0.7500  0.7500  0.2500}
  64: (11)  3- (-x,-x, x) -->     ( y,-z,-x) + {  0.5000  0.5000  0.0000}
  65: (10)  3- ( x,-x,-x) -->     (-y, z,-x) + {  0.5000  0.5000  0.0000}
  66: (14)   2 ( x,-x, 0) -->     (-y,-x,-z) + {  0.7500  0.7500  0.2500}
  67: (20)  4+ ( x, 0, 0) -->     ( x,-z, y) + {  0.7500  0.7500  0.2500}
  68: ( 8)  3+ (-x,-x, x) -->     (-z, x,-y) + {  0.5000  0.5000  0.0000}
  69: (12)  3- (-x, x,-x) -->     (-y,-z, x) + {  0.5000  0.5000  0.0000}
  70: (21)  4+ ( 0, y, 0) -->     ( z, y,-x) + {  0.7500  0.7500  0.2500}
  71: (24)   2 (-x, 0, x) -->     (-z,-y,-x) + {  0.7500  0.7500  0.2500}
  72: (22)   2 ( x, 0, x) -->     ( z,-y, x) + {  0.7500  0.7500  0.2500}
  73: (25)  -1            -->     (-x,-y,-z) + {  0.7500  0.7500  0.2500}
  74: (40) -4+ ( 0, 0, z) -->     ( y,-x,-z) + {  0.5000  0.5000  0.0000}
  75: (28)   m ( 0, y, z) -->     (-x, y, z) + {  0.7500  0.7500  0.2500}
  76: (29) -3+ ( x, x, x) -->     (-z,-x,-y) + {  0.7500  0.7500  0.2500}
  77: (26)   m ( x, y, 0) -->     ( x, y,-z) + {  0.7500  0.7500  0.2500}
  78: (37)   m ( x,-x, z) -->     (-y,-x, z) + {  0.5000  0.5000  0.0000}
  79: (42)   m ( x, y,-y) -->     ( x,-z,-y) + {  0.5000  0.5000  0.0000}
  80: (30) -3+ (-x, x,-x) -->     (-z, x, y) + {  0.7500  0.7500  0.2500}
  81: (33) -3- ( x, x, x) -->     (-y,-z,-x) + {  0.7500  0.7500  0.2500}
  82: (39) -4- ( 0, 0, z) -->     (-y, x,-z) + {  0.5000  0.5000  0.0000}
  83: (27)   m ( x, 0, z) -->     ( x,-y, z) + {  0.7500  0.7500  0.2500}
  84: (31) -3+ ( x,-x,-x) -->     ( z, x,-y) + {  0.7500  0.7500  0.2500}
  85: (41) -4- ( x, 0, 0) -->     (-x,-z, y) + {  0.5000  0.5000  0.0000}
  86: (47) -4- ( 0, y, 0) -->     ( z,-y,-x) + {  0.5000  0.5000  0.0000}
  87: (43)   m ( x, y, y) -->     ( x, z, y) + {  0.5000  0.5000  0.0000}
  88: (35) -3- (-x,-x, x) -->     (-y, z, x) + {  0.7500  0.7500  0.2500}
  89: (34) -3- ( x,-x,-x) -->     ( y,-z, x) + {  0.7500  0.7500  0.2500}
  90: (38)   m ( x, x, z) -->     ( y, x, z) + {  0.5000  0.5000  0.0000}
  91: (44) -4+ ( x, 0, 0) -->     (-x, z,-y) + {  0.5000  0.5000  0.0000}
  92: (32) -3+ (-x,-x, x) -->     ( z,-x, y) + {  0.7500  0.7500  0.2500}
  93: (36) -3- (-x, x,-x) -->     ( y, z,-x) + {  0.7500  0.7500  0.2500}
  94: (45) -4+ ( 0, y, 0) -->     (-z,-y, x) + {  0.5000  0.5000  0.0000}
  95: (48)   m ( x, y, x) -->     ( z, y, x) + {  0.5000  0.5000  0.0000}
  96: (46)   m (-x, y, x) -->     (-z, y,-x) + {  0.5000  0.5000  0.0000}
  97: ( 1)   1            -->     ( x, y, z) + {  0.5000  0.0000  0.5000}
  98: (16)  4+ ( 0, 0, z) -->     (-y, x, z) + {  0.7500  0.2500  0.7500}
  99: ( 4)   2 ( x, 0, 0) -->     ( x,-y,-z) + {  0.5000  0.0000  0.5000}
 100: ( 5)  3+ ( x, x, x) -->     ( z, x, y) + {  0.5000  0.0000  0.5000}
 101: ( 2)   2 ( 0, 0, z) -->     (-x,-y, z) + {  0.5000  0.0000  0.5000}
 102: (13)   2 ( x, x, 0) -->     ( y, x,-z) + {  0.7500  0.2500  0.7500}
 103: (18)   2 ( 0, y, y) -->     (-x, z, y) + {  0.7500  0.2500  0.7500}
 104: ( 6)  3+ (-x, x,-x) -->     ( z,-x,-y) + {  0.5000  0.0000  0.5000}
 105: ( 9)  3- ( x, x, x) -->     ( y, z, x) + {  0.5000  0.0000  0.5000}
 106: (15)  4- ( 0, 0, z) -->     ( y,-x, z) + {  0.7500  0.2500  0.7500}
 107: ( 3)   2 ( 0, y, 0) -->     (-x, y,-z) + {  0.5000  0.0000  0.5000}
 108: ( 7)  3+ ( x,-x,-x) -->     (-z,-x, y) + {  0.5000  0.0000  0.5000}
 109: (17)  4- ( x, 0, 0) -->     ( x, z,-y) + {  0.7500  0.2500  0.7500}
 110: (23)  4- ( 0, y, 0) -->     (-z, y, x) + {  0.7500  0.2500  0.7500}
 111: (19)   2 ( 0, y,-y) -->     (-x,-z,-y) + {  0.7500  0.2500  0.7500}
 112: (11)  3- (-x,-x, x) -->     ( y,-z,-x) + {  0.5000  0.0000  0.5000}
 113: (10)  3- ( x,-x,-x) -->     (-y, z,-x) + {  0.5000  0.0000  0.5000}
 114: (14)   2 ( x,-x, 0) -->     (-y,-x,-z) + {  0.7500  0.2500  0.7500}
 115: (20)  4+ ( x, 0, 0) -->     ( x,-z, y) + {  0.7500  0.2500  0.7500}
 116: ( 8)  3+ (-x,-x, x) -->     (-z, x,-y) + {  0.5000  0.0000  0.5000}
 117: (12)  3- (-x, x,-x) -->     (-y,-z, x) + {  0.5000  0.0000  0.5000}
 118: (21)  4+ ( 0, y, 0) -->     ( z, y,-x) + {  0.7500  0.2500  0.7500}
 119: (24)   2 (-x, 0, x) -->     (-z,-y,-x) + {  0.7500  0.2500  0.7500}
 120: (22)   2 ( x, 0, x) -->     ( z,-y, x) + {  0.7500  0.2500  0.7500}
 121: (25)  -1            -->     (-x,-y,-z) + {  0.7500  0.2500  0.7500}
 122: (40) -4+ ( 0, 0, z) -->     ( y,-x,-z) + {  0.5000  0.0000  0.5000}
 123: (28)   m ( 0, y, z) -->     (-x, y, z) + {  0.7500  0.2500  0.7500}
 124: (29) -3+ ( x, x, x) -->     (-z,-x,-y) + {  0.7500  0.2500  0.7500}
 125: (26)   m ( x, y, 0) -->     ( x, y,-z) + {  0.7500  0.2500  0.7500}
 126: (37)   m ( x,-x, z) -->     (-y,-x, z) + {  0.5000  0.0000  0.5000}
 127: (42)   m ( x, y,-y) -->     ( x,-z,-y) + {  0.5000  0.0000  0.5000}
 128: (30) -3+ (-x, x,-x) -->     (-z, x, y) + {  0.7500  0.2500  0.7500}
 129: (33) -3- ( x, x, x) -->     (-y,-z,-x) + {  0.7500  0.2500  0.7500}
 130: (39) -4- ( 0, 0, z) -->     (-y, x,-z) + {  0.5000  0.0000  0.5000}
 131: (27)   m ( x, 0, z) -->     ( x,-y, z) + {  0.7500  0.2500  0.7500}
 132: (31) -3+ ( x,-x,-x) -->     ( z, x,-y) + {  0.7500  0.2500  0.7500}
 133: (41) -4- ( x, 0, 0) -->     (-x,-z, y) + {  0.5000  0.0000  0.5000}
 134: (47) -4- ( 0, y, 0) -->     ( z,-y,-x) + {  0.5000  0.0000  0.5000}
 135: (43)   m ( x, y, y) -->     ( x, z, y) + {  0.5000  0.0000  0.5000}
 136: (35) -3- (-x,-x, x) -->     (-y, z, x) + {  0.7500  0.2500  0.7500}
 137: (34) -3- ( x,-x,-x) -->     ( y,-z, x) + {  0.7500  0.2500  0.7500}
 138: (38)   m ( x, x, z) -->     ( y, x, z) + {  0.5000  0.0000  0.5000}
 139: (44) -4+ ( x, 0, 0) -->     (-x, z,-y) + {  0.5000  0.0000  0.5000}
 140: (32) -3+ (-x,-x, x) -->     ( z,-x, y) + {  0.7500  0.2500  0.7500}
 141: (36) -3- (-x, x,-x) -->     ( y, z,-x) + {  0.7500  0.2500  0.7500}
 142: (45) -4+ ( 0, y, 0) -->     (-z,-y, x) + {  0.5000  0.0000  0.5000}
 143: (48)   m ( x, y, x) -->     ( z, y, x) + {  0.5000  0.0000  0.5000}
 144: (46)   m (-x, y, x) -->     (-z, y,-x) + {  0.5000  0.0000  0.5000}
 145: ( 1)   1            -->     ( x, y, z) + {  0.0000  0.5000  0.5000}
 146: (16)  4+ ( 0, 0, z) -->     (-y, x, z) + {  0.2500  0.7500  0.7500}
 147: ( 4)   2 ( x, 0, 0) -->     ( x,-y,-z) + {  0.0000  0.5000  0.5000}
 148: ( 5)  3+ ( x, x, x) -->     ( z, x, y) + {  0.0000  0.5000  0.5000}
 149: ( 2)   2 ( 0, 0, z) -->     (-x,-y, z) + {  0.0000  0.5000  0.5000}
 150: (13)   2 ( x, x, 0) -->     ( y, x,-z) + {  0.2500  0.7500  0.7500}
 151: (18)   2 ( 0, y, y) -->     (-x, z, y) + {  0.2500  0.7500  0.7500}
 152: ( 6)  3+ (-x, x,-x) -->     ( z,-x,-y) + {  0.0000  0.5000  0.5000}
 153: ( 9)  3- ( x, x, x) -->     ( y, z, x) + {  0.0000  0.5000  0.5000}
 154: (15)  4- ( 0, 0, z) -->     ( y,-x, z) + {  0.2500  0.7500  0.7500}
 155: ( 3)   2 ( 0, y, 0) -->     (-x, y,-z) + {  0.0000  0.5000  0.5000}
 156: ( 7)  3+ ( x,-x,-x) -->     (-z,-x, y) + {  0.0000  0.5000  0.5000}
 157: (17)  4- ( x, 0, 0) -->     ( x, z,-y) + {  0.2500  0.7500  0.7500}
 158: (23)  4- ( 0, y, 0) -->     (-z, y, x) + {  0.2500  0.7500  0.7500}
 159: (19)   2 ( 0, y,-y) -->     (-x,-z,-y) + {  0.2500  0.7500  0.7500}
 160: (11)  3- (-x,-x, x) -->     ( y,-z,-x) + {  0.0000  0.5000  0.5000}
 161: (10)  3- ( x,-x,-x) -->     (-y, z,-x) + {  0.0000  0.5000  0.5000}
 162: (14)   2 ( x,-x, 0) -->     (-y,-x,-z) + {  0.2500  0.7500  0.7500}
 163: (20)  4+ ( x, 0, 0) -->     ( x,-z, y) + {  0.2500  0.7500  0.7500}
 164: ( 8)  3+ (-x,-x, x) -->     (-z, x,-y) + {  0.0000  0.5000  0.5000}
 165: (12)  3- (-x, x,-x) -->     (-y,-z, x) + {  0.0000  0.5000  0.5000}
 166: (21)  4+ ( 0, y, 0) -->     ( z, y,-x) + {  0.2500  0.7500  0.7500}
 167: (24)   2 (-x, 0, x) -->     (-z,-y,-x) + {  0.2500  0.7500  0.7500}
 168: (22)   2 ( x, 0, x) -->     ( z,-y, x) + {  0.2500  0.7500  0.7500}
 169: (25)  -1            -->     (-x,-y,-z) + {  0.2500  0.7500  0.7500}
 170: (40) -4+ ( 0, 0, z) -->     ( y,-x,-z) + {  0.0000  0.5000  0.5000}
 171: (28)   m ( 0, y, z) -->     (-x, y, z) + {  0.2500  0.7500  0.7500}
 172: (29) -3+ ( x, x, x) -->     (-z,-x,-y) + {  0.2500  0.7500  0.7500}
 173: (26)   m ( x, y, 0) -->     ( x, y,-z) + {  0.2500  0.7500  0.7500}
 174: (37)   m ( x,-x, z) -->     (-y,-x, z) + {  0.0000  0.5000  0.5000}
 175: (42)   m ( x, y,-y) -->     ( x,-z,-y) + {  0.0000  0.5000  0.5000}
 176: (30) -3+ (-x, x,-x) -->     (-z, x, y) + {  0.2500  0.7500  0.7500}
 177: (33) -3- ( x, x, x) -->     (-y,-z,-x) + {  0.2500  0.7500  0.7500}
 178: (39) -4- ( 0, 0, z) -->     (-y, x,-z) + {  0.0000  0.5000  0.5000}
 179: (27)   m ( x, 0, z) -->     ( x,-y, z) + {  0.2500  0.7500  0.7500}
 180: (31) -3+ ( x,-x,-x) -->     ( z, x,-y) + {  0.2500  0.7500  0.7500}
 181: (41) -4- ( x, 0, 0) -->     (-x,-z, y) + {  0.0000  0.5000  0.5000}
 182: (47) -4- ( 0, y, 0) -->     ( z,-y,-x) + {  0.0000  0.5000  0.5000}
 183: (43)   m ( x, y, y) -->     ( x, z, y) + {  0.0000  0.5000  0.5000}
 184: (35) -3- (-x,-x, x) -->     (-y, z, x) + {  0.2500  0.7500  0.7500}
 185: (34) -3- ( x,-x,-x) -->     ( y,-z, x) + {  0.2500  0.7500  0.7500}
 186: (38)   m ( x, x, z) -->     ( y, x, z) + {  0.0000  0.5000  0.5000}
 187: (44) -4+ ( x, 0, 0) -->     (-x, z,-y) + {  0.0000  0.5000  0.5000}
 188: (32) -3+ (-x,-x, x) -->     ( z,-x, y) + {  0.2500  0.7500  0.7500}
 189: (36) -3- (-x, x,-x) -->     ( y, z,-x) + {  0.2500  0.7500  0.7500}
 190: (45) -4+ ( 0, y, 0) -->     (-z,-y, x) + {  0.0000  0.5000  0.5000}
 191: (48)   m ( x, y, x) -->     ( z, y, x) + {  0.0000  0.5000  0.5000}
 192: (46)   m (-x, y, x) -->     (-z, y,-x) + {  0.0000  0.5000  0.5000}


        Information on Space Group: 
        --------------------------- 

 =>   Number of Space group: 227
 =>  Hermann-Mauguin Symbol: F d -3 m:1
 =>             Hall Symbol: F 4d 2 3 -1d
 =>            Setting Type: Generated from Hall symbol
 =>          Crystal System: Cubic
 =>              Laue Class: m-3m
 =>             Point Group: m-3m
 =>         Bravais Lattice: F
 =>          Lattice Symbol: cF
 =>  Reduced Number of S.O.:  24
 =>    General multiplicity: 192
 =>          Centrosymmetry: Centric (-1 not at origin)  Gen(-1):-x+1/4,-y+1/4,-z+1/4
 =>  Generators (exc. -1&L):   3
 =>         Asymmetric unit:  0.000 <= x <=  0.500
                              0.000 <= y <=  0.125
                             -0.125 <= z <=  0.125
 =>               Centre at: (1/8,1/8,1/8)
 => Centring vectors:  3
 => Latt( 1): (1/2,1/2,0)                          => Latt( 2): (1/2,0,1/2)                         
 => Latt( 3): (0,1/2,1/2)                                                                           

 => List of all Symmetry Operators and Symmetry Symbols

 => SYMM(  1): x,y,z                             Symbol: 1
 => SYMM(  2): -y+1/4,x+1/4,z+1/4                Symbol: 4+ (0,0,1/4) 0,1/4,z
 => SYMM(  3): x,-y,-z                           Symbol: 2 x,0,0
 => SYMM(  4): z,x,y                             Symbol: 3+ x,x,x
 => SYMM(  5): -x,-y,z                           Symbol: 2 0,0,z
 => SYMM(  6): y+1/4,x+1/4,-z+1/4                Symbol: 2 (1/4,1/4,0) x,x,1/8
 => SYMM(  7): -x+1/4,z+1/4,y+1/4                Symbol: 2 (0,1/4,1/4) 1/8,y,y
 => SYMM(  8): z,-x,-y                           Symbol: 3- x,-x,x
 => SYMM(  9): y,z,x                             Symbol: 3- x,x,x
 => SYMM( 10): y+1/4,-x+1/4,z+1/4                Symbol: 4- (0,0,1/4) 1/4,0,z
 => SYMM( 11): -x,y,-z                           Symbol: 2 0,y,0
 => SYMM( 12): -z,-x,y                           Symbol: 3+ x,-x,-x
 => SYMM( 13): x+1/4,z+1/4,-y+1/4                Symbol: 4- (1/4,0,0) x,1/4,0
 => SYMM( 14): -z+1/4,y+1/4,x+1/4                Symbol: 4- (0,1/4,0) 0,y,1/4
 => SYMM( 15): -x+1/4,-z+1/4,-y+1/4              Symbol: 2 1/8,y,-y+1/4
 => SYMM( 16): y,-z,-x                           Symbol: 3+ x,x,-x
 => SYMM( 17): -y,z,-x                           Symbol: 3- x,-x,-x
 => SYMM( 18): -y+1/4,-x+1/4,-z+1/4              Symbol: 2 x,-x+1/4,1/8
 => SYMM( 19): x+1/4,-z+1/4,y+1/4                Symbol: 4+ (1/4,0,0) x,0,1/4
 => SYMM( 20): -z,x,-y                           Symbol: 3- x,x,-x
 => SYMM( 21): -y,-z,x                           Symbol: 3+ x,-x,x
 => SYMM( 22): z+1/4,y+1/4,-x+1/4                Symbol: 4+ (0,1/4,0) 1/4,y,0
 => SYMM( 23): -z+1/4,-y+1/4,-x+1/4              Symbol: 2 x,1/8,-x+1/4
 => SYMM( 24): z+1/4,-y+1/4,x+1/4                Symbol: 2 (1/4,0,1/4) x,1/8,x
 => SYMM( 25): -x+1/4,-y+1/4,-z+1/4              Symbol: -1 1/8,1/8,1/8
 => SYMM( 26): y,-x,-z                           Symbol: -4+ 0,0,z; 0,0,0
 => SYMM( 27): -x+1/4,y+1/4,z+1/4                Symbol: d (0,1/4,1/4) 1/8,y,z
 => SYMM( 28): -z+1/4,-x+1/4,-y+1/4              Symbol: -3+ x,x,x; 1/8,1/8,1/8
 => SYMM( 29): x+1/4,y+1/4,-z+1/4                Symbol: d (1/4,1/4,0) x,y,1/8
 => SYMM( 30): -y,-x,z                           Symbol: m x,-x,z
 => SYMM( 31): x,-z,-y                           Symbol: m x,y,-y
 => SYMM( 32): -z+1/4,x+1/4,y+1/4                Symbol: -3- x,-x,x+1/2; -1/8,1/8,3/8
 => SYMM( 33): -y+1/4,-z+1/4,-x+1/4              Symbol: -3- x,x,x; 1/8,1/8,1/8
 => SYMM( 34): -y,x,-z                           Symbol: -4- 0,0,z; 0,0,0
 => SYMM( 35): x+1/4,-y+1/4,z+1/4                Symbol: d (1/4,0,1/4) x,1/8,z
 => SYMM( 36): z+1/4,x+1/4,-y+1/4                Symbol: -3+ x,-x+1/2,-x; 1/8,3/8,-1/8
 => SYMM( 37): -x,-z,y                           Symbol: -4- x,0,0; 0,0,0
 => SYMM( 38): z,-y,-x                           Symbol: -4- 0,y,0; 0,0,0
 => SYMM( 39): x,z,y                             Symbol: m x,y,y
 => SYMM( 40): -y+1/4,z+1/4,x+1/4                Symbol: -3+ x,x+1/2,-x; -1/8,3/8,1/8
 => SYMM( 41): y+1/4,-z+1/4,x+1/4                Symbol: -3- x,-x,-x+1/2; 1/8,-1/8,3/8
 => SYMM( 42): y,x,z                             Symbol: m x,x,z
 => SYMM( 43): -x,z,-y                           Symbol: -4+ x,0,0; 0,0,0
 => SYMM( 44): z+1/4,-x+1/4,y+1/4                Symbol: -3- x,x-1/2,-x+1/2; 3/8,-1/8,1/8
 => SYMM( 45): y+1/4,z+1/4,-x+1/4                Symbol: -3+ x,-x+1/2,x-1/2; 3/8,1/8,-1/8
 => SYMM( 46): -z,-y,x                           Symbol: -4+ 0,y,0; 0,0,0
 => SYMM( 47): z,y,x                             Symbol: m x,y,x
 => SYMM( 48): -z,y,-x                           Symbol: m x,y,-x
 => SYMM( 49): x+1/2,y+1/2,z                     Symbol: t (1/2,1/2,0)
 => SYMM( 50): -y+3/4,x+3/4,z+1/4                Symbol: 4+ (0,0,1/4) 0,3/4,z
 => SYMM( 51): x+1/2,-y+1/2,-z                   Symbol: 2 (1/2,0,0) x,1/4,0
 => SYMM( 52): z+1/2,x+1/2,y                     Symbol: 3+ (1/3,1/3,1/3) x,x+1/6,x-1/6
 => SYMM( 53): -x+1/2,-y+1/2,z                   Symbol: 2 1/4,1/4,z
 => SYMM( 54): y+3/4,x+3/4,-z+1/4                Symbol: 2 (3/4,3/4,0) x,x,1/8
 => SYMM( 55): -x+3/4,z+3/4,y+1/4                Symbol: 2 (0,1/2,1/2) 3/8,y,y-1/4
 => SYMM( 56): z+1/2,-x+1/2,-y                   Symbol: 3- x,-x+1/2,x-1/2
 => SYMM( 57): y+1/2,z+1/2,x                     Symbol: 3- (1/3,1/3,1/3) x,x-1/6,x-1/3
 => SYMM( 58): y+3/4,-x+3/4,z+1/4                Symbol: 4- (0,0,1/4) 3/4,0,z
 => SYMM( 59): -x+1/2,y+1/2,-z                   Symbol: 2 (0,1/2,0) 1/4,y,0
 => SYMM( 60): -z+1/2,-x+1/2,y                   Symbol: 3+ x,-x+1/2,-x+1/2
 => SYMM( 61): x+3/4,z+3/4,-y+1/4                Symbol: 4- (3/4,0,0) x,1/2,-1/4
 => SYMM( 62): -z+3/4,y+3/4,x+1/4                Symbol: 4- (0,3/4,0) 1/4,y,1/2
 => SYMM( 63): -x+3/4,-z+3/4,-y+1/4              Symbol: 2 (0,1/4,-1/4) 3/8,y,-y+1/2
 => SYMM( 64): y+1/2,-z+1/2,-x                   Symbol: 3+ (1/3,1/3,-1/3) x,x-1/6,-x+1/3
 => SYMM( 65): -y+1/2,z+1/2,-x                   Symbol: 3- x,-x+1/2,-x
 => SYMM( 66): -y+3/4,-x+3/4,-z+1/4              Symbol: 2 x,-x+3/4,1/8
 => SYMM( 67): x+3/4,-z+3/4,y+1/4                Symbol: 4+ (3/4,0,0) x,1/4,1/2
 => SYMM( 68): -z+1/2,x+1/2,-y                   Symbol: 3- (1/3,1/3,-1/3) x,x+1/6,-x+1/6
 => SYMM( 69): -y+1/2,-z+1/2,x                   Symbol: 3+ x,-x+1/2,x
 => SYMM( 70): z+3/4,y+3/4,-x+1/4                Symbol: 4+ (0,3/4,0) 1/2,y,-1/4
 => SYMM( 71): -z+3/4,-y+3/4,-x+1/4              Symbol: 2 (1/4,0,-1/4) x,3/8,-x+1/2
 => SYMM( 72): z+3/4,-y+3/4,x+1/4                Symbol: 2 (1/2,0,1/2) x,3/8,x-1/4
 => SYMM( 73): -x+3/4,-y+3/4,-z+1/4              Symbol: -1 3/8,3/8,1/8
 => SYMM( 74): y+1/2,-x+1/2,-z                   Symbol: -4+ 1/2,0,z; 1/2,0,0
 => SYMM( 75): -x+3/4,y+3/4,z+1/4                Symbol: g (0,3/4,1/4) 3/8,y,z
 => SYMM( 76): -z+3/4,-x+3/4,-y+1/4              Symbol: -3+ x,x-1/2,x-1/2; 5/8,1/8,1/8
 => SYMM( 77): x+3/4,y+3/4,-z+1/4                Symbol: g (3/4,3/4,0) x,y,1/8
 => SYMM( 78): -y+1/2,-x+1/2,z                   Symbol: m x,-x+1/2,z
 => SYMM( 79): x+1/2,-z+1/2,-y                   Symbol: g (1/2,1/4,-1/4) x,y,-y+1/4
 => SYMM( 80): -z+3/4,x+3/4,y+1/4                Symbol: -3- x,-x+1/2,x+1; -1/8,5/8,7/8
 => SYMM( 81): -y+3/4,-z+3/4,-x+1/4              Symbol: -3- x,x+1/2,x; 1/8,5/8,1/8
 => SYMM( 82): -y+1/2,x+1/2,-z                   Symbol: -4- 0,1/2,z; 0,1/2,0
 => SYMM( 83): x+3/4,-y+3/4,z+1/4                Symbol: d (3/4,0,1/4) x,3/8,z
 => SYMM( 84): z+3/4,x+3/4,-y+1/4                Symbol: -3+ x,-x+1,-x-1/2; 1/8,7/8,-5/8
 => SYMM( 85): -x+1/2,-z+1/2,y                   Symbol: -4- x,1/4,1/4; 1/4,1/4,1/4
 => SYMM( 86): z+1/2,-y+1/2,-x                   Symbol: -4- 1/4,y,-1/4; 1/4,1/4,-1/4
 => SYMM( 87): x+1/2,z+1/2,y                     Symbol: g (1/2,1/4,1/4) x,y,y-1/4
 => SYMM( 88): -y+3/4,z+3/4,x+1/4                Symbol: -3+ x,x+1,-x; -1/8,7/8,1/8
 => SYMM( 89): y+3/4,-z+3/4,x+1/4                Symbol: -3- x,-x+1/2,-x+3/2; 5/8,-1/8,7/8
 => SYMM( 90): y+1/2,x+1/2,z                     Symbol: n (1/2,1/2,0) x,x,z
 => SYMM( 91): -x+1/2,z+1/2,-y                   Symbol: -4+ x,1/4,-1/4; 1/4,1/4,-1/4
 => SYMM( 92): z+3/4,-x+3/4,y+1/4                Symbol: -3- x,x-1,-x+1; 7/8,-1/8,1/8
 => SYMM( 93): y+3/4,z+3/4,-x+1/4                Symbol: -3+ x,-x+1,x-3/2; 7/8,1/8,-5/8
 => SYMM( 94): -z+1/2,-y+1/2,x                   Symbol: -4+ 1/4,y,1/4; 1/4,1/4,1/4
 => SYMM( 95): z+1/2,y+1/2,x                     Symbol: g (1/4,1/2,1/4) x,y,x-1/4
 => SYMM( 96): -z+1/2,y+1/2,-x                   Symbol: g (1/4,1/2,-1/4) x,y,-x+1/4
 => SYMM( 97): x+1/2,y,z+1/2                     Symbol: t (1/2,0,1/2)
 => SYMM( 98): -y+3/4,x+1/4,z+3/4                Symbol: 4+ (0,0,3/4) 1/4,1/2,z
 => SYMM( 99): x+1/2,-y,-z+1/2                   Symbol: 2 (1/2,0,0) x,0,1/4
 => SYMM(100): z+1/2,x,y+1/2                     Symbol: 3+ (1/3,1/3,1/3) x,x-1/3,x-1/6
 => SYMM(101): -x+1/2,-y,z+1/2                   Symbol: 2 (0,0,1/2) 1/4,0,z
 => SYMM(102): y+3/4,x+1/4,-z+3/4                Symbol: 2 (1/2,1/2,0) x,x-1/4,3/8
 => SYMM(103): -x+3/4,z+1/4,y+3/4                Symbol: 2 (0,1/2,1/2) 3/8,y,y+1/4
 => SYMM(104): z+1/2,-x,-y+1/2                   Symbol: 3- (1/3,-1/3,1/3) x,-x+1/3,x-1/6
 => SYMM(105): y+1/2,z,x+1/2                     Symbol: 3- (1/3,1/3,1/3) x,x-1/6,x+1/6
 => SYMM(106): y+3/4,-x+1/4,z+3/4                Symbol: 4- (0,0,3/4) 1/2,-1/4,z
 => SYMM(107): -x+1/2,y,-z+1/2                   Symbol: 2 1/4,y,1/4
 => SYMM(108): -z+1/2,-x,y+1/2                   Symbol: 3+ x,-x,-x+1/2
 => SYMM(109): x+3/4,z+1/4,-y+3/4                Symbol: 4- (3/4,0,0) x,1/2,1/4
 => SYMM(110): -z+3/4,y+1/4,x+3/4                Symbol: 4- (0,1/4,0) 0,y,3/4
 => SYMM(111): -x+3/4,-z+1/4,-y+3/4              Symbol: 2 (0,-1/4,1/4) 3/8,y,-y+1/2
 => SYMM(112): y+1/2,-z,-x+1/2                   Symbol: 3+ x,x-1/2,-x+1/2
 => SYMM(113): -y+1/2,z,-x+1/2                   Symbol: 3- x,-x+1/2,-x+1/2
 => SYMM(114): -y+3/4,-x+1/4,-z+3/4              Symbol: 2 (1/4,-1/4,0) x,-x+1/2,3/8
 => SYMM(115): x+3/4,-z+1/4,y+3/4                Symbol: 4+ (3/4,0,0) x,-1/4,1/2
 => SYMM(116): -z+1/2,x,-y+1/2                   Symbol: 3- x,x,-x+1/2
 => SYMM(117): -y+1/2,-z,x+1/2                   Symbol: 3+ (1/3,-1/3,1/3) x,-x+1/6,x+1/6
 => SYMM(118): z+3/4,y+1/4,-x+3/4                Symbol: 4+ (0,1/4,0) 3/4,y,0
 => SYMM(119): -z+3/4,-y+1/4,-x+3/4              Symbol: 2 x,1/8,-x+3/4
 => SYMM(120): z+3/4,-y+1/4,x+3/4                Symbol: 2 (3/4,0,3/4) x,1/8,x
 => SYMM(121): -x+3/4,-y+1/4,-z+3/4              Symbol: -1 3/8,1/8,3/8
 => SYMM(122): y+1/2,-x,-z+1/2                   Symbol: -4+ 1/4,-1/4,z; 1/4,-1/4,1/4
 => SYMM(123): -x+3/4,y+1/4,z+3/4                Symbol: d (0,1/4,3/4) 3/8,y,z
 => SYMM(124): -z+3/4,-x+1/4,-y+3/4              Symbol: -3+ x,x,x+1/2; 1/8,1/8,5/8
 => SYMM(125): x+3/4,y+1/4,-z+3/4                Symbol: g (3/4,1/4,0) x,y,3/8
 => SYMM(126): -y+1/2,-x,z+1/2                   Symbol: g (1/4,-1/4,1/2) x,-x+1/4,z
 => SYMM(127): x+1/2,-z,-y+1/2                   Symbol: g (1/2,-1/4,1/4) x,y,-y+1/4
 => SYMM(128): -z+3/4,x+1/4,y+3/4                Symbol: -3- x,-x,x+1; -1/8,1/8,7/8
 => SYMM(129): -y+3/4,-z+1/4,-x+3/4              Symbol: -3- x,x-1/2,x-1/2; 5/8,1/8,1/8
 => SYMM(130): -y+1/2,x,-z+1/2                   Symbol: -4- 1/4,1/4,z; 1/4,1/4,1/4
 => SYMM(131): x+3/4,-y+1/4,z+3/4                Symbol: g (3/4,0,3/4) x,1/8,z
 => SYMM(132): z+3/4,x+1/4,-y+3/4                Symbol: -3+ x,-x+3/2,-x+1/2; 5/8,7/8,-1/8
 => SYMM(133): -x+1/2,-z,y+1/2                   Symbol: -4- x,-1/4,1/4; 1/4,-1/4,1/4
 => SYMM(134): z+1/2,-y,-x+1/2                   Symbol: -4- 1/2,y,0; 1/2,0,0
 => SYMM(135): x+1/2,z,y+1/2                     Symbol: g (1/2,1/4,1/4) x,y,y+1/4
 => SYMM(136): -y+3/4,z+1/4,x+3/4                Symbol: -3+ x,x+1,-x+1/2; -1/8,7/8,5/8
 => SYMM(137): y+3/4,-z+1/4,x+3/4                Symbol: -3- x,-x-1/2,-x+1; 1/8,-5/8,7/8
 => SYMM(138): y+1/2,x,z+1/2                     Symbol: g (1/4,1/4,1/2) x,x-1/4,z
 => SYMM(139): -x+1/2,z,-y+1/2                   Symbol: -4+ x,1/4,1/4; 1/4,1/4,1/4
 => SYMM(140): z+3/4,-x+1/4,y+3/4                Symbol: -3- x,x-3/2,-x+1; 7/8,-5/8,1/8
 => SYMM(141): y+3/4,z+1/4,-x+3/4                Symbol: -3+ x,-x+1,x-1; 7/8,1/8,-1/8
 => SYMM(142): -z+1/2,-y,x+1/2                   Symbol: -4+ 0,y,1/2; 0,0,1/2
 => SYMM(143): z+1/2,y,x+1/2                     Symbol: n (1/2,0,1/2) x,y,x
 => SYMM(144): -z+1/2,y,-x+1/2                   Symbol: m x,y,-x+1/2
 => SYMM(145): x,y+1/2,z+1/2                     Symbol: t (0,1/2,1/2)
 => SYMM(146): -y+1/4,x+3/4,z+3/4                Symbol: 4+ (0,0,3/4) -1/4,1/2,z
 => SYMM(147): x,-y+1/2,-z+1/2                   Symbol: 2 x,1/4,1/4
 => SYMM(148): z,x+1/2,y+1/2                     Symbol: 3+ (1/3,1/3,1/3) x,x+1/6,x+1/3
 => SYMM(149): -x,-y+1/2,z+1/2                   Symbol: 2 (0,0,1/2) 0,1/4,z
 => SYMM(150): y+1/4,x+3/4,-z+3/4                Symbol: 2 (1/2,1/2,0) x,x+1/4,3/8
 => SYMM(151): -x+1/4,z+3/4,y+3/4                Symbol: 2 (0,3/4,3/4) 1/8,y,y
 => SYMM(152): z,-x+1/2,-y+1/2                   Symbol: 3- x,-x+1/2,x
 => SYMM(153): y,z+1/2,x+1/2                     Symbol: 3- (1/3,1/3,1/3) x,x+1/3,x+1/6
 => SYMM(154): y+1/4,-x+3/4,z+3/4                Symbol: 4- (0,0,3/4) 1/2,1/4,z
 => SYMM(155): -x,y+1/2,-z+1/2                   Symbol: 2 (0,1/2,0) 0,y,1/4
 => SYMM(156): -z,-x+1/2,y+1/2                   Symbol: 3+ (-1/3,1/3,1/3) x,-x+1/6,-x+1/3
 => SYMM(157): x+1/4,z+3/4,-y+3/4                Symbol: 4- (1/4,0,0) x,3/4,0
 => SYMM(158): -z+1/4,y+3/4,x+3/4                Symbol: 4- (0,3/4,0) -1/4,y,1/2
 => SYMM(159): -x+1/4,-z+3/4,-y+3/4              Symbol: 2 1/8,y,-y+3/4
 => SYMM(160): y,-z+1/2,-x+1/2                   Symbol: 3+ x,x,-x+1/2
 => SYMM(161): -y,z+1/2,-x+1/2                   Symbol: 3- (-1/3,1/3,1/3) x,-x+1/3,-x+1/6
 => SYMM(162): -y+1/4,-x+3/4,-z+3/4              Symbol: 2 (-1/4,1/4,0) x,-x+1/2,3/8
 => SYMM(163): x+1/4,-z+3/4,y+3/4                Symbol: 4+ (1/4,0,0) x,0,3/4
 => SYMM(164): -z,x+1/2,-y+1/2                   Symbol: 3- x,x+1/2,-x
 => SYMM(165): -y,-z+1/2,x+1/2                   Symbol: 3+ x,-x,x+1/2
 => SYMM(166): z+1/4,y+3/4,-x+3/4                Symbol: 4+ (0,3/4,0) 1/2,y,1/4
 => SYMM(167): -z+1/4,-y+3/4,-x+3/4              Symbol: 2 (-1/4,0,1/4) x,3/8,-x+1/2
 => SYMM(168): z+1/4,-y+3/4,x+3/4                Symbol: 2 (1/2,0,1/2) x,3/8,x+1/4
 => SYMM(169): -x+1/4,-y+3/4,-z+3/4              Symbol: -1 1/8,3/8,3/8
 => SYMM(170): y,-x+1/2,-z+1/2                   Symbol: -4+ 1/4,1/4,z; 1/4,1/4,1/4
 => SYMM(171): -x+1/4,y+3/4,z+3/4                Symbol: g (0,3/4,3/4) 1/8,y,z
 => SYMM(172): -z+1/4,-x+3/4,-y+3/4              Symbol: -3+ x,x+1/2,x; 1/8,5/8,1/8
 => SYMM(173): x+1/4,y+3/4,-z+3/4                Symbol: d (1/4,3/4,0) x,y,3/8
 => SYMM(174): -y,-x+1/2,z+1/2                   Symbol: g (-1/4,1/4,1/2) x,-x+1/4,z
 => SYMM(175): x,-z+1/2,-y+1/2                   Symbol: m x,y,-y+1/2
 => SYMM(176): -z+1/4,x+3/4,y+3/4                Symbol: -3- x,-x-1/2,x+3/2; -5/8,1/8,7/8
 => SYMM(177): -y+1/4,-z+3/4,-x+3/4              Symbol: -3- x,x,x+1/2; 1/8,1/8,5/8
 => SYMM(178): -y,x+1/2,-z+1/2                   Symbol: -4- -1/4,1/4,z; -1/4,1/4,1/4
 => SYMM(179): x+1/4,-y+3/4,z+3/4                Symbol: g (1/4,0,3/4) x,3/8,z
 => SYMM(180): z+1/4,x+3/4,-y+3/4                Symbol: -3+ x,-x+1,-x; 1/8,7/8,-1/8
 => SYMM(181): -x,-z+1/2,y+1/2                   Symbol: -4- x,0,1/2; 0,0,1/2
 => SYMM(182): z,-y+1/2,-x+1/2                   Symbol: -4- 1/4,y,1/4; 1/4,1/4,1/4
 => SYMM(183): x,z+1/2,y+1/2                     Symbol: n (0,1/2,1/2) x,y,y
 => SYMM(184): -y+1/4,z+3/4,x+3/4                Symbol: -3+ x,x+3/2,-x-1/2; -5/8,7/8,1/8
 => SYMM(185): y+1/4,-z+3/4,x+3/4                Symbol: -3- x,-x,-x+1; 1/8,-1/8,7/8
 => SYMM(186): y,x+1/2,z+1/2                     Symbol: g (1/4,1/4,1/2) x,x+1/4,z
 => SYMM(187): -x,z+1/2,-y+1/2                   Symbol: -4+ x,1/2,0; 0,1/2,0
 => SYMM(188): z+1/4,-x+3/4,y+3/4                Symbol: -3- x,x-1,-x+3/2; 7/8,-1/8,5/8
 => SYMM(189): y+1/4,z+3/4,-x+3/4                Symbol: -3+ x,-x+3/2,x-1; 7/8,5/8,-1/8
 => SYMM(190): -z,-y+1/2,x+1/2                   Symbol: -4+ -1/4,y,1/4; -1/4,1/4,1/4
 => SYMM(191): z,y+1/2,x+1/2                     Symbol: g (1/4,1/2,1/4) x,y,x+1/4
 => SYMM(192): -z,y+1/2,-x+1/2                   Symbol: g (-1/4,1/2,1/4) x,y,-x+1/4

 => Special Wyckoff Positions for F d -3 m:1
 
    Multp     Site        Representative Coordinates (centring translations excluded)
     96       h              1/8,y,-y+1/4        -y+1/4,3/8,-y+1/2   1/8,-y,y+3/4                            
                             -y+1/4,1/8,y        7/8,-y,-y+1/4       y+1/4,3/8,y                             
                             y,-y+1/4,1/8        y+1/4,1/8,-y+1/2    7/8,y,y+3/4                             
                             y,y+1/4,3/8         -y,-y+1/4,7/8       -y,y+3/4,1/8                            
                             1/8,-y+1/4,y        y,7/8,y+3/4         1/8,y+1/4,-y+1/2                        
                             y,1/8,-y+1/4        3/8,y+1/4,y         -y,7/8,-y+1/4                           
                             -y+1/4,y,1/8        -y,1/8,y+3/4        3/8,-y+1/4,-y+1/2                       
                             -y+1/4,-y,7/8       y+1/4,y,3/8         y+1/4,-y+1/2,1/8                        
 
     96       g              x,x,z               -x+1/4,x+1/4,z+1/4  x,-x,-z                                 
                             z,x,x               -x,-x,z             x+1/4,x+1/4,-z+1/4                      
                             -x+1/4,z+1/4,x+1/4  z,-x,-x             x,z,x                                   
                             x+1/4,-x+1/4,z+1/4  -x,x,-z             -z,-x,x                                 
                             x+1/4,z+1/4,-x+1/4  -z+1/4,x+1/4,x+1/4  -x+1/4,-z+1/4,-x+1/4                    
                             x,-z,-x             -x,z,-x             -x+1/4,-x+1/4,-z+1/4                    
                             x+1/4,-z+1/4,x+1/4  -z,x,-x             -x,-z,x                                 
                             z+1/4,x+1/4,-x+1/4  -z+1/4,-x+1/4,-x+1/4z+1/4,-x+1/4,x+1/4                      
 
     48       f              x,0,0               1/4,x+1/4,1/4       0,x,0                                   
                             -x,0,0              -x+1/4,1/4,1/4      0,-x,0                                  
                             0,0,x               1/4,-x+1/4,1/4      x+1/4,1/4,1/4                           
                             1/4,1/4,x+1/4       0,0,-x              1/4,1/4,-x+1/4                          
 
     32       e              x,x,x               -x+1/4,x+1/4,x+1/4  x,-x,-x                                 
                             -x,-x,x             x+1/4,x+1/4,-x+1/4  x+1/4,-x+1/4,x+1/4                      
                             -x,x,-x             -x+1/4,-x+1/4,-x+1/4                                        
 
     16       d              5/8,5/8,5/8         5/8,7/8,7/8         3/8,3/8,5/8                             
                             7/8,5/8,7/8                                                                     
 
     16       c              1/8,1/8,1/8         1/8,3/8,3/8         7/8,7/8,1/8                             
                             3/8,1/8,3/8                                                                     
 
      8       b              1/2,1/2,1/2         3/4,3/4,3/4                                                 
 
      8       a              0,0,0               1/4,1/4,1/4                                                 
 

 => Initial parameters ==>
 Atom    Ntyp                  X         Y         Z         B         occ.         in  fin  Spc  Mult
                             B11       B22       B33       B12       B13       B23
 Fe1    FE                 0.50000   0.50000   0.50000   0.17508   0.04167           0    0    0    8
                 Codes:    0.00000   0.00000   0.00000  40.00000   0.00000
 Fe2    FE                 0.12500   0.12500   0.12500   0.17508   0.08333           0    0    0   16
                 Codes:    0.00000   0.00000   0.00000  40.00000   0.00000
 O      O                  0.36918   0.36918   0.36918   0.64580   0.16667           0    0    0   32
                 Codes:    0.00000   0.00000   0.00000  60.00000   0.00000

 => IT IS ASSUMED THAT THE FIRST GIVEN SITE IS FULLY OCCUPIED 
    OR THE FIRST AND SECOND ATOMS ARE IN THE SAME SITE WITH TOTAL FULL OCCUPATION
  (If this is not the case, change the order of atoms to obtain correct values for the content of the unit cell)
    The given occupation factors have been obtained mutiplying m/M by   1.0001
      -> Atom: FE  ,  Chemical element: FE  Atomic Mass:    55.8470
      -> Atom: FE  ,  Chemical element: FE  Atomic Mass:    55.8470
      -> Atom: O   ,  Chemical element: O   Atomic Mass:    15.9994
 => The given value of ATZ is       1852.47 the program has calculated:        1852.47
    The value of ATZ given in the input PCR file will be used for quantitative analysis
 => The chemical content of the unit cell is: 
       8.0000 FE   +  15.9981 FE   +  31.9981 O      
 => The normalized site occupation numbers in % are: 
     100.0000 Fe1    :       99.9880 Fe2    :       99.9940 O        
 => The density (volumic mass) of the compound is:    5.202 g/cm3

 =>-------> PROFILE PARAMETERS FOR PATTERN:  1

 => Overall scale factor:   0.484062E-04
 => ETA (p-Voigt) OR M (Pearson VII):   0.0000
 => Overall temperature factor:      0.00000
 => Halfwidth U,V,W:      0.00439    -0.00039     0.00981
 => X and Y parameters:       0.9236      0.3134
 => Direct cell parameters:    8.3931   8.3931   8.3931  90.0000  90.0000  90.0000
 => Preferred orientation parameters:   1.0000  0.0000
 => Asymmetry parameters     :      0.00000     0.00000     0.00000     0.00000
 => Strain parameters        :      0.00000     0.00000     0.00000
 => Size   parameters        :      0.00000     0.00000
 => Further shape parameters (S_L and D_L):   0.00000   0.00000
    S_L is source width/detector distance
    D_L is detector width/detector distance

 ==> CODEWORDS FOR PROFILE PARAMETERS of PATTERN#  1

 => Overall scale factor:   11.000
 => ETA (p-Voigt) OR M (Pearson VII):    0.000
 => Overall temperature factor:    0.000
 => Halfwidth U,V,W:    0.000   0.000   0.000
 => X and Y parameters:   50.100  70.100
 => Direct cell parameters:   31.000  31.000  31.000   0.000   0.000   0.000
 => Preferred orientation parameters:    0.000   0.000
 => Asymmetry parameters     :    0.000   0.000   0.000   0.000
 => Strain parameters        :    0.000   0.000   0.000
 => Size   parameters        :    0.000   0.000

 => Cell constraints according to Laue symmetry: m-3m 

        Metric information:
        -------------------

 => Direct cell parameters:

         a =       8.3931      b =       8.3931      c =       8.3931
     alpha =       90.000   beta =       90.000  gamma =       90.000
                        Direct Cell Volume =     591.2528

 => Reciprocal cell parameters:

         a*=     0.119145      b*=     0.119145      c*=     0.119145
     alpha*=       90.000   beta*=       90.000  gamma*=       90.000
                    Reciprocal Cell Volume =   0.00169132

 => Direct and Reciprocal Metric Tensors:

                   GD                                       GR
     70.4448      0.0000      0.0000          0.014196    0.000000    0.000000
      0.0000     70.4448      0.0000          0.000000    0.014196    0.000000
      0.0000      0.0000     70.4448          0.000000    0.000000    0.014196

 =>  Cartesian frame: x // a; z is along c*; y is within the ab-plane   

     Crystal_to_Orthonormal_Matrix              Orthonormal_to_Crystal Matrix
              Cr_Orth_cel                               Orth_Cr_cel  
      8.3931      0.0000      0.0000          0.119145   -0.000000   -0.000000
      0.0000      8.3931      0.0000          0.000000    0.119145   -0.000000
      0.0000      0.0000      8.3931          0.000000    0.000000    0.119145

     Busing-Levy B-matrix: Hc=B.H            Inverse of the Busing-Levy B-matrix
                BL_M                                      BL_Minv  
    0.119145    0.000000    0.000000            8.3931     -0.0000     -0.0000
    0.000000    0.119145   -0.000000            0.0000      8.3931      0.0000
    0.000000    0.000000    0.119145            0.0000      0.0000      8.3931

 => Laue symmetry m-3m  will be used to generate HKL for pattern#   1
 => Reflections generated between S(1/d)min:  0.1693 A-1 and S(1/d)max:  1.2770 A-1
 =>                                    dmax:  5.9069 A   and      dmin:  0.7831 A
 => The number of reflections generated is:     45
 => The max. scatt. variable (gen.ref.) is:       159.2804
 => Scattering coefficients from internal table


 => X-ray scattering coeff. (A1, B1, A2,...C, f(0), Z, Dfp,Dfpp)

 FE     11.7695   4.7611   7.3573   0.3072   3.5222  15.3535   2.3045  76.8805   1.0369  25.9904  26.0000  -1.1790   3.2040
 O       3.0485  13.2771   2.2868   5.7011   1.5463   0.3239   0.8670  32.9089   0.2508   7.9994   8.0000   0.0470   0.0320

     --------------------------------------------------------------
      SYMBOLIC NAMES AND INITIAL VALUES OF PARAMETERS TO BE VARIED:
     --------------------------------------------------------------

      ->  Parameter number    1   -> Symbolic Name:                                     Scale_ph1_pat1    0.48406189E-04
      ->  Parameter number    2   -> Symbolic Name:                                         SyCos_pat1    0.69320001E-01
      ->  Parameter number    3   -> Symbolic Name:                                    Cell_A_ph1_pat1     8.3931389    
      ->  Parameter number    4   -> Symbolic Name:                                       Biso_Fe1_ph1     0.0000000    
      ->  Parameter number    5   -> Symbolic Name:                                     X-tan_ph1_pat1    0.92357898    
      ->  Parameter number    6   -> Symbolic Name:                                         Biso_O_ph1     0.0000000    
      ->  Parameter number    7   -> Symbolic Name:                                     Y-cos_ph1_pat1    0.31336799    
  
 
 => No optimization for routine tasks
 ++++++++++++++++++++++++++++++++++++++++++++++++++++++++++++++++++++++++++++++++++++++++++++++++++++++++++++++++++++++++

 => CYCLE No.:    1
 ---------------------------------------------------------------------------------------
 => Phase  1 Name: Fe3O4                                                                 
 ---------------------------------------------------------------------------------------
 => New parameters, shifts, and standard deviations

 Atom        x       dx      sx       y       dy      sy       z       dz      sz       B       dB      sB      occ.    docc.   socc.

 Fe1      0.50000 0.00000 0.00000  0.50000 0.00000 0.00000  0.50000 0.00000 0.00000  0.17508 0.00000 0.00000  0.04167 0.00000 0.00000
 Fe2      0.12500 0.00000 0.00000  0.12500 0.00000 0.00000  0.12500 0.00000 0.00000  0.17508 0.00000 0.00000  0.08333 0.00000 0.00000
 O        0.36918 0.00000 0.00000  0.36918 0.00000 0.00000  0.36918 0.00000 0.00000  0.64580 0.00000 0.00000  0.16667 0.00000 0.00000

 ==> PROFILE PARAMETERS FOR PATTERN#  1

 => Overall scale factor:      0.000048406    -0.000000001     0.000000480
 => Eta(p-Voigt) or m(Pearson VII):   0.000000  0.000000  0.000000
 => Overall tem. factor:     0.000000    0.000000    0.000000
 => Halfwidth parameters: 
         0.004391    0.000000    0.000000
        -0.000389    0.000000    0.000000
         0.009813    0.000000    0.000000
 => Cell parameters: 
        8.393141    0.000002    0.000635
        8.393141    0.000002    0.000635
        8.393141    0.000002    0.000635
       90.000000    0.000000    0.000000
       90.000000    0.000000    0.000000
       90.000000    0.000000    0.000000
 => Preferred orientation: 
         1.000000    0.000000    0.000000
         0.000000    0.000000    0.000000
 => Asymmetry parameters: 
         0.000000    0.000000    0.000000
         0.000000    0.000000    0.000000
         0.000000    0.000000    0.000000
         0.000000    0.000000    0.000000
 => X and Y parameters: 
         0.919604   -0.003975    0.005369
         0.319279    0.005911    0.001993
 => Strain parameters: 
         0.000000    0.000000    0.000000
         0.000000    0.000000    0.000000
         0.000000    0.000000    0.000000
 => Size   parameters (G,L): 
         0.000000    0.000000    0.000000
         0.000000    0.000000    0.000000
 => Further shape parameters (S_L and D_L): 
       0.000000  0.000000  0.000000
       0.000000  0.000000  0.000000

 ==> GLOBAL PARAMETERS FOR PATTERN#  1


 => Zero-point:     0.0000    0.0000    0.0000

 => Cos( theta)-shift parameter :   0.0692 -0.0001  0.0073
 => Sin(2theta)-shift parameter :   0.0000  0.0000  0.0000

 ==> RELIABILITY FACTORS WITH ALL NON-EXCLUDED POINTS FOR PATTERN:  1

 => R-Factors:   10.8      14.4     Chi2:  1.78     DW-Stat.:  1.3421   Patt#:  1
 => Expected :            10.8                                1.8822
 => Deviance : 0.422E+04     Dev*:   1.660    
 => GoF-index:  1.3         Sqrt(Residual/N)
 => N-P+C:  2536

 =>    SumYdif       SumYobs      SumYcal      SumwYobsSQ     Residual    Condition
     0.2333E+05    0.2166E+06    0.2176E+06    0.2166E+06     4506.        0.4870E+12


 => Conventional Rietveld Rp,Rwp,Re and Chi2:   25.6      26.9      20.2      1.777    
 => (Values obtained using Ynet, but true sigma(y))
 =>  SumYnet, Sum(w Ynet**2):     0.9101E+05    0.6243E+05


 ==> RELIABILITY FACTORS FOR POINTS WITH BRAGG CONTRIBUTIONS FOR PATTERN:  1

 => R-Factors:   10.8      14.4     Chi2:  1.78     DW-Stat.:  1.3421   Patt#:
 => Expected :            10.8                                1.8822
 => Deviance : 0.422E+04     Dev*:   1.660    
 => GoF-index:  1.3         Sqrt(Residual/N)
 => N-P+C:  2536

 =>    SumYdif       SumYobs      SumYcal      SumwYobsSQ     Residual    Condition
     0.2333E+05    0.2166E+06    0.2176E+06    0.2166E+06     4506.        0.4870E+12


 => Conventional Rietveld Rp,Rwp,Re and Chi2:   25.6      26.9      20.2      1.777    
 => (Values obtained using Ynet, but true sigma(y))
 =>  SumYnet, Sum(w Ynet**2):     0.9101E+05    0.6243E+05


 => Global user-weigthed Chi2 (Bragg contrib.):   1.78    

 => ---------> Pattern#  1
 => Phase:  1
 =>    Bragg R-factor:  6.49    
 =>    RF-factor     :  7.08    
 ++++++++++++++++++++++++++++++++++++++++++++++++++++++++++++++++++++++++++++++++++++++++++++++++++++++++++++++++++++++++

 => CYCLE No.:    2
 ---------------------------------------------------------------------------------------
 => Phase  1 Name: Fe3O4                                                                 
 ---------------------------------------------------------------------------------------
 => New parameters, shifts, and standard deviations

 Atom        x       dx      sx       y       dy      sy       z       dz      sz       B       dB      sB      occ.    docc.   socc.

 Fe1      0.50000 0.00000 0.00000  0.50000 0.00000 0.00000  0.50000 0.00000 0.00000  0.17508 0.00000 0.00000  0.04167 0.00000 0.00000
 Fe2      0.12500 0.00000 0.00000  0.12500 0.00000 0.00000  0.12500 0.00000 0.00000  0.17508 0.00000 0.00000  0.08333 0.00000 0.00000
 O        0.36918 0.00000 0.00000  0.36918 0.00000 0.00000  0.36918 0.00000 0.00000  0.64580 0.00000 0.00000  0.16667 0.00000 0.00000

 ==> PROFILE PARAMETERS FOR PATTERN#  1

 => Overall scale factor:      0.000048418     0.000000013     0.000000479
 => Eta(p-Voigt) or m(Pearson VII):   0.000000  0.000000  0.000000
 => Overall tem. factor:     0.000000    0.000000    0.000000
 => Halfwidth parameters: 
         0.004391    0.000000    0.000000
        -0.000389    0.000000    0.000000
         0.009813    0.000000    0.000000
 => Cell parameters: 
        8.393142    0.000001    0.000637
        8.393142    0.000001    0.000637
        8.393142    0.000001    0.000637
       90.000000    0.000000    0.000000
       90.000000    0.000000    0.000000
       90.000000    0.000000    0.000000
 => Preferred orientation: 
         1.000000    0.000000    0.000000
         0.000000    0.000000    0.000000
 => Asymmetry parameters: 
         0.000000    0.000000    0.000000
         0.000000    0.000000    0.000000
         0.000000    0.000000    0.000000
         0.000000    0.000000    0.000000
 => X and Y parameters: 
         0.915656   -0.003949    0.005395
         0.324823    0.005544    0.002005
 => Strain parameters: 
         0.000000    0.000000    0.000000
         0.000000    0.000000    0.000000
         0.000000    0.000000    0.000000
 => Size   parameters (G,L): 
         0.000000    0.000000    0.000000
         0.000000    0.000000    0.000000
 => Further shape parameters (S_L and D_L): 
       0.000000  0.000000  0.000000
       0.000000  0.000000  0.000000

 ==> GLOBAL PARAMETERS FOR PATTERN#  1


 => Zero-point:     0.0000    0.0000    0.0000

 => Cos( theta)-shift parameter :   0.0692 -0.0001  0.0074
 => Sin(2theta)-shift parameter :   0.0000  0.0000  0.0000

 ==> RELIABILITY FACTORS WITH ALL NON-EXCLUDED POINTS FOR PATTERN:  1

 => R-Factors:   10.7      14.4     Chi2:  1.77     DW-Stat.:  1.3484   Patt#:  1
 => Expected :            10.8                                1.8822
 => Deviance : 0.420E+04     Dev*:   1.652    
 => GoF-index:  1.3         Sqrt(Residual/N)
 => N-P+C:  2536

 =>    SumYdif       SumYobs      SumYcal      SumwYobsSQ     Residual    Condition
     0.2322E+05    0.2166E+06    0.2176E+06    0.2166E+06     4487.        0.4869E+12


 => Conventional Rietveld Rp,Rwp,Re and Chi2:   25.5      26.8      20.2      1.769    
 => (Values obtained using Ynet, but true sigma(y))
 =>  SumYnet, Sum(w Ynet**2):     0.9101E+05    0.6243E+05


 ==> RELIABILITY FACTORS FOR POINTS WITH BRAGG CONTRIBUTIONS FOR PATTERN:  1

 => R-Factors:   10.7      14.4     Chi2:  1.77     DW-Stat.:  1.3484   Patt#:
 => Expected :            10.8                                1.8822
 => Deviance : 0.420E+04     Dev*:   1.652    
 => GoF-index:  1.3         Sqrt(Residual/N)
 => N-P+C:  2536

 =>    SumYdif       SumYobs      SumYcal      SumwYobsSQ     Residual    Condition
     0.2322E+05    0.2166E+06    0.2176E+06    0.2166E+06     4487.        0.4869E+12


 => Conventional Rietveld Rp,Rwp,Re and Chi2:   25.5      26.8      20.2      1.769    
 => (Values obtained using Ynet, but true sigma(y))
 =>  SumYnet, Sum(w Ynet**2):     0.9101E+05    0.6243E+05


 => Global user-weigthed Chi2 (Bragg contrib.):   1.77    

 => ---------> Pattern#  1
 => Phase:  1
 =>    Bragg R-factor:  6.50    
 =>    RF-factor     :  7.09    
 ++++++++++++++++++++++++++++++++++++++++++++++++++++++++++++++++++++++++++++++++++++++++++++++++++++++++++++++++++++++++

 => CYCLE No.:    3
 ---------------------------------------------------------------------------------------
 => Phase  1 Name: Fe3O4                                                                 
 ---------------------------------------------------------------------------------------
 => New parameters, shifts, and standard deviations

 Atom        x       dx      sx       y       dy      sy       z       dz      sz       B       dB      sB      occ.    docc.   socc.

 Fe1      0.50000 0.00000 0.00000  0.50000 0.00000 0.00000  0.50000 0.00000 0.00000  0.17508 0.00000 0.00000  0.04167 0.00000 0.00000
 Fe2      0.12500 0.00000 0.00000  0.12500 0.00000 0.00000  0.12500 0.00000 0.00000  0.17508 0.00000 0.00000  0.08333 0.00000 0.00000
 O        0.36918 0.00000 0.00000  0.36918 0.00000 0.00000  0.36918 0.00000 0.00000  0.64580 0.00000 0.00000  0.16667 0.00000 0.00000

 ==> PROFILE PARAMETERS FOR PATTERN#  1

 => Overall scale factor:      0.000048431     0.000000013     0.000000479
 => Eta(p-Voigt) or m(Pearson VII):   0.000000  0.000000  0.000000
 => Overall tem. factor:     0.000000    0.000000    0.000000
 => Halfwidth parameters: 
         0.004391    0.000000    0.000000
        -0.000389    0.000000    0.000000
         0.009813    0.000000    0.000000
 => Cell parameters: 
        8.393141   -0.000001    0.000640
        8.393141   -0.000001    0.000640
        8.393141   -0.000001    0.000640
       90.000000    0.000000    0.000000
       90.000000    0.000000    0.000000
       90.000000    0.000000    0.000000
 => Preferred orientation: 
         1.000000    0.000000    0.000000
         0.000000    0.000000    0.000000
 => Asymmetry parameters: 
         0.000000    0.000000    0.000000
         0.000000    0.000000    0.000000
         0.000000    0.000000    0.000000
         0.000000    0.000000    0.000000
 => X and Y parameters: 
         0.911750   -0.003906    0.005419
         0.330012    0.005189    0.002017
 => Strain parameters: 
         0.000000    0.000000    0.000000
         0.000000    0.000000    0.000000
         0.000000    0.000000    0.000000
 => Size   parameters (G,L): 
         0.000000    0.000000    0.000000
         0.000000    0.000000    0.000000
 => Further shape parameters (S_L and D_L): 
       0.000000  0.000000  0.000000
       0.000000  0.000000  0.000000

 ==> GLOBAL PARAMETERS FOR PATTERN#  1


 => Zero-point:     0.0000    0.0000    0.0000

 => Cos( theta)-shift parameter :   0.0691 -0.0001  0.0074
 => Sin(2theta)-shift parameter :   0.0000  0.0000  0.0000

 ==> RELIABILITY FACTORS WITH ALL NON-EXCLUDED POINTS FOR PATTERN:  1

 => R-Factors:   10.7      14.4     Chi2:  1.76     DW-Stat.:  1.3533   Patt#:  1
 => Expected :            10.8                                1.8822
 => Deviance : 0.418E+04     Dev*:   1.645    
 => GoF-index:  1.3         Sqrt(Residual/N)
 => N-P+C:  2536

 =>    SumYdif       SumYobs      SumYcal      SumwYobsSQ     Residual    Condition
     0.2314E+05    0.2166E+06    0.2176E+06    0.2166E+06     4473.        0.4866E+12


 => Conventional Rietveld Rp,Rwp,Re and Chi2:   25.4      26.8      20.2      1.764    
 => (Values obtained using Ynet, but true sigma(y))
 =>  SumYnet, Sum(w Ynet**2):     0.9101E+05    0.6243E+05


 ==> RELIABILITY FACTORS FOR POINTS WITH BRAGG CONTRIBUTIONS FOR PATTERN:  1

 => R-Factors:   10.7      14.4     Chi2:  1.76     DW-Stat.:  1.3533   Patt#:
 => Expected :            10.8                                1.8822
 => Deviance : 0.418E+04     Dev*:   1.645    
 => GoF-index:  1.3         Sqrt(Residual/N)
 => N-P+C:  2536

 =>    SumYdif       SumYobs      SumYcal      SumwYobsSQ     Residual    Condition
     0.2314E+05    0.2166E+06    0.2176E+06    0.2166E+06     4473.        0.4866E+12


 => Conventional Rietveld Rp,Rwp,Re and Chi2:   25.4      26.8      20.2      1.764    
 => (Values obtained using Ynet, but true sigma(y))
 =>  SumYnet, Sum(w Ynet**2):     0.9101E+05    0.6243E+05


 => Global user-weigthed Chi2 (Bragg contrib.):   1.76    

 => ---------> Pattern#  1
 => Phase:  1
 =>    Bragg R-factor:  6.51    
 =>    RF-factor     :  7.11    
 ++++++++++++++++++++++++++++++++++++++++++++++++++++++++++++++++++++++++++++++++++++++++++++++++++++++++++++++++++++++++

 => CYCLE No.:    4
 ---------------------------------------------------------------------------------------
 => Phase  1 Name: Fe3O4                                                                 
 ---------------------------------------------------------------------------------------
 => New parameters, shifts, and standard deviations

 Atom        x       dx      sx       y       dy      sy       z       dz      sz       B       dB      sB      occ.    docc.   socc.

 Fe1      0.50000 0.00000 0.00000  0.50000 0.00000 0.00000  0.50000 0.00000 0.00000  0.17508 0.00000 0.00000  0.04167 0.00000 0.00000
 Fe2      0.12500 0.00000 0.00000  0.12500 0.00000 0.00000  0.12500 0.00000 0.00000  0.17508 0.00000 0.00000  0.08333 0.00000 0.00000
 O        0.36918 0.00000 0.00000  0.36918 0.00000 0.00000  0.36918 0.00000 0.00000  0.64580 0.00000 0.00000  0.16667 0.00000 0.00000

 ==> PROFILE PARAMETERS FOR PATTERN#  1

 => Overall scale factor:      0.000048442     0.000000011     0.000000478
 => Eta(p-Voigt) or m(Pearson VII):   0.000000  0.000000  0.000000
 => Overall tem. factor:     0.000000    0.000000    0.000000
 => Halfwidth parameters: 
         0.004391    0.000000    0.000000
        -0.000389    0.000000    0.000000
         0.009813    0.000000    0.000000
 => Cell parameters: 
        8.393139   -0.000002    0.000642
        8.393139   -0.000002    0.000642
        8.393139   -0.000002    0.000642
       90.000000    0.000000    0.000000
       90.000000    0.000000    0.000000
       90.000000    0.000000    0.000000
 => Preferred orientation: 
         1.000000    0.000000    0.000000
         0.000000    0.000000    0.000000
 => Asymmetry parameters: 
         0.000000    0.000000    0.000000
         0.000000    0.000000    0.000000
         0.000000    0.000000    0.000000
         0.000000    0.000000    0.000000
 => X and Y parameters: 
         0.907899   -0.003851    0.005441
         0.334861    0.004849    0.002027
 => Strain parameters: 
         0.000000    0.000000    0.000000
         0.000000    0.000000    0.000000
         0.000000    0.000000    0.000000
 => Size   parameters (G,L): 
         0.000000    0.000000    0.000000
         0.000000    0.000000    0.000000
 => Further shape parameters (S_L and D_L): 
       0.000000  0.000000  0.000000
       0.000000  0.000000  0.000000

 ==> GLOBAL PARAMETERS FOR PATTERN#  1


 => Zero-point:     0.0000    0.0000    0.0000

 => Cos( theta)-shift parameter :   0.0690 -0.0001  0.0075
 => Sin(2theta)-shift parameter :   0.0000  0.0000  0.0000

 ==> RELIABILITY FACTORS WITH ALL NON-EXCLUDED POINTS FOR PATTERN:  1

 => R-Factors:   10.7      14.4     Chi2:  1.76     DW-Stat.:  1.3573   Patt#:  1
 => Expected :            10.8                                1.8822
 => Deviance : 0.417E+04     Dev*:   1.640    
 => GoF-index:  1.3         Sqrt(Residual/N)
 => N-P+C:  2536

 =>    SumYdif       SumYobs      SumYcal      SumwYobsSQ     Residual    Condition
     0.2307E+05    0.2166E+06    0.2177E+06    0.2166E+06     4461.        0.4863E+12


 => Conventional Rietveld Rp,Rwp,Re and Chi2:   25.4      26.7      20.2      1.759    
 => (Values obtained using Ynet, but true sigma(y))
 =>  SumYnet, Sum(w Ynet**2):     0.9101E+05    0.6243E+05


 ==> RELIABILITY FACTORS FOR POINTS WITH BRAGG CONTRIBUTIONS FOR PATTERN:  1

 => R-Factors:   10.7      14.4     Chi2:  1.76     DW-Stat.:  1.3573   Patt#:
 => Expected :            10.8                                1.8822
 => Deviance : 0.417E+04     Dev*:   1.640    
 => GoF-index:  1.3         Sqrt(Residual/N)
 => N-P+C:  2536

 =>    SumYdif       SumYobs      SumYcal      SumwYobsSQ     Residual    Condition
     0.2307E+05    0.2166E+06    0.2177E+06    0.2166E+06     4461.        0.4863E+12


 => Conventional Rietveld Rp,Rwp,Re and Chi2:   25.4      26.7      20.2      1.759    
 => (Values obtained using Ynet, but true sigma(y))
 =>  SumYnet, Sum(w Ynet**2):     0.9101E+05    0.6243E+05


 => Global user-weigthed Chi2 (Bragg contrib.):   1.76    

 => ---------> Pattern#  1
 => Phase:  1
 =>    Bragg R-factor:  6.50    
 =>    RF-factor     :  7.12    
 ++++++++++++++++++++++++++++++++++++++++++++++++++++++++++++++++++++++++++++++++++++++++++++++++++++++++++++++++++++++++

 => CYCLE No.:    5
 ---------------------------------------------------------------------------------------
 => Phase  1 Name: Fe3O4                                                                 
 ---------------------------------------------------------------------------------------
 => New parameters, shifts, and standard deviations

 Atom        x       dx      sx       y       dy      sy       z       dz      sz       B       dB      sB      occ.    docc.   socc.

 Fe1      0.50000 0.00000 0.00000  0.50000 0.00000 0.00000  0.50000 0.00000 0.00000  0.17508 0.00000 0.00000  0.04167 0.00000 0.00000
 Fe2      0.12500 0.00000 0.00000  0.12500 0.00000 0.00000  0.12500 0.00000 0.00000  0.17508 0.00000 0.00000  0.08333 0.00000 0.00000
 O        0.36918 0.00000 0.00000  0.36918 0.00000 0.00000  0.36918 0.00000 0.00000  0.64580 0.00000 0.00000  0.16667 0.00000 0.00000

 ==> PROFILE PARAMETERS FOR PATTERN#  1

 => Overall scale factor:      0.000048452     0.000000010     0.000000478
 => Eta(p-Voigt) or m(Pearson VII):   0.000000  0.000000  0.000000
 => Overall tem. factor:     0.000000    0.000000    0.000000
 => Halfwidth parameters: 
         0.004391    0.000000    0.000000
        -0.000389    0.000000    0.000000
         0.009813    0.000000    0.000000
 => Cell parameters: 
        8.393135   -0.000004    0.000644
        8.393135   -0.000004    0.000644
        8.393135   -0.000004    0.000644
       90.000000    0.000000    0.000000
       90.000000    0.000000    0.000000
       90.000000    0.000000    0.000000
 => Preferred orientation: 
         1.000000    0.000000    0.000000
         0.000000    0.000000    0.000000
 => Asymmetry parameters: 
         0.000000    0.000000    0.000000
         0.000000    0.000000    0.000000
         0.000000    0.000000    0.000000
         0.000000    0.000000    0.000000
 => X and Y parameters: 
         0.904114   -0.003785    0.005462
         0.339386    0.004525    0.002037
 => Strain parameters: 
         0.000000    0.000000    0.000000
         0.000000    0.000000    0.000000
         0.000000    0.000000    0.000000
 => Size   parameters (G,L): 
         0.000000    0.000000    0.000000
         0.000000    0.000000    0.000000
 => Further shape parameters (S_L and D_L): 
       0.000000  0.000000  0.000000
       0.000000  0.000000  0.000000

 ==> GLOBAL PARAMETERS FOR PATTERN#  1


 => Zero-point:     0.0000    0.0000    0.0000

 => Cos( theta)-shift parameter :   0.0690 -0.0001  0.0075
 => Sin(2theta)-shift parameter :   0.0000  0.0000  0.0000

 ==> RELIABILITY FACTORS WITH ALL NON-EXCLUDED POINTS FOR PATTERN:  1

 => R-Factors:   10.6      14.3     Chi2:  1.76     DW-Stat.:  1.3606   Patt#:  1
 => Expected :            10.8                                1.8822
 => Deviance : 0.416E+04     Dev*:   1.635    
 => GoF-index:  1.3         Sqrt(Residual/N)
 => N-P+C:  2536

 =>    SumYdif       SumYobs      SumYcal      SumwYobsSQ     Residual    Condition
     0.2302E+05    0.2166E+06    0.2177E+06    0.2166E+06     4452.        0.4860E+12


 => Conventional Rietveld Rp,Rwp,Re and Chi2:   25.3      26.7      20.2      1.756    
 => (Values obtained using Ynet, but true sigma(y))
 =>  SumYnet, Sum(w Ynet**2):     0.9101E+05    0.6243E+05


 ==> RELIABILITY FACTORS FOR POINTS WITH BRAGG CONTRIBUTIONS FOR PATTERN:  1

 => R-Factors:   10.6      14.3     Chi2:  1.76     DW-Stat.:  1.3606   Patt#:
 => Expected :            10.8                                1.8822
 => Deviance : 0.416E+04     Dev*:   1.635    
 => GoF-index:  1.3         Sqrt(Residual/N)
 => N-P+C:  2536

 =>    SumYdif       SumYobs      SumYcal      SumwYobsSQ     Residual    Condition
     0.2302E+05    0.2166E+06    0.2177E+06    0.2166E+06     4452.        0.4860E+12


 => Conventional Rietveld Rp,Rwp,Re and Chi2:   25.3      26.7      20.2      1.756    
 => (Values obtained using Ynet, but true sigma(y))
 =>  SumYnet, Sum(w Ynet**2):     0.9101E+05    0.6243E+05


 => Global user-weigthed Chi2 (Bragg contrib.):   1.76    

 => ---------> Pattern#  1
 => Phase:  1
 =>    Bragg R-factor:  6.50    
 =>    RF-factor     :  7.13    
 ++++++++++++++++++++++++++++++++++++++++++++++++++++++++++++++++++++++++++++++++++++++++++++++++++++++++++++++++++++++++

 => CYCLE No.:    6
 ---------------------------------------------------------------------------------------
 => Phase  1 Name: Fe3O4                                                                 
 ---------------------------------------------------------------------------------------
 => New parameters, shifts, and standard deviations

 Atom        x       dx      sx       y       dy      sy       z       dz      sz       B       dB      sB      occ.    docc.   socc.

 Fe1      0.50000 0.00000 0.00000  0.50000 0.00000 0.00000  0.50000 0.00000 0.00000  0.17508 0.00000 0.00000  0.04167 0.00000 0.00000
 Fe2      0.12500 0.00000 0.00000  0.12500 0.00000 0.00000  0.12500 0.00000 0.00000  0.17508 0.00000 0.00000  0.08333 0.00000 0.00000
 O        0.36918 0.00000 0.00000  0.36918 0.00000 0.00000  0.36918 0.00000 0.00000  0.64580 0.00000 0.00000  0.16667 0.00000 0.00000

 ==> PROFILE PARAMETERS FOR PATTERN#  1

 => Overall scale factor:      0.000048461     0.000000009     0.000000478
 => Eta(p-Voigt) or m(Pearson VII):   0.000000  0.000000  0.000000
 => Overall tem. factor:     0.000000    0.000000    0.000000
 => Halfwidth parameters: 
         0.004391    0.000000    0.000000
        -0.000389    0.000000    0.000000
         0.009813    0.000000    0.000000
 => Cell parameters: 
        8.393132   -0.000003    0.000646
        8.393132   -0.000003    0.000646
        8.393132   -0.000003    0.000646
       90.000000    0.000000    0.000000
       90.000000    0.000000    0.000000
       90.000000    0.000000    0.000000
 => Preferred orientation: 
         1.000000    0.000000    0.000000
         0.000000    0.000000    0.000000
 => Asymmetry parameters: 
         0.000000    0.000000    0.000000
         0.000000    0.000000    0.000000
         0.000000    0.000000    0.000000
         0.000000    0.000000    0.000000
 => X and Y parameters: 
         0.900403   -0.003710    0.005482
         0.343603    0.004217    0.002046
 => Strain parameters: 
         0.000000    0.000000    0.000000
         0.000000    0.000000    0.000000
         0.000000    0.000000    0.000000
 => Size   parameters (G,L): 
         0.000000    0.000000    0.000000
         0.000000    0.000000    0.000000
 => Further shape parameters (S_L and D_L): 
       0.000000  0.000000  0.000000
       0.000000  0.000000  0.000000

 ==> GLOBAL PARAMETERS FOR PATTERN#  1


 => Zero-point:     0.0000    0.0000    0.0000

 => Cos( theta)-shift parameter :   0.0689 -0.0001  0.0075
 => Sin(2theta)-shift parameter :   0.0000  0.0000  0.0000

 ==> RELIABILITY FACTORS WITH ALL NON-EXCLUDED POINTS FOR PATTERN:  1

 => R-Factors:   10.6      14.3     Chi2:  1.75     DW-Stat.:  1.3632   Patt#:  1
 => Expected :            10.8                                1.8822
 => Deviance : 0.415E+04     Dev*:   1.632    
 => GoF-index:  1.3         Sqrt(Residual/N)
 => N-P+C:  2536

 =>    SumYdif       SumYobs      SumYcal      SumwYobsSQ     Residual    Condition
     0.2300E+05    0.2166E+06    0.2177E+06    0.2166E+06     4445.        0.4857E+12


 => Conventional Rietveld Rp,Rwp,Re and Chi2:   25.3      26.7      20.2      1.753    
 => (Values obtained using Ynet, but true sigma(y))
 =>  SumYnet, Sum(w Ynet**2):     0.9101E+05    0.6243E+05


 ==> RELIABILITY FACTORS FOR POINTS WITH BRAGG CONTRIBUTIONS FOR PATTERN:  1

 => R-Factors:   10.6      14.3     Chi2:  1.75     DW-Stat.:  1.3632   Patt#:
 => Expected :            10.8                                1.8822
 => Deviance : 0.415E+04     Dev*:   1.632    
 => GoF-index:  1.3         Sqrt(Residual/N)
 => N-P+C:  2536

 =>    SumYdif       SumYobs      SumYcal      SumwYobsSQ     Residual    Condition
     0.2300E+05    0.2166E+06    0.2177E+06    0.2166E+06     4445.        0.4857E+12


 => Conventional Rietveld Rp,Rwp,Re and Chi2:   25.3      26.7      20.2      1.753    
 => (Values obtained using Ynet, but true sigma(y))
 =>  SumYnet, Sum(w Ynet**2):     0.9101E+05    0.6243E+05


 => Global user-weigthed Chi2 (Bragg contrib.):   1.75    

 => ---------> Pattern#  1
 => Phase:  1
 =>    Bragg R-factor:  6.51    
 =>    RF-factor     :  7.14    
 ++++++++++++++++++++++++++++++++++++++++++++++++++++++++++++++++++++++++++++++++++++++++++++++++++++++++++++++++++++++++

 => CYCLE No.:    7
 ---------------------------------------------------------------------------------------
 => Phase  1 Name: Fe3O4                                                                 
 ---------------------------------------------------------------------------------------
 => New parameters, shifts, and standard deviations

 Atom        x       dx      sx       y       dy      sy       z       dz      sz       B       dB      sB      occ.    docc.   socc.

 Fe1      0.50000 0.00000 0.00000  0.50000 0.00000 0.00000  0.50000 0.00000 0.00000  0.17508 0.00000 0.00000  0.04167 0.00000 0.00000
 Fe2      0.12500 0.00000 0.00000  0.12500 0.00000 0.00000  0.12500 0.00000 0.00000  0.17508 0.00000 0.00000  0.08333 0.00000 0.00000
 O        0.36918 0.00000 0.00000  0.36918 0.00000 0.00000  0.36918 0.00000 0.00000  0.64580 0.00000 0.00000  0.16667 0.00000 0.00000

 ==> PROFILE PARAMETERS FOR PATTERN#  1

 => Overall scale factor:      0.000048469     0.000000008     0.000000478
 => Eta(p-Voigt) or m(Pearson VII):   0.000000  0.000000  0.000000
 => Overall tem. factor:     0.000000    0.000000    0.000000
 => Halfwidth parameters: 
         0.004391    0.000000    0.000000
        -0.000389    0.000000    0.000000
         0.009813    0.000000    0.000000
 => Cell parameters: 
        8.393128   -0.000004    0.000648
        8.393128   -0.000004    0.000648
        8.393128   -0.000004    0.000648
       90.000000    0.000000    0.000000
       90.000000    0.000000    0.000000
       90.000000    0.000000    0.000000
 => Preferred orientation: 
         1.000000    0.000000    0.000000
         0.000000    0.000000    0.000000
 => Asymmetry parameters: 
         0.000000    0.000000    0.000000
         0.000000    0.000000    0.000000
         0.000000    0.000000    0.000000
         0.000000    0.000000    0.000000
 => X and Y parameters: 
         0.896776   -0.003628    0.005500
         0.347528    0.003925    0.002055
 => Strain parameters: 
         0.000000    0.000000    0.000000
         0.000000    0.000000    0.000000
         0.000000    0.000000    0.000000
 => Size   parameters (G,L): 
         0.000000    0.000000    0.000000
         0.000000    0.000000    0.000000
 => Further shape parameters (S_L and D_L): 
       0.000000  0.000000  0.000000
       0.000000  0.000000  0.000000

 ==> GLOBAL PARAMETERS FOR PATTERN#  1


 => Zero-point:     0.0000    0.0000    0.0000

 => Cos( theta)-shift parameter :   0.0689 -0.0001  0.0076
 => Sin(2theta)-shift parameter :   0.0000  0.0000  0.0000

 ==> RELIABILITY FACTORS WITH ALL NON-EXCLUDED POINTS FOR PATTERN:  1

 => R-Factors:   10.6      14.3     Chi2:  1.75     DW-Stat.:  1.3654   Patt#:  1
 => Expected :            10.8                                1.8822
 => Deviance : 0.414E+04     Dev*:   1.629    
 => GoF-index:  1.3         Sqrt(Residual/N)
 => N-P+C:  2536

 =>    SumYdif       SumYobs      SumYcal      SumwYobsSQ     Residual    Condition
     0.2298E+05    0.2166E+06    0.2177E+06    0.2166E+06     4439.        0.4854E+12


 => Conventional Rietveld Rp,Rwp,Re and Chi2:   25.3      26.7      20.2      1.750    
 => (Values obtained using Ynet, but true sigma(y))
 =>  SumYnet, Sum(w Ynet**2):     0.9101E+05    0.6243E+05


 ==> RELIABILITY FACTORS FOR POINTS WITH BRAGG CONTRIBUTIONS FOR PATTERN:  1

 => R-Factors:   10.6      14.3     Chi2:  1.75     DW-Stat.:  1.3654   Patt#:
 => Expected :            10.8                                1.8822
 => Deviance : 0.414E+04     Dev*:   1.629    
 => GoF-index:  1.3         Sqrt(Residual/N)
 => N-P+C:  2536

 =>    SumYdif       SumYobs      SumYcal      SumwYobsSQ     Residual    Condition
     0.2298E+05    0.2166E+06    0.2177E+06    0.2166E+06     4439.        0.4854E+12


 => Conventional Rietveld Rp,Rwp,Re and Chi2:   25.3      26.7      20.2      1.750    
 => (Values obtained using Ynet, but true sigma(y))
 =>  SumYnet, Sum(w Ynet**2):     0.9101E+05    0.6243E+05


 => Global user-weigthed Chi2 (Bragg contrib.):   1.75    

 => ---------> Pattern#  1
 => Phase:  1
 =>    Bragg R-factor:  6.51    
 =>    RF-factor     :  7.15    
 ++++++++++++++++++++++++++++++++++++++++++++++++++++++++++++++++++++++++++++++++++++++++++++++++++++++++++++++++++++++++

 => CYCLE No.:    8
 ---------------------------------------------------------------------------------------
 => Phase  1 Name: Fe3O4                                                                 
 ---------------------------------------------------------------------------------------
 => New parameters, shifts, and standard deviations

 Atom        x       dx      sx       y       dy      sy       z       dz      sz       B       dB      sB      occ.    docc.   socc.

 Fe1      0.50000 0.00000 0.00000  0.50000 0.00000 0.00000  0.50000 0.00000 0.00000  0.17508 0.00000 0.00000  0.04167 0.00000 0.00000
 Fe2      0.12500 0.00000 0.00000  0.12500 0.00000 0.00000  0.12500 0.00000 0.00000  0.17508 0.00000 0.00000  0.08333 0.00000 0.00000
 O        0.36918 0.00000 0.00000  0.36918 0.00000 0.00000  0.36918 0.00000 0.00000  0.64580 0.00000 0.00000  0.16667 0.00000 0.00000

 ==> PROFILE PARAMETERS FOR PATTERN#  1

 => Overall scale factor:      0.000048476     0.000000007     0.000000478
 => Eta(p-Voigt) or m(Pearson VII):   0.000000  0.000000  0.000000
 => Overall tem. factor:     0.000000    0.000000    0.000000
 => Halfwidth parameters: 
         0.004391    0.000000    0.000000
        -0.000389    0.000000    0.000000
         0.009813    0.000000    0.000000
 => Cell parameters: 
        8.393125   -0.000004    0.000650
        8.393125   -0.000004    0.000650
        8.393125   -0.000004    0.000650
       90.000000    0.000000    0.000000
       90.000000    0.000000    0.000000
       90.000000    0.000000    0.000000
 => Preferred orientation: 
         1.000000    0.000000    0.000000
         0.000000    0.000000    0.000000
 => Asymmetry parameters: 
         0.000000    0.000000    0.000000
         0.000000    0.000000    0.000000
         0.000000    0.000000    0.000000
         0.000000    0.000000    0.000000
 => X and Y parameters: 
         0.893237   -0.003539    0.005517
         0.351175    0.003648    0.002063
 => Strain parameters: 
         0.000000    0.000000    0.000000
         0.000000    0.000000    0.000000
         0.000000    0.000000    0.000000
 => Size   parameters (G,L): 
         0.000000    0.000000    0.000000
         0.000000    0.000000    0.000000
 => Further shape parameters (S_L and D_L): 
       0.000000  0.000000  0.000000
       0.000000  0.000000  0.000000

 ==> GLOBAL PARAMETERS FOR PATTERN#  1


 => Zero-point:     0.0000    0.0000    0.0000

 => Cos( theta)-shift parameter :   0.0688 -0.0001  0.0076
 => Sin(2theta)-shift parameter :   0.0000  0.0000  0.0000

 ==> RELIABILITY FACTORS WITH ALL NON-EXCLUDED POINTS FOR PATTERN:  1

 => R-Factors:   10.6      14.3     Chi2:  1.75     DW-Stat.:  1.3672   Patt#:  1
 => Expected :            10.8                                1.8822
 => Deviance : 0.414E+04     Dev*:   1.626    
 => GoF-index:  1.3         Sqrt(Residual/N)
 => N-P+C:  2536

 =>    SumYdif       SumYobs      SumYcal      SumwYobsSQ     Residual    Condition
     0.2298E+05    0.2166E+06    0.2177E+06    0.2166E+06     4435.        0.4852E+12


 => Conventional Rietveld Rp,Rwp,Re and Chi2:   25.2      26.7      20.2      1.749    
 => (Values obtained using Ynet, but true sigma(y))
 =>  SumYnet, Sum(w Ynet**2):     0.9101E+05    0.6243E+05


 ==> RELIABILITY FACTORS FOR POINTS WITH BRAGG CONTRIBUTIONS FOR PATTERN:  1

 => R-Factors:   10.6      14.3     Chi2:  1.75     DW-Stat.:  1.3672   Patt#:
 => Expected :            10.8                                1.8822
 => Deviance : 0.414E+04     Dev*:   1.626    
 => GoF-index:  1.3         Sqrt(Residual/N)
 => N-P+C:  2536

 =>    SumYdif       SumYobs      SumYcal      SumwYobsSQ     Residual    Condition
     0.2298E+05    0.2166E+06    0.2177E+06    0.2166E+06     4435.        0.4852E+12


 => Conventional Rietveld Rp,Rwp,Re and Chi2:   25.2      26.7      20.2      1.749    
 => (Values obtained using Ynet, but true sigma(y))
 =>  SumYnet, Sum(w Ynet**2):     0.9101E+05    0.6243E+05


 => Global user-weigthed Chi2 (Bragg contrib.):   1.75    

 => ---------> Pattern#  1
 => Phase:  1
 =>    Bragg R-factor:  6.51    
 =>    RF-factor     :  7.16    
 ++++++++++++++++++++++++++++++++++++++++++++++++++++++++++++++++++++++++++++++++++++++++++++++++++++++++++++++++++++++++

 => CYCLE No.:    9
 ---------------------------------------------------------------------------------------
 => Phase  1 Name: Fe3O4                                                                 
 ---------------------------------------------------------------------------------------
 => New parameters, shifts, and standard deviations

 Atom        x       dx      sx       y       dy      sy       z       dz      sz       B       dB      sB      occ.    docc.   socc.

 Fe1      0.50000 0.00000 0.00000  0.50000 0.00000 0.00000  0.50000 0.00000 0.00000  0.17508 0.00000 0.00000  0.04167 0.00000 0.00000
 Fe2      0.12500 0.00000 0.00000  0.12500 0.00000 0.00000  0.12500 0.00000 0.00000  0.17508 0.00000 0.00000  0.08333 0.00000 0.00000
 O        0.36918 0.00000 0.00000  0.36918 0.00000 0.00000  0.36918 0.00000 0.00000  0.64580 0.00000 0.00000  0.16667 0.00000 0.00000

 ==> PROFILE PARAMETERS FOR PATTERN#  1

 => Overall scale factor:      0.000048482     0.000000006     0.000000478
 => Eta(p-Voigt) or m(Pearson VII):   0.000000  0.000000  0.000000
 => Overall tem. factor:     0.000000    0.000000    0.000000
 => Halfwidth parameters: 
         0.004391    0.000000    0.000000
        -0.000389    0.000000    0.000000
         0.009813    0.000000    0.000000
 => Cell parameters: 
        8.393121   -0.000004    0.000651
        8.393121   -0.000004    0.000651
        8.393121   -0.000004    0.000651
       90.000000    0.000000    0.000000
       90.000000    0.000000    0.000000
       90.000000    0.000000    0.000000
 => Preferred orientation: 
         1.000000    0.000000    0.000000
         0.000000    0.000000    0.000000
 => Asymmetry parameters: 
         0.000000    0.000000    0.000000
         0.000000    0.000000    0.000000
         0.000000    0.000000    0.000000
         0.000000    0.000000    0.000000
 => X and Y parameters: 
         0.889791   -0.003445    0.005533
         0.354562    0.003386    0.002070
 => Strain parameters: 
         0.000000    0.000000    0.000000
         0.000000    0.000000    0.000000
         0.000000    0.000000    0.000000
 => Size   parameters (G,L): 
         0.000000    0.000000    0.000000
         0.000000    0.000000    0.000000
 => Further shape parameters (S_L and D_L): 
       0.000000  0.000000  0.000000
       0.000000  0.000000  0.000000

 ==> GLOBAL PARAMETERS FOR PATTERN#  1


 => Zero-point:     0.0000    0.0000    0.0000

 => Cos( theta)-shift parameter :   0.0688 -0.0000  0.0076
 => Sin(2theta)-shift parameter :   0.0000  0.0000  0.0000

 ==> RELIABILITY FACTORS WITH ALL NON-EXCLUDED POINTS FOR PATTERN:  1

 => R-Factors:   10.6      14.3     Chi2:  1.75     DW-Stat.:  1.3686   Patt#:  1
 => Expected :            10.8                                1.8822
 => Deviance : 0.413E+04     Dev*:   1.624    
 => GoF-index:  1.3         Sqrt(Residual/N)
 => N-P+C:  2536

 =>    SumYdif       SumYobs      SumYcal      SumwYobsSQ     Residual    Condition
     0.2298E+05    0.2166E+06    0.2177E+06    0.2166E+06     4431.        0.4850E+12


 => Conventional Rietveld Rp,Rwp,Re and Chi2:   25.3      26.6      20.2      1.747    
 => (Values obtained using Ynet, but true sigma(y))
 =>  SumYnet, Sum(w Ynet**2):     0.9101E+05    0.6243E+05


 ==> RELIABILITY FACTORS FOR POINTS WITH BRAGG CONTRIBUTIONS FOR PATTERN:  1

 => R-Factors:   10.6      14.3     Chi2:  1.75     DW-Stat.:  1.3686   Patt#:
 => Expected :            10.8                                1.8822
 => Deviance : 0.413E+04     Dev*:   1.624    
 => GoF-index:  1.3         Sqrt(Residual/N)
 => N-P+C:  2536

 =>    SumYdif       SumYobs      SumYcal      SumwYobsSQ     Residual    Condition
     0.2298E+05    0.2166E+06    0.2177E+06    0.2166E+06     4431.        0.4850E+12


 => Conventional Rietveld Rp,Rwp,Re and Chi2:   25.3      26.6      20.2      1.747    
 => (Values obtained using Ynet, but true sigma(y))
 =>  SumYnet, Sum(w Ynet**2):     0.9101E+05    0.6243E+05


 => Global user-weigthed Chi2 (Bragg contrib.):   1.75    

 => ---------> Pattern#  1
 => Phase:  1
 =>    Bragg R-factor:  6.52    
 =>    RF-factor     :  7.16    


   Standard deviations have to be multiplied by: 1.7516
   (correlated residuals) See references:
  -J.F.Berar & P.Lelann, J. Appl. Cryst. 24, 1-5 (1991) 
  -J.F.Berar, Acc. in Pow. Diff. II,NIST Sp.Pub. 846, 63(1992) 

 ++++++++++++++++++++++++++++++++++++++++++++++++++++++++++++++++++++++++++++++++++++++++++++++++++++++++++++++++++++++++

 => CYCLE No.:   10
 ---------------------------------------------------------------------------------------
 => Phase  1 Name: Fe3O4                                                                 
 ---------------------------------------------------------------------------------------
 => New parameters, shifts, and standard deviations

 Atom        x       dx      sx       y       dy      sy       z       dz      sz       B       dB      sB      occ.    docc.   socc.

 Fe1      0.50000 0.00000 0.00000  0.50000 0.00000 0.00000  0.50000 0.00000 0.00000  0.17508 0.00000 0.00000  0.04167 0.00000 0.00000
 Fe2      0.12500 0.00000 0.00000  0.12500 0.00000 0.00000  0.12500 0.00000 0.00000  0.17508 0.00000 0.00000  0.08333 0.00000 0.00000
 O        0.36918 0.00000 0.00000  0.36918 0.00000 0.00000  0.36918 0.00000 0.00000  0.64580 0.00000 0.00000  0.16667 0.00000 0.00000

 ==> PROFILE PARAMETERS FOR PATTERN#  1

 => Overall scale factor:      0.000048487     0.000000005     0.000000478
 => Eta(p-Voigt) or m(Pearson VII):   0.000000  0.000000  0.000000
 => Overall tem. factor:     0.000000    0.000000    0.000000
 => Halfwidth parameters: 
         0.004391    0.000000    0.000000
        -0.000389    0.000000    0.000000
         0.009813    0.000000    0.000000
 => Cell parameters: 
        8.393118   -0.000003    0.000653
        8.393118   -0.000003    0.000653
        8.393118   -0.000003    0.000653
       90.000000    0.000000    0.000000
       90.000000    0.000000    0.000000
       90.000000    0.000000    0.000000
 => Preferred orientation: 
         1.000000    0.000000    0.000000
         0.000000    0.000000    0.000000
 => Asymmetry parameters: 
         0.000000    0.000000    0.000000
         0.000000    0.000000    0.000000
         0.000000    0.000000    0.000000
         0.000000    0.000000    0.000000
 => X and Y parameters: 
         0.886443   -0.003348    0.005547
         0.357702    0.003140    0.002077
 => Strain parameters: 
         0.000000    0.000000    0.000000
         0.000000    0.000000    0.000000
         0.000000    0.000000    0.000000
 => Size   parameters (G,L): 
         0.000000    0.000000    0.000000
         0.000000    0.000000    0.000000
 => Further shape parameters (S_L and D_L): 
       0.000000  0.000000  0.000000
       0.000000  0.000000  0.000000

 ==> GLOBAL PARAMETERS FOR PATTERN#  1


 => Zero-point:     0.0000    0.0000    0.0000

 => Cos( theta)-shift parameter :   0.0687 -0.0000  0.0076
 => Sin(2theta)-shift parameter :   0.0000  0.0000  0.0000

 ==> RELIABILITY FACTORS WITH ALL NON-EXCLUDED POINTS FOR PATTERN:  1

 => R-Factors:   10.6      14.3     Chi2:  1.75     DW-Stat.:  1.3697   Patt#:  1
 => Expected :            10.8                                1.8822
 => Deviance : 0.413E+04     Dev*:   1.623    
 => GoF-index:  1.3         Sqrt(Residual/N)
 => N-P+C:  2536

 =>    SumYdif       SumYobs      SumYcal      SumwYobsSQ     Residual    Condition
     0.2299E+05    0.2166E+06    0.2177E+06    0.2166E+06     4429.        0.4848E+12


 => Conventional Rietveld Rp,Rwp,Re and Chi2:   25.3      26.6      20.2      1.746    
 => (Values obtained using Ynet, but true sigma(y))
 =>  SumYnet, Sum(w Ynet**2):     0.9101E+05    0.6243E+05

 => N-sigma of the GoF:       26.577

 ==> RELIABILITY FACTORS FOR POINTS WITH BRAGG CONTRIBUTIONS FOR PATTERN:  1

 => R-Factors:   10.6      14.3     Chi2:  1.75     DW-Stat.:  1.3697   Patt#:
 => Expected :            10.8                                1.8822
 => Deviance : 0.413E+04     Dev*:   1.623    
 => GoF-index:  1.3         Sqrt(Residual/N)
 => N-P+C:  2536

 =>    SumYdif       SumYobs      SumYcal      SumwYobsSQ     Residual    Condition
     0.2299E+05    0.2166E+06    0.2177E+06    0.2166E+06     4429.        0.4848E+12


 => Conventional Rietveld Rp,Rwp,Re and Chi2:   25.3      26.6      20.2      1.746    
 => (Values obtained using Ynet, but true sigma(y))
 =>  SumYnet, Sum(w Ynet**2):     0.9101E+05    0.6243E+05

 => N-sigma of the GoF:       26.577

 => Global user-weigthed Chi2 (Bragg contrib.):   1.75    

 => ---------> Pattern#  1
 => Phase:  1
 =>    Bragg R-factor:  6.52    
 =>    RF-factor     :  7.17    


 => Parameters with Correlation greater that 50% ==>
 -> Correlation of parameter:                                     Scale_ph1_pat1      with:                                       Biso_Fe1_ph1  ->   82%

 --------------------------------------------------------------------------------------------------------------
 Pattern#  1 Phase No.:   1 Phase name: Fe3O4                         
 --------------------------------------------------------------------------------------------------------------

     -----------------------------------------------------
     BRAGG R-Factors and weight fractions for Pattern #  1
     -----------------------------------------------------

 => Phase:  1     Fe3O4
 => Bragg R-factor:   6.48       Vol:  591.248( 0.080)  Fract(%):  100.00( 1.39)
 => Rf-factor=  7.12             ATZ:        1852.467   Brindley:  1.0000

     -----------------------------------------------------------------
      SYMBOLIC NAMES AND FINAL VALUES AND SIGMA OF REFINED PARAMETERS:
     -----------------------------------------------------------------

      ->  Parameter number    1 :                                     Scale_ph1_pat1    0.48486872E-04( +/-    0.47772892E-06 )
      ->  Parameter number    2 :                                         SyCos_pat1    0.68713665E-01( +/-    0.76289750E-02 )
      ->  Parameter number    3 :                                    Cell_A_ph1_pat1     8.3931179    ( +/-    0.65260637E-03 )
      ->  Parameter number    4 :                                       Biso_Fe1_ph1     0.0000000    ( +/-     0.0000000     )
      ->  Parameter number    5 :                                     X-tan_ph1_pat1    0.88644344    ( +/-    0.55468637E-02 )
      ->  Parameter number    6 :                                         Biso_O_ph1     0.0000000    ( +/-     0.0000000     )
      ->  Parameter number    7 :                                     Y-cos_ph1_pat1    0.35770205    ( +/-    0.20770442E-02 )

 ------------------------------------------------------------------
 => Number of bytes for floating point variables: 4
 => Dimensions of dynamic allocated arrays in this run of FullProf:
 ------------------------------------------------------------------

 => Total approximate array memory (dynamic + static): 128536605 bytes

    MaxPOINT=    60000 Max.num. of points(+int. Inten.)/diffraction pattern       
    MaxREFLT=    20000 Max.num. of reflections/diffraction pattern               
    MaxPARAM=      300 Max.num. of refinable parameters                          
    MaxOVERL=    18096 Max.num. of overlapping reflections                       

 ----------------------------------------------------------
 => Number of bytes for floating point arrays: 4
 => Dimensions of fixed arrays in this release of FullProf:
 ----------------------------------------------------------

    NPATT   =       80 Max.num. of powder diffraction patterns                    
    NATS    =      830 Max.num. of atoms (all kind) in asymmetric unit            
    MPAR    =     1800 Max.num. of non atomic parameters/phase                    
    IEXCL   =       30 Max.num. of excluded regions                               
    IBACP   =      377 Max.num. of background points for interpolation            
    NPHT    =       16 Max.num. of phases                                         
    NMAGM   =        8 Max.num. of rotation-matrices sets for magnetic structure  
    NBASIS  =       12 Max.num. of basis functions associated to a single atom    
    NIREPS  =        9 Max.num. of irreducible representations to be combined     
    N_EQ    =      384 Max.num. of user-supplied symmetry operators/propagation vectors
    NGL     =      400 Max.num. of global parameters/diffraction pattern          
    N_LINC  =       50 Max.num. of global linear restraints                        
    NAT_P   =       80 Max.num. of atomic parameters per atom                     
    NCONST  =      500 Max.num. of slack constraints per phase                    
    N_SPE   =       30 Max.num. of different chemical species                     
    N_FORM  =       60 Max.num. of scattering factor values in a table            
    NPR     =      150 Max.num. of points defining a numerical profile            
    INPR    =       25 Max.num. of different numerical peak shapes                
    NPRC    =      150 Max.num. of terms in the table for correcting intensities  
    NSOL    =       10 Max.num. of solutions to be stored in Montecarlo searchs   

 
              CPU Time:     3.047 seconds
                            0.051 minutes

 => Run finished at:     Date: 13/01/2025  Time: 09:46:55.002                              
